<?xml version="1.0" encoding="UTF-8"?>
<testsuite xmlns:xsi="http://www.w3.org/2001/XMLSchema-instance" xsi:noNamespaceSchemaLocation="https://maven.apache.org/surefire/maven-surefire-plugin/xsd/surefire-test-report-3.0.xsd" version="3.0" name="TestSuite" time="44.404" tests="31" errors="0" skipped="0" failures="0">
  <properties>
    <property name="java.specification.version" value="20"/>
    <property name="sun.cpu.isalist" value="amd64"/>
    <property name="sun.jnu.encoding" value="Cp1252"/>
    <property name="java.class.path" value="C:\E\workspaces\workSpace_RestAssured_P1\PetStoreApiAutomation\target\test-classes;C:\E\workspaces\workSpace_RestAssured_P1\PetStoreApiAutomation\target\classes;C:\Users\Parag\.m2\repository\org\seleniumhq\selenium\selenium-java\4.9.1\selenium-java-4.9.1.jar;C:\Users\Parag\.m2\repository\org\seleniumhq\selenium\selenium-api\4.9.1\selenium-api-4.9.1.jar;C:\Users\Parag\.m2\repository\org\seleniumhq\selenium\selenium-chrome-driver\4.9.1\selenium-chrome-driver-4.9.1.jar;C:\Users\Parag\.m2\repository\com\google\auto\service\auto-service-annotations\1.0.1\auto-service-annotations-1.0.1.jar;C:\Users\Parag\.m2\repository\com\google\auto\service\auto-service\1.0.1\auto-service-1.0.1.jar;C:\Users\Parag\.m2\repository\com\google\auto\auto-common\1.2\auto-common-1.2.jar;C:\Users\Parag\.m2\repository\org\seleniumhq\selenium\selenium-chromium-driver\4.9.1\selenium-chromium-driver-4.9.1.jar;C:\Users\Parag\.m2\repository\org\seleniumhq\selenium\selenium-json\4.9.1\selenium-json-4.9.1.jar;C:\Users\Parag\.m2\repository\org\seleniumhq\selenium\selenium-manager\4.9.1\selenium-manager-4.9.1.jar;C:\Users\Parag\.m2\repository\org\seleniumhq\selenium\selenium-devtools-v111\4.9.1\selenium-devtools-v111-4.9.1.jar;C:\Users\Parag\.m2\repository\org\seleniumhq\selenium\selenium-devtools-v112\4.9.1\selenium-devtools-v112-4.9.1.jar;C:\Users\Parag\.m2\repository\org\seleniumhq\selenium\selenium-devtools-v113\4.9.1\selenium-devtools-v113-4.9.1.jar;C:\Users\Parag\.m2\repository\org\seleniumhq\selenium\selenium-devtools-v85\4.9.1\selenium-devtools-v85-4.9.1.jar;C:\Users\Parag\.m2\repository\org\seleniumhq\selenium\selenium-edge-driver\4.9.1\selenium-edge-driver-4.9.1.jar;C:\Users\Parag\.m2\repository\org\seleniumhq\selenium\selenium-firefox-driver\4.9.1\selenium-firefox-driver-4.9.1.jar;C:\Users\Parag\.m2\repository\org\seleniumhq\selenium\selenium-http\4.9.1\selenium-http-4.9.1.jar;C:\Users\Parag\.m2\repository\dev\failsafe\failsafe\3.3.1\failsafe-3.3.1.jar;C:\Users\Parag\.m2\repository\org\seleniumhq\selenium\selenium-ie-driver\4.9.1\selenium-ie-driver-4.9.1.jar;C:\Users\Parag\.m2\repository\org\seleniumhq\selenium\selenium-remote-driver\4.9.1\selenium-remote-driver-4.9.1.jar;C:\Users\Parag\.m2\repository\io\netty\netty-buffer\4.1.91.Final\netty-buffer-4.1.91.Final.jar;C:\Users\Parag\.m2\repository\io\netty\netty-codec-http\4.1.91.Final\netty-codec-http-4.1.91.Final.jar;C:\Users\Parag\.m2\repository\io\netty\netty-codec\4.1.91.Final\netty-codec-4.1.91.Final.jar;C:\Users\Parag\.m2\repository\io\netty\netty-handler\4.1.91.Final\netty-handler-4.1.91.Final.jar;C:\Users\Parag\.m2\repository\io\netty\netty-common\4.1.91.Final\netty-common-4.1.91.Final.jar;C:\Users\Parag\.m2\repository\io\netty\netty-transport-classes-epoll\4.1.91.Final\netty-transport-classes-epoll-4.1.91.Final.jar;C:\Users\Parag\.m2\repository\io\netty\netty-transport-classes-kqueue\4.1.91.Final\netty-transport-classes-kqueue-4.1.91.Final.jar;C:\Users\Parag\.m2\repository\io\netty\netty-transport-native-epoll\4.1.91.Final\netty-transport-native-epoll-4.1.91.Final.jar;C:\Users\Parag\.m2\repository\io\netty\netty-transport-native-kqueue\4.1.91.Final\netty-transport-native-kqueue-4.1.91.Final.jar;C:\Users\Parag\.m2\repository\io\netty\netty-transport-native-unix-common\4.1.91.Final\netty-transport-native-unix-common-4.1.91.Final.jar;C:\Users\Parag\.m2\repository\io\netty\netty-transport\4.1.91.Final\netty-transport-4.1.91.Final.jar;C:\Users\Parag\.m2\repository\io\netty\netty-resolver\4.1.91.Final\netty-resolver-4.1.91.Final.jar;C:\Users\Parag\.m2\repository\io\opentelemetry\opentelemetry-api\1.25.0\opentelemetry-api-1.25.0.jar;C:\Users\Parag\.m2\repository\io\opentelemetry\opentelemetry-context\1.25.0\opentelemetry-context-1.25.0.jar;C:\Users\Parag\.m2\repository\io\opentelemetry\opentelemetry-exporter-logging\1.25.0\opentelemetry-exporter-logging-1.25.0.jar;C:\Users\Parag\.m2\repository\io\opentelemetry\opentelemetry-sdk-metrics\1.25.0\opentelemetry-sdk-metrics-1.25.0.jar;C:\Users\Parag\.m2\repository\io\opentelemetry\opentelemetry-sdk-logs\1.25.0-alpha\opentelemetry-sdk-logs-1.25.0-alpha.jar;C:\Users\Parag\.m2\repository\io\opentelemetry\opentelemetry-api-logs\1.25.0-alpha\opentelemetry-api-logs-1.25.0-alpha.jar;C:\Users\Parag\.m2\repository\io\opentelemetry\opentelemetry-api-events\1.25.0-alpha\opentelemetry-api-events-1.25.0-alpha.jar;C:\Users\Parag\.m2\repository\io\opentelemetry\opentelemetry-sdk-common\1.25.0\opentelemetry-sdk-common-1.25.0.jar;C:\Users\Parag\.m2\repository\io\opentelemetry\opentelemetry-sdk-extension-autoconfigure-spi\1.25.0\opentelemetry-sdk-extension-autoconfigure-spi-1.25.0.jar;C:\Users\Parag\.m2\repository\io\opentelemetry\opentelemetry-sdk-extension-autoconfigure\1.25.0-alpha\opentelemetry-sdk-extension-autoconfigure-1.25.0-alpha.jar;C:\Users\Parag\.m2\repository\io\opentelemetry\opentelemetry-sdk-trace\1.25.0\opentelemetry-sdk-trace-1.25.0.jar;C:\Users\Parag\.m2\repository\io\opentelemetry\opentelemetry-sdk\1.25.0\opentelemetry-sdk-1.25.0.jar;C:\Users\Parag\.m2\repository\io\opentelemetry\opentelemetry-semconv\1.25.0-alpha\opentelemetry-semconv-1.25.0-alpha.jar;C:\Users\Parag\.m2\repository\io\ous\jtoml\2.0.0\jtoml-2.0.0.jar;C:\Users\Parag\.m2\repository\net\bytebuddy\byte-buddy\1.14.4\byte-buddy-1.14.4.jar;C:\Users\Parag\.m2\repository\org\apache\commons\commons-exec\1.3\commons-exec-1.3.jar;C:\Users\Parag\.m2\repository\org\asynchttpclient\async-http-client\2.12.3\async-http-client-2.12.3.jar;C:\Users\Parag\.m2\repository\org\asynchttpclient\async-http-client-netty-utils\2.12.3\async-http-client-netty-utils-2.12.3.jar;C:\Users\Parag\.m2\repository\io\netty\netty-codec-socks\4.1.60.Final\netty-codec-socks-4.1.60.Final.jar;C:\Users\Parag\.m2\repository\io\netty\netty-handler-proxy\4.1.60.Final\netty-handler-proxy-4.1.60.Final.jar;C:\Users\Parag\.m2\repository\io\netty\netty-transport-native-epoll\4.1.60.Final\netty-transport-native-epoll-4.1.60.Final-linux-x86_64.jar;C:\Users\Parag\.m2\repository\io\netty\netty-transport-native-kqueue\4.1.60.Final\netty-transport-native-kqueue-4.1.60.Final-osx-x86_64.jar;C:\Users\Parag\.m2\repository\com\typesafe\netty\netty-reactive-streams\2.0.4\netty-reactive-streams-2.0.4.jar;C:\Users\Parag\.m2\repository\com\sun\activation\jakarta.activation\1.2.2\jakarta.activation-1.2.2.jar;C:\Users\Parag\.m2\repository\org\seleniumhq\selenium\selenium-safari-driver\4.9.1\selenium-safari-driver-4.9.1.jar;C:\Users\Parag\.m2\repository\org\seleniumhq\selenium\selenium-support\4.9.1\selenium-support-4.9.1.jar;C:\Users\Parag\.m2\repository\io\github\bonigarcia\webdrivermanager\5.3.3\webdrivermanager-5.3.3.jar;C:\Users\Parag\.m2\repository\org\slf4j\slf4j-api\2.0.7\slf4j-api-2.0.7.jar;C:\Users\Parag\.m2\repository\com\github\docker-java\docker-java\3.3.0\docker-java-3.3.0.jar;C:\Users\Parag\.m2\repository\com\github\docker-java\docker-java-core\3.3.0\docker-java-core-3.3.0.jar;C:\Users\Parag\.m2\repository\com\github\docker-java\docker-java-api\3.3.0\docker-java-api-3.3.0.jar;C:\Users\Parag\.m2\repository\org\bouncycastle\bcpkix-jdk15on\1.64\bcpkix-jdk15on-1.64.jar;C:\Users\Parag\.m2\repository\org\bouncycastle\bcprov-jdk15on\1.64\bcprov-jdk15on-1.64.jar;C:\Users\Parag\.m2\repository\org\slf4j\jcl-over-slf4j\1.7.30\jcl-over-slf4j-1.7.30.jar;C:\Users\Parag\.m2\repository\com\github\docker-java\docker-java-transport-httpclient5\3.3.0\docker-java-transport-httpclient5-3.3.0.jar;C:\Users\Parag\.m2\repository\com\github\docker-java\docker-java-transport\3.3.0\docker-java-transport-3.3.0.jar;C:\Users\Parag\.m2\repository\net\java\dev\jna\jna\5.12.1\jna-5.12.1.jar;C:\Users\Parag\.m2\repository\org\brotli\dec\0.1.2\dec-0.1.2.jar;C:\Users\Parag\.m2\repository\org\apache\commons\commons-lang3\3.12.0\commons-lang3-3.12.0.jar;C:\Users\Parag\.m2\repository\org\apache\httpcomponents\client5\httpclient5\5.2.1\httpclient5-5.2.1.jar;C:\Users\Parag\.m2\repository\org\apache\httpcomponents\core5\httpcore5\5.2\httpcore5-5.2.jar;C:\Users\Parag\.m2\repository\org\apache\httpcomponents\core5\httpcore5-h2\5.2\httpcore5-h2-5.2.jar;C:\Users\Parag\.m2\repository\commons-io\commons-io\2.12.0\commons-io-2.12.0.jar;C:\Users\Parag\.m2\repository\org\testng\testng\7.8.0\testng-7.8.0.jar;C:\Users\Parag\.m2\repository\com\beust\jcommander\1.82\jcommander-1.82.jar;C:\Users\Parag\.m2\repository\org\webjars\jquery\3.6.1\jquery-3.6.1.jar;C:\Users\Parag\.m2\repository\org\apache\poi\poi-ooxml\5.2.3\poi-ooxml-5.2.3.jar;C:\Users\Parag\.m2\repository\org\apache\poi\poi-ooxml-lite\5.2.3\poi-ooxml-lite-5.2.3.jar;C:\Users\Parag\.m2\repository\org\apache\xmlbeans\xmlbeans\5.1.1\xmlbeans-5.1.1.jar;C:\Users\Parag\.m2\repository\org\apache\commons\commons-compress\1.21\commons-compress-1.21.jar;C:\Users\Parag\.m2\repository\com\github\virtuald\curvesapi\1.07\curvesapi-1.07.jar;C:\Users\Parag\.m2\repository\org\apache\commons\commons-collections4\4.4\commons-collections4-4.4.jar;C:\Users\Parag\.m2\repository\org\apache\poi\poi\5.2.3\poi-5.2.3.jar;C:\Users\Parag\.m2\repository\commons-codec\commons-codec\1.15\commons-codec-1.15.jar;C:\Users\Parag\.m2\repository\org\apache\commons\commons-math3\3.6.1\commons-math3-3.6.1.jar;C:\Users\Parag\.m2\repository\com\zaxxer\SparseBitSet\1.2\SparseBitSet-1.2.jar;C:\Users\Parag\.m2\repository\com\guicedee\services\apache-poi-ooxml\62\apache-poi-ooxml-62.jar;C:\Users\Parag\.m2\repository\com\guicedee\services\commons-compress\62\commons-compress-62.jar;C:\Users\Parag\.m2\repository\com\guicedee\services\commons-xmlbeans\62\commons-xmlbeans-62.jar;C:\Users\Parag\.m2\repository\com\guicedee\services\apache-poi\62\apache-poi-62.jar;C:\Users\Parag\.m2\repository\com\guicedee\services\commons-logging\62\commons-logging-62.jar;C:\Users\Parag\.m2\repository\com\guicedee\services\commons-codec\62\commons-codec-62.jar;C:\Users\Parag\.m2\repository\com\guicedee\services\commons-math3\62\commons-math3-62.jar;C:\Users\Parag\.m2\repository\com\guicedee\services\commons-collections4\62\commons-collections4-62.jar;C:\Users\Parag\.m2\repository\com\guicedee\services\jakarta.xml.bind-api\62\jakarta.xml.bind-api-62.jar;C:\Users\Parag\.m2\repository\com\guicedee\services\jakarta.activation\62\jakarta.activation-62.jar;C:\Users\Parag\.m2\repository\com\guicedee\services\jakarta.validation-api\62\jakarta.validation-api-62.jar;C:\Users\Parag\.m2\repository\org\codehaus\woodstox\stax2-api\4.2\stax2-api-4.2.jar;C:\Users\Parag\.m2\repository\org\jvnet\staxex\stax-ex\1.8.2\stax-ex-1.8.2.jar;C:\Users\Parag\.m2\repository\org\apache\logging\log4j\log4j-to-slf4j\2.8.2\log4j-to-slf4j-2.8.2.jar;C:\Users\Parag\.m2\repository\io\rest-assured\rest-assured\5.3.1\rest-assured-5.3.1.jar;C:\Users\Parag\.m2\repository\org\apache\groovy\groovy\4.0.11\groovy-4.0.11.jar;C:\Users\Parag\.m2\repository\org\apache\groovy\groovy-xml\4.0.11\groovy-xml-4.0.11.jar;C:\Users\Parag\.m2\repository\org\apache\httpcomponents\httpclient\4.5.13\httpclient-4.5.13.jar;C:\Users\Parag\.m2\repository\org\apache\httpcomponents\httpcore\4.4.13\httpcore-4.4.13.jar;C:\Users\Parag\.m2\repository\commons-logging\commons-logging\1.2\commons-logging-1.2.jar;C:\Users\Parag\.m2\repository\org\apache\httpcomponents\httpmime\4.5.13\httpmime-4.5.13.jar;C:\Users\Parag\.m2\repository\org\hamcrest\hamcrest\2.2\hamcrest-2.2.jar;C:\Users\Parag\.m2\repository\org\ccil\cowan\tagsoup\tagsoup\1.2.1\tagsoup-1.2.1.jar;C:\Users\Parag\.m2\repository\com\google\code\gson\gson\2.10.1\gson-2.10.1.jar;C:\Users\Parag\.m2\repository\io\rest-assured\json-path\5.3.1\json-path-5.3.1.jar;C:\Users\Parag\.m2\repository\org\apache\groovy\groovy-json\4.0.11\groovy-json-4.0.11.jar;C:\Users\Parag\.m2\repository\io\rest-assured\json-schema-validator\5.3.1\json-schema-validator-5.3.1.jar;C:\Users\Parag\.m2\repository\com\github\java-json-tools\json-schema-validator\2.2.14\json-schema-validator-2.2.14.jar;C:\Users\Parag\.m2\repository\com\github\java-json-tools\jackson-coreutils-equivalence\1.0\jackson-coreutils-equivalence-1.0.jar;C:\Users\Parag\.m2\repository\com\github\java-json-tools\jackson-coreutils\2.0\jackson-coreutils-2.0.jar;C:\Users\Parag\.m2\repository\com\github\java-json-tools\msg-simple\1.2\msg-simple-1.2.jar;C:\Users\Parag\.m2\repository\com\github\java-json-tools\btf\1.3\btf-1.3.jar;C:\Users\Parag\.m2\repository\com\github\java-json-tools\json-schema-core\1.2.14\json-schema-core-1.2.14.jar;C:\Users\Parag\.m2\repository\com\github\java-json-tools\uri-template\0.10\uri-template-0.10.jar;C:\Users\Parag\.m2\repository\org\mozilla\rhino\1.7.7.2\rhino-1.7.7.2.jar;C:\Users\Parag\.m2\repository\com\sun\mail\mailapi\1.6.2\mailapi-1.6.2.jar;C:\Users\Parag\.m2\repository\joda-time\joda-time\2.10.5\joda-time-2.10.5.jar;C:\Users\Parag\.m2\repository\com\googlecode\libphonenumber\libphonenumber\8.11.1\libphonenumber-8.11.1.jar;C:\Users\Parag\.m2\repository\com\google\code\findbugs\jsr305\3.0.2\jsr305-3.0.2.jar;C:\Users\Parag\.m2\repository\net\sf\jopt-simple\jopt-simple\5.0.4\jopt-simple-5.0.4.jar;C:\Users\Parag\.m2\repository\com\google\guava\guava\32.0.1-jre\guava-32.0.1-jre.jar;C:\Users\Parag\.m2\repository\com\google\guava\failureaccess\1.0.1\failureaccess-1.0.1.jar;C:\Users\Parag\.m2\repository\com\google\guava\listenablefuture\9999.0-empty-to-avoid-conflict-with-guava\listenablefuture-9999.0-empty-to-avoid-conflict-with-guava.jar;C:\Users\Parag\.m2\repository\org\checkerframework\checker-qual\3.33.0\checker-qual-3.33.0.jar;C:\Users\Parag\.m2\repository\com\google\errorprone\error_prone_annotations\2.18.0\error_prone_annotations-2.18.0.jar;C:\Users\Parag\.m2\repository\com\google\j2objc\j2objc-annotations\2.8\j2objc-annotations-2.8.jar;C:\Users\Parag\.m2\repository\com\github\scribejava\scribejava-apis\8.3.3\scribejava-apis-8.3.3.jar;C:\Users\Parag\.m2\repository\com\github\scribejava\scribejava-core\8.3.3\scribejava-core-8.3.3.jar;C:\Users\Parag\.m2\repository\com\github\scribejava\scribejava-java8\8.3.3\scribejava-java8-8.3.3.jar;C:\Users\Parag\.m2\repository\com\fasterxml\jackson\core\jackson-databind\2.14.0\jackson-databind-2.14.0.jar;C:\Users\Parag\.m2\repository\com\fasterxml\jackson\core\jackson-annotations\2.14.0\jackson-annotations-2.14.0.jar;C:\Users\Parag\.m2\repository\com\fasterxml\jackson\core\jackson-core\2.14.0\jackson-core-2.14.0.jar;C:\Users\Parag\.m2\repository\org\json\json\20230618\json-20230618.jar;C:\Users\Parag\.m2\repository\io\rest-assured\xml-path\5.3.1\xml-path-5.3.1.jar;C:\Users\Parag\.m2\repository\io\rest-assured\rest-assured-common\5.3.1\rest-assured-common-5.3.1.jar;C:\Users\Parag\.m2\repository\com\github\javafaker\javafaker\1.0.2\javafaker-1.0.2.jar;C:\Users\Parag\.m2\repository\org\yaml\snakeyaml\1.23\snakeyaml-1.23-android.jar;C:\Users\Parag\.m2\repository\com\github\mifmif\generex\1.0.2\generex-1.0.2.jar;C:\Users\Parag\.m2\repository\dk\brics\automaton\automaton\1.11-8\automaton-1.11-8.jar;C:\Users\Parag\.m2\repository\com\aventstack\extentreports\5.1.0\extentreports-5.1.0.jar;C:\Users\Parag\.m2\repository\io\reactivex\rxjava3\rxjava\3.1.6\rxjava-3.1.6.jar;C:\Users\Parag\.m2\repository\org\reactivestreams\reactive-streams\1.0.4\reactive-streams-1.0.4.jar;C:\Users\Parag\.m2\repository\org\freemarker\freemarker\2.3.32\freemarker-2.3.32.jar;C:\Users\Parag\.m2\repository\org\projectlombok\lombok\1.18.26\lombok-1.18.26.jar;C:\Users\Parag\.m2\repository\org\apache\logging\log4j\log4j-api\2.20.0\log4j-api-2.20.0.jar;C:\Users\Parag\.m2\repository\org\apache\logging\log4j\log4j-core\2.20.0\log4j-core-2.20.0.jar;"/>
    <property name="java.vm.vendor" value="Oracle Corporation"/>
    <property name="sun.arch.data.model" value="64"/>
    <property name="user.variant" value=""/>
    <property name="java.vendor.url" value="https://java.oracle.com/"/>
    <property name="user.timezone" value="Asia/Calcutta"/>
    <property name="os.name" value="Windows 11"/>
    <property name="java.vm.specification.version" value="20"/>
    <property name="sun.java.launcher" value="SUN_STANDARD"/>
    <property name="user.country" value="IN"/>
    <property name="sun.boot.library.path" value="C:\Program Files\Java\jdk-20\bin"/>
    <property name="sun.java.command" value="C:\Users\Parag\AppData\Local\Temp\surefire6706272132529507994\surefirebooter-20231001172337061_3.jar C:\Users\Parag\AppData\Local\Temp\surefire6706272132529507994 2023-10-01T17-23-36_966-jvmRun1 surefire-20231001172337061_1tmp surefire_0-20231001172337061_2tmp"/>
    <property name="jdk.debug" value="release"/>
    <property name="surefire.test.class.path" value="C:\E\workspaces\workSpace_RestAssured_P1\PetStoreApiAutomation\target\test-classes;C:\E\workspaces\workSpace_RestAssured_P1\PetStoreApiAutomation\target\classes;C:\Users\Parag\.m2\repository\org\seleniumhq\selenium\selenium-java\4.9.1\selenium-java-4.9.1.jar;C:\Users\Parag\.m2\repository\org\seleniumhq\selenium\selenium-api\4.9.1\selenium-api-4.9.1.jar;C:\Users\Parag\.m2\repository\org\seleniumhq\selenium\selenium-chrome-driver\4.9.1\selenium-chrome-driver-4.9.1.jar;C:\Users\Parag\.m2\repository\com\google\auto\service\auto-service-annotations\1.0.1\auto-service-annotations-1.0.1.jar;C:\Users\Parag\.m2\repository\com\google\auto\service\auto-service\1.0.1\auto-service-1.0.1.jar;C:\Users\Parag\.m2\repository\com\google\auto\auto-common\1.2\auto-common-1.2.jar;C:\Users\Parag\.m2\repository\org\seleniumhq\selenium\selenium-chromium-driver\4.9.1\selenium-chromium-driver-4.9.1.jar;C:\Users\Parag\.m2\repository\org\seleniumhq\selenium\selenium-json\4.9.1\selenium-json-4.9.1.jar;C:\Users\Parag\.m2\repository\org\seleniumhq\selenium\selenium-manager\4.9.1\selenium-manager-4.9.1.jar;C:\Users\Parag\.m2\repository\org\seleniumhq\selenium\selenium-devtools-v111\4.9.1\selenium-devtools-v111-4.9.1.jar;C:\Users\Parag\.m2\repository\org\seleniumhq\selenium\selenium-devtools-v112\4.9.1\selenium-devtools-v112-4.9.1.jar;C:\Users\Parag\.m2\repository\org\seleniumhq\selenium\selenium-devtools-v113\4.9.1\selenium-devtools-v113-4.9.1.jar;C:\Users\Parag\.m2\repository\org\seleniumhq\selenium\selenium-devtools-v85\4.9.1\selenium-devtools-v85-4.9.1.jar;C:\Users\Parag\.m2\repository\org\seleniumhq\selenium\selenium-edge-driver\4.9.1\selenium-edge-driver-4.9.1.jar;C:\Users\Parag\.m2\repository\org\seleniumhq\selenium\selenium-firefox-driver\4.9.1\selenium-firefox-driver-4.9.1.jar;C:\Users\Parag\.m2\repository\org\seleniumhq\selenium\selenium-http\4.9.1\selenium-http-4.9.1.jar;C:\Users\Parag\.m2\repository\dev\failsafe\failsafe\3.3.1\failsafe-3.3.1.jar;C:\Users\Parag\.m2\repository\org\seleniumhq\selenium\selenium-ie-driver\4.9.1\selenium-ie-driver-4.9.1.jar;C:\Users\Parag\.m2\repository\org\seleniumhq\selenium\selenium-remote-driver\4.9.1\selenium-remote-driver-4.9.1.jar;C:\Users\Parag\.m2\repository\io\netty\netty-buffer\4.1.91.Final\netty-buffer-4.1.91.Final.jar;C:\Users\Parag\.m2\repository\io\netty\netty-codec-http\4.1.91.Final\netty-codec-http-4.1.91.Final.jar;C:\Users\Parag\.m2\repository\io\netty\netty-codec\4.1.91.Final\netty-codec-4.1.91.Final.jar;C:\Users\Parag\.m2\repository\io\netty\netty-handler\4.1.91.Final\netty-handler-4.1.91.Final.jar;C:\Users\Parag\.m2\repository\io\netty\netty-common\4.1.91.Final\netty-common-4.1.91.Final.jar;C:\Users\Parag\.m2\repository\io\netty\netty-transport-classes-epoll\4.1.91.Final\netty-transport-classes-epoll-4.1.91.Final.jar;C:\Users\Parag\.m2\repository\io\netty\netty-transport-classes-kqueue\4.1.91.Final\netty-transport-classes-kqueue-4.1.91.Final.jar;C:\Users\Parag\.m2\repository\io\netty\netty-transport-native-epoll\4.1.91.Final\netty-transport-native-epoll-4.1.91.Final.jar;C:\Users\Parag\.m2\repository\io\netty\netty-transport-native-kqueue\4.1.91.Final\netty-transport-native-kqueue-4.1.91.Final.jar;C:\Users\Parag\.m2\repository\io\netty\netty-transport-native-unix-common\4.1.91.Final\netty-transport-native-unix-common-4.1.91.Final.jar;C:\Users\Parag\.m2\repository\io\netty\netty-transport\4.1.91.Final\netty-transport-4.1.91.Final.jar;C:\Users\Parag\.m2\repository\io\netty\netty-resolver\4.1.91.Final\netty-resolver-4.1.91.Final.jar;C:\Users\Parag\.m2\repository\io\opentelemetry\opentelemetry-api\1.25.0\opentelemetry-api-1.25.0.jar;C:\Users\Parag\.m2\repository\io\opentelemetry\opentelemetry-context\1.25.0\opentelemetry-context-1.25.0.jar;C:\Users\Parag\.m2\repository\io\opentelemetry\opentelemetry-exporter-logging\1.25.0\opentelemetry-exporter-logging-1.25.0.jar;C:\Users\Parag\.m2\repository\io\opentelemetry\opentelemetry-sdk-metrics\1.25.0\opentelemetry-sdk-metrics-1.25.0.jar;C:\Users\Parag\.m2\repository\io\opentelemetry\opentelemetry-sdk-logs\1.25.0-alpha\opentelemetry-sdk-logs-1.25.0-alpha.jar;C:\Users\Parag\.m2\repository\io\opentelemetry\opentelemetry-api-logs\1.25.0-alpha\opentelemetry-api-logs-1.25.0-alpha.jar;C:\Users\Parag\.m2\repository\io\opentelemetry\opentelemetry-api-events\1.25.0-alpha\opentelemetry-api-events-1.25.0-alpha.jar;C:\Users\Parag\.m2\repository\io\opentelemetry\opentelemetry-sdk-common\1.25.0\opentelemetry-sdk-common-1.25.0.jar;C:\Users\Parag\.m2\repository\io\opentelemetry\opentelemetry-sdk-extension-autoconfigure-spi\1.25.0\opentelemetry-sdk-extension-autoconfigure-spi-1.25.0.jar;C:\Users\Parag\.m2\repository\io\opentelemetry\opentelemetry-sdk-extension-autoconfigure\1.25.0-alpha\opentelemetry-sdk-extension-autoconfigure-1.25.0-alpha.jar;C:\Users\Parag\.m2\repository\io\opentelemetry\opentelemetry-sdk-trace\1.25.0\opentelemetry-sdk-trace-1.25.0.jar;C:\Users\Parag\.m2\repository\io\opentelemetry\opentelemetry-sdk\1.25.0\opentelemetry-sdk-1.25.0.jar;C:\Users\Parag\.m2\repository\io\opentelemetry\opentelemetry-semconv\1.25.0-alpha\opentelemetry-semconv-1.25.0-alpha.jar;C:\Users\Parag\.m2\repository\io\ous\jtoml\2.0.0\jtoml-2.0.0.jar;C:\Users\Parag\.m2\repository\net\bytebuddy\byte-buddy\1.14.4\byte-buddy-1.14.4.jar;C:\Users\Parag\.m2\repository\org\apache\commons\commons-exec\1.3\commons-exec-1.3.jar;C:\Users\Parag\.m2\repository\org\asynchttpclient\async-http-client\2.12.3\async-http-client-2.12.3.jar;C:\Users\Parag\.m2\repository\org\asynchttpclient\async-http-client-netty-utils\2.12.3\async-http-client-netty-utils-2.12.3.jar;C:\Users\Parag\.m2\repository\io\netty\netty-codec-socks\4.1.60.Final\netty-codec-socks-4.1.60.Final.jar;C:\Users\Parag\.m2\repository\io\netty\netty-handler-proxy\4.1.60.Final\netty-handler-proxy-4.1.60.Final.jar;C:\Users\Parag\.m2\repository\io\netty\netty-transport-native-epoll\4.1.60.Final\netty-transport-native-epoll-4.1.60.Final-linux-x86_64.jar;C:\Users\Parag\.m2\repository\io\netty\netty-transport-native-kqueue\4.1.60.Final\netty-transport-native-kqueue-4.1.60.Final-osx-x86_64.jar;C:\Users\Parag\.m2\repository\com\typesafe\netty\netty-reactive-streams\2.0.4\netty-reactive-streams-2.0.4.jar;C:\Users\Parag\.m2\repository\com\sun\activation\jakarta.activation\1.2.2\jakarta.activation-1.2.2.jar;C:\Users\Parag\.m2\repository\org\seleniumhq\selenium\selenium-safari-driver\4.9.1\selenium-safari-driver-4.9.1.jar;C:\Users\Parag\.m2\repository\org\seleniumhq\selenium\selenium-support\4.9.1\selenium-support-4.9.1.jar;C:\Users\Parag\.m2\repository\io\github\bonigarcia\webdrivermanager\5.3.3\webdrivermanager-5.3.3.jar;C:\Users\Parag\.m2\repository\org\slf4j\slf4j-api\2.0.7\slf4j-api-2.0.7.jar;C:\Users\Parag\.m2\repository\com\github\docker-java\docker-java\3.3.0\docker-java-3.3.0.jar;C:\Users\Parag\.m2\repository\com\github\docker-java\docker-java-core\3.3.0\docker-java-core-3.3.0.jar;C:\Users\Parag\.m2\repository\com\github\docker-java\docker-java-api\3.3.0\docker-java-api-3.3.0.jar;C:\Users\Parag\.m2\repository\org\bouncycastle\bcpkix-jdk15on\1.64\bcpkix-jdk15on-1.64.jar;C:\Users\Parag\.m2\repository\org\bouncycastle\bcprov-jdk15on\1.64\bcprov-jdk15on-1.64.jar;C:\Users\Parag\.m2\repository\org\slf4j\jcl-over-slf4j\1.7.30\jcl-over-slf4j-1.7.30.jar;C:\Users\Parag\.m2\repository\com\github\docker-java\docker-java-transport-httpclient5\3.3.0\docker-java-transport-httpclient5-3.3.0.jar;C:\Users\Parag\.m2\repository\com\github\docker-java\docker-java-transport\3.3.0\docker-java-transport-3.3.0.jar;C:\Users\Parag\.m2\repository\net\java\dev\jna\jna\5.12.1\jna-5.12.1.jar;C:\Users\Parag\.m2\repository\org\brotli\dec\0.1.2\dec-0.1.2.jar;C:\Users\Parag\.m2\repository\org\apache\commons\commons-lang3\3.12.0\commons-lang3-3.12.0.jar;C:\Users\Parag\.m2\repository\org\apache\httpcomponents\client5\httpclient5\5.2.1\httpclient5-5.2.1.jar;C:\Users\Parag\.m2\repository\org\apache\httpcomponents\core5\httpcore5\5.2\httpcore5-5.2.jar;C:\Users\Parag\.m2\repository\org\apache\httpcomponents\core5\httpcore5-h2\5.2\httpcore5-h2-5.2.jar;C:\Users\Parag\.m2\repository\commons-io\commons-io\2.12.0\commons-io-2.12.0.jar;C:\Users\Parag\.m2\repository\org\testng\testng\7.8.0\testng-7.8.0.jar;C:\Users\Parag\.m2\repository\com\beust\jcommander\1.82\jcommander-1.82.jar;C:\Users\Parag\.m2\repository\org\webjars\jquery\3.6.1\jquery-3.6.1.jar;C:\Users\Parag\.m2\repository\org\apache\poi\poi-ooxml\5.2.3\poi-ooxml-5.2.3.jar;C:\Users\Parag\.m2\repository\org\apache\poi\poi-ooxml-lite\5.2.3\poi-ooxml-lite-5.2.3.jar;C:\Users\Parag\.m2\repository\org\apache\xmlbeans\xmlbeans\5.1.1\xmlbeans-5.1.1.jar;C:\Users\Parag\.m2\repository\org\apache\commons\commons-compress\1.21\commons-compress-1.21.jar;C:\Users\Parag\.m2\repository\com\github\virtuald\curvesapi\1.07\curvesapi-1.07.jar;C:\Users\Parag\.m2\repository\org\apache\commons\commons-collections4\4.4\commons-collections4-4.4.jar;C:\Users\Parag\.m2\repository\org\apache\poi\poi\5.2.3\poi-5.2.3.jar;C:\Users\Parag\.m2\repository\commons-codec\commons-codec\1.15\commons-codec-1.15.jar;C:\Users\Parag\.m2\repository\org\apache\commons\commons-math3\3.6.1\commons-math3-3.6.1.jar;C:\Users\Parag\.m2\repository\com\zaxxer\SparseBitSet\1.2\SparseBitSet-1.2.jar;C:\Users\Parag\.m2\repository\com\guicedee\services\apache-poi-ooxml\62\apache-poi-ooxml-62.jar;C:\Users\Parag\.m2\repository\com\guicedee\services\commons-compress\62\commons-compress-62.jar;C:\Users\Parag\.m2\repository\com\guicedee\services\commons-xmlbeans\62\commons-xmlbeans-62.jar;C:\Users\Parag\.m2\repository\com\guicedee\services\apache-poi\62\apache-poi-62.jar;C:\Users\Parag\.m2\repository\com\guicedee\services\commons-logging\62\commons-logging-62.jar;C:\Users\Parag\.m2\repository\com\guicedee\services\commons-codec\62\commons-codec-62.jar;C:\Users\Parag\.m2\repository\com\guicedee\services\commons-math3\62\commons-math3-62.jar;C:\Users\Parag\.m2\repository\com\guicedee\services\commons-collections4\62\commons-collections4-62.jar;C:\Users\Parag\.m2\repository\com\guicedee\services\jakarta.xml.bind-api\62\jakarta.xml.bind-api-62.jar;C:\Users\Parag\.m2\repository\com\guicedee\services\jakarta.activation\62\jakarta.activation-62.jar;C:\Users\Parag\.m2\repository\com\guicedee\services\jakarta.validation-api\62\jakarta.validation-api-62.jar;C:\Users\Parag\.m2\repository\org\codehaus\woodstox\stax2-api\4.2\stax2-api-4.2.jar;C:\Users\Parag\.m2\repository\org\jvnet\staxex\stax-ex\1.8.2\stax-ex-1.8.2.jar;C:\Users\Parag\.m2\repository\org\apache\logging\log4j\log4j-to-slf4j\2.8.2\log4j-to-slf4j-2.8.2.jar;C:\Users\Parag\.m2\repository\io\rest-assured\rest-assured\5.3.1\rest-assured-5.3.1.jar;C:\Users\Parag\.m2\repository\org\apache\groovy\groovy\4.0.11\groovy-4.0.11.jar;C:\Users\Parag\.m2\repository\org\apache\groovy\groovy-xml\4.0.11\groovy-xml-4.0.11.jar;C:\Users\Parag\.m2\repository\org\apache\httpcomponents\httpclient\4.5.13\httpclient-4.5.13.jar;C:\Users\Parag\.m2\repository\org\apache\httpcomponents\httpcore\4.4.13\httpcore-4.4.13.jar;C:\Users\Parag\.m2\repository\commons-logging\commons-logging\1.2\commons-logging-1.2.jar;C:\Users\Parag\.m2\repository\org\apache\httpcomponents\httpmime\4.5.13\httpmime-4.5.13.jar;C:\Users\Parag\.m2\repository\org\hamcrest\hamcrest\2.2\hamcrest-2.2.jar;C:\Users\Parag\.m2\repository\org\ccil\cowan\tagsoup\tagsoup\1.2.1\tagsoup-1.2.1.jar;C:\Users\Parag\.m2\repository\com\google\code\gson\gson\2.10.1\gson-2.10.1.jar;C:\Users\Parag\.m2\repository\io\rest-assured\json-path\5.3.1\json-path-5.3.1.jar;C:\Users\Parag\.m2\repository\org\apache\groovy\groovy-json\4.0.11\groovy-json-4.0.11.jar;C:\Users\Parag\.m2\repository\io\rest-assured\json-schema-validator\5.3.1\json-schema-validator-5.3.1.jar;C:\Users\Parag\.m2\repository\com\github\java-json-tools\json-schema-validator\2.2.14\json-schema-validator-2.2.14.jar;C:\Users\Parag\.m2\repository\com\github\java-json-tools\jackson-coreutils-equivalence\1.0\jackson-coreutils-equivalence-1.0.jar;C:\Users\Parag\.m2\repository\com\github\java-json-tools\jackson-coreutils\2.0\jackson-coreutils-2.0.jar;C:\Users\Parag\.m2\repository\com\github\java-json-tools\msg-simple\1.2\msg-simple-1.2.jar;C:\Users\Parag\.m2\repository\com\github\java-json-tools\btf\1.3\btf-1.3.jar;C:\Users\Parag\.m2\repository\com\github\java-json-tools\json-schema-core\1.2.14\json-schema-core-1.2.14.jar;C:\Users\Parag\.m2\repository\com\github\java-json-tools\uri-template\0.10\uri-template-0.10.jar;C:\Users\Parag\.m2\repository\org\mozilla\rhino\1.7.7.2\rhino-1.7.7.2.jar;C:\Users\Parag\.m2\repository\com\sun\mail\mailapi\1.6.2\mailapi-1.6.2.jar;C:\Users\Parag\.m2\repository\joda-time\joda-time\2.10.5\joda-time-2.10.5.jar;C:\Users\Parag\.m2\repository\com\googlecode\libphonenumber\libphonenumber\8.11.1\libphonenumber-8.11.1.jar;C:\Users\Parag\.m2\repository\com\google\code\findbugs\jsr305\3.0.2\jsr305-3.0.2.jar;C:\Users\Parag\.m2\repository\net\sf\jopt-simple\jopt-simple\5.0.4\jopt-simple-5.0.4.jar;C:\Users\Parag\.m2\repository\com\google\guava\guava\32.0.1-jre\guava-32.0.1-jre.jar;C:\Users\Parag\.m2\repository\com\google\guava\failureaccess\1.0.1\failureaccess-1.0.1.jar;C:\Users\Parag\.m2\repository\com\google\guava\listenablefuture\9999.0-empty-to-avoid-conflict-with-guava\listenablefuture-9999.0-empty-to-avoid-conflict-with-guava.jar;C:\Users\Parag\.m2\repository\org\checkerframework\checker-qual\3.33.0\checker-qual-3.33.0.jar;C:\Users\Parag\.m2\repository\com\google\errorprone\error_prone_annotations\2.18.0\error_prone_annotations-2.18.0.jar;C:\Users\Parag\.m2\repository\com\google\j2objc\j2objc-annotations\2.8\j2objc-annotations-2.8.jar;C:\Users\Parag\.m2\repository\com\github\scribejava\scribejava-apis\8.3.3\scribejava-apis-8.3.3.jar;C:\Users\Parag\.m2\repository\com\github\scribejava\scribejava-core\8.3.3\scribejava-core-8.3.3.jar;C:\Users\Parag\.m2\repository\com\github\scribejava\scribejava-java8\8.3.3\scribejava-java8-8.3.3.jar;C:\Users\Parag\.m2\repository\com\fasterxml\jackson\core\jackson-databind\2.14.0\jackson-databind-2.14.0.jar;C:\Users\Parag\.m2\repository\com\fasterxml\jackson\core\jackson-annotations\2.14.0\jackson-annotations-2.14.0.jar;C:\Users\Parag\.m2\repository\com\fasterxml\jackson\core\jackson-core\2.14.0\jackson-core-2.14.0.jar;C:\Users\Parag\.m2\repository\org\json\json\20230618\json-20230618.jar;C:\Users\Parag\.m2\repository\io\rest-assured\xml-path\5.3.1\xml-path-5.3.1.jar;C:\Users\Parag\.m2\repository\io\rest-assured\rest-assured-common\5.3.1\rest-assured-common-5.3.1.jar;C:\Users\Parag\.m2\repository\com\github\javafaker\javafaker\1.0.2\javafaker-1.0.2.jar;C:\Users\Parag\.m2\repository\org\yaml\snakeyaml\1.23\snakeyaml-1.23-android.jar;C:\Users\Parag\.m2\repository\com\github\mifmif\generex\1.0.2\generex-1.0.2.jar;C:\Users\Parag\.m2\repository\dk\brics\automaton\automaton\1.11-8\automaton-1.11-8.jar;C:\Users\Parag\.m2\repository\com\aventstack\extentreports\5.1.0\extentreports-5.1.0.jar;C:\Users\Parag\.m2\repository\io\reactivex\rxjava3\rxjava\3.1.6\rxjava-3.1.6.jar;C:\Users\Parag\.m2\repository\org\reactivestreams\reactive-streams\1.0.4\reactive-streams-1.0.4.jar;C:\Users\Parag\.m2\repository\org\freemarker\freemarker\2.3.32\freemarker-2.3.32.jar;C:\Users\Parag\.m2\repository\org\projectlombok\lombok\1.18.26\lombok-1.18.26.jar;C:\Users\Parag\.m2\repository\org\apache\logging\log4j\log4j-api\2.20.0\log4j-api-2.20.0.jar;C:\Users\Parag\.m2\repository\org\apache\logging\log4j\log4j-core\2.20.0\log4j-core-2.20.0.jar;"/>
    <property name="sun.cpu.endian" value="little"/>
    <property name="user.home" value="C:\Users\Parag"/>
    <property name="user.language" value="en"/>
    <property name="java.specification.vendor" value="Oracle Corporation"/>
    <property name="java.version.date" value="2023-07-18"/>
    <property name="java.home" value="C:\Program Files\Java\jdk-20"/>
    <property name="file.separator" value="\"/>
    <property name="basedir" value="C:\E\workspaces\workSpace_RestAssured_P1\PetStoreApiAutomation"/>
    <property name="java.vm.compressedOopsMode" value="32-bit"/>
    <property name="line.separator" value="&#10;"/>
    <property name="java.vm.specification.vendor" value="Oracle Corporation"/>
    <property name="java.specification.name" value="Java Platform API Specification"/>
    <property name="surefire.real.class.path" value="C:\Users\Parag\AppData\Local\Temp\surefire6706272132529507994\surefirebooter-20231001172337061_3.jar"/>
    <property name="user.script" value=""/>
    <property name="sun.management.compiler" value="HotSpot 64-Bit Tiered Compilers"/>
    <property name="java.runtime.version" value="20.0.2+9-78"/>
    <property name="user.name" value="Parag"/>
    <property name="stdout.encoding" value="Cp1252"/>
    <property name="path.separator" value=";"/>
    <property name="os.version" value="10.0"/>
    <property name="java.runtime.name" value="Java(TM) SE Runtime Environment"/>
    <property name="file.encoding" value="UTF-8"/>
    <property name="java.vm.name" value="Java HotSpot(TM) 64-Bit Server VM"/>
    <property name="localRepository" value="C:\Users\Parag\.m2\repository"/>
    <property name="java.vendor.url.bug" value="https://bugreport.java.com/bugreport/"/>
    <property name="java.io.tmpdir" value="C:\Users\Parag\AppData\Local\Temp\"/>
    <property name="java.version" value="20.0.2"/>
    <property name="user.dir" value="C:\E\workspaces\workSpace_RestAssured_P1\PetStoreApiAutomation"/>
    <property name="os.arch" value="amd64"/>
    <property name="java.vm.specification.name" value="Java Virtual Machine Specification"/>
    <property name="sun.os.patch.level" value=""/>
    <property name="native.encoding" value="Cp1252"/>
    <property name="java.library.path" value="C:\Program Files\Java\jdk-20\bin;C:\WINDOWS\Sun\Java\bin;C:\WINDOWS\system32;C:\WINDOWS;C:\Program Files\Common Files\Oracle\Java\javapath;C:\windows\system32;C:\windows;C:\windows\System32\Wbem;C:\windows\System32\WindowsPowerShell\v1.0\;C:\windows\System32\OpenSSH\;C:\Program Files (x86)\NVIDIA Corporation\PhysX\Common;C:\WINDOWS\system32;C:\WINDOWS;C:\WINDOWS\System32\Wbem;C:\WINDOWS\System32\WindowsPowerShell\v1.0\;C:\WINDOWS\System32\OpenSSH\;C:\Program Files\Java\jdk-20\bin;C:\E\Apache_Maven\apache-maven-3.9.4\bin;C:\Program Files\Microsoft SQL Server\120\DTS\Binn\;C:\Program Files\Microsoft SQL Server\Client SDK\ODBC\110\Tools\Binn\;C:\Program Files (x86)\Microsoft SQL Server\120\Tools\Binn\;C:\Program Files\Microsoft SQL Server\120\Tools\Binn\;C:\Program Files (x86)\Microsoft SQL Server\120\Tools\Binn\ManagementStudio\;C:\Program Files (x86)\Microsoft SQL Server\120\DTS\Binn\;C:\Program Files\nodejs\;C:\ProgramData\chocolatey\bin;C:\Program Files\nodejs\node_modules;C:\Users\Parag\AppData\Roaming\npm\node_modules\newman\bin\newman.js;C:\Program Files\Git\bin;C:\Users\Parag\AppData\Roaming\npm;C:\E\Apache_Maven\apache-maven-3.9.4\bin;C:\E\Apache_Maven\apache-maven-3.9.4\;C:\E\Apache_Maven\apache-maven-3.9.4;C:\Program Files\Java\jdk-20;C:\Program Files\Git\bin\git.exe;C:\Users\Parag\AppData\Local\Microsoft\WindowsApps;C:\Program Files\Java\jdk-20\bin;C:\E\Apache_Maven\apache-maven-3.9.4\bin;C:\Users\Parag\AppData\Local\Programs\Microsoft VS Code\bin;C:\Users\Parag\AppData\Roaming\npm\node_modules\newman\bin\newman.js;;."/>
    <property name="java.vm.info" value="mixed mode, sharing"/>
    <property name="stderr.encoding" value="Cp1252"/>
    <property name="java.vendor" value="Oracle Corporation"/>
    <property name="java.vm.version" value="20.0.2+9-78"/>
    <property name="sun.io.unicode.encoding" value="UnicodeLittle"/>
    <property name="java.class.version" value="64.0"/>
  </properties>
  <testcase name="testPostUser" classname="api.test.UserTests" time="2.733">
    <system-out><![CDATA[Created user----->lowell.lebsack
POST | Created user ----->
HTTP/1.1 200 OK
Date: Sun, 01 Oct 2023 11:53:52 GMT
Content-Type: application/json
Transfer-Encoding: chunked
Connection: keep-alive
Access-Control-Allow-Origin: *
Access-Control-Allow-Methods: GET, POST, DELETE, PUT
Access-Control-Allow-Headers: Content-Type, api_key, Authorization
Server: Jetty(9.2.9.v20150224)

{
    "code": 200,
    "type": "unknown",
    "message": "834"
}
]]></system-out>
    <system-err><![CDATA[SLF4J: No SLF4J providers were found.
SLF4J: Defaulting to no-operation (NOP) logger implementation
SLF4J: See https://www.slf4j.org/codes.html#noProviders for further details.
]]></system-err>
  </testcase>
  <testcase name="testGetUserByName" classname="api.test.UserTests" time="1.252">
    <system-out><![CDATA[pojo user name--->lowell.lebsack
GET | Get User --->
HTTP/1.1 200 OK
Date: Sun, 01 Oct 2023 11:53:53 GMT
Content-Type: application/json
Transfer-Encoding: chunked
Connection: keep-alive
Access-Control-Allow-Origin: *
Access-Control-Allow-Methods: GET, POST, DELETE, PUT
Access-Control-Allow-Headers: Content-Type, api_key, Authorization
Server: Jetty(9.2.9.v20150224)

{
    "id": 834,
    "username": "lowell.lebsack",
    "firstName": "Alishia",
    "lastName": "Leuschke",
    "email": "francine.jast@example.com",
    "password": "6358umeuv",
    "phone": "872-452-2741",
    "userStatus": 2
}
]]></system-out>
  </testcase>
  <testcase name="testUpdateUserByName" classname="api.test.UserTests" time="2.509">
    <system-out><![CDATA[PUT | Update User ---->
HTTP/1.1 200 OK
Date: Sun, 01 Oct 2023 11:53:54 GMT
Content-Type: application/json
Transfer-Encoding: chunked
Connection: keep-alive
Access-Control-Allow-Origin: *
Access-Control-Allow-Methods: GET, POST, DELETE, PUT
Access-Control-Allow-Headers: Content-Type, api_key, Authorization
Server: Jetty(9.2.9.v20150224)

{
    "code": 200,
    "type": "unknown",
    "message": "834"
}
UPDATED user -------->
HTTP/1.1 200 OK
Date: Sun, 01 Oct 2023 11:53:56 GMT
Content-Type: application/json
Transfer-Encoding: chunked
Connection: keep-alive
Access-Control-Allow-Origin: *
Access-Control-Allow-Methods: GET, POST, DELETE, PUT
Access-Control-Allow-Headers: Content-Type, api_key, Authorization
Server: Jetty(9.2.9.v20150224)

{
    "id": 834,
    "username": "lowell.lebsack",
    "firstName": "Roxane",
    "lastName": "McKenzie",
    "email": "cedrick.borer@example.com",
    "password": "1kwta9lum2",
    "phone": "820.105.6102",
    "userStatus": 2
}
]]></system-out>
  </testcase>
  <testcase name="testDeleteUserByName" classname="api.test.UserTests" time="2.375">
    <system-out><![CDATA[DELETE | Delete User ----> 
{
    "code": 200,
    "type": "unknown",
    "message": "lowell.lebsack"
}
Deletion Success for user---->lowell.lebsack
Validating that user has been DELETED successfully--->lowell.lebsack
{
    "code": 1,
    "type": "error",
    "message": "User not found"
}
HTTP/1.1 404 Not Found
Date: Sun, 01 Oct 2023 11:53:58 GMT
Content-Type: application/json
Transfer-Encoding: chunked
Connection: keep-alive
Access-Control-Allow-Origin: *
Access-Control-Allow-Methods: GET, POST, DELETE, PUT
Access-Control-Allow-Headers: Content-Type, api_key, Authorization
Server: Jetty(9.2.9.v20150224)

{
    "code": 1,
    "type": "error",
    "message": "User not found"
}
]]></system-out>
  </testcase>
  <testcase name="dataDrivenPostUser[8833220, jjfjjuue88883kke, PPPPjjjj, LLLLjj888, a@gmail.com, test@1, 123456789, 1](1)" classname="api.test.DataDrivenTest" time="1.137">
    <system-out><![CDATA[
================PRINTING ALL DATA FROM EXCEL============================
6<--row-|-col-->8
8833220 | jjfjjuue88883kke | PPPPjjjj | LLLLjj888 | a@gmail.com | test@1 | 123456789 | 1 | 
8847700 | fgfgnnhn3434hhg | UUUU666 | LLL8848u | c@gmail.com | test@3 | 333336666 | 2 | 
8673009 | hjkhk784884ddkkll | KKLLyy8 | Lggfhf990 | a@gmail.com | test@1 | 123456789 | 1 | 
8994009 | kkghhgj0004848pp | PPBBB88 | LL332ddd | c@gmail.com | test@3 | 333336666 | 2 | 
6773899 | heewwyyy0094477 | RRREE7 | LL7737hhnh | a@gmail.com | test@1 | 123456789 | 1 | 
88400526 | jdsjdjjdyyer77662 | OOKKK | LLhghfjhfj88 | c@gmail.com | test@3 | 333336666 | 2 | 

=====================END=======================
POST | Created user ----->
HTTP/1.1 200 OK
Date: Sun, 01 Oct 2023 11:54:00 GMT
Content-Type: application/json
Transfer-Encoding: chunked
Connection: keep-alive
Access-Control-Allow-Origin: *
Access-Control-Allow-Methods: GET, POST, DELETE, PUT
Access-Control-Allow-Headers: Content-Type, api_key, Authorization
Server: Jetty(9.2.9.v20150224)

{
    "code": 200,
    "type": "unknown",
    "message": "8833220"
}
]]></system-out>
  </testcase>
  <testcase name="dataDrivenPostUser[8847700, fgfgnnhn3434hhg, UUUU666, LLL8848u, c@gmail.com, test@3, 333336666, 2](2)" classname="api.test.DataDrivenTest" time="1.266">
    <system-out><![CDATA[POST | Created user ----->
HTTP/1.1 200 OK
Date: Sun, 01 Oct 2023 11:54:02 GMT
Content-Type: application/json
Transfer-Encoding: chunked
Connection: keep-alive
Access-Control-Allow-Origin: *
Access-Control-Allow-Methods: GET, POST, DELETE, PUT
Access-Control-Allow-Headers: Content-Type, api_key, Authorization
Server: Jetty(9.2.9.v20150224)

{
    "code": 200,
    "type": "unknown",
    "message": "8847700"
}
]]></system-out>
  </testcase>
  <testcase name="dataDrivenPostUser[8673009, hjkhk784884ddkkll, KKLLyy8, Lggfhf990, a@gmail.com, test@1, 123456789, 1](3)" classname="api.test.DataDrivenTest" time="1.256">
    <system-out><![CDATA[POST | Created user ----->
HTTP/1.1 200 OK
Date: Sun, 01 Oct 2023 11:54:03 GMT
Content-Type: application/json
Transfer-Encoding: chunked
Connection: keep-alive
Access-Control-Allow-Origin: *
Access-Control-Allow-Methods: GET, POST, DELETE, PUT
Access-Control-Allow-Headers: Content-Type, api_key, Authorization
Server: Jetty(9.2.9.v20150224)

{
    "code": 200,
    "type": "unknown",
    "message": "8673009"
}
]]></system-out>
  </testcase>
  <testcase name="dataDrivenPostUser[8994009, kkghhgj0004848pp, PPBBB88, LL332ddd, c@gmail.com, test@3, 333336666, 2](4)" classname="api.test.DataDrivenTest" time="1.208">
    <system-out><![CDATA[POST | Created user ----->
HTTP/1.1 200 OK
Date: Sun, 01 Oct 2023 11:54:04 GMT
Content-Type: application/json
Transfer-Encoding: chunked
Connection: keep-alive
Access-Control-Allow-Origin: *
Access-Control-Allow-Methods: GET, POST, DELETE, PUT
Access-Control-Allow-Headers: Content-Type, api_key, Authorization
Server: Jetty(9.2.9.v20150224)

{
    "code": 200,
    "type": "unknown",
    "message": "8994009"
}
]]></system-out>
  </testcase>
  <testcase name="dataDrivenPostUser[6773899, heewwyyy0094477, RRREE7, LL7737hhnh, a@gmail.com, test@1, 123456789, 1](5)" classname="api.test.DataDrivenTest" time="1.175">
    <system-out><![CDATA[POST | Created user ----->
HTTP/1.1 200 OK
Date: Sun, 01 Oct 2023 11:54:05 GMT
Content-Type: application/json
Transfer-Encoding: chunked
Connection: keep-alive
Access-Control-Allow-Origin: *
Access-Control-Allow-Methods: GET, POST, DELETE, PUT
Access-Control-Allow-Headers: Content-Type, api_key, Authorization
Server: Jetty(9.2.9.v20150224)

{
    "code": 200,
    "type": "unknown",
    "message": "6773899"
}
]]></system-out>
  </testcase>
  <testcase name="dataDrivenPostUser[88400526, jdsjdjjdyyer77662, OOKKK, LLhghfjhfj88, c@gmail.com, test@3, 333336666, 2](6)" classname="api.test.DataDrivenTest" time="1.237">
    <system-out><![CDATA[POST | Created user ----->
HTTP/1.1 200 OK
Date: Sun, 01 Oct 2023 11:54:07 GMT
Content-Type: application/json
Transfer-Encoding: chunked
Connection: keep-alive
Access-Control-Allow-Origin: *
Access-Control-Allow-Methods: GET, POST, DELETE, PUT
Access-Control-Allow-Headers: Content-Type, api_key, Authorization
Server: Jetty(9.2.9.v20150224)

{
    "code": 200,
    "type": "unknown",
    "message": "88400526"
}
]]></system-out>
  </testcase>
  <testcase name="testGetUserByName[jjfjjuue88883kke](1)" classname="api.test.DataDrivenTest" time="1.203">
    <system-out><![CDATA[
================PRINTING User Name Only from Excel============================
jjfjjuue88883kke
fgfgnnhn3434hhg
hjkhk784884ddkkll
kkghhgj0004848pp
heewwyyy0094477
jdsjdjjdyyer77662

===========================END=================
GET | Get User --->
HTTP/1.1 200 OK
Date: Sun, 01 Oct 2023 11:54:08 GMT
Content-Type: application/json
Transfer-Encoding: chunked
Connection: keep-alive
Access-Control-Allow-Origin: *
Access-Control-Allow-Methods: GET, POST, DELETE, PUT
Access-Control-Allow-Headers: Content-Type, api_key, Authorization
Server: Jetty(9.2.9.v20150224)

{
    "id": 8833220,
    "username": "jjfjjuue88883kke",
    "firstName": "PPPPjjjj",
    "lastName": "LLLLjj888",
    "email": "a@gmail.com",
    "password": "test@1",
    "phone": "123456789",
    "userStatus": 1
}
]]></system-out>
  </testcase>
  <testcase name="testGetUserByName[fgfgnnhn3434hhg](2)" classname="api.test.DataDrivenTest" time="1.3">
    <system-out><![CDATA[GET | Get User --->
HTTP/1.1 200 OK
Date: Sun, 01 Oct 2023 11:54:09 GMT
Content-Type: application/json
Transfer-Encoding: chunked
Connection: keep-alive
Access-Control-Allow-Origin: *
Access-Control-Allow-Methods: GET, POST, DELETE, PUT
Access-Control-Allow-Headers: Content-Type, api_key, Authorization
Server: Jetty(9.2.9.v20150224)

{
    "id": 8847700,
    "username": "fgfgnnhn3434hhg",
    "firstName": "UUUU666",
    "lastName": "LLL8848u",
    "email": "c@gmail.com",
    "password": "test@3",
    "phone": "333336666",
    "userStatus": 2
}
]]></system-out>
  </testcase>
  <testcase name="testGetUserByName[hjkhk784884ddkkll](3)" classname="api.test.DataDrivenTest" time="1.179">
    <system-out><![CDATA[GET | Get User --->
HTTP/1.1 200 OK
Date: Sun, 01 Oct 2023 11:54:10 GMT
Content-Type: application/json
Transfer-Encoding: chunked
Connection: keep-alive
Access-Control-Allow-Origin: *
Access-Control-Allow-Methods: GET, POST, DELETE, PUT
Access-Control-Allow-Headers: Content-Type, api_key, Authorization
Server: Jetty(9.2.9.v20150224)

{
    "id": 8673009,
    "username": "hjkhk784884ddkkll",
    "firstName": "KKLLyy8",
    "lastName": "Lggfhf990",
    "email": "a@gmail.com",
    "password": "test@1",
    "phone": "123456789",
    "userStatus": 1
}
]]></system-out>
  </testcase>
  <testcase name="testGetUserByName[kkghhgj0004848pp](4)" classname="api.test.DataDrivenTest" time="1.223">
    <system-out><![CDATA[GET | Get User --->
HTTP/1.1 200 OK
Date: Sun, 01 Oct 2023 11:54:12 GMT
Content-Type: application/json
Transfer-Encoding: chunked
Connection: keep-alive
Access-Control-Allow-Origin: *
Access-Control-Allow-Methods: GET, POST, DELETE, PUT
Access-Control-Allow-Headers: Content-Type, api_key, Authorization
Server: Jetty(9.2.9.v20150224)

{
    "id": 8994009,
    "username": "kkghhgj0004848pp",
    "firstName": "PPBBB88",
    "lastName": "LL332ddd",
    "email": "c@gmail.com",
    "password": "test@3",
    "phone": "333336666",
    "userStatus": 2
}
]]></system-out>
  </testcase>
  <testcase name="testGetUserByName[heewwyyy0094477](5)" classname="api.test.DataDrivenTest" time="1.224">
    <system-out><![CDATA[GET | Get User --->
HTTP/1.1 200 OK
Date: Sun, 01 Oct 2023 11:54:13 GMT
Content-Type: application/json
Transfer-Encoding: chunked
Connection: keep-alive
Access-Control-Allow-Origin: *
Access-Control-Allow-Methods: GET, POST, DELETE, PUT
Access-Control-Allow-Headers: Content-Type, api_key, Authorization
Server: Jetty(9.2.9.v20150224)

{
    "id": 6773899,
    "username": "heewwyyy0094477",
    "firstName": "RRREE7",
    "lastName": "LL7737hhnh",
    "email": "a@gmail.com",
    "password": "test@1",
    "phone": "123456789",
    "userStatus": 1
}
]]></system-out>
  </testcase>
  <testcase name="testGetUserByName[jdsjdjjdyyer77662](6)" classname="api.test.DataDrivenTest" time="1.226">
    <system-out><![CDATA[GET | Get User --->
HTTP/1.1 200 OK
Date: Sun, 01 Oct 2023 11:54:14 GMT
Content-Type: application/json
Transfer-Encoding: chunked
Connection: keep-alive
Access-Control-Allow-Origin: *
Access-Control-Allow-Methods: GET, POST, DELETE, PUT
Access-Control-Allow-Headers: Content-Type, api_key, Authorization
Server: Jetty(9.2.9.v20150224)

{
    "id": 88400526,
    "username": "jdsjdjjdyyer77662",
    "firstName": "OOKKK",
    "lastName": "LLhghfjhfj88",
    "email": "c@gmail.com",
    "password": "test@3",
    "phone": "333336666",
    "userStatus": 2
}
]]></system-out>
  </testcase>
  <testcase name="testCreatePet" classname="api.test.PetModel_Tests" time="1.205">
    <system-out><![CDATA[HTTP/1.1 200 OK
Date: Sun, 01 Oct 2023 11:54:15 GMT
Content-Type: application/json
Transfer-Encoding: chunked
Connection: keep-alive
Access-Control-Allow-Origin: *
Access-Control-Allow-Methods: GET, POST, DELETE, PUT
Access-Control-Allow-Headers: Content-Type, api_key, Authorization
Server: Jetty(9.2.9.v20150224)

{
    "id": 157,
    "category": {
        "id": 300,
        "name": "madelyn.walker"
    },
    "name": "Sally",
    "photoUrls": [
        "https:/screenshot.www.elias-wilderman.biz",
        "https:/screenshoot/abc//www.joel-quitzon.name"
    ],
    "tags": [
        {
            "id": 861,
            "name": "Haag"
        }
    ],
    "status": "available"
}
]]></system-out>
  </testcase>
  <testcase name="testFindPetByStatus" classname="api.test.PetModel_Tests" time="1.176">
    <system-out><![CDATA[HTTP/1.1 200 OK
Date: Sun, 01 Oct 2023 11:54:16 GMT
Content-Type: application/json
Transfer-Encoding: chunked
Connection: keep-alive
Access-Control-Allow-Origin: *
Access-Control-Allow-Methods: GET, POST, DELETE, PUT
Access-Control-Allow-Headers: Content-Type, api_key, Authorization
Server: Jetty(9.2.9.v20150224)

[
    
]
]]></system-out>
  </testcase>
  <testcase name="testFindPetById" classname="api.test.PetModel_Tests" time="1.174">
    <system-out><![CDATA[HTTP/1.1 404 Not Found
Date: Sun, 01 Oct 2023 11:54:18 GMT
Content-Type: application/json
Transfer-Encoding: chunked
Connection: keep-alive
Access-Control-Allow-Origin: *
Access-Control-Allow-Methods: GET, POST, DELETE, PUT
Access-Control-Allow-Headers: Content-Type, api_key, Authorization
Server: Jetty(9.2.9.v20150224)

{
    "code": 1,
    "type": "error",
    "message": "Pet not found"
}
]]></system-out>
  </testcase>
  <testcase name="reqresCreateUser" classname="api.test.ReqresTests" time="0.578">
    <system-out><![CDATA[HTTP/1.1 201 Created
Date: Sun, 01 Oct 2023 11:54:18 GMT
Content-Type: application/json; charset=utf-8
Content-Length: 114
Connection: keep-alive
X-Powered-By: Express
Access-Control-Allow-Origin: *
Etag: W/"72-rqrubCHhKXdjFZtSXmWMImuLpMo"
Via: 1.1 vegur
CF-Cache-Status: DYNAMIC
Report-To: {"endpoints":[{"url":"https:\/\/a.nel.cloudflare.com\/report\/v3?s=lMaJQdHKli6Su5hH5kg5gThxgqoXUiDYkwuw2o%2FOC25V%2FV%2Be2KZzPMv2%2FkE7FTrJRGbG18HdGJOvZ0vSYEK9gAg6IJhVmAD6Z%2BwG9MY0ka7uQ5h0DftGpbRZbA%3D%3D"}],"group":"cf-nel","max_age":604800}
NEL: {"success_fraction":0,"report_to":"cf-nel","max_age":604800}
Server: cloudflare
CF-RAY: 80f48298f96b93ad-BBI

{
    "name": "stephaine.hackett",
    "job": "Central Accounting Engineer",
    "id": "369",
    "createdAt": "2023-10-01T11:54:18.759Z"
}
]]></system-out>
  </testcase>
  <testcase name="test_Place_order_for_pet" classname="api.test.Store_Tests" time="1.62">
    <system-out><![CDATA[=================Store Model started ==============
HTTP/1.1 200 OK
Date: Sun, 01 Oct 2023 11:54:19 GMT
Content-Type: application/json
Transfer-Encoding: chunked
Connection: keep-alive
Access-Control-Allow-Origin: *
Access-Control-Allow-Methods: GET, POST, DELETE, PUT
Access-Control-Allow-Headers: Content-Type, api_key, Authorization
Server: Jetty(9.2.9.v20150224)

{
    "id": 341,
    "petId": 343,
    "quantity": 1,
    "shipDate": "2023-09-18T09:18:10.197+0000",
    "status": "available",
    "complete": true
}
id--->341
]]></system-out>
  </testcase>
  <testcase name="test_Find_Purchase_order_By_ID" classname="api.test.Store_Tests" time="1.216">
    <system-out><![CDATA[HTTP/1.1 200 OK
Date: Sun, 01 Oct 2023 11:54:21 GMT
Content-Type: application/json
Transfer-Encoding: chunked
Connection: keep-alive
Access-Control-Allow-Origin: *
Access-Control-Allow-Methods: GET, POST, DELETE, PUT
Access-Control-Allow-Headers: Content-Type, api_key, Authorization
Server: Jetty(9.2.9.v20150224)

{
    "id": 341,
    "petId": 343,
    "quantity": 1,
    "shipDate": "2023-09-18T09:18:10.197+0000",
    "status": "available",
    "complete": true
}
]]></system-out>
  </testcase>
  <testcase name="test_List_pet_inventory_by_status" classname="api.test.Store_Tests" time="1.279">
    <system-out><![CDATA[HTTP/1.1 200 OK
Date: Sun, 01 Oct 2023 11:54:22 GMT
Content-Type: application/json
Transfer-Encoding: chunked
Connection: keep-alive
Access-Control-Allow-Origin: *
Access-Control-Allow-Methods: GET, POST, DELETE, PUT
Access-Control-Allow-Headers: Content-Type, api_key, Authorization
Server: Jetty(9.2.9.v20150224)

{
    "sold": 13,
    "string": 193,
    "http://does.not.exist.spidynamics.com/?available": 1,
    "pending": 2,
    "available": 787,
    "Available": 1
}
]]></system-out>
  </testcase>
  <testcase name="test_Delete_purchase_order_by_ID" classname="api.test.Store_Tests" time="1.178">
    <system-out><![CDATA[HTTP/1.1 200 OK
Date: Sun, 01 Oct 2023 11:54:24 GMT
Content-Type: application/json
Transfer-Encoding: chunked
Connection: keep-alive
Access-Control-Allow-Origin: *
Access-Control-Allow-Methods: GET, POST, DELETE, PUT
Access-Control-Allow-Headers: Content-Type, api_key, Authorization
Server: Jetty(9.2.9.v20150224)

{
    "code": 200,
    "type": "unknown",
    "message": "341"
}
]]></system-out>
  </testcase>
  <testcase name="test_createToken[admin, password123](1)" classname="api.test.BookingDataDriven_Test" time="1.497">
    <system-out><![CDATA[admin | password123 | 

HTTP/1.1 200 OK
Server: Cowboy
Connection: keep-alive
X-Powered-By: Express
Content-Type: application/json; charset=utf-8
Content-Length: 27
Etag: W/"1b-8V1FLp+rV9FGV/GCWCfKg3AsTnQ"
Date: Sun, 01 Oct 2023 11:54:25 GMT
Via: 1.1 vegur

{
    "token": "c0da77ae443e0de"
}
toekn----->c0da77ae443e0de
]]></system-out>
  </testcase>
  <testcase name="test_getBookingIds" classname="api.test.BookingDataDriven_Test" time="1.259">
    <system-out><![CDATA[HTTP/1.1 200 OK
Server: Cowboy
Report-To: {"group":"heroku-nel","max_age":3600,"endpoints":[{"url":"https://nel.heroku.com/reports?ts=1696161266&s=pKrjOxKQKX%2FoPgyC5KwLrikZ2sop2piuLbq%2FOD1u1T0%3D"}]}
Reporting-Endpoints: heroku-nel=https://nel.heroku.com/reports?ts=1696161266&s=pKrjOxKQKX%2FoPgyC5KwLrikZ2sop2piuLbq%2FOD1u1T0%3D
Nel: {"report_to":"heroku-nel","max_age":3600,"success_fraction":0.005,"failure_fraction":0.05,"response_headers":["Via"]}
Connection: keep-alive
X-Powered-By: Express
Content-Type: application/json; charset=utf-8
Content-Length: 19479
Etag: W/"4c17-OL+8LxoGogVcgVAYn2KVp7mLW+k"
Date: Sun, 01 Oct 2023 11:54:26 GMT
Via: 1.1 vegur

[
    {
        "bookingid": 637
    },
    {
        "bookingid": 200
    },
    {
        "bookingid": 338
    },
    {
        "bookingid": 573
    },
    {
        "bookingid": 503
    },
    {
        "bookingid": 1467
    },
    {
        "bookingid": 137
    },
    {
        "bookingid": 859
    },
    {
        "bookingid": 441
    },
    {
        "bookingid": 910
    },
    {
        "bookingid": 50
    },
    {
        "bookingid": 1489
    },
    {
        "bookingid": 714
    },
    {
        "bookingid": 45
    },
    {
        "bookingid": 256
    },
    {
        "bookingid": 1351
    },
    {
        "bookingid": 662
    },
    {
        "bookingid": 980
    },
    {
        "bookingid": 294
    },
    {
        "bookingid": 209
    },
    {
        "bookingid": 1524
    },
    {
        "bookingid": 806
    },
    {
        "bookingid": 1079
    },
    {
        "bookingid": 1451
    },
    {
        "bookingid": 589
    },
    {
        "bookingid": 373
    },
    {
        "bookingid": 1248
    },
    {
        "bookingid": 341
    },
    {
        "bookingid": 273
    },
    {
        "bookingid": 687
    },
    {
        "bookingid": 1012
    },
    {
        "bookingid": 1198
    },
    {
        "bookingid": 418
    },
    {
        "bookingid": 1323
    },
    {
        "bookingid": 63
    },
    {
        "bookingid": 892
    },
    {
        "bookingid": 506
    },
    {
        "bookingid": 1176
    },
    {
        "bookingid": 450
    },
    {
        "bookingid": 1362
    },
    {
        "bookingid": 1016
    },
    {
        "bookingid": 1353
    },
    {
        "bookingid": 864
    },
    {
        "bookingid": 521
    },
    {
        "bookingid": 1094
    },
    {
        "bookingid": 869
    },
    {
        "bookingid": 1460
    },
    {
        "bookingid": 337
    },
    {
        "bookingid": 962
    },
    {
        "bookingid": 1272
    },
    {
        "bookingid": 878
    },
    {
        "bookingid": 1466
    },
    {
        "bookingid": 659
    },
    {
        "bookingid": 532
    },
    {
        "bookingid": 1314
    },
    {
        "bookingid": 469
    },
    {
        "bookingid": 81
    },
    {
        "bookingid": 600
    },
    {
        "bookingid": 1382
    },
    {
        "bookingid": 231
    },
    {
        "bookingid": 1312
    },
    {
        "bookingid": 210
    },
    {
        "bookingid": 732
    },
    {
        "bookingid": 1192
    },
    {
        "bookingid": 1046
    },
    {
        "bookingid": 1149
    },
    {
        "bookingid": 674
    },
    {
        "bookingid": 1256
    },
    {
        "bookingid": 34
    },
    {
        "bookingid": 1308
    },
    {
        "bookingid": 585
    },
    {
        "bookingid": 529
    },
    {
        "bookingid": 1407
    },
    {
        "bookingid": 1066
    },
    {
        "bookingid": 79
    },
    {
        "bookingid": 142
    },
    {
        "bookingid": 1455
    },
    {
        "bookingid": 946
    },
    {
        "bookingid": 252
    },
    {
        "bookingid": 863
    },
    {
        "bookingid": 893
    },
    {
        "bookingid": 1512
    },
    {
        "bookingid": 1055
    },
    {
        "bookingid": 883
    },
    {
        "bookingid": 595
    },
    {
        "bookingid": 675
    },
    {
        "bookingid": 872
    },
    {
        "bookingid": 287
    },
    {
        "bookingid": 1182
    },
    {
        "bookingid": 131
    },
    {
        "bookingid": 1209
    },
    {
        "bookingid": 791
    },
    {
        "bookingid": 1495
    },
    {
        "bookingid": 968
    },
    {
        "bookingid": 1432
    },
    {
        "bookingid": 900
    },
    {
        "bookingid": 315
    },
    {
        "bookingid": 1147
    },
    {
        "bookingid": 1284
    },
    {
        "bookingid": 1234
    },
    {
        "bookingid": 55
    },
    {
        "bookingid": 1119
    },
    {
        "bookingid": 1358
    },
    {
        "bookingid": 1338
    },
    {
        "bookingid": 1161
    },
    {
        "bookingid": 1300
    },
    {
        "bookingid": 244
    },
    {
        "bookingid": 610
    },
    {
        "bookingid": 629
    },
    {
        "bookingid": 193
    },
    {
        "bookingid": 1253
    },
    {
        "bookingid": 389
    },
    {
        "bookingid": 970
    },
    {
        "bookingid": 553
    },
    {
        "bookingid": 983
    },
    {
        "bookingid": 1056
    },
    {
        "bookingid": 270
    },
    {
        "bookingid": 121
    },
    {
        "bookingid": 1148
    },
    {
        "bookingid": 546
    },
    {
        "bookingid": 655
    },
    {
        "bookingid": 87
    },
    {
        "bookingid": 1278
    },
    {
        "bookingid": 1327
    },
    {
        "bookingid": 105
    },
    {
        "bookingid": 100
    },
    {
        "bookingid": 1447
    },
    {
        "bookingid": 150
    },
    {
        "bookingid": 913
    },
    {
        "bookingid": 61
    },
    {
        "bookingid": 307
    },
    {
        "bookingid": 57
    },
    {
        "bookingid": 174
    },
    {
        "bookingid": 75
    },
    {
        "bookingid": 614
    },
    {
        "bookingid": 584
    },
    {
        "bookingid": 1345
    },
    {
        "bookingid": 961
    },
    {
        "bookingid": 621
    },
    {
        "bookingid": 757
    },
    {
        "bookingid": 160
    },
    {
        "bookingid": 681
    },
    {
        "bookingid": 1224
    },
    {
        "bookingid": 12
    },
    {
        "bookingid": 1118
    },
    {
        "bookingid": 480
    },
    {
        "bookingid": 1371
    },
    {
        "bookingid": 1450
    },
    {
        "bookingid": 1244
    },
    {
        "bookingid": 1347
    },
    {
        "bookingid": 1289
    },
    {
        "bookingid": 602
    },
    {
        "bookingid": 1208
    },
    {
        "bookingid": 1205
    },
    {
        "bookingid": 525
    },
    {
        "bookingid": 1047
    },
    {
        "bookingid": 15
    },
    {
        "bookingid": 173
    },
    {
        "bookingid": 408
    },
    {
        "bookingid": 903
    },
    {
        "bookingid": 1121
    },
    {
        "bookingid": 1439
    },
    {
        "bookingid": 635
    },
    {
        "bookingid": 645
    },
    {
        "bookingid": 258
    },
    {
        "bookingid": 1043
    },
    {
        "bookingid": 500
    },
    {
        "bookingid": 1423
    },
    {
        "bookingid": 1405
    },
    {
        "bookingid": 834
    },
    {
        "bookingid": 1260
    },
    {
        "bookingid": 221
    },
    {
        "bookingid": 479
    },
    {
        "bookingid": 46
    },
    {
        "bookingid": 276
    },
    {
        "bookingid": 708
    },
    {
        "bookingid": 882
    },
    {
        "bookingid": 359
    },
    {
        "bookingid": 1357
    },
    {
        "bookingid": 1238
    },
    {
        "bookingid": 572
    },
    {
        "bookingid": 1105
    },
    {
        "bookingid": 865
    },
    {
        "bookingid": 905
    },
    {
        "bookingid": 1509
    },
    {
        "bookingid": 1370
    },
    {
        "bookingid": 531
    },
    {
        "bookingid": 677
    },
    {
        "bookingid": 1077
    },
    {
        "bookingid": 364
    },
    {
        "bookingid": 1377
    },
    {
        "bookingid": 987
    },
    {
        "bookingid": 185
    },
    {
        "bookingid": 157
    },
    {
        "bookingid": 1299
    },
    {
        "bookingid": 464
    },
    {
        "bookingid": 457
    },
    {
        "bookingid": 676
    },
    {
        "bookingid": 1429
    },
    {
        "bookingid": 1040
    },
    {
        "bookingid": 1086
    },
    {
        "bookingid": 4
    },
    {
        "bookingid": 144
    },
    {
        "bookingid": 181
    },
    {
        "bookingid": 491
    },
    {
        "bookingid": 128
    },
    {
        "bookingid": 261
    },
    {
        "bookingid": 465
    },
    {
        "bookingid": 191
    },
    {
        "bookingid": 726
    },
    {
        "bookingid": 986
    },
    {
        "bookingid": 219
    },
    {
        "bookingid": 241
    },
    {
        "bookingid": 190
    },
    {
        "bookingid": 881
    },
    {
        "bookingid": 1342
    },
    {
        "bookingid": 1109
    },
    {
        "bookingid": 335
    },
    {
        "bookingid": 887
    },
    {
        "bookingid": 778
    },
    {
        "bookingid": 743
    },
    {
        "bookingid": 132
    },
    {
        "bookingid": 657
    },
    {
        "bookingid": 1339
    },
    {
        "bookingid": 604
    },
    {
        "bookingid": 1227
    },
    {
        "bookingid": 1458
    },
    {
        "bookingid": 758
    },
    {
        "bookingid": 1267
    },
    {
        "bookingid": 1404
    },
    {
        "bookingid": 16
    },
    {
        "bookingid": 748
    },
    {
        "bookingid": 1020
    },
    {
        "bookingid": 297
    },
    {
        "bookingid": 175
    },
    {
        "bookingid": 1402
    },
    {
        "bookingid": 154
    },
    {
        "bookingid": 163
    },
    {
        "bookingid": 686
    },
    {
        "bookingid": 51
    },
    {
        "bookingid": 818
    },
    {
        "bookingid": 931
    },
    {
        "bookingid": 99
    },
    {
        "bookingid": 32
    },
    {
        "bookingid": 768
    },
    {
        "bookingid": 978
    },
    {
        "bookingid": 825
    },
    {
        "bookingid": 438
    },
    {
        "bookingid": 110
    },
    {
        "bookingid": 515
    },
    {
        "bookingid": 54
    },
    {
        "bookingid": 823
    },
    {
        "bookingid": 1097
    },
    {
        "bookingid": 88
    },
    {
        "bookingid": 1276
    },
    {
        "bookingid": 1035
    },
    {
        "bookingid": 1482
    },
    {
        "bookingid": 1120
    },
    {
        "bookingid": 399
    },
    {
        "bookingid": 888
    },
    {
        "bookingid": 324
    },
    {
        "bookingid": 1008
    },
    {
        "bookingid": 1240
    },
    {
        "bookingid": 577
    },
    {
        "bookingid": 76
    },
    {
        "bookingid": 995
    },
    {
        "bookingid": 704
    },
    {
        "bookingid": 73
    },
    {
        "bookingid": 773
    },
    {
        "bookingid": 1364
    },
    {
        "bookingid": 1469
    },
    {
        "bookingid": 343
    },
    {
        "bookingid": 461
    },
    {
        "bookingid": 250
    },
    {
        "bookingid": 799
    },
    {
        "bookingid": 1490
    },
    {
        "bookingid": 977
    },
    {
        "bookingid": 428
    },
    {
        "bookingid": 1303
    },
    {
        "bookingid": 37
    },
    {
        "bookingid": 239
    },
    {
        "bookingid": 115
    },
    {
        "bookingid": 1465
    },
    {
        "bookingid": 789
    },
    {
        "bookingid": 927
    },
    {
        "bookingid": 83
    },
    {
        "bookingid": 860
    },
    {
        "bookingid": 1444
    },
    {
        "bookingid": 38
    },
    {
        "bookingid": 326
    },
    {
        "bookingid": 206
    },
    {
        "bookingid": 1024
    },
    {
        "bookingid": 1226
    },
    {
        "bookingid": 1217
    },
    {
        "bookingid": 1522
    },
    {
        "bookingid": 166
    },
    {
        "bookingid": 344
    },
    {
        "bookingid": 1247
    },
    {
        "bookingid": 1265
    },
    {
        "bookingid": 143
    },
    {
        "bookingid": 319
    },
    {
        "bookingid": 733
    },
    {
        "bookingid": 509
    },
    {
        "bookingid": 194
    },
    {
        "bookingid": 829
    },
    {
        "bookingid": 914
    },
    {
        "bookingid": 1090
    },
    {
        "bookingid": 1156
    },
    {
        "bookingid": 388
    },
    {
        "bookingid": 112
    },
    {
        "bookingid": 579
    },
    {
        "bookingid": 849
    },
    {
        "bookingid": 1045
    },
    {
        "bookingid": 1141
    },
    {
        "bookingid": 1352
    },
    {
        "bookingid": 992
    },
    {
        "bookingid": 74
    },
    {
        "bookingid": 204
    },
    {
        "bookingid": 1073
    },
    {
        "bookingid": 355
    },
    {
        "bookingid": 329
    },
    {
        "bookingid": 1325
    },
    {
        "bookingid": 591
    },
    {
        "bookingid": 410
    },
    {
        "bookingid": 838
    },
    {
        "bookingid": 80
    },
    {
        "bookingid": 766
    },
    {
        "bookingid": 1082
    },
    {
        "bookingid": 228
    },
    {
        "bookingid": 97
    },
    {
        "bookingid": 785
    },
    {
        "bookingid": 1023
    },
    {
        "bookingid": 1295
    },
    {
        "bookingid": 1440
    },
    {
        "bookingid": 1376
    },
    {
        "bookingid": 1178
    },
    {
        "bookingid": 1242
    },
    {
        "bookingid": 41
    },
    {
        "bookingid": 689
    },
    {
        "bookingid": 420
    },
    {
        "bookingid": 455
    },
    {
        "bookingid": 1210
    },
    {
        "bookingid": 1488
    },
    {
        "bookingid": 562
    },
    {
        "bookingid": 1233
    },
    {
        "bookingid": 948
    },
    {
        "bookingid": 1463
    },
    {
        "bookingid": 1330
    },
    {
        "bookingid": 904
    },
    {
        "bookingid": 852
    },
    {
        "bookingid": 119
    },
    {
        "bookingid": 767
    },
    {
        "bookingid": 1275
    },
    {
        "bookingid": 669
    },
    {
        "bookingid": 386
    },
    {
        "bookingid": 313
    },
    {
        "bookingid": 717
    },
    {
        "bookingid": 304
    },
    {
        "bookingid": 1484
    },
    {
        "bookingid": 1167
    },
    {
        "bookingid": 965
    },
    {
        "bookingid": 908
    },
    {
        "bookingid": 695
    },
    {
        "bookingid": 11
    },
    {
        "bookingid": 924
    },
    {
        "bookingid": 612
    },
    {
        "bookingid": 921
    },
    {
        "bookingid": 466
    },
    {
        "bookingid": 91
    },
    {
        "bookingid": 289
    },
    {
        "bookingid": 877
    },
    {
        "bookingid": 253
    },
    {
        "bookingid": 62
    },
    {
        "bookingid": 1483
    },
    {
        "bookingid": 140
    },
    {
        "bookingid": 1374
    },
    {
        "bookingid": 950
    },
    {
        "bookingid": 819
    },
    {
        "bookingid": 922
    },
    {
        "bookingid": 1506
    },
    {
        "bookingid": 875
    },
    {
        "bookingid": 504
    },
    {
        "bookingid": 1448
    },
    {
        "bookingid": 1478
    },
    {
        "bookingid": 876
    },
    {
        "bookingid": 89
    },
    {
        "bookingid": 1185
    },
    {
        "bookingid": 1232
    },
    {
        "bookingid": 790
    },
    {
        "bookingid": 1031
    },
    {
        "bookingid": 985
    },
    {
        "bookingid": 624
    },
    {
        "bookingid": 1114
    },
    {
        "bookingid": 632
    },
    {
        "bookingid": 542
    },
    {
        "bookingid": 586
    },
    {
        "bookingid": 1181
    },
    {
        "bookingid": 439
    },
    {
        "bookingid": 1220
    },
    {
        "bookingid": 741
    },
    {
        "bookingid": 501
    },
    {
        "bookingid": 463
    },
    {
        "bookingid": 1501
    },
    {
        "bookingid": 650
    },
    {
        "bookingid": 1013
    },
    {
        "bookingid": 824
    },
    {
        "bookingid": 1191
    },
    {
        "bookingid": 568
    },
    {
        "bookingid": 103
    },
    {
        "bookingid": 66
    },
    {
        "bookingid": 446
    },
    {
        "bookingid": 688
    },
    {
        "bookingid": 1095
    },
    {
        "bookingid": 290
    },
    {
        "bookingid": 616
    },
    {
        "bookingid": 1412
    },
    {
        "bookingid": 683
    },
    {
        "bookingid": 700
    },
    {
        "bookingid": 1199
    },
    {
        "bookingid": 106
    },
    {
        "bookingid": 24
    },
    {
        "bookingid": 440
    },
    {
        "bookingid": 609
    },
    {
        "bookingid": 1511
    },
    {
        "bookingid": 845
    },
    {
        "bookingid": 1051
    },
    {
        "bookingid": 848
    },
    {
        "bookingid": 1250
    },
    {
        "bookingid": 1049
    },
    {
        "bookingid": 117
    },
    {
        "bookingid": 1126
    },
    {
        "bookingid": 718
    },
    {
        "bookingid": 1408
    },
    {
        "bookingid": 634
    },
    {
        "bookingid": 815
    },
    {
        "bookingid": 1034
    },
    {
        "bookingid": 1203
    },
    {
        "bookingid": 94
    },
    {
        "bookingid": 1001
    },
    {
        "bookingid": 36
    },
    {
        "bookingid": 821
    },
    {
        "bookingid": 19
    },
    {
        "bookingid": 468
    },
    {
        "bookingid": 1421
    },
    {
        "bookingid": 811
    },
    {
        "bookingid": 396
    },
    {
        "bookingid": 839
    },
    {
        "bookingid": 540
    },
    {
        "bookingid": 336
    },
    {
        "bookingid": 897
    },
    {
        "bookingid": 23
    },
    {
        "bookingid": 1029
    },
    {
        "bookingid": 548
    },
    {
        "bookingid": 1136
    },
    {
        "bookingid": 1088
    },
    {
        "bookingid": 1418
    },
    {
        "bookingid": 237
    },
    {
        "bookingid": 1236
    },
    {
        "bookingid": 1494
    },
    {
        "bookingid": 362
    },
    {
        "bookingid": 1134
    },
    {
        "bookingid": 1302
    },
    {
        "bookingid": 1459
    },
    {
        "bookingid": 660
    },
    {
        "bookingid": 596
    },
    {
        "bookingid": 907
    },
    {
        "bookingid": 1228
    },
    {
        "bookingid": 1454
    },
    {
        "bookingid": 644
    },
    {
        "bookingid": 33
    },
    {
        "bookingid": 77
    },
    {
        "bookingid": 1293
    },
    {
        "bookingid": 1140
    },
    {
        "bookingid": 370
    },
    {
        "bookingid": 1152
    },
    {
        "bookingid": 516
    },
    {
        "bookingid": 1223
    },
    {
        "bookingid": 223
    },
    {
        "bookingid": 557
    },
    {
        "bookingid": 1124
    },
    {
        "bookingid": 1435
    },
    {
        "bookingid": 1387
    },
    {
        "bookingid": 1332
    },
    {
        "bookingid": 954
    },
    {
        "bookingid": 444
    },
    {
        "bookingid": 1216
    },
    {
        "bookingid": 1071
    },
    {
        "bookingid": 167
    },
    {
        "bookingid": 526
    },
    {
        "bookingid": 1531
    },
    {
        "bookingid": 481
    },
    {
        "bookingid": 826
    },
    {
        "bookingid": 1067
    },
    {
        "bookingid": 558
    },
    {
        "bookingid": 1420
    },
    {
        "bookingid": 494
    },
    {
        "bookingid": 262
    },
    {
        "bookingid": 1426
    },
    {
        "bookingid": 554
    },
    {
        "bookingid": 122
    },
    {
        "bookingid": 886
    },
    {
        "bookingid": 1089
    },
    {
        "bookingid": 249
    },
    {
        "bookingid": 1346
    },
    {
        "bookingid": 496
    },
    {
        "bookingid": 254
    },
    {
        "bookingid": 49
    },
    {
        "bookingid": 844
    },
    {
        "bookingid": 747
    },
    {
        "bookingid": 630
    },
    {
        "bookingid": 597
    },
    {
        "bookingid": 1211
    },
    {
        "bookingid": 1519
    },
    {
        "bookingid": 1525
    },
    {
        "bookingid": 511
    },
    {
        "bookingid": 569
    },
    {
        "bookingid": 890
    },
    {
        "bookingid": 750
    },
    {
        "bookingid": 1528
    },
    {
        "bookingid": 1214
    },
    {
        "bookingid": 1288
    },
    {
        "bookingid": 382
    },
    {
        "bookingid": 957
    },
    {
        "bookingid": 786
    },
    {
        "bookingid": 347
    },
    {
        "bookingid": 180
    },
    {
        "bookingid": 698
    },
    {
        "bookingid": 738
    },
    {
        "bookingid": 715
    },
    {
        "bookingid": 17
    },
    {
        "bookingid": 447
    },
    {
        "bookingid": 31
    },
    {
        "bookingid": 653
    },
    {
        "bookingid": 118
    },
    {
        "bookingid": 269
    },
    {
        "bookingid": 1081
    },
    {
        "bookingid": 487
    },
    {
        "bookingid": 1350
    },
    {
        "bookingid": 1175
    },
    {
        "bookingid": 693
    },
    {
        "bookingid": 415
    },
    {
        "bookingid": 1307
    },
    {
        "bookingid": 184
    },
    {
        "bookingid": 101
    },
    {
        "bookingid": 405
    },
    {
        "bookingid": 937
    },
    {
        "bookingid": 567
    },
    {
        "bookingid": 478
    },
    {
        "bookingid": 1485
    },
    {
        "bookingid": 1171
    },
    {
        "bookingid": 930
    },
    {
        "bookingid": 267
    },
    {
        "bookingid": 473
    },
    {
        "bookingid": 918
    },
    {
        "bookingid": 498
    },
    {
        "bookingid": 761
    },
    {
        "bookingid": 620
    },
    {
        "bookingid": 963
    },
    {
        "bookingid": 275
    },
    {
        "bookingid": 774
    },
    {
        "bookingid": 257
    },
    {
        "bookingid": 1153
    },
    {
        "bookingid": 205
    },
    {
        "bookingid": 1155
    },
    {
        "bookingid": 419
    },
    {
        "bookingid": 124
    },
    {
        "bookingid": 682
    },
    {
        "bookingid": 208
    },
    {
        "bookingid": 385
    },
    {
        "bookingid": 417
    },
    {
        "bookingid": 1103
    },
    {
        "bookingid": 576
    },
    {
        "bookingid": 1059
    },
    {
        "bookingid": 70
    },
    {
        "bookingid": 272
    },
    {
        "bookingid": 592
    },
    {
        "bookingid": 299
    },
    {
        "bookingid": 1504
    },
    {
        "bookingid": 401
    },
    {
        "bookingid": 8
    },
    {
        "bookingid": 152
    },
    {
        "bookingid": 288
    },
    {
        "bookingid": 224
    },
    {
        "bookingid": 1433
    },
    {
        "bookingid": 663
    },
    {
        "bookingid": 638
    },
    {
        "bookingid": 1359
    },
    {
        "bookingid": 1266
    },
    {
        "bookingid": 1388
    },
    {
        "bookingid": 377
    },
    {
        "bookingid": 1100
    },
    {
        "bookingid": 544
    },
    {
        "bookingid": 699
    },
    {
        "bookingid": 129
    },
    {
        "bookingid": 1317
    },
    {
        "bookingid": 164
    },
    {
        "bookingid": 332
    },
    {
        "bookingid": 301
    },
    {
        "bookingid": 6
    },
    {
        "bookingid": 1311
    },
    {
        "bookingid": 168
    },
    {
        "bookingid": 608
    },
    {
        "bookingid": 472
    },
    {
        "bookingid": 989
    },
    {
        "bookingid": 1127
    },
    {
        "bookingid": 1398
    },
    {
        "bookingid": 510
    },
    {
        "bookingid": 116
    },
    {
        "bookingid": 5
    },
    {
        "bookingid": 381
    },
    {
        "bookingid": 1052
    },
    {
        "bookingid": 52
    },
    {
        "bookingid": 1476
    },
    {
        "bookingid": 566
    },
    {
        "bookingid": 3
    },
    {
        "bookingid": 1027
    },
    {
        "bookingid": 393
    },
    {
        "bookingid": 333
    },
    {
        "bookingid": 742
    },
    {
        "bookingid": 1400
    },
    {
        "bookingid": 1115
    },
    {
        "bookingid": 1516
    },
    {
        "bookingid": 380
    },
    {
        "bookingid": 477
    },
    {
        "bookingid": 1261
    },
    {
        "bookingid": 348
    },
    {
        "bookingid": 233
    },
    {
        "bookingid": 203
    },
    {
        "bookingid": 722
    },
    {
        "bookingid": 284
    },
    {
        "bookingid": 1456
    },
    {
        "bookingid": 808
    },
    {
        "bookingid": 940
    },
    {
        "bookingid": 555
    },
    {
        "bookingid": 1290
    },
    {
        "bookingid": 1331
    },
    {
        "bookingid": 666
    },
    {
        "bookingid": 291
    },
    {
        "bookingid": 513
    },
    {
        "bookingid": 1060
    },
    {
        "bookingid": 14
    },
    {
        "bookingid": 919
    },
    {
        "bookingid": 1225
    },
    {
        "bookingid": 376
    },
    {
        "bookingid": 310
    },
    {
        "bookingid": 135
    },
    {
        "bookingid": 713
    },
    {
        "bookingid": 26
    },
    {
        "bookingid": 1430
    },
    {
        "bookingid": 994
    },
    {
        "bookingid": 1113
    },
    {
        "bookingid": 1380
    },
    {
        "bookingid": 43
    },
    {
        "bookingid": 996
    },
    {
        "bookingid": 843
    },
    {
        "bookingid": 53
    },
    {
        "bookingid": 158
    },
    {
        "bookingid": 1413
    },
    {
        "bookingid": 246
    },
    {
        "bookingid": 1473
    },
    {
        "bookingid": 484
    },
    {
        "bookingid": 725
    },
    {
        "bookingid": 197
    },
    {
        "bookingid": 842
    },
    {
        "bookingid": 984
    },
    {
        "bookingid": 724
    },
    {
        "bookingid": 493
    },
    {
        "bookingid": 460
    },
    {
        "bookingid": 429
    },
    {
        "bookingid": 1249
    },
    {
        "bookingid": 1028
    },
    {
        "bookingid": 68
    },
    {
        "bookingid": 1438
    },
    {
        "bookingid": 356
    },
    {
        "bookingid": 1065
    },
    {
        "bookingid": 395
    },
    {
        "bookingid": 423
    },
    {
        "bookingid": 95
    },
    {
        "bookingid": 305
    },
    {
        "bookingid": 295
    },
    {
        "bookingid": 709
    },
    {
        "bookingid": 1268
    },
    {
        "bookingid": 729
    },
    {
        "bookingid": 853
    },
    {
        "bookingid": 1422
    },
    {
        "bookingid": 816
    },
    {
        "bookingid": 27
    },
    {
        "bookingid": 2
    },
    {
        "bookingid": 483
    },
    {
        "bookingid": 1343
    },
    {
        "bookingid": 932
    },
    {
        "bookingid": 1363
    },
    {
        "bookingid": 265
    },
    {
        "bookingid": 133
    },
    {
        "bookingid": 1263
    },
    {
        "bookingid": 1381
    },
    {
        "bookingid": 990
    },
    {
        "bookingid": 357
    },
    {
        "bookingid": 1319
    },
    {
        "bookingid": 1287
    },
    {
        "bookingid": 955
    },
    {
        "bookingid": 1041
    },
    {
        "bookingid": 1515
    },
    {
        "bookingid": 1196
    },
    {
        "bookingid": 178
    },
    {
        "bookingid": 1273
    },
    {
        "bookingid": 891
    },
    {
        "bookingid": 1241
    },
    {
        "bookingid": 551
    },
    {
        "bookingid": 912
    },
    {
        "bookingid": 400
    },
    {
        "bookingid": 636
    },
    {
        "bookingid": 109
    },
    {
        "bookingid": 454
    },
    {
        "bookingid": 1098
    },
    {
        "bookingid": 800
    },
    {
        "bookingid": 1392
    },
    {
        "bookingid": 727
    },
    {
        "bookingid": 1383
    },
    {
        "bookingid": 1510
    },
    {
        "bookingid": 230
    },
    {
        "bookingid": 1356
    },
    {
        "bookingid": 972
    },
    {
        "bookingid": 1197
    },
    {
        "bookingid": 22
    },
    {
        "bookingid": 1085
    },
    {
        "bookingid": 942
    },
    {
        "bookingid": 1131
    },
    {
        "bookingid": 1162
    },
    {
        "bookingid": 952
    },
    {
        "bookingid": 198
    },
    {
        "bookingid": 1477
    },
    {
        "bookingid": 282
    },
    {
        "bookingid": 626
    },
    {
        "bookingid": 127
    },
    {
        "bookingid": 247
    },
    {
        "bookingid": 149
    },
    {
        "bookingid": 314
    },
    {
        "bookingid": 1328
    },
    {
        "bookingid": 1130
    },
    {
        "bookingid": 435
    },
    {
        "bookingid": 82
    },
    {
        "bookingid": 760
    },
    {
        "bookingid": 777
    },
    {
        "bookingid": 1000
    },
    {
        "bookingid": 1009
    },
    {
        "bookingid": 633
    },
    {
        "bookingid": 390
    },
    {
        "bookingid": 406
    },
    {
        "bookingid": 813
    },
    {
        "bookingid": 971
    },
    {
        "bookingid": 1007
    },
    {
        "bookingid": 1257
    },
    {
        "bookingid": 1173
    },
    {
        "bookingid": 69
    },
    {
        "bookingid": 13
    },
    {
        "bookingid": 1336
    },
    {
        "bookingid": 537
    },
    {
        "bookingid": 394
    },
    {
        "bookingid": 1417
    },
    {
        "bookingid": 322
    },
    {
        "bookingid": 706
    },
    {
        "bookingid": 242
    },
    {
        "bookingid": 1411
    },
    {
        "bookingid": 309
    },
    {
        "bookingid": 1393
    },
    {
        "bookingid": 391
    },
    {
        "bookingid": 1369
    },
    {
        "bookingid": 719
    },
    {
        "bookingid": 476
    },
    {
        "bookingid": 1274
    },
    {
        "bookingid": 1496
    },
    {
        "bookingid": 780
    },
    {
        "bookingid": 298
    },
    {
        "bookingid": 752
    },
    {
        "bookingid": 1527
    },
    {
        "bookingid": 126
    },
    {
        "bookingid": 857
    },
    {
        "bookingid": 668
    },
    {
        "bookingid": 451
    },
    {
        "bookingid": 1235
    },
    {
        "bookingid": 793
    },
    {
        "bookingid": 1305
    },
    {
        "bookingid": 969
    },
    {
        "bookingid": 148
    },
    {
        "bookingid": 411
    },
    {
        "bookingid": 72
    },
    {
        "bookingid": 488
    },
    {
        "bookingid": 1281
    },
    {
        "bookingid": 453
    },
    {
        "bookingid": 1390
    },
    {
        "bookingid": 278
    },
    {
        "bookingid": 192
    },
    {
        "bookingid": 342
    },
    {
        "bookingid": 96
    },
    {
        "bookingid": 1375
    },
    {
        "bookingid": 372
    },
    {
        "bookingid": 561
    },
    {
        "bookingid": 153
    },
    {
        "bookingid": 1517
    },
    {
        "bookingid": 1427
    },
    {
        "bookingid": 1039
    },
    {
        "bookingid": 85
    },
    {
        "bookingid": 739
    },
    {
        "bookingid": 734
    },
    {
        "bookingid": 692
    },
    {
        "bookingid": 938
    },
    {
        "bookingid": 1254
    },
    {
        "bookingid": 809
    },
    {
        "bookingid": 350
    },
    {
        "bookingid": 86
    },
    {
        "bookingid": 832
    },
    {
        "bookingid": 642
    },
    {
        "bookingid": 1324
    },
    {
        "bookingid": 316
    },
    {
        "bookingid": 1442
    },
    {
        "bookingid": 1462
    },
    {
        "bookingid": 1335
    },
    {
        "bookingid": 802
    },
    {
        "bookingid": 156
    },
    {
        "bookingid": 783
    },
    {
        "bookingid": 1395
    },
    {
        "bookingid": 694
    },
    {
        "bookingid": 1054
    },
    {
        "bookingid": 625
    },
    {
        "bookingid": 943
    },
    {
        "bookingid": 207
    },
    {
        "bookingid": 10
    },
    {
        "bookingid": 866
    },
    {
        "bookingid": 1092
    },
    {
        "bookingid": 1099
    },
    {
        "bookingid": 759
    },
    {
        "bookingid": 421
    },
    {
        "bookingid": 1193
    },
    {
        "bookingid": 944
    },
    {
        "bookingid": 594
    },
    {
        "bookingid": 425
    },
    {
        "bookingid": 1063
    },
    {
        "bookingid": 214
    },
    {
        "bookingid": 1163
    },
    {
        "bookingid": 1315
    },
    {
        "bookingid": 784
    },
    {
        "bookingid": 323
    },
    {
        "bookingid": 1061
    },
    {
        "bookingid": 898
    },
    {
        "bookingid": 582
    },
    {
        "bookingid": 222
    },
    {
        "bookingid": 1320
    },
    {
        "bookingid": 1146
    },
    {
        "bookingid": 179
    },
    {
        "bookingid": 369
    },
    {
        "bookingid": 1221
    },
    {
        "bookingid": 901
    },
    {
        "bookingid": 21
    },
    {
        "bookingid": 1368
    },
    {
        "bookingid": 56
    },
    {
        "bookingid": 1019
    },
    {
        "bookingid": 1002
    },
    {
        "bookingid": 810
    },
    {
        "bookingid": 213
    },
    {
        "bookingid": 647
    },
    {
        "bookingid": 29
    },
    {
        "bookingid": 895
    },
    {
        "bookingid": 1112
    },
    {
        "bookingid": 497
    },
    {
        "bookingid": 1006
    },
    {
        "bookingid": 771
    },
    {
        "bookingid": 858
    },
    {
        "bookingid": 639
    },
    {
        "bookingid": 1169
    },
    {
        "bookingid": 654
    },
    {
        "bookingid": 327
    },
    {
        "bookingid": 967
    },
    {
        "bookingid": 1340
    },
    {
        "bookingid": 667
    },
    {
        "bookingid": 1190
    },
    {
        "bookingid": 1479
    },
    {
        "bookingid": 543
    },
    {
        "bookingid": 1145
    },
    {
        "bookingid": 1385
    },
    {
        "bookingid": 716
    },
    {
        "bookingid": 1157
    },
    {
        "bookingid": 1166
    },
    {
        "bookingid": 146
    },
    {
        "bookingid": 1239
    },
    {
        "bookingid": 353
    },
    {
        "bookingid": 871
    },
    {
        "bookingid": 283
    },
    {
        "bookingid": 186
    },
    {
        "bookingid": 44
    },
    {
        "bookingid": 1486
    },
    {
        "bookingid": 1202
    },
    {
        "bookingid": 519
    },
    {
        "bookingid": 1170
    },
    {
        "bookingid": 1269
    },
    {
        "bookingid": 534
    },
    {
        "bookingid": 113
    },
    {
        "bookingid": 588
    },
    {
        "bookingid": 1283
    },
    {
        "bookingid": 1529
    },
    {
        "bookingid": 264
    },
    {
        "bookingid": 201
    },
    {
        "bookingid": 1215
    },
    {
        "bookingid": 236
    },
    {
        "bookingid": 296
    },
    {
        "bookingid": 414
    },
    {
        "bookingid": 445
    },
    {
        "bookingid": 1505
    },
    {
        "bookingid": 1503
    },
    {
        "bookingid": 850
    },
    {
        "bookingid": 884
    },
    {
        "bookingid": 1500
    },
    {
        "bookingid": 981
    },
    {
        "bookingid": 1294
    },
    {
        "bookingid": 522
    },
    {
        "bookingid": 217
    },
    {
        "bookingid": 365
    },
    {
        "bookingid": 354
    },
    {
        "bookingid": 93
    },
    {
        "bookingid": 1076
    },
    {
        "bookingid": 670
    },
    {
        "bookingid": 812
    },
    {
        "bookingid": 730
    },
    {
        "bookingid": 489
    },
    {
        "bookingid": 915
    },
    {
        "bookingid": 545
    },
    {
        "bookingid": 60
    },
    {
        "bookingid": 433
    },
    {
        "bookingid": 958
    },
    {
        "bookingid": 792
    },
    {
        "bookingid": 39
    },
    {
        "bookingid": 281
    },
    {
        "bookingid": 735
    },
    {
        "bookingid": 328
    },
    {
        "bookingid": 1470
    },
    {
        "bookingid": 47
    },
    {
        "bookingid": 618
    },
    {
        "bookingid": 1394
    },
    {
        "bookingid": 794
    },
    {
        "bookingid": 1306
    },
    {
        "bookingid": 134
    },
    {
        "bookingid": 575
    },
    {
        "bookingid": 535
    },
    {
        "bookingid": 1365
    },
    {
        "bookingid": 427
    },
    {
        "bookingid": 1022
    },
    {
        "bookingid": 475
    },
    {
        "bookingid": 976
    },
    {
        "bookingid": 35
    },
    {
        "bookingid": 928
    },
    {
        "bookingid": 104
    },
    {
        "bookingid": 1160
    },
    {
        "bookingid": 1132
    },
    {
        "bookingid": 795
    },
    {
        "bookingid": 745
    },
    {
        "bookingid": 434
    },
    {
        "bookingid": 538
    },
    {
        "bookingid": 772
    },
    {
        "bookingid": 1139
    },
    {
        "bookingid": 801
    },
    {
        "bookingid": 665
    },
    {
        "bookingid": 756
    },
    {
        "bookingid": 933
    },
    {
        "bookingid": 1258
    },
    {
        "bookingid": 580
    },
    {
        "bookingid": 1125
    },
    {
        "bookingid": 518
    },
    {
        "bookingid": 680
    },
    {
        "bookingid": 1415
    },
    {
        "bookingid": 1491
    },
    {
        "bookingid": 1108
    },
    {
        "bookingid": 1080
    },
    {
        "bookingid": 363
    },
    {
        "bookingid": 1204
    },
    {
        "bookingid": 1187
    },
    {
        "bookingid": 1015
    },
    {
        "bookingid": 368
    },
    {
        "bookingid": 303
    },
    {
        "bookingid": 1144
    },
    {
        "bookingid": 1518
    },
    {
        "bookingid": 18
    },
    {
        "bookingid": 138
    },
    {
        "bookingid": 830
    },
    {
        "bookingid": 1316
    },
    {
        "bookingid": 1143
    },
    {
        "bookingid": 997
    },
    {
        "bookingid": 507
    },
    {
        "bookingid": 1064
    },
    {
        "bookingid": 1074
    },
    {
        "bookingid": 707
    },
    {
        "bookingid": 705
    },
    {
        "bookingid": 1003
    },
    {
        "bookingid": 1434
    },
    {
        "bookingid": 7
    },
    {
        "bookingid": 1177
    },
    {
        "bookingid": 1069
    },
    {
        "bookingid": 923
    },
    {
        "bookingid": 751
    },
    {
        "bookingid": 606
    },
    {
        "bookingid": 805
    },
    {
        "bookingid": 870
    },
    {
        "bookingid": 623
    },
    {
        "bookingid": 1137
    },
    {
        "bookingid": 547
    },
    {
        "bookingid": 1391
    },
    {
        "bookingid": 374
    },
    {
        "bookingid": 145
    },
    {
        "bookingid": 1053
    },
    {
        "bookingid": 836
    },
    {
        "bookingid": 1296
    },
    {
        "bookingid": 651
    },
    {
        "bookingid": 9
    },
    {
        "bookingid": 227
    },
    {
        "bookingid": 402
    },
    {
        "bookingid": 1406
    },
    {
        "bookingid": 1313
    },
    {
        "bookingid": 1183
    },
    {
        "bookingid": 646
    },
    {
        "bookingid": 42
    },
    {
        "bookingid": 172
    },
    {
        "bookingid": 831
    },
    {
        "bookingid": 936
    },
    {
        "bookingid": 92
    },
    {
        "bookingid": 837
    },
    {
        "bookingid": 234
    },
    {
        "bookingid": 563
    },
    {
        "bookingid": 317
    },
    {
        "bookingid": 615
    },
    {
        "bookingid": 277
    },
    {
        "bookingid": 1498
    },
    {
        "bookingid": 1033
    },
    {
        "bookingid": 1533
    },
    {
        "bookingid": 458
    },
    {
        "bookingid": 1184
    },
    {
        "bookingid": 238
    },
    {
        "bookingid": 1104
    },
    {
        "bookingid": 379
    },
    {
        "bookingid": 1452
    },
    {
        "bookingid": 1282
    },
    {
        "bookingid": 1037
    },
    {
        "bookingid": 765
    },
    {
        "bookingid": 141
    },
    {
        "bookingid": 159
    },
    {
        "bookingid": 528
    },
    {
        "bookingid": 218
    },
    {
        "bookingid": 409
    },
    {
        "bookingid": 187
    },
    {
        "bookingid": 165
    },
    {
        "bookingid": 311
    },
    {
        "bookingid": 603
    },
    {
        "bookingid": 67
    },
    {
        "bookingid": 349
    },
    {
        "bookingid": 1445
    },
    {
        "bookingid": 1396
    },
    {
        "bookingid": 64
    },
    {
        "bookingid": 125
    },
    {
        "bookingid": 851
    },
    {
        "bookingid": 560
    },
    {
        "bookingid": 114
    },
    {
        "bookingid": 779
    },
    {
        "bookingid": 1106
    },
    {
        "bookingid": 1472
    },
    {
        "bookingid": 1014
    },
    {
        "bookingid": 432
    },
    {
        "bookingid": 753
    },
    {
        "bookingid": 524
    },
    {
        "bookingid": 701
    }
]
3rd Booking ID: 338
]]></system-out>
  </testcase>
  <testcase name="getBookingById" classname="api.test.BookingDataDriven_Test" time="1.202">
    <system-out><![CDATA[HTTP/1.1 200 OK
Server: Cowboy
Connection: keep-alive
X-Powered-By: Express
Content-Type: application/json; charset=utf-8
Content-Length: 171
Etag: W/"ab-MG4aCOdqq15ogV4Uqb+rfjZOkQk"
Date: Sun, 01 Oct 2023 11:54:28 GMT
Via: 1.1 vegur

{
    "firstname": "Josh",
    "lastname": "Allen",
    "totalprice": 111,
    "depositpaid": true,
    "bookingdates": {
        "checkin": "2018-01-01",
        "checkout": "2019-01-01"
    },
    "additionalneeds": "super bowls"
}
]]></system-out>
  </testcase>
  <testcase name="createBooking[Akram, Wasim, 2000, false, 1/1/23, 1/2/23, JungleTour-](1)" classname="api.test.BookingDataDriven_Test" time="1.261">
    <system-out><![CDATA[Akram | Wasim | 2000 | false | 1/1/23 | 1/2/23 | JungleTour- | 

HTTP/1.1 200 OK
Server: Cowboy
Report-To: {"group":"heroku-nel","max_age":3600,"endpoints":[{"url":"https://nel.heroku.com/reports?ts=1696161269&s=9h9vipfzyUepLfIegLf%2Bsu1%2B2bhMb3Ias%2Bp%2F4NLvKso%3D"}]}
Reporting-Endpoints: heroku-nel=https://nel.heroku.com/reports?ts=1696161269&s=9h9vipfzyUepLfIegLf%2Bsu1%2B2bhMb3Ias%2Bp%2F4NLvKso%3D
Nel: {"report_to":"heroku-nel","max_age":3600,"success_fraction":0.005,"failure_fraction":0.05,"response_headers":["Via"]}
Connection: keep-alive
X-Powered-By: Express
Content-Type: application/json; charset=utf-8
Content-Length: 203
Etag: W/"cb-U0hvphRqdLhYLYHEVgo93dDD4kk"
Date: Sun, 01 Oct 2023 11:54:29 GMT
Via: 1.1 vegur

{
    "bookingid": 1566,
    "booking": {
        "firstname": "Akram",
        "lastname": "Wasim",
        "totalprice": 2000,
        "depositpaid": false,
        "bookingdates": {
            "checkin": "2023-01-01",
            "checkout": "2023-01-02"
        },
        "additionalneeds": "JungleTour-"
    }
}
Booking created for ID --> 1566
]]></system-out>
  </testcase>
  <testcase name="updateBooking[Akram, Wasim, 2000, false, 1/1/23, 1/2/23, JungleTour-](1)" classname="api.test.BookingDataDriven_Test" time="1.186">
    <system-out><![CDATA[Akram | Wasim | 2000 | false | 1/1/23 | 1/2/23 | JungleTour- | 

HTTP/1.1 200 OK
Server: Cowboy
Report-To: {"group":"heroku-nel","max_age":3600,"endpoints":[{"url":"https://nel.heroku.com/reports?ts=1696161270&s=5mon%2Bd1l738EPrtUGPpkfebgYJx1SaGuRkztQBGiAiM%3D"}]}
Reporting-Endpoints: heroku-nel=https://nel.heroku.com/reports?ts=1696161270&s=5mon%2Bd1l738EPrtUGPpkfebgYJx1SaGuRkztQBGiAiM%3D
Nel: {"report_to":"heroku-nel","max_age":3600,"success_fraction":0.005,"failure_fraction":0.05,"response_headers":["Via"]}
Connection: keep-alive
X-Powered-By: Express
Content-Type: application/json; charset=utf-8
Content-Length: 186
Etag: W/"ba-uESWzuifLJk8v6dcOVF61rqkXns"
Date: Sun, 01 Oct 2023 11:54:30 GMT
Via: 1.1 vegur

{
    "firstname": "AkramUpdate1",
    "lastname": "Wasim",
    "totalprice": 2000,
    "depositpaid": false,
    "bookingdates": {
        "checkin": "2023-01-01",
        "checkout": "2023-01-02"
    },
    "additionalneeds": "JungleTour-Sleep"
}
]]></system-out>
  </testcase>
  <testcase name="deleteBooking" classname="api.test.BookingDataDriven_Test" time="1.233">
    <system-out><![CDATA[>>>>>>>>>Deleted Succcessfully---------------->1566
]]></system-out>
  </testcase>
  <testcase name="healthCheck" classname="api.test.BookingDataDriven_Test" time="1.181">
    <system-out><![CDATA[HTTP/1.1 201 Created
Server: Cowboy
Report-To: {"group":"heroku-nel","max_age":3600,"endpoints":[{"url":"https://nel.heroku.com/reports?ts=1696161273&s=4yCd%2BZRXnW%2B2u19kCss7ekuM1OmySUj2%2FsJOeKCNzH0%3D"}]}
Reporting-Endpoints: heroku-nel=https://nel.heroku.com/reports?ts=1696161273&s=4yCd%2BZRXnW%2B2u19kCss7ekuM1OmySUj2%2FsJOeKCNzH0%3D
Nel: {"report_to":"heroku-nel","max_age":3600,"success_fraction":0.005,"failure_fraction":0.05,"response_headers":["Via"]}
Connection: keep-alive
X-Powered-By: Express
Content-Type: text/plain; charset=utf-8
Content-Length: 7
Etag: W/"7-rM9AyJuqT6iOan/xHh+AW+7K/T8"
Date: Sun, 01 Oct 2023 11:54:33 GMT
Via: 1.1 vegur

Created
]]></system-out>
  </testcase>
</testsuite>