<?xml version="1.0" encoding="UTF-8"?>
<testsuite xmlns:xsi="http://www.w3.org/2001/XMLSchema-instance" xsi:noNamespaceSchemaLocation="https://maven.apache.org/surefire/maven-surefire-plugin/xsd/surefire-test-report-3.0.xsd" version="3.0" name="TestSuite" time="54.122" tests="37" errors="0" skipped="0" failures="0">
  <properties>
    <property name="java.specification.version" value="20"/>
    <property name="sun.cpu.isalist" value="amd64"/>
    <property name="sun.jnu.encoding" value="Cp1252"/>
    <property name="java.class.path" value="C:\E\workspaces\workSpace_RestAssured_P1\PetStoreApiAutomation\target\test-classes;C:\E\workspaces\workSpace_RestAssured_P1\PetStoreApiAutomation\target\classes;C:\Users\Parag\.m2\repository\org\seleniumhq\selenium\selenium-java\4.9.1\selenium-java-4.9.1.jar;C:\Users\Parag\.m2\repository\org\seleniumhq\selenium\selenium-api\4.9.1\selenium-api-4.9.1.jar;C:\Users\Parag\.m2\repository\org\seleniumhq\selenium\selenium-chrome-driver\4.9.1\selenium-chrome-driver-4.9.1.jar;C:\Users\Parag\.m2\repository\com\google\auto\service\auto-service-annotations\1.0.1\auto-service-annotations-1.0.1.jar;C:\Users\Parag\.m2\repository\com\google\auto\service\auto-service\1.0.1\auto-service-1.0.1.jar;C:\Users\Parag\.m2\repository\com\google\auto\auto-common\1.2\auto-common-1.2.jar;C:\Users\Parag\.m2\repository\org\seleniumhq\selenium\selenium-chromium-driver\4.9.1\selenium-chromium-driver-4.9.1.jar;C:\Users\Parag\.m2\repository\org\seleniumhq\selenium\selenium-json\4.9.1\selenium-json-4.9.1.jar;C:\Users\Parag\.m2\repository\org\seleniumhq\selenium\selenium-manager\4.9.1\selenium-manager-4.9.1.jar;C:\Users\Parag\.m2\repository\org\seleniumhq\selenium\selenium-devtools-v111\4.9.1\selenium-devtools-v111-4.9.1.jar;C:\Users\Parag\.m2\repository\org\seleniumhq\selenium\selenium-devtools-v112\4.9.1\selenium-devtools-v112-4.9.1.jar;C:\Users\Parag\.m2\repository\org\seleniumhq\selenium\selenium-devtools-v113\4.9.1\selenium-devtools-v113-4.9.1.jar;C:\Users\Parag\.m2\repository\org\seleniumhq\selenium\selenium-devtools-v85\4.9.1\selenium-devtools-v85-4.9.1.jar;C:\Users\Parag\.m2\repository\org\seleniumhq\selenium\selenium-edge-driver\4.9.1\selenium-edge-driver-4.9.1.jar;C:\Users\Parag\.m2\repository\org\seleniumhq\selenium\selenium-firefox-driver\4.9.1\selenium-firefox-driver-4.9.1.jar;C:\Users\Parag\.m2\repository\org\seleniumhq\selenium\selenium-http\4.9.1\selenium-http-4.9.1.jar;C:\Users\Parag\.m2\repository\dev\failsafe\failsafe\3.3.1\failsafe-3.3.1.jar;C:\Users\Parag\.m2\repository\org\seleniumhq\selenium\selenium-ie-driver\4.9.1\selenium-ie-driver-4.9.1.jar;C:\Users\Parag\.m2\repository\org\seleniumhq\selenium\selenium-remote-driver\4.9.1\selenium-remote-driver-4.9.1.jar;C:\Users\Parag\.m2\repository\io\netty\netty-buffer\4.1.91.Final\netty-buffer-4.1.91.Final.jar;C:\Users\Parag\.m2\repository\io\netty\netty-codec-http\4.1.91.Final\netty-codec-http-4.1.91.Final.jar;C:\Users\Parag\.m2\repository\io\netty\netty-codec\4.1.91.Final\netty-codec-4.1.91.Final.jar;C:\Users\Parag\.m2\repository\io\netty\netty-handler\4.1.91.Final\netty-handler-4.1.91.Final.jar;C:\Users\Parag\.m2\repository\io\netty\netty-common\4.1.91.Final\netty-common-4.1.91.Final.jar;C:\Users\Parag\.m2\repository\io\netty\netty-transport-classes-epoll\4.1.91.Final\netty-transport-classes-epoll-4.1.91.Final.jar;C:\Users\Parag\.m2\repository\io\netty\netty-transport-classes-kqueue\4.1.91.Final\netty-transport-classes-kqueue-4.1.91.Final.jar;C:\Users\Parag\.m2\repository\io\netty\netty-transport-native-epoll\4.1.91.Final\netty-transport-native-epoll-4.1.91.Final.jar;C:\Users\Parag\.m2\repository\io\netty\netty-transport-native-kqueue\4.1.91.Final\netty-transport-native-kqueue-4.1.91.Final.jar;C:\Users\Parag\.m2\repository\io\netty\netty-transport-native-unix-common\4.1.91.Final\netty-transport-native-unix-common-4.1.91.Final.jar;C:\Users\Parag\.m2\repository\io\netty\netty-transport\4.1.91.Final\netty-transport-4.1.91.Final.jar;C:\Users\Parag\.m2\repository\io\netty\netty-resolver\4.1.91.Final\netty-resolver-4.1.91.Final.jar;C:\Users\Parag\.m2\repository\io\opentelemetry\opentelemetry-api\1.25.0\opentelemetry-api-1.25.0.jar;C:\Users\Parag\.m2\repository\io\opentelemetry\opentelemetry-context\1.25.0\opentelemetry-context-1.25.0.jar;C:\Users\Parag\.m2\repository\io\opentelemetry\opentelemetry-exporter-logging\1.25.0\opentelemetry-exporter-logging-1.25.0.jar;C:\Users\Parag\.m2\repository\io\opentelemetry\opentelemetry-sdk-metrics\1.25.0\opentelemetry-sdk-metrics-1.25.0.jar;C:\Users\Parag\.m2\repository\io\opentelemetry\opentelemetry-sdk-logs\1.25.0-alpha\opentelemetry-sdk-logs-1.25.0-alpha.jar;C:\Users\Parag\.m2\repository\io\opentelemetry\opentelemetry-api-logs\1.25.0-alpha\opentelemetry-api-logs-1.25.0-alpha.jar;C:\Users\Parag\.m2\repository\io\opentelemetry\opentelemetry-api-events\1.25.0-alpha\opentelemetry-api-events-1.25.0-alpha.jar;C:\Users\Parag\.m2\repository\io\opentelemetry\opentelemetry-sdk-common\1.25.0\opentelemetry-sdk-common-1.25.0.jar;C:\Users\Parag\.m2\repository\io\opentelemetry\opentelemetry-sdk-extension-autoconfigure-spi\1.25.0\opentelemetry-sdk-extension-autoconfigure-spi-1.25.0.jar;C:\Users\Parag\.m2\repository\io\opentelemetry\opentelemetry-sdk-extension-autoconfigure\1.25.0-alpha\opentelemetry-sdk-extension-autoconfigure-1.25.0-alpha.jar;C:\Users\Parag\.m2\repository\io\opentelemetry\opentelemetry-sdk-trace\1.25.0\opentelemetry-sdk-trace-1.25.0.jar;C:\Users\Parag\.m2\repository\io\opentelemetry\opentelemetry-sdk\1.25.0\opentelemetry-sdk-1.25.0.jar;C:\Users\Parag\.m2\repository\io\opentelemetry\opentelemetry-semconv\1.25.0-alpha\opentelemetry-semconv-1.25.0-alpha.jar;C:\Users\Parag\.m2\repository\io\ous\jtoml\2.0.0\jtoml-2.0.0.jar;C:\Users\Parag\.m2\repository\net\bytebuddy\byte-buddy\1.14.4\byte-buddy-1.14.4.jar;C:\Users\Parag\.m2\repository\org\apache\commons\commons-exec\1.3\commons-exec-1.3.jar;C:\Users\Parag\.m2\repository\org\asynchttpclient\async-http-client\2.12.3\async-http-client-2.12.3.jar;C:\Users\Parag\.m2\repository\org\asynchttpclient\async-http-client-netty-utils\2.12.3\async-http-client-netty-utils-2.12.3.jar;C:\Users\Parag\.m2\repository\io\netty\netty-codec-socks\4.1.60.Final\netty-codec-socks-4.1.60.Final.jar;C:\Users\Parag\.m2\repository\io\netty\netty-handler-proxy\4.1.60.Final\netty-handler-proxy-4.1.60.Final.jar;C:\Users\Parag\.m2\repository\io\netty\netty-transport-native-epoll\4.1.60.Final\netty-transport-native-epoll-4.1.60.Final-linux-x86_64.jar;C:\Users\Parag\.m2\repository\io\netty\netty-transport-native-kqueue\4.1.60.Final\netty-transport-native-kqueue-4.1.60.Final-osx-x86_64.jar;C:\Users\Parag\.m2\repository\com\typesafe\netty\netty-reactive-streams\2.0.4\netty-reactive-streams-2.0.4.jar;C:\Users\Parag\.m2\repository\com\sun\activation\jakarta.activation\1.2.2\jakarta.activation-1.2.2.jar;C:\Users\Parag\.m2\repository\org\seleniumhq\selenium\selenium-safari-driver\4.9.1\selenium-safari-driver-4.9.1.jar;C:\Users\Parag\.m2\repository\org\seleniumhq\selenium\selenium-support\4.9.1\selenium-support-4.9.1.jar;C:\Users\Parag\.m2\repository\io\github\bonigarcia\webdrivermanager\5.3.3\webdrivermanager-5.3.3.jar;C:\Users\Parag\.m2\repository\org\slf4j\slf4j-api\2.0.7\slf4j-api-2.0.7.jar;C:\Users\Parag\.m2\repository\com\github\docker-java\docker-java\3.3.0\docker-java-3.3.0.jar;C:\Users\Parag\.m2\repository\com\github\docker-java\docker-java-core\3.3.0\docker-java-core-3.3.0.jar;C:\Users\Parag\.m2\repository\com\github\docker-java\docker-java-api\3.3.0\docker-java-api-3.3.0.jar;C:\Users\Parag\.m2\repository\org\bouncycastle\bcpkix-jdk15on\1.64\bcpkix-jdk15on-1.64.jar;C:\Users\Parag\.m2\repository\org\bouncycastle\bcprov-jdk15on\1.64\bcprov-jdk15on-1.64.jar;C:\Users\Parag\.m2\repository\org\slf4j\jcl-over-slf4j\1.7.30\jcl-over-slf4j-1.7.30.jar;C:\Users\Parag\.m2\repository\com\github\docker-java\docker-java-transport-httpclient5\3.3.0\docker-java-transport-httpclient5-3.3.0.jar;C:\Users\Parag\.m2\repository\com\github\docker-java\docker-java-transport\3.3.0\docker-java-transport-3.3.0.jar;C:\Users\Parag\.m2\repository\net\java\dev\jna\jna\5.12.1\jna-5.12.1.jar;C:\Users\Parag\.m2\repository\org\brotli\dec\0.1.2\dec-0.1.2.jar;C:\Users\Parag\.m2\repository\org\apache\commons\commons-lang3\3.12.0\commons-lang3-3.12.0.jar;C:\Users\Parag\.m2\repository\org\apache\httpcomponents\client5\httpclient5\5.2.1\httpclient5-5.2.1.jar;C:\Users\Parag\.m2\repository\org\apache\httpcomponents\core5\httpcore5\5.2\httpcore5-5.2.jar;C:\Users\Parag\.m2\repository\org\apache\httpcomponents\core5\httpcore5-h2\5.2\httpcore5-h2-5.2.jar;C:\Users\Parag\.m2\repository\commons-io\commons-io\2.12.0\commons-io-2.12.0.jar;C:\Users\Parag\.m2\repository\org\testng\testng\7.8.0\testng-7.8.0.jar;C:\Users\Parag\.m2\repository\com\beust\jcommander\1.82\jcommander-1.82.jar;C:\Users\Parag\.m2\repository\org\webjars\jquery\3.6.1\jquery-3.6.1.jar;C:\Users\Parag\.m2\repository\org\apache\poi\poi-ooxml\5.2.3\poi-ooxml-5.2.3.jar;C:\Users\Parag\.m2\repository\org\apache\poi\poi-ooxml-lite\5.2.3\poi-ooxml-lite-5.2.3.jar;C:\Users\Parag\.m2\repository\org\apache\xmlbeans\xmlbeans\5.1.1\xmlbeans-5.1.1.jar;C:\Users\Parag\.m2\repository\org\apache\commons\commons-compress\1.21\commons-compress-1.21.jar;C:\Users\Parag\.m2\repository\com\github\virtuald\curvesapi\1.07\curvesapi-1.07.jar;C:\Users\Parag\.m2\repository\org\apache\commons\commons-collections4\4.4\commons-collections4-4.4.jar;C:\Users\Parag\.m2\repository\org\apache\poi\poi\5.2.3\poi-5.2.3.jar;C:\Users\Parag\.m2\repository\commons-codec\commons-codec\1.15\commons-codec-1.15.jar;C:\Users\Parag\.m2\repository\org\apache\commons\commons-math3\3.6.1\commons-math3-3.6.1.jar;C:\Users\Parag\.m2\repository\com\zaxxer\SparseBitSet\1.2\SparseBitSet-1.2.jar;C:\Users\Parag\.m2\repository\com\guicedee\services\apache-poi-ooxml\62\apache-poi-ooxml-62.jar;C:\Users\Parag\.m2\repository\com\guicedee\services\commons-compress\62\commons-compress-62.jar;C:\Users\Parag\.m2\repository\com\guicedee\services\commons-xmlbeans\62\commons-xmlbeans-62.jar;C:\Users\Parag\.m2\repository\com\guicedee\services\apache-poi\62\apache-poi-62.jar;C:\Users\Parag\.m2\repository\com\guicedee\services\commons-logging\62\commons-logging-62.jar;C:\Users\Parag\.m2\repository\com\guicedee\services\commons-codec\62\commons-codec-62.jar;C:\Users\Parag\.m2\repository\com\guicedee\services\commons-math3\62\commons-math3-62.jar;C:\Users\Parag\.m2\repository\com\guicedee\services\commons-collections4\62\commons-collections4-62.jar;C:\Users\Parag\.m2\repository\com\guicedee\services\jakarta.xml.bind-api\62\jakarta.xml.bind-api-62.jar;C:\Users\Parag\.m2\repository\com\guicedee\services\jakarta.activation\62\jakarta.activation-62.jar;C:\Users\Parag\.m2\repository\com\guicedee\services\jakarta.validation-api\62\jakarta.validation-api-62.jar;C:\Users\Parag\.m2\repository\org\codehaus\woodstox\stax2-api\4.2\stax2-api-4.2.jar;C:\Users\Parag\.m2\repository\org\jvnet\staxex\stax-ex\1.8.2\stax-ex-1.8.2.jar;C:\Users\Parag\.m2\repository\org\apache\logging\log4j\log4j-to-slf4j\2.8.2\log4j-to-slf4j-2.8.2.jar;C:\Users\Parag\.m2\repository\io\rest-assured\rest-assured\5.3.1\rest-assured-5.3.1.jar;C:\Users\Parag\.m2\repository\org\apache\groovy\groovy\4.0.11\groovy-4.0.11.jar;C:\Users\Parag\.m2\repository\org\apache\groovy\groovy-xml\4.0.11\groovy-xml-4.0.11.jar;C:\Users\Parag\.m2\repository\org\apache\httpcomponents\httpclient\4.5.13\httpclient-4.5.13.jar;C:\Users\Parag\.m2\repository\org\apache\httpcomponents\httpcore\4.4.13\httpcore-4.4.13.jar;C:\Users\Parag\.m2\repository\commons-logging\commons-logging\1.2\commons-logging-1.2.jar;C:\Users\Parag\.m2\repository\org\apache\httpcomponents\httpmime\4.5.13\httpmime-4.5.13.jar;C:\Users\Parag\.m2\repository\org\hamcrest\hamcrest\2.2\hamcrest-2.2.jar;C:\Users\Parag\.m2\repository\org\ccil\cowan\tagsoup\tagsoup\1.2.1\tagsoup-1.2.1.jar;C:\Users\Parag\.m2\repository\com\google\code\gson\gson\2.10.1\gson-2.10.1.jar;C:\Users\Parag\.m2\repository\io\rest-assured\json-path\5.3.1\json-path-5.3.1.jar;C:\Users\Parag\.m2\repository\org\apache\groovy\groovy-json\4.0.11\groovy-json-4.0.11.jar;C:\Users\Parag\.m2\repository\io\rest-assured\json-schema-validator\5.3.1\json-schema-validator-5.3.1.jar;C:\Users\Parag\.m2\repository\com\github\java-json-tools\json-schema-validator\2.2.14\json-schema-validator-2.2.14.jar;C:\Users\Parag\.m2\repository\com\github\java-json-tools\jackson-coreutils-equivalence\1.0\jackson-coreutils-equivalence-1.0.jar;C:\Users\Parag\.m2\repository\com\github\java-json-tools\jackson-coreutils\2.0\jackson-coreutils-2.0.jar;C:\Users\Parag\.m2\repository\com\github\java-json-tools\msg-simple\1.2\msg-simple-1.2.jar;C:\Users\Parag\.m2\repository\com\github\java-json-tools\btf\1.3\btf-1.3.jar;C:\Users\Parag\.m2\repository\com\github\java-json-tools\json-schema-core\1.2.14\json-schema-core-1.2.14.jar;C:\Users\Parag\.m2\repository\com\github\java-json-tools\uri-template\0.10\uri-template-0.10.jar;C:\Users\Parag\.m2\repository\org\mozilla\rhino\1.7.7.2\rhino-1.7.7.2.jar;C:\Users\Parag\.m2\repository\com\sun\mail\mailapi\1.6.2\mailapi-1.6.2.jar;C:\Users\Parag\.m2\repository\joda-time\joda-time\2.10.5\joda-time-2.10.5.jar;C:\Users\Parag\.m2\repository\com\googlecode\libphonenumber\libphonenumber\8.11.1\libphonenumber-8.11.1.jar;C:\Users\Parag\.m2\repository\com\google\code\findbugs\jsr305\3.0.2\jsr305-3.0.2.jar;C:\Users\Parag\.m2\repository\net\sf\jopt-simple\jopt-simple\5.0.4\jopt-simple-5.0.4.jar;C:\Users\Parag\.m2\repository\com\google\guava\guava\32.0.1-jre\guava-32.0.1-jre.jar;C:\Users\Parag\.m2\repository\com\google\guava\failureaccess\1.0.1\failureaccess-1.0.1.jar;C:\Users\Parag\.m2\repository\com\google\guava\listenablefuture\9999.0-empty-to-avoid-conflict-with-guava\listenablefuture-9999.0-empty-to-avoid-conflict-with-guava.jar;C:\Users\Parag\.m2\repository\org\checkerframework\checker-qual\3.33.0\checker-qual-3.33.0.jar;C:\Users\Parag\.m2\repository\com\google\errorprone\error_prone_annotations\2.18.0\error_prone_annotations-2.18.0.jar;C:\Users\Parag\.m2\repository\com\google\j2objc\j2objc-annotations\2.8\j2objc-annotations-2.8.jar;C:\Users\Parag\.m2\repository\com\github\scribejava\scribejava-apis\8.3.3\scribejava-apis-8.3.3.jar;C:\Users\Parag\.m2\repository\com\github\scribejava\scribejava-core\8.3.3\scribejava-core-8.3.3.jar;C:\Users\Parag\.m2\repository\com\github\scribejava\scribejava-java8\8.3.3\scribejava-java8-8.3.3.jar;C:\Users\Parag\.m2\repository\com\fasterxml\jackson\core\jackson-databind\2.14.0\jackson-databind-2.14.0.jar;C:\Users\Parag\.m2\repository\com\fasterxml\jackson\core\jackson-annotations\2.14.0\jackson-annotations-2.14.0.jar;C:\Users\Parag\.m2\repository\com\fasterxml\jackson\core\jackson-core\2.14.0\jackson-core-2.14.0.jar;C:\Users\Parag\.m2\repository\org\json\json\20230618\json-20230618.jar;C:\Users\Parag\.m2\repository\io\rest-assured\xml-path\5.3.1\xml-path-5.3.1.jar;C:\Users\Parag\.m2\repository\io\rest-assured\rest-assured-common\5.3.1\rest-assured-common-5.3.1.jar;C:\Users\Parag\.m2\repository\com\github\javafaker\javafaker\1.0.2\javafaker-1.0.2.jar;C:\Users\Parag\.m2\repository\org\yaml\snakeyaml\1.23\snakeyaml-1.23-android.jar;C:\Users\Parag\.m2\repository\com\github\mifmif\generex\1.0.2\generex-1.0.2.jar;C:\Users\Parag\.m2\repository\dk\brics\automaton\automaton\1.11-8\automaton-1.11-8.jar;C:\Users\Parag\.m2\repository\com\aventstack\extentreports\5.1.0\extentreports-5.1.0.jar;C:\Users\Parag\.m2\repository\io\reactivex\rxjava3\rxjava\3.1.6\rxjava-3.1.6.jar;C:\Users\Parag\.m2\repository\org\reactivestreams\reactive-streams\1.0.4\reactive-streams-1.0.4.jar;C:\Users\Parag\.m2\repository\org\freemarker\freemarker\2.3.32\freemarker-2.3.32.jar;C:\Users\Parag\.m2\repository\org\projectlombok\lombok\1.18.26\lombok-1.18.26.jar;C:\Users\Parag\.m2\repository\org\apache\logging\log4j\log4j-api\2.20.0\log4j-api-2.20.0.jar;C:\Users\Parag\.m2\repository\org\apache\logging\log4j\log4j-core\2.20.0\log4j-core-2.20.0.jar;"/>
    <property name="java.vm.vendor" value="Oracle Corporation"/>
    <property name="sun.arch.data.model" value="64"/>
    <property name="user.variant" value=""/>
    <property name="java.vendor.url" value="https://java.oracle.com/"/>
    <property name="user.timezone" value="Asia/Calcutta"/>
    <property name="os.name" value="Windows 11"/>
    <property name="java.vm.specification.version" value="20"/>
    <property name="sun.java.launcher" value="SUN_STANDARD"/>
    <property name="user.country" value="IN"/>
    <property name="sun.boot.library.path" value="C:\Program Files\Java\jdk-20\bin"/>
    <property name="sun.java.command" value="C:\Users\Parag\AppData\Local\Temp\surefire16785882033873378293\surefirebooter-20231006223528842_3.jar C:\Users\Parag\AppData\Local\Temp\surefire16785882033873378293 2023-10-06T22-35-28_732-jvmRun1 surefire-20231006223528842_1tmp surefire_0-20231006223528842_2tmp"/>
    <property name="jdk.debug" value="release"/>
    <property name="surefire.test.class.path" value="C:\E\workspaces\workSpace_RestAssured_P1\PetStoreApiAutomation\target\test-classes;C:\E\workspaces\workSpace_RestAssured_P1\PetStoreApiAutomation\target\classes;C:\Users\Parag\.m2\repository\org\seleniumhq\selenium\selenium-java\4.9.1\selenium-java-4.9.1.jar;C:\Users\Parag\.m2\repository\org\seleniumhq\selenium\selenium-api\4.9.1\selenium-api-4.9.1.jar;C:\Users\Parag\.m2\repository\org\seleniumhq\selenium\selenium-chrome-driver\4.9.1\selenium-chrome-driver-4.9.1.jar;C:\Users\Parag\.m2\repository\com\google\auto\service\auto-service-annotations\1.0.1\auto-service-annotations-1.0.1.jar;C:\Users\Parag\.m2\repository\com\google\auto\service\auto-service\1.0.1\auto-service-1.0.1.jar;C:\Users\Parag\.m2\repository\com\google\auto\auto-common\1.2\auto-common-1.2.jar;C:\Users\Parag\.m2\repository\org\seleniumhq\selenium\selenium-chromium-driver\4.9.1\selenium-chromium-driver-4.9.1.jar;C:\Users\Parag\.m2\repository\org\seleniumhq\selenium\selenium-json\4.9.1\selenium-json-4.9.1.jar;C:\Users\Parag\.m2\repository\org\seleniumhq\selenium\selenium-manager\4.9.1\selenium-manager-4.9.1.jar;C:\Users\Parag\.m2\repository\org\seleniumhq\selenium\selenium-devtools-v111\4.9.1\selenium-devtools-v111-4.9.1.jar;C:\Users\Parag\.m2\repository\org\seleniumhq\selenium\selenium-devtools-v112\4.9.1\selenium-devtools-v112-4.9.1.jar;C:\Users\Parag\.m2\repository\org\seleniumhq\selenium\selenium-devtools-v113\4.9.1\selenium-devtools-v113-4.9.1.jar;C:\Users\Parag\.m2\repository\org\seleniumhq\selenium\selenium-devtools-v85\4.9.1\selenium-devtools-v85-4.9.1.jar;C:\Users\Parag\.m2\repository\org\seleniumhq\selenium\selenium-edge-driver\4.9.1\selenium-edge-driver-4.9.1.jar;C:\Users\Parag\.m2\repository\org\seleniumhq\selenium\selenium-firefox-driver\4.9.1\selenium-firefox-driver-4.9.1.jar;C:\Users\Parag\.m2\repository\org\seleniumhq\selenium\selenium-http\4.9.1\selenium-http-4.9.1.jar;C:\Users\Parag\.m2\repository\dev\failsafe\failsafe\3.3.1\failsafe-3.3.1.jar;C:\Users\Parag\.m2\repository\org\seleniumhq\selenium\selenium-ie-driver\4.9.1\selenium-ie-driver-4.9.1.jar;C:\Users\Parag\.m2\repository\org\seleniumhq\selenium\selenium-remote-driver\4.9.1\selenium-remote-driver-4.9.1.jar;C:\Users\Parag\.m2\repository\io\netty\netty-buffer\4.1.91.Final\netty-buffer-4.1.91.Final.jar;C:\Users\Parag\.m2\repository\io\netty\netty-codec-http\4.1.91.Final\netty-codec-http-4.1.91.Final.jar;C:\Users\Parag\.m2\repository\io\netty\netty-codec\4.1.91.Final\netty-codec-4.1.91.Final.jar;C:\Users\Parag\.m2\repository\io\netty\netty-handler\4.1.91.Final\netty-handler-4.1.91.Final.jar;C:\Users\Parag\.m2\repository\io\netty\netty-common\4.1.91.Final\netty-common-4.1.91.Final.jar;C:\Users\Parag\.m2\repository\io\netty\netty-transport-classes-epoll\4.1.91.Final\netty-transport-classes-epoll-4.1.91.Final.jar;C:\Users\Parag\.m2\repository\io\netty\netty-transport-classes-kqueue\4.1.91.Final\netty-transport-classes-kqueue-4.1.91.Final.jar;C:\Users\Parag\.m2\repository\io\netty\netty-transport-native-epoll\4.1.91.Final\netty-transport-native-epoll-4.1.91.Final.jar;C:\Users\Parag\.m2\repository\io\netty\netty-transport-native-kqueue\4.1.91.Final\netty-transport-native-kqueue-4.1.91.Final.jar;C:\Users\Parag\.m2\repository\io\netty\netty-transport-native-unix-common\4.1.91.Final\netty-transport-native-unix-common-4.1.91.Final.jar;C:\Users\Parag\.m2\repository\io\netty\netty-transport\4.1.91.Final\netty-transport-4.1.91.Final.jar;C:\Users\Parag\.m2\repository\io\netty\netty-resolver\4.1.91.Final\netty-resolver-4.1.91.Final.jar;C:\Users\Parag\.m2\repository\io\opentelemetry\opentelemetry-api\1.25.0\opentelemetry-api-1.25.0.jar;C:\Users\Parag\.m2\repository\io\opentelemetry\opentelemetry-context\1.25.0\opentelemetry-context-1.25.0.jar;C:\Users\Parag\.m2\repository\io\opentelemetry\opentelemetry-exporter-logging\1.25.0\opentelemetry-exporter-logging-1.25.0.jar;C:\Users\Parag\.m2\repository\io\opentelemetry\opentelemetry-sdk-metrics\1.25.0\opentelemetry-sdk-metrics-1.25.0.jar;C:\Users\Parag\.m2\repository\io\opentelemetry\opentelemetry-sdk-logs\1.25.0-alpha\opentelemetry-sdk-logs-1.25.0-alpha.jar;C:\Users\Parag\.m2\repository\io\opentelemetry\opentelemetry-api-logs\1.25.0-alpha\opentelemetry-api-logs-1.25.0-alpha.jar;C:\Users\Parag\.m2\repository\io\opentelemetry\opentelemetry-api-events\1.25.0-alpha\opentelemetry-api-events-1.25.0-alpha.jar;C:\Users\Parag\.m2\repository\io\opentelemetry\opentelemetry-sdk-common\1.25.0\opentelemetry-sdk-common-1.25.0.jar;C:\Users\Parag\.m2\repository\io\opentelemetry\opentelemetry-sdk-extension-autoconfigure-spi\1.25.0\opentelemetry-sdk-extension-autoconfigure-spi-1.25.0.jar;C:\Users\Parag\.m2\repository\io\opentelemetry\opentelemetry-sdk-extension-autoconfigure\1.25.0-alpha\opentelemetry-sdk-extension-autoconfigure-1.25.0-alpha.jar;C:\Users\Parag\.m2\repository\io\opentelemetry\opentelemetry-sdk-trace\1.25.0\opentelemetry-sdk-trace-1.25.0.jar;C:\Users\Parag\.m2\repository\io\opentelemetry\opentelemetry-sdk\1.25.0\opentelemetry-sdk-1.25.0.jar;C:\Users\Parag\.m2\repository\io\opentelemetry\opentelemetry-semconv\1.25.0-alpha\opentelemetry-semconv-1.25.0-alpha.jar;C:\Users\Parag\.m2\repository\io\ous\jtoml\2.0.0\jtoml-2.0.0.jar;C:\Users\Parag\.m2\repository\net\bytebuddy\byte-buddy\1.14.4\byte-buddy-1.14.4.jar;C:\Users\Parag\.m2\repository\org\apache\commons\commons-exec\1.3\commons-exec-1.3.jar;C:\Users\Parag\.m2\repository\org\asynchttpclient\async-http-client\2.12.3\async-http-client-2.12.3.jar;C:\Users\Parag\.m2\repository\org\asynchttpclient\async-http-client-netty-utils\2.12.3\async-http-client-netty-utils-2.12.3.jar;C:\Users\Parag\.m2\repository\io\netty\netty-codec-socks\4.1.60.Final\netty-codec-socks-4.1.60.Final.jar;C:\Users\Parag\.m2\repository\io\netty\netty-handler-proxy\4.1.60.Final\netty-handler-proxy-4.1.60.Final.jar;C:\Users\Parag\.m2\repository\io\netty\netty-transport-native-epoll\4.1.60.Final\netty-transport-native-epoll-4.1.60.Final-linux-x86_64.jar;C:\Users\Parag\.m2\repository\io\netty\netty-transport-native-kqueue\4.1.60.Final\netty-transport-native-kqueue-4.1.60.Final-osx-x86_64.jar;C:\Users\Parag\.m2\repository\com\typesafe\netty\netty-reactive-streams\2.0.4\netty-reactive-streams-2.0.4.jar;C:\Users\Parag\.m2\repository\com\sun\activation\jakarta.activation\1.2.2\jakarta.activation-1.2.2.jar;C:\Users\Parag\.m2\repository\org\seleniumhq\selenium\selenium-safari-driver\4.9.1\selenium-safari-driver-4.9.1.jar;C:\Users\Parag\.m2\repository\org\seleniumhq\selenium\selenium-support\4.9.1\selenium-support-4.9.1.jar;C:\Users\Parag\.m2\repository\io\github\bonigarcia\webdrivermanager\5.3.3\webdrivermanager-5.3.3.jar;C:\Users\Parag\.m2\repository\org\slf4j\slf4j-api\2.0.7\slf4j-api-2.0.7.jar;C:\Users\Parag\.m2\repository\com\github\docker-java\docker-java\3.3.0\docker-java-3.3.0.jar;C:\Users\Parag\.m2\repository\com\github\docker-java\docker-java-core\3.3.0\docker-java-core-3.3.0.jar;C:\Users\Parag\.m2\repository\com\github\docker-java\docker-java-api\3.3.0\docker-java-api-3.3.0.jar;C:\Users\Parag\.m2\repository\org\bouncycastle\bcpkix-jdk15on\1.64\bcpkix-jdk15on-1.64.jar;C:\Users\Parag\.m2\repository\org\bouncycastle\bcprov-jdk15on\1.64\bcprov-jdk15on-1.64.jar;C:\Users\Parag\.m2\repository\org\slf4j\jcl-over-slf4j\1.7.30\jcl-over-slf4j-1.7.30.jar;C:\Users\Parag\.m2\repository\com\github\docker-java\docker-java-transport-httpclient5\3.3.0\docker-java-transport-httpclient5-3.3.0.jar;C:\Users\Parag\.m2\repository\com\github\docker-java\docker-java-transport\3.3.0\docker-java-transport-3.3.0.jar;C:\Users\Parag\.m2\repository\net\java\dev\jna\jna\5.12.1\jna-5.12.1.jar;C:\Users\Parag\.m2\repository\org\brotli\dec\0.1.2\dec-0.1.2.jar;C:\Users\Parag\.m2\repository\org\apache\commons\commons-lang3\3.12.0\commons-lang3-3.12.0.jar;C:\Users\Parag\.m2\repository\org\apache\httpcomponents\client5\httpclient5\5.2.1\httpclient5-5.2.1.jar;C:\Users\Parag\.m2\repository\org\apache\httpcomponents\core5\httpcore5\5.2\httpcore5-5.2.jar;C:\Users\Parag\.m2\repository\org\apache\httpcomponents\core5\httpcore5-h2\5.2\httpcore5-h2-5.2.jar;C:\Users\Parag\.m2\repository\commons-io\commons-io\2.12.0\commons-io-2.12.0.jar;C:\Users\Parag\.m2\repository\org\testng\testng\7.8.0\testng-7.8.0.jar;C:\Users\Parag\.m2\repository\com\beust\jcommander\1.82\jcommander-1.82.jar;C:\Users\Parag\.m2\repository\org\webjars\jquery\3.6.1\jquery-3.6.1.jar;C:\Users\Parag\.m2\repository\org\apache\poi\poi-ooxml\5.2.3\poi-ooxml-5.2.3.jar;C:\Users\Parag\.m2\repository\org\apache\poi\poi-ooxml-lite\5.2.3\poi-ooxml-lite-5.2.3.jar;C:\Users\Parag\.m2\repository\org\apache\xmlbeans\xmlbeans\5.1.1\xmlbeans-5.1.1.jar;C:\Users\Parag\.m2\repository\org\apache\commons\commons-compress\1.21\commons-compress-1.21.jar;C:\Users\Parag\.m2\repository\com\github\virtuald\curvesapi\1.07\curvesapi-1.07.jar;C:\Users\Parag\.m2\repository\org\apache\commons\commons-collections4\4.4\commons-collections4-4.4.jar;C:\Users\Parag\.m2\repository\org\apache\poi\poi\5.2.3\poi-5.2.3.jar;C:\Users\Parag\.m2\repository\commons-codec\commons-codec\1.15\commons-codec-1.15.jar;C:\Users\Parag\.m2\repository\org\apache\commons\commons-math3\3.6.1\commons-math3-3.6.1.jar;C:\Users\Parag\.m2\repository\com\zaxxer\SparseBitSet\1.2\SparseBitSet-1.2.jar;C:\Users\Parag\.m2\repository\com\guicedee\services\apache-poi-ooxml\62\apache-poi-ooxml-62.jar;C:\Users\Parag\.m2\repository\com\guicedee\services\commons-compress\62\commons-compress-62.jar;C:\Users\Parag\.m2\repository\com\guicedee\services\commons-xmlbeans\62\commons-xmlbeans-62.jar;C:\Users\Parag\.m2\repository\com\guicedee\services\apache-poi\62\apache-poi-62.jar;C:\Users\Parag\.m2\repository\com\guicedee\services\commons-logging\62\commons-logging-62.jar;C:\Users\Parag\.m2\repository\com\guicedee\services\commons-codec\62\commons-codec-62.jar;C:\Users\Parag\.m2\repository\com\guicedee\services\commons-math3\62\commons-math3-62.jar;C:\Users\Parag\.m2\repository\com\guicedee\services\commons-collections4\62\commons-collections4-62.jar;C:\Users\Parag\.m2\repository\com\guicedee\services\jakarta.xml.bind-api\62\jakarta.xml.bind-api-62.jar;C:\Users\Parag\.m2\repository\com\guicedee\services\jakarta.activation\62\jakarta.activation-62.jar;C:\Users\Parag\.m2\repository\com\guicedee\services\jakarta.validation-api\62\jakarta.validation-api-62.jar;C:\Users\Parag\.m2\repository\org\codehaus\woodstox\stax2-api\4.2\stax2-api-4.2.jar;C:\Users\Parag\.m2\repository\org\jvnet\staxex\stax-ex\1.8.2\stax-ex-1.8.2.jar;C:\Users\Parag\.m2\repository\org\apache\logging\log4j\log4j-to-slf4j\2.8.2\log4j-to-slf4j-2.8.2.jar;C:\Users\Parag\.m2\repository\io\rest-assured\rest-assured\5.3.1\rest-assured-5.3.1.jar;C:\Users\Parag\.m2\repository\org\apache\groovy\groovy\4.0.11\groovy-4.0.11.jar;C:\Users\Parag\.m2\repository\org\apache\groovy\groovy-xml\4.0.11\groovy-xml-4.0.11.jar;C:\Users\Parag\.m2\repository\org\apache\httpcomponents\httpclient\4.5.13\httpclient-4.5.13.jar;C:\Users\Parag\.m2\repository\org\apache\httpcomponents\httpcore\4.4.13\httpcore-4.4.13.jar;C:\Users\Parag\.m2\repository\commons-logging\commons-logging\1.2\commons-logging-1.2.jar;C:\Users\Parag\.m2\repository\org\apache\httpcomponents\httpmime\4.5.13\httpmime-4.5.13.jar;C:\Users\Parag\.m2\repository\org\hamcrest\hamcrest\2.2\hamcrest-2.2.jar;C:\Users\Parag\.m2\repository\org\ccil\cowan\tagsoup\tagsoup\1.2.1\tagsoup-1.2.1.jar;C:\Users\Parag\.m2\repository\com\google\code\gson\gson\2.10.1\gson-2.10.1.jar;C:\Users\Parag\.m2\repository\io\rest-assured\json-path\5.3.1\json-path-5.3.1.jar;C:\Users\Parag\.m2\repository\org\apache\groovy\groovy-json\4.0.11\groovy-json-4.0.11.jar;C:\Users\Parag\.m2\repository\io\rest-assured\json-schema-validator\5.3.1\json-schema-validator-5.3.1.jar;C:\Users\Parag\.m2\repository\com\github\java-json-tools\json-schema-validator\2.2.14\json-schema-validator-2.2.14.jar;C:\Users\Parag\.m2\repository\com\github\java-json-tools\jackson-coreutils-equivalence\1.0\jackson-coreutils-equivalence-1.0.jar;C:\Users\Parag\.m2\repository\com\github\java-json-tools\jackson-coreutils\2.0\jackson-coreutils-2.0.jar;C:\Users\Parag\.m2\repository\com\github\java-json-tools\msg-simple\1.2\msg-simple-1.2.jar;C:\Users\Parag\.m2\repository\com\github\java-json-tools\btf\1.3\btf-1.3.jar;C:\Users\Parag\.m2\repository\com\github\java-json-tools\json-schema-core\1.2.14\json-schema-core-1.2.14.jar;C:\Users\Parag\.m2\repository\com\github\java-json-tools\uri-template\0.10\uri-template-0.10.jar;C:\Users\Parag\.m2\repository\org\mozilla\rhino\1.7.7.2\rhino-1.7.7.2.jar;C:\Users\Parag\.m2\repository\com\sun\mail\mailapi\1.6.2\mailapi-1.6.2.jar;C:\Users\Parag\.m2\repository\joda-time\joda-time\2.10.5\joda-time-2.10.5.jar;C:\Users\Parag\.m2\repository\com\googlecode\libphonenumber\libphonenumber\8.11.1\libphonenumber-8.11.1.jar;C:\Users\Parag\.m2\repository\com\google\code\findbugs\jsr305\3.0.2\jsr305-3.0.2.jar;C:\Users\Parag\.m2\repository\net\sf\jopt-simple\jopt-simple\5.0.4\jopt-simple-5.0.4.jar;C:\Users\Parag\.m2\repository\com\google\guava\guava\32.0.1-jre\guava-32.0.1-jre.jar;C:\Users\Parag\.m2\repository\com\google\guava\failureaccess\1.0.1\failureaccess-1.0.1.jar;C:\Users\Parag\.m2\repository\com\google\guava\listenablefuture\9999.0-empty-to-avoid-conflict-with-guava\listenablefuture-9999.0-empty-to-avoid-conflict-with-guava.jar;C:\Users\Parag\.m2\repository\org\checkerframework\checker-qual\3.33.0\checker-qual-3.33.0.jar;C:\Users\Parag\.m2\repository\com\google\errorprone\error_prone_annotations\2.18.0\error_prone_annotations-2.18.0.jar;C:\Users\Parag\.m2\repository\com\google\j2objc\j2objc-annotations\2.8\j2objc-annotations-2.8.jar;C:\Users\Parag\.m2\repository\com\github\scribejava\scribejava-apis\8.3.3\scribejava-apis-8.3.3.jar;C:\Users\Parag\.m2\repository\com\github\scribejava\scribejava-core\8.3.3\scribejava-core-8.3.3.jar;C:\Users\Parag\.m2\repository\com\github\scribejava\scribejava-java8\8.3.3\scribejava-java8-8.3.3.jar;C:\Users\Parag\.m2\repository\com\fasterxml\jackson\core\jackson-databind\2.14.0\jackson-databind-2.14.0.jar;C:\Users\Parag\.m2\repository\com\fasterxml\jackson\core\jackson-annotations\2.14.0\jackson-annotations-2.14.0.jar;C:\Users\Parag\.m2\repository\com\fasterxml\jackson\core\jackson-core\2.14.0\jackson-core-2.14.0.jar;C:\Users\Parag\.m2\repository\org\json\json\20230618\json-20230618.jar;C:\Users\Parag\.m2\repository\io\rest-assured\xml-path\5.3.1\xml-path-5.3.1.jar;C:\Users\Parag\.m2\repository\io\rest-assured\rest-assured-common\5.3.1\rest-assured-common-5.3.1.jar;C:\Users\Parag\.m2\repository\com\github\javafaker\javafaker\1.0.2\javafaker-1.0.2.jar;C:\Users\Parag\.m2\repository\org\yaml\snakeyaml\1.23\snakeyaml-1.23-android.jar;C:\Users\Parag\.m2\repository\com\github\mifmif\generex\1.0.2\generex-1.0.2.jar;C:\Users\Parag\.m2\repository\dk\brics\automaton\automaton\1.11-8\automaton-1.11-8.jar;C:\Users\Parag\.m2\repository\com\aventstack\extentreports\5.1.0\extentreports-5.1.0.jar;C:\Users\Parag\.m2\repository\io\reactivex\rxjava3\rxjava\3.1.6\rxjava-3.1.6.jar;C:\Users\Parag\.m2\repository\org\reactivestreams\reactive-streams\1.0.4\reactive-streams-1.0.4.jar;C:\Users\Parag\.m2\repository\org\freemarker\freemarker\2.3.32\freemarker-2.3.32.jar;C:\Users\Parag\.m2\repository\org\projectlombok\lombok\1.18.26\lombok-1.18.26.jar;C:\Users\Parag\.m2\repository\org\apache\logging\log4j\log4j-api\2.20.0\log4j-api-2.20.0.jar;C:\Users\Parag\.m2\repository\org\apache\logging\log4j\log4j-core\2.20.0\log4j-core-2.20.0.jar;"/>
    <property name="sun.cpu.endian" value="little"/>
    <property name="user.home" value="C:\Users\Parag"/>
    <property name="user.language" value="en"/>
    <property name="java.specification.vendor" value="Oracle Corporation"/>
    <property name="java.version.date" value="2023-07-18"/>
    <property name="java.home" value="C:\Program Files\Java\jdk-20"/>
    <property name="file.separator" value="\"/>
    <property name="basedir" value="C:\E\workspaces\workSpace_RestAssured_P1\PetStoreApiAutomation"/>
    <property name="java.vm.compressedOopsMode" value="32-bit"/>
    <property name="line.separator" value="&#10;"/>
    <property name="java.vm.specification.vendor" value="Oracle Corporation"/>
    <property name="java.specification.name" value="Java Platform API Specification"/>
    <property name="surefire.real.class.path" value="C:\Users\Parag\AppData\Local\Temp\surefire16785882033873378293\surefirebooter-20231006223528842_3.jar"/>
    <property name="user.script" value=""/>
    <property name="sun.management.compiler" value="HotSpot 64-Bit Tiered Compilers"/>
    <property name="java.runtime.version" value="20.0.2+9-78"/>
    <property name="user.name" value="Parag"/>
    <property name="stdout.encoding" value="Cp1252"/>
    <property name="path.separator" value=";"/>
    <property name="os.version" value="10.0"/>
    <property name="java.runtime.name" value="Java(TM) SE Runtime Environment"/>
    <property name="file.encoding" value="UTF-8"/>
    <property name="java.vm.name" value="Java HotSpot(TM) 64-Bit Server VM"/>
    <property name="localRepository" value="C:\Users\Parag\.m2\repository"/>
    <property name="java.vendor.url.bug" value="https://bugreport.java.com/bugreport/"/>
    <property name="java.io.tmpdir" value="C:\Users\Parag\AppData\Local\Temp\"/>
    <property name="java.version" value="20.0.2"/>
    <property name="user.dir" value="C:\E\workspaces\workSpace_RestAssured_P1\PetStoreApiAutomation"/>
    <property name="os.arch" value="amd64"/>
    <property name="java.vm.specification.name" value="Java Virtual Machine Specification"/>
    <property name="sun.os.patch.level" value=""/>
    <property name="native.encoding" value="Cp1252"/>
    <property name="java.library.path" value="C:\Program Files\Java\jdk-20\bin;C:\WINDOWS\Sun\Java\bin;C:\WINDOWS\system32;C:\WINDOWS;C:\Program Files\Common Files\Oracle\Java\javapath;C:\windows\system32;C:\windows;C:\windows\System32\Wbem;C:\windows\System32\WindowsPowerShell\v1.0\;C:\windows\System32\OpenSSH\;C:\Program Files (x86)\NVIDIA Corporation\PhysX\Common;C:\WINDOWS\system32;C:\WINDOWS;C:\WINDOWS\System32\Wbem;C:\WINDOWS\System32\WindowsPowerShell\v1.0\;C:\WINDOWS\System32\OpenSSH\;C:\Program Files\Java\jdk-20\bin;C:\E\Apache_Maven\apache-maven-3.9.4\bin;C:\Program Files\Microsoft SQL Server\120\DTS\Binn\;C:\Program Files\Microsoft SQL Server\Client SDK\ODBC\110\Tools\Binn\;C:\Program Files (x86)\Microsoft SQL Server\120\Tools\Binn\;C:\Program Files\Microsoft SQL Server\120\Tools\Binn\;C:\Program Files (x86)\Microsoft SQL Server\120\Tools\Binn\ManagementStudio\;C:\Program Files (x86)\Microsoft SQL Server\120\DTS\Binn\;C:\Program Files\nodejs\;C:\ProgramData\chocolatey\bin;C:\Program Files\nodejs\node_modules;C:\Users\Parag\AppData\Roaming\npm\node_modules\newman\bin\newman.js;C:\Program Files\Git\bin;C:\Users\Parag\AppData\Roaming\npm;C:\E\Apache_Maven\apache-maven-3.9.4\bin;C:\E\Apache_Maven\apache-maven-3.9.4\;C:\E\Apache_Maven\apache-maven-3.9.4;C:\Program Files\Java\jdk-20;C:\Program Files\Git\bin\git.exe;C:\Users\Parag\AppData\Local\Microsoft\WindowsApps;C:\Program Files\Java\jdk-20\bin;C:\E\Apache_Maven\apache-maven-3.9.4\bin;C:\Users\Parag\AppData\Local\Programs\Microsoft VS Code\bin;C:\Users\Parag\AppData\Roaming\npm\node_modules\newman\bin\newman.js;;."/>
    <property name="java.vm.info" value="mixed mode, sharing"/>
    <property name="stderr.encoding" value="Cp1252"/>
    <property name="java.vendor" value="Oracle Corporation"/>
    <property name="java.vm.version" value="20.0.2+9-78"/>
    <property name="sun.io.unicode.encoding" value="UnicodeLittle"/>
    <property name="java.class.version" value="64.0"/>
  </properties>
  <testcase name="testPostUser" classname="api.test.UserTests" time="3.055">
    <system-out><![CDATA[Created user----->louie.schroeder
POST | Created user ----->
HTTP/1.1 200 OK
Date: Fri, 06 Oct 2023 17:05:32 GMT
Content-Type: application/json
Transfer-Encoding: chunked
Connection: keep-alive
Access-Control-Allow-Origin: *
Access-Control-Allow-Methods: GET, POST, DELETE, PUT
Access-Control-Allow-Headers: Content-Type, api_key, Authorization
Server: Jetty(9.2.9.v20150224)

{
    "code": 200,
    "type": "unknown",
    "message": "293"
}
]]></system-out>
    <system-err><![CDATA[SLF4J: No SLF4J providers were found.
SLF4J: Defaulting to no-operation (NOP) logger implementation
SLF4J: See https://www.slf4j.org/codes.html#noProviders for further details.
]]></system-err>
  </testcase>
  <testcase name="testGetUserByName" classname="api.test.UserTests" time="1.311">
    <system-out><![CDATA[pojo user name--->louie.schroeder
GET | Get User --->
HTTP/1.1 200 OK
Date: Fri, 06 Oct 2023 17:05:34 GMT
Content-Type: application/json
Transfer-Encoding: chunked
Connection: keep-alive
Access-Control-Allow-Origin: *
Access-Control-Allow-Methods: GET, POST, DELETE, PUT
Access-Control-Allow-Headers: Content-Type, api_key, Authorization
Server: Jetty(9.2.9.v20150224)

{
    "id": 293,
    "username": "louie.schroeder",
    "firstName": "Earle",
    "lastName": "Powlowski",
    "email": "russell.stark@example.com",
    "password": "m4hh8ji9q",
    "phone": "1-315-940-9333",
    "userStatus": 0
}
]]></system-out>
  </testcase>
  <testcase name="testUpdateUserByName" classname="api.test.UserTests" time="2.652">
    <system-out><![CDATA[PUT | Update User ---->
HTTP/1.1 200 OK
Date: Fri, 06 Oct 2023 17:05:35 GMT
Content-Type: application/json
Transfer-Encoding: chunked
Connection: keep-alive
Access-Control-Allow-Origin: *
Access-Control-Allow-Methods: GET, POST, DELETE, PUT
Access-Control-Allow-Headers: Content-Type, api_key, Authorization
Server: Jetty(9.2.9.v20150224)

{
    "code": 200,
    "type": "unknown",
    "message": "293"
}
UPDATED user -------->
HTTP/1.1 200 OK
Date: Fri, 06 Oct 2023 17:05:36 GMT
Content-Type: application/json
Transfer-Encoding: chunked
Connection: keep-alive
Access-Control-Allow-Origin: *
Access-Control-Allow-Methods: GET, POST, DELETE, PUT
Access-Control-Allow-Headers: Content-Type, api_key, Authorization
Server: Jetty(9.2.9.v20150224)

{
    "id": 293,
    "username": "louie.schroeder",
    "firstName": "Chase",
    "lastName": "Hane",
    "email": "errol.ortiz@example.com",
    "password": "5fnp3x27i",
    "phone": "791.658.6659",
    "userStatus": 0
}
]]></system-out>
  </testcase>
  <testcase name="testDeleteUserByName" classname="api.test.UserTests" time="2.572">
    <system-out><![CDATA[DELETE | Delete User ----> 
{
    "code": 200,
    "type": "unknown",
    "message": "louie.schroeder"
}
Deletion Success for user---->louie.schroeder
Validating that user has been DELETED successfully--->louie.schroeder
{
    "code": 1,
    "type": "error",
    "message": "User not found"
}
HTTP/1.1 404 Not Found
Date: Fri, 06 Oct 2023 17:05:39 GMT
Content-Type: application/json
Transfer-Encoding: chunked
Connection: keep-alive
Access-Control-Allow-Origin: *
Access-Control-Allow-Methods: GET, POST, DELETE, PUT
Access-Control-Allow-Headers: Content-Type, api_key, Authorization
Server: Jetty(9.2.9.v20150224)

{
    "code": 1,
    "type": "error",
    "message": "User not found"
}
]]></system-out>
  </testcase>
  <testcase name="dataDrivenPostUser[8833220, jjfjjuue88883kke, PPPPjjjj, LLLLjj888, a@gmail.com, test@1, 123456789, 1](1)" classname="api.test.DataDrivenTest" time="1.228">
    <system-out><![CDATA[
================PRINTING ALL DATA FROM EXCEL============================
6<--row-|-col-->8
8833220 | jjfjjuue88883kke | PPPPjjjj | LLLLjj888 | a@gmail.com | test@1 | 123456789 | 1 | 
8847700 | fgfgnnhn3434hhg | UUUU666 | LLL8848u | c@gmail.com | test@3 | 333336666 | 2 | 
8673009 | hjkhk784884ddkkll | KKLLyy8 | Lggfhf990 | a@gmail.com | test@1 | 123456789 | 1 | 
8994009 | kkghhgj0004848pp | PPBBB88 | LL332ddd | c@gmail.com | test@3 | 333336666 | 2 | 
6773899 | heewwyyy0094477 | RRREE7 | LL7737hhnh | a@gmail.com | test@1 | 123456789 | 1 | 
88400526 | jdsjdjjdyyer77662 | OOKKK | LLhghfjhfj88 | c@gmail.com | test@3 | 333336666 | 2 | 

=====================END=======================
POST | Created user ----->
HTTP/1.1 200 OK
Date: Fri, 06 Oct 2023 17:05:41 GMT
Content-Type: application/json
Transfer-Encoding: chunked
Connection: keep-alive
Access-Control-Allow-Origin: *
Access-Control-Allow-Methods: GET, POST, DELETE, PUT
Access-Control-Allow-Headers: Content-Type, api_key, Authorization
Server: Jetty(9.2.9.v20150224)

{
    "code": 200,
    "type": "unknown",
    "message": "8833220"
}
]]></system-out>
  </testcase>
  <testcase name="dataDrivenPostUser[8847700, fgfgnnhn3434hhg, UUUU666, LLL8848u, c@gmail.com, test@3, 333336666, 2](2)" classname="api.test.DataDrivenTest" time="1.33">
    <system-out><![CDATA[POST | Created user ----->
HTTP/1.1 200 OK
Date: Fri, 06 Oct 2023 17:05:43 GMT
Content-Type: application/json
Transfer-Encoding: chunked
Connection: keep-alive
Access-Control-Allow-Origin: *
Access-Control-Allow-Methods: GET, POST, DELETE, PUT
Access-Control-Allow-Headers: Content-Type, api_key, Authorization
Server: Jetty(9.2.9.v20150224)

{
    "code": 200,
    "type": "unknown",
    "message": "8847700"
}
]]></system-out>
  </testcase>
  <testcase name="dataDrivenPostUser[8673009, hjkhk784884ddkkll, KKLLyy8, Lggfhf990, a@gmail.com, test@1, 123456789, 1](3)" classname="api.test.DataDrivenTest" time="1.323">
    <system-out><![CDATA[POST | Created user ----->
HTTP/1.1 200 OK
Date: Fri, 06 Oct 2023 17:05:44 GMT
Content-Type: application/json
Transfer-Encoding: chunked
Connection: keep-alive
Access-Control-Allow-Origin: *
Access-Control-Allow-Methods: GET, POST, DELETE, PUT
Access-Control-Allow-Headers: Content-Type, api_key, Authorization
Server: Jetty(9.2.9.v20150224)

{
    "code": 200,
    "type": "unknown",
    "message": "8673009"
}
]]></system-out>
  </testcase>
  <testcase name="dataDrivenPostUser[8994009, kkghhgj0004848pp, PPBBB88, LL332ddd, c@gmail.com, test@3, 333336666, 2](4)" classname="api.test.DataDrivenTest" time="1.302">
    <system-out><![CDATA[POST | Created user ----->
HTTP/1.1 200 OK
Date: Fri, 06 Oct 2023 17:05:45 GMT
Content-Type: application/json
Transfer-Encoding: chunked
Connection: keep-alive
Access-Control-Allow-Origin: *
Access-Control-Allow-Methods: GET, POST, DELETE, PUT
Access-Control-Allow-Headers: Content-Type, api_key, Authorization
Server: Jetty(9.2.9.v20150224)

{
    "code": 200,
    "type": "unknown",
    "message": "8994009"
}
]]></system-out>
  </testcase>
  <testcase name="dataDrivenPostUser[6773899, heewwyyy0094477, RRREE7, LL7737hhnh, a@gmail.com, test@1, 123456789, 1](5)" classname="api.test.DataDrivenTest" time="1.313">
    <system-out><![CDATA[POST | Created user ----->
HTTP/1.1 200 OK
Date: Fri, 06 Oct 2023 17:05:47 GMT
Content-Type: application/json
Transfer-Encoding: chunked
Connection: keep-alive
Access-Control-Allow-Origin: *
Access-Control-Allow-Methods: GET, POST, DELETE, PUT
Access-Control-Allow-Headers: Content-Type, api_key, Authorization
Server: Jetty(9.2.9.v20150224)

{
    "code": 200,
    "type": "unknown",
    "message": "6773899"
}
]]></system-out>
  </testcase>
  <testcase name="dataDrivenPostUser[88400526, jdsjdjjdyyer77662, OOKKK, LLhghfjhfj88, c@gmail.com, test@3, 333336666, 2](6)" classname="api.test.DataDrivenTest" time="1.25">
    <system-out><![CDATA[POST | Created user ----->
HTTP/1.1 200 OK
Date: Fri, 06 Oct 2023 17:05:48 GMT
Content-Type: application/json
Transfer-Encoding: chunked
Connection: keep-alive
Access-Control-Allow-Origin: *
Access-Control-Allow-Methods: GET, POST, DELETE, PUT
Access-Control-Allow-Headers: Content-Type, api_key, Authorization
Server: Jetty(9.2.9.v20150224)

{
    "code": 200,
    "type": "unknown",
    "message": "88400526"
}
]]></system-out>
  </testcase>
  <testcase name="testGetUserByName[jjfjjuue88883kke](1)" classname="api.test.DataDrivenTest" time="1.275">
    <system-out><![CDATA[
================PRINTING User Name Only from Excel============================
jjfjjuue88883kke
fgfgnnhn3434hhg
hjkhk784884ddkkll
kkghhgj0004848pp
heewwyyy0094477
jdsjdjjdyyer77662

===========================END=================
GET | Get User --->
HTTP/1.1 200 OK
Date: Fri, 06 Oct 2023 17:05:49 GMT
Content-Type: application/json
Transfer-Encoding: chunked
Connection: keep-alive
Access-Control-Allow-Origin: *
Access-Control-Allow-Methods: GET, POST, DELETE, PUT
Access-Control-Allow-Headers: Content-Type, api_key, Authorization
Server: Jetty(9.2.9.v20150224)

{
    "id": 8833220,
    "username": "jjfjjuue88883kke",
    "firstName": "PPPPjjjj",
    "lastName": "LLLLjj888",
    "email": "a@gmail.com",
    "password": "test@1",
    "phone": "123456789",
    "userStatus": 1
}
]]></system-out>
  </testcase>
  <testcase name="testGetUserByName[fgfgnnhn3434hhg](2)" classname="api.test.DataDrivenTest" time="1.292">
    <system-out><![CDATA[GET | Get User --->
HTTP/1.1 200 OK
Date: Fri, 06 Oct 2023 17:05:51 GMT
Content-Type: application/json
Transfer-Encoding: chunked
Connection: keep-alive
Access-Control-Allow-Origin: *
Access-Control-Allow-Methods: GET, POST, DELETE, PUT
Access-Control-Allow-Headers: Content-Type, api_key, Authorization
Server: Jetty(9.2.9.v20150224)

{
    "id": 8847700,
    "username": "fgfgnnhn3434hhg",
    "firstName": "UUUU666",
    "lastName": "LLL8848u",
    "email": "c@gmail.com",
    "password": "test@3",
    "phone": "333336666",
    "userStatus": 2
}
]]></system-out>
  </testcase>
  <testcase name="testGetUserByName[hjkhk784884ddkkll](3)" classname="api.test.DataDrivenTest" time="1.272">
    <system-out><![CDATA[GET | Get User --->
HTTP/1.1 200 OK
Date: Fri, 06 Oct 2023 17:05:52 GMT
Content-Type: application/json
Transfer-Encoding: chunked
Connection: keep-alive
Access-Control-Allow-Origin: *
Access-Control-Allow-Methods: GET, POST, DELETE, PUT
Access-Control-Allow-Headers: Content-Type, api_key, Authorization
Server: Jetty(9.2.9.v20150224)

{
    "id": 8673009,
    "username": "hjkhk784884ddkkll",
    "firstName": "KKLLyy8",
    "lastName": "Lggfhf990",
    "email": "a@gmail.com",
    "password": "test@1",
    "phone": "123456789",
    "userStatus": 1
}
]]></system-out>
  </testcase>
  <testcase name="testGetUserByName[kkghhgj0004848pp](4)" classname="api.test.DataDrivenTest" time="1.285">
    <system-out><![CDATA[GET | Get User --->
HTTP/1.1 200 OK
Date: Fri, 06 Oct 2023 17:05:53 GMT
Content-Type: application/json
Transfer-Encoding: chunked
Connection: keep-alive
Access-Control-Allow-Origin: *
Access-Control-Allow-Methods: GET, POST, DELETE, PUT
Access-Control-Allow-Headers: Content-Type, api_key, Authorization
Server: Jetty(9.2.9.v20150224)

{
    "id": 8994009,
    "username": "kkghhgj0004848pp",
    "firstName": "PPBBB88",
    "lastName": "LL332ddd",
    "email": "c@gmail.com",
    "password": "test@3",
    "phone": "333336666",
    "userStatus": 2
}
]]></system-out>
  </testcase>
  <testcase name="testGetUserByName[heewwyyy0094477](5)" classname="api.test.DataDrivenTest" time="1.282">
    <system-out><![CDATA[GET | Get User --->
HTTP/1.1 200 OK
Date: Fri, 06 Oct 2023 17:05:54 GMT
Content-Type: application/json
Transfer-Encoding: chunked
Connection: keep-alive
Access-Control-Allow-Origin: *
Access-Control-Allow-Methods: GET, POST, DELETE, PUT
Access-Control-Allow-Headers: Content-Type, api_key, Authorization
Server: Jetty(9.2.9.v20150224)

{
    "id": 6773899,
    "username": "heewwyyy0094477",
    "firstName": "RRREE7",
    "lastName": "LL7737hhnh",
    "email": "a@gmail.com",
    "password": "test@1",
    "phone": "123456789",
    "userStatus": 1
}
]]></system-out>
  </testcase>
  <testcase name="testGetUserByName[jdsjdjjdyyer77662](6)" classname="api.test.DataDrivenTest" time="1.288">
    <system-out><![CDATA[GET | Get User --->
HTTP/1.1 200 OK
Date: Fri, 06 Oct 2023 17:05:56 GMT
Content-Type: application/json
Transfer-Encoding: chunked
Connection: keep-alive
Access-Control-Allow-Origin: *
Access-Control-Allow-Methods: GET, POST, DELETE, PUT
Access-Control-Allow-Headers: Content-Type, api_key, Authorization
Server: Jetty(9.2.9.v20150224)

{
    "id": 88400526,
    "username": "jdsjdjjdyyer77662",
    "firstName": "OOKKK",
    "lastName": "LLhghfjhfj88",
    "email": "c@gmail.com",
    "password": "test@3",
    "phone": "333336666",
    "userStatus": 2
}
]]></system-out>
  </testcase>
  <testcase name="testCreatePet" classname="api.test.PetModel_Tests" time="1.325">
    <system-out><![CDATA[HTTP/1.1 200 OK
Date: Fri, 06 Oct 2023 17:05:57 GMT
Content-Type: application/json
Transfer-Encoding: chunked
Connection: keep-alive
Access-Control-Allow-Origin: *
Access-Control-Allow-Methods: GET, POST, DELETE, PUT
Access-Control-Allow-Headers: Content-Type, api_key, Authorization
Server: Jetty(9.2.9.v20150224)

{
    "id": 613,
    "category": {
        "id": 717,
        "name": "josh.donnelly"
    },
    "name": "Nadia",
    "photoUrls": [
        "https:/screenshot.www.rafael-corwin.io",
        "https:/screenshoot/abc//www.paulette-corwin.net"
    ],
    "tags": [
        {
            "id": 849,
            "name": "Fisher"
        }
    ],
    "status": "available"
}
]]></system-out>
  </testcase>
  <testcase name="testFindPetByStatus" classname="api.test.PetModel_Tests" time="1.335">
    <system-out><![CDATA[HTTP/1.1 200 OK
Date: Fri, 06 Oct 2023 17:05:58 GMT
Content-Type: application/json
Transfer-Encoding: chunked
Connection: keep-alive
Access-Control-Allow-Origin: *
Access-Control-Allow-Methods: GET, POST, DELETE, PUT
Access-Control-Allow-Headers: Content-Type, api_key, Authorization
Server: Jetty(9.2.9.v20150224)

[
    
]
]]></system-out>
  </testcase>
  <testcase name="testFindPetById" classname="api.test.PetModel_Tests" time="1.326">
    <system-out><![CDATA[HTTP/1.1 404 Not Found
Date: Fri, 06 Oct 2023 17:06:00 GMT
Content-Type: application/json
Transfer-Encoding: chunked
Connection: keep-alive
Access-Control-Allow-Origin: *
Access-Control-Allow-Methods: GET, POST, DELETE, PUT
Access-Control-Allow-Headers: Content-Type, api_key, Authorization
Server: Jetty(9.2.9.v20150224)

{
    "code": 1,
    "type": "error",
    "message": "Pet not found"
}
]]></system-out>
  </testcase>
  <testcase name="reqresCreateUser" classname="api.test.ReqresTests" time="0.574">
    <system-out><![CDATA[HTTP/1.1 201 Created
Date: Fri, 06 Oct 2023 17:06:00 GMT
Content-Type: application/json; charset=utf-8
Content-Length: 105
Connection: keep-alive
Report-To: {"group":"heroku-nel","max_age":3600,"endpoints":[{"url":"https://nel.heroku.com/reports?ts=1696611960&sid=c4c9725f-1ab0-44d8-820f-430df2718e11&s=xSP8uCbj5YH6MHXPRO0I5DE4ScvRGg5lk%2BB6Oi8qzvA%3D"}]}
Reporting-Endpoints: heroku-nel=https://nel.heroku.com/reports?ts=1696611960&sid=c4c9725f-1ab0-44d8-820f-430df2718e11&s=xSP8uCbj5YH6MHXPRO0I5DE4ScvRGg5lk%2BB6Oi8qzvA%3D
Nel: {"report_to":"heroku-nel","max_age":3600,"success_fraction":0.005,"failure_fraction":0.05,"response_headers":["Via"]}
X-Powered-By: Express
Access-Control-Allow-Origin: *
Etag: W/"69-cGzK7Q/s4LRt4Oo8TSHHbFqhj4k"
Via: 1.1 vegur
CF-Cache-Status: DYNAMIC
Server: cloudflare
CF-RAY: 811f7e114999938f-BBI

{
    "name": "stewart.weimann",
    "job": "Advertising Producer",
    "id": "227",
    "createdAt": "2023-10-06T17:06:00.794Z"
}
]]></system-out>
  </testcase>
  <testcase name="test_Place_order_for_pet" classname="api.test.Store_Tests" time="1.702">
    <system-out><![CDATA[=================Store Model started ==============
HTTP/1.1 200 OK
Date: Fri, 06 Oct 2023 17:06:02 GMT
Content-Type: application/json
Transfer-Encoding: chunked
Connection: keep-alive
Access-Control-Allow-Origin: *
Access-Control-Allow-Methods: GET, POST, DELETE, PUT
Access-Control-Allow-Headers: Content-Type, api_key, Authorization
Server: Jetty(9.2.9.v20150224)

{
    "id": 449,
    "petId": 451,
    "quantity": 1,
    "shipDate": "2023-09-18T09:18:10.197+0000",
    "status": "available",
    "complete": true
}
id--->449
]]></system-out>
  </testcase>
  <testcase name="test_Find_Purchase_order_By_ID" classname="api.test.Store_Tests" time="1.202">
    <system-out><![CDATA[HTTP/1.1 200 OK
Date: Fri, 06 Oct 2023 17:06:03 GMT
Content-Type: application/json
Transfer-Encoding: chunked
Connection: keep-alive
Access-Control-Allow-Origin: *
Access-Control-Allow-Methods: GET, POST, DELETE, PUT
Access-Control-Allow-Headers: Content-Type, api_key, Authorization
Server: Jetty(9.2.9.v20150224)

{
    "id": 449,
    "petId": 451,
    "quantity": 1,
    "shipDate": "2023-09-18T09:18:10.197+0000",
    "status": "available",
    "complete": true
}
]]></system-out>
  </testcase>
  <testcase name="test_List_pet_inventory_by_status" classname="api.test.Store_Tests" time="1.324">
    <system-out><![CDATA[HTTP/1.1 200 OK
Date: Fri, 06 Oct 2023 17:06:05 GMT
Content-Type: application/json
Transfer-Encoding: chunked
Connection: keep-alive
Access-Control-Allow-Origin: *
Access-Control-Allow-Methods: GET, POST, DELETE, PUT
Access-Control-Allow-Headers: Content-Type, api_key, Authorization
Server: Jetty(9.2.9.v20150224)

{
    "available\"and\"n\"=\"n": 1,
    "string": 464,
    "${(805635541+962129314)?c}": 1,
    "unavailable": 6,
    "available'and'b'='b": 1,
    "available'and(select*from(select+sleep(0))a/**/union/**/select+1)='": 1,
    "pending": 6,
    "available": 424,
    "available'/**/and(select'1'from/**/pg_sleep(0))::text>'0": 1,
    "available&set /A 811961387+949942175": 1,
    "available'and'g'='d": 1,
    "available'and(select'1'from/**/cast(md5(1764466047)as/**/int))>'0": 1,
    "available'/**/and/**/DBMS_PIPE.RECEIVE_MESSAGE('g',2)='g": 1,
    "available\"and\"y\"=\"v": 1,
    "${865759346+844483445}": 1,
    "available|expr 863114980 + 934787387 ": 1,
    "extractvalue(1,concat(char(126),md5(1789681823)))": 1,
    "<?xml version=\"1.0\"?><!DOCTYPE ANY [<!ENTITY content SYSTEM \"http://0.0.0.0:27070/i/ccfb81/5o2k/vrhq/\">]><a>&content;</a>": 1,
    "'-var_dump(md5(320460040))-'": 1,
    "available'and/**/convert(int,sys.fn_sqlvarbasetostr(HashBytes('MD5','1014609574')))>'0": 1,
    "available\"and(select*from(select+sleep(0))a/**/union/**/select+1)=\"": 1,
    "available'and/**/extractvalue(1,concat(char(126),md5(1971065974)))and'": 1,
    "expr 803833201 + 857842798": 1,
    "sold": 5,
    "available'and(select*from(select+sleep(2))a/**/union/**/select+1)='": 1,
    "available\"and(select*from(select+sleep(2))a/**/union/**/select+1)=\"": 1,
    "available\"and/**/extractvalue(1,concat(char(126),md5(1817348247)))and\"": 1,
    "convert(int,sys.fn_sqlvarbasetostr(HashBytes('MD5','1974184572')))": 1,
    "done": 44,
    "peric": 4,
    "available'and(select+1)>0waitfor/**/delay'0:0:2": 1,
    "fsatblwqbimykkseevcu": 1,
    "1": 5,
    "available'and(select+1)>0waitfor/**/delay'0:0:0": 1,
    "/*1*/{{994298686+964509125}}": 1,
    "available'/**/and(select'1'from/**/pg_sleep(2))::text>'0": 1,
    "#set($c=952826602+923237348)${c}$c": 1,
    "<%- 930183261+993635375 %>": 1,
    "available鎈'\"\\(": 1,
    "${@var_dump(md5(801718273))};": 1,
    "available$(expr 915544624 + 873154218)": 1,
    "available\nexpr 816224260 + 838716019\n": 1,
    "${908238317+993609579}": 1,
    "available/**/and/**/cast(md5('1479928821')as/**/int)>0": 1,
    "available'/**/and/**/DBMS_PIPE.RECEIVE_MESSAGE('q',0)='q": 1,
    "available'\"\\(": 1
}
]]></system-out>
  </testcase>
  <testcase name="test_Delete_purchase_order_by_ID" classname="api.test.Store_Tests" time="1.284">
    <system-out><![CDATA[HTTP/1.1 200 OK
Date: Fri, 06 Oct 2023 17:06:06 GMT
Content-Type: application/json
Transfer-Encoding: chunked
Connection: keep-alive
Access-Control-Allow-Origin: *
Access-Control-Allow-Methods: GET, POST, DELETE, PUT
Access-Control-Allow-Headers: Content-Type, api_key, Authorization
Server: Jetty(9.2.9.v20150224)

{
    "code": 200,
    "type": "unknown",
    "message": "449"
}
]]></system-out>
  </testcase>
  <testcase name="test_createToken[admin, password123](1)" classname="api.test.BookingDataDriven_Test" time="1.544">
    <system-out><![CDATA[admin | password123 | 

HTTP/1.1 200 OK
Server: Cowboy
Connection: keep-alive
X-Powered-By: Express
Content-Type: application/json; charset=utf-8
Content-Length: 27
Etag: W/"1b-btul60we015xEptzHHKPqbdaU4s"
Date: Fri, 06 Oct 2023 17:06:07 GMT
Via: 1.1 vegur

{
    "token": "654ea954f8c9286"
}
toekn----->654ea954f8c9286
]]></system-out>
  </testcase>
  <testcase name="test_getBookingIds" classname="api.test.BookingDataDriven_Test" time="1.48">
    <system-out><![CDATA[HTTP/1.1 200 OK
Server: Cowboy
Connection: keep-alive
X-Powered-By: Express
Content-Type: application/json; charset=utf-8
Content-Length: 20291
Etag: W/"4f43-p3FG6zwFnsZRqvUfSDdlIOxo/E0"
Date: Fri, 06 Oct 2023 17:06:09 GMT
Via: 1.1 vegur

[
    {
        "bookingid": 1350
    },
    {
        "bookingid": 1378
    },
    {
        "bookingid": 149
    },
    {
        "bookingid": 1144
    },
    {
        "bookingid": 765
    },
    {
        "bookingid": 1321
    },
    {
        "bookingid": 521
    },
    {
        "bookingid": 859
    },
    {
        "bookingid": 899
    },
    {
        "bookingid": 696
    },
    {
        "bookingid": 135
    },
    {
        "bookingid": 1238
    },
    {
        "bookingid": 544
    },
    {
        "bookingid": 20
    },
    {
        "bookingid": 1180
    },
    {
        "bookingid": 415
    },
    {
        "bookingid": 1136
    },
    {
        "bookingid": 1328
    },
    {
        "bookingid": 87
    },
    {
        "bookingid": 1226
    },
    {
        "bookingid": 89
    },
    {
        "bookingid": 815
    },
    {
        "bookingid": 849
    },
    {
        "bookingid": 1100
    },
    {
        "bookingid": 636
    },
    {
        "bookingid": 747
    },
    {
        "bookingid": 1260
    },
    {
        "bookingid": 1449
    },
    {
        "bookingid": 956
    },
    {
        "bookingid": 1369
    },
    {
        "bookingid": 806
    },
    {
        "bookingid": 644
    },
    {
        "bookingid": 172
    },
    {
        "bookingid": 1434
    },
    {
        "bookingid": 879
    },
    {
        "bookingid": 1227
    },
    {
        "bookingid": 1311
    },
    {
        "bookingid": 692
    },
    {
        "bookingid": 573
    },
    {
        "bookingid": 792
    },
    {
        "bookingid": 856
    },
    {
        "bookingid": 261
    },
    {
        "bookingid": 353
    },
    {
        "bookingid": 1264
    },
    {
        "bookingid": 1396
    },
    {
        "bookingid": 303
    },
    {
        "bookingid": 563
    },
    {
        "bookingid": 1305
    },
    {
        "bookingid": 508
    },
    {
        "bookingid": 1357
    },
    {
        "bookingid": 1194
    },
    {
        "bookingid": 787
    },
    {
        "bookingid": 1117
    },
    {
        "bookingid": 100
    },
    {
        "bookingid": 1565
    },
    {
        "bookingid": 175
    },
    {
        "bookingid": 766
    },
    {
        "bookingid": 589
    },
    {
        "bookingid": 1432
    },
    {
        "bookingid": 952
    },
    {
        "bookingid": 706
    },
    {
        "bookingid": 1459
    },
    {
        "bookingid": 427
    },
    {
        "bookingid": 512
    },
    {
        "bookingid": 347
    },
    {
        "bookingid": 252
    },
    {
        "bookingid": 1206
    },
    {
        "bookingid": 527
    },
    {
        "bookingid": 695
    },
    {
        "bookingid": 1152
    },
    {
        "bookingid": 990
    },
    {
        "bookingid": 1290
    },
    {
        "bookingid": 985
    },
    {
        "bookingid": 329
    },
    {
        "bookingid": 1466
    },
    {
        "bookingid": 1089
    },
    {
        "bookingid": 1573
    },
    {
        "bookingid": 39
    },
    {
        "bookingid": 804
    },
    {
        "bookingid": 234
    },
    {
        "bookingid": 536
    },
    {
        "bookingid": 1257
    },
    {
        "bookingid": 1493
    },
    {
        "bookingid": 756
    },
    {
        "bookingid": 221
    },
    {
        "bookingid": 1147
    },
    {
        "bookingid": 707
    },
    {
        "bookingid": 794
    },
    {
        "bookingid": 503
    },
    {
        "bookingid": 1253
    },
    {
        "bookingid": 285
    },
    {
        "bookingid": 439
    },
    {
        "bookingid": 620
    },
    {
        "bookingid": 811
    },
    {
        "bookingid": 686
    },
    {
        "bookingid": 1060
    },
    {
        "bookingid": 170
    },
    {
        "bookingid": 394
    },
    {
        "bookingid": 141
    },
    {
        "bookingid": 56
    },
    {
        "bookingid": 385
    },
    {
        "bookingid": 988
    },
    {
        "bookingid": 16
    },
    {
        "bookingid": 801
    },
    {
        "bookingid": 341
    },
    {
        "bookingid": 201
    },
    {
        "bookingid": 1024
    },
    {
        "bookingid": 941
    },
    {
        "bookingid": 397
    },
    {
        "bookingid": 726
    },
    {
        "bookingid": 1187
    },
    {
        "bookingid": 407
    },
    {
        "bookingid": 525
    },
    {
        "bookingid": 612
    },
    {
        "bookingid": 198
    },
    {
        "bookingid": 492
    },
    {
        "bookingid": 258
    },
    {
        "bookingid": 873
    },
    {
        "bookingid": 382
    },
    {
        "bookingid": 194
    },
    {
        "bookingid": 855
    },
    {
        "bookingid": 1196
    },
    {
        "bookingid": 480
    },
    {
        "bookingid": 1296
    },
    {
        "bookingid": 703
    },
    {
        "bookingid": 1200
    },
    {
        "bookingid": 949
    },
    {
        "bookingid": 580
    },
    {
        "bookingid": 319
    },
    {
        "bookingid": 402
    },
    {
        "bookingid": 1468
    },
    {
        "bookingid": 1334
    },
    {
        "bookingid": 607
    },
    {
        "bookingid": 413
    },
    {
        "bookingid": 1324
    },
    {
        "bookingid": 99
    },
    {
        "bookingid": 1272
    },
    {
        "bookingid": 186
    },
    {
        "bookingid": 1372
    },
    {
        "bookingid": 471
    },
    {
        "bookingid": 704
    },
    {
        "bookingid": 47
    },
    {
        "bookingid": 208
    },
    {
        "bookingid": 1322
    },
    {
        "bookingid": 1371
    },
    {
        "bookingid": 1223
    },
    {
        "bookingid": 38
    },
    {
        "bookingid": 809
    },
    {
        "bookingid": 137
    },
    {
        "bookingid": 395
    },
    {
        "bookingid": 80
    },
    {
        "bookingid": 671
    },
    {
        "bookingid": 1526
    },
    {
        "bookingid": 1333
    },
    {
        "bookingid": 12
    },
    {
        "bookingid": 272
    },
    {
        "bookingid": 14
    },
    {
        "bookingid": 1063
    },
    {
        "bookingid": 507
    },
    {
        "bookingid": 595
    },
    {
        "bookingid": 778
    },
    {
        "bookingid": 476
    },
    {
        "bookingid": 731
    },
    {
        "bookingid": 460
    },
    {
        "bookingid": 1534
    },
    {
        "bookingid": 1552
    },
    {
        "bookingid": 626
    },
    {
        "bookingid": 523
    },
    {
        "bookingid": 1190
    },
    {
        "bookingid": 1497
    },
    {
        "bookingid": 1561
    },
    {
        "bookingid": 477
    },
    {
        "bookingid": 1041
    },
    {
        "bookingid": 155
    },
    {
        "bookingid": 293
    },
    {
        "bookingid": 364
    },
    {
        "bookingid": 919
    },
    {
        "bookingid": 1472
    },
    {
        "bookingid": 848
    },
    {
        "bookingid": 593
    },
    {
        "bookingid": 245
    },
    {
        "bookingid": 759
    },
    {
        "bookingid": 1447
    },
    {
        "bookingid": 1509
    },
    {
        "bookingid": 7
    },
    {
        "bookingid": 109
    },
    {
        "bookingid": 771
    },
    {
        "bookingid": 1499
    },
    {
        "bookingid": 11
    },
    {
        "bookingid": 1034
    },
    {
        "bookingid": 1325
    },
    {
        "bookingid": 95
    },
    {
        "bookingid": 1224
    },
    {
        "bookingid": 1339
    },
    {
        "bookingid": 1539
    },
    {
        "bookingid": 1451
    },
    {
        "bookingid": 473
    },
    {
        "bookingid": 193
    },
    {
        "bookingid": 1452
    },
    {
        "bookingid": 746
    },
    {
        "bookingid": 387
    },
    {
        "bookingid": 1335
    },
    {
        "bookingid": 1465
    },
    {
        "bookingid": 1427
    },
    {
        "bookingid": 906
    },
    {
        "bookingid": 31
    },
    {
        "bookingid": 1307
    },
    {
        "bookingid": 833
    },
    {
        "bookingid": 206
    },
    {
        "bookingid": 1156
    },
    {
        "bookingid": 251
    },
    {
        "bookingid": 1232
    },
    {
        "bookingid": 1018
    },
    {
        "bookingid": 935
    },
    {
        "bookingid": 1391
    },
    {
        "bookingid": 1183
    },
    {
        "bookingid": 470
    },
    {
        "bookingid": 333
    },
    {
        "bookingid": 1228
    },
    {
        "bookingid": 664
    },
    {
        "bookingid": 1209
    },
    {
        "bookingid": 1208
    },
    {
        "bookingid": 309
    },
    {
        "bookingid": 1235
    },
    {
        "bookingid": 790
    },
    {
        "bookingid": 448
    },
    {
        "bookingid": 169
    },
    {
        "bookingid": 126
    },
    {
        "bookingid": 1270
    },
    {
        "bookingid": 121
    },
    {
        "bookingid": 789
    },
    {
        "bookingid": 239
    },
    {
        "bookingid": 33
    },
    {
        "bookingid": 165
    },
    {
        "bookingid": 533
    },
    {
        "bookingid": 984
    },
    {
        "bookingid": 662
    },
    {
        "bookingid": 1313
    },
    {
        "bookingid": 153
    },
    {
        "bookingid": 1160
    },
    {
        "bookingid": 468
    },
    {
        "bookingid": 205
    },
    {
        "bookingid": 3
    },
    {
        "bookingid": 164
    },
    {
        "bookingid": 231
    },
    {
        "bookingid": 1349
    },
    {
        "bookingid": 225
    },
    {
        "bookingid": 1525
    },
    {
        "bookingid": 1005
    },
    {
        "bookingid": 1201
    },
    {
        "bookingid": 910
    },
    {
        "bookingid": 1221
    },
    {
        "bookingid": 1558
    },
    {
        "bookingid": 8
    },
    {
        "bookingid": 1174
    },
    {
        "bookingid": 1549
    },
    {
        "bookingid": 9
    },
    {
        "bookingid": 1390
    },
    {
        "bookingid": 634
    },
    {
        "bookingid": 779
    },
    {
        "bookingid": 1397
    },
    {
        "bookingid": 52
    },
    {
        "bookingid": 1101
    },
    {
        "bookingid": 592
    },
    {
        "bookingid": 419
    },
    {
        "bookingid": 488
    },
    {
        "bookingid": 1268
    },
    {
        "bookingid": 326
    },
    {
        "bookingid": 866
    },
    {
        "bookingid": 1138
    },
    {
        "bookingid": 117
    },
    {
        "bookingid": 959
    },
    {
        "bookingid": 1480
    },
    {
        "bookingid": 450
    },
    {
        "bookingid": 574
    },
    {
        "bookingid": 97
    },
    {
        "bookingid": 267
    },
    {
        "bookingid": 1450
    },
    {
        "bookingid": 1423
    },
    {
        "bookingid": 270
    },
    {
        "bookingid": 1019
    },
    {
        "bookingid": 1027
    },
    {
        "bookingid": 538
    },
    {
        "bookingid": 549
    },
    {
        "bookingid": 824
    },
    {
        "bookingid": 116
    },
    {
        "bookingid": 180
    },
    {
        "bookingid": 233
    },
    {
        "bookingid": 619
    },
    {
        "bookingid": 586
    },
    {
        "bookingid": 1037
    },
    {
        "bookingid": 1316
    },
    {
        "bookingid": 1133
    },
    {
        "bookingid": 1202
    },
    {
        "bookingid": 1538
    },
    {
        "bookingid": 65
    },
    {
        "bookingid": 613
    },
    {
        "bookingid": 1098
    },
    {
        "bookingid": 325
    },
    {
        "bookingid": 1179
    },
    {
        "bookingid": 886
    },
    {
        "bookingid": 177
    },
    {
        "bookingid": 495
    },
    {
        "bookingid": 421
    },
    {
        "bookingid": 515
    },
    {
        "bookingid": 896
    },
    {
        "bookingid": 1426
    },
    {
        "bookingid": 42
    },
    {
        "bookingid": 1387
    },
    {
        "bookingid": 90
    },
    {
        "bookingid": 1474
    },
    {
        "bookingid": 451
    },
    {
        "bookingid": 138
    },
    {
        "bookingid": 513
    },
    {
        "bookingid": 1502
    },
    {
        "bookingid": 1013
    },
    {
        "bookingid": 34
    },
    {
        "bookingid": 1511
    },
    {
        "bookingid": 995
    },
    {
        "bookingid": 1096
    },
    {
        "bookingid": 1184
    },
    {
        "bookingid": 1344
    },
    {
        "bookingid": 386
    },
    {
        "bookingid": 77
    },
    {
        "bookingid": 729
    },
    {
        "bookingid": 1239
    },
    {
        "bookingid": 1068
    },
    {
        "bookingid": 1108
    },
    {
        "bookingid": 1012
    },
    {
        "bookingid": 1115
    },
    {
        "bookingid": 1153
    },
    {
        "bookingid": 273
    },
    {
        "bookingid": 835
    },
    {
        "bookingid": 1312
    },
    {
        "bookingid": 335
    },
    {
        "bookingid": 698
    },
    {
        "bookingid": 1210
    },
    {
        "bookingid": 32
    },
    {
        "bookingid": 190
    },
    {
        "bookingid": 1559
    },
    {
        "bookingid": 88
    },
    {
        "bookingid": 1578
    },
    {
        "bookingid": 752
    },
    {
        "bookingid": 963
    },
    {
        "bookingid": 1032
    },
    {
        "bookingid": 829
    },
    {
        "bookingid": 240
    },
    {
        "bookingid": 405
    },
    {
        "bookingid": 684
    },
    {
        "bookingid": 1302
    },
    {
        "bookingid": 86
    },
    {
        "bookingid": 458
    },
    {
        "bookingid": 115
    },
    {
        "bookingid": 191
    },
    {
        "bookingid": 199
    },
    {
        "bookingid": 145
    },
    {
        "bookingid": 127
    },
    {
        "bookingid": 826
    },
    {
        "bookingid": 762
    },
    {
        "bookingid": 530
    },
    {
        "bookingid": 1584
    },
    {
        "bookingid": 41
    },
    {
        "bookingid": 727
    },
    {
        "bookingid": 289
    },
    {
        "bookingid": 455
    },
    {
        "bookingid": 269
    },
    {
        "bookingid": 375
    },
    {
        "bookingid": 176
    },
    {
        "bookingid": 213
    },
    {
        "bookingid": 67
    },
    {
        "bookingid": 989
    },
    {
        "bookingid": 887
    },
    {
        "bookingid": 1545
    },
    {
        "bookingid": 921
    },
    {
        "bookingid": 361
    },
    {
        "bookingid": 163
    },
    {
        "bookingid": 832
    },
    {
        "bookingid": 541
    },
    {
        "bookingid": 1254
    },
    {
        "bookingid": 1065
    },
    {
        "bookingid": 1091
    },
    {
        "bookingid": 964
    },
    {
        "bookingid": 142
    },
    {
        "bookingid": 1008
    },
    {
        "bookingid": 27
    },
    {
        "bookingid": 452
    },
    {
        "bookingid": 713
    },
    {
        "bookingid": 1258
    },
    {
        "bookingid": 58
    },
    {
        "bookingid": 1347
    },
    {
        "bookingid": 1127
    },
    {
        "bookingid": 112
    },
    {
        "bookingid": 72
    },
    {
        "bookingid": 282
    },
    {
        "bookingid": 1521
    },
    {
        "bookingid": 916
    },
    {
        "bookingid": 1164
    },
    {
        "bookingid": 1125
    },
    {
        "bookingid": 380
    },
    {
        "bookingid": 1283
    },
    {
        "bookingid": 63
    },
    {
        "bookingid": 35
    },
    {
        "bookingid": 1276
    },
    {
        "bookingid": 657
    },
    {
        "bookingid": 120
    },
    {
        "bookingid": 1355
    },
    {
        "bookingid": 1518
    },
    {
        "bookingid": 651
    },
    {
        "bookingid": 130
    },
    {
        "bookingid": 133
    },
    {
        "bookingid": 1225
    },
    {
        "bookingid": 441
    },
    {
        "bookingid": 215
    },
    {
        "bookingid": 1546
    },
    {
        "bookingid": 1236
    },
    {
        "bookingid": 509
    },
    {
        "bookingid": 406
    },
    {
        "bookingid": 1403
    },
    {
        "bookingid": 284
    },
    {
        "bookingid": 1004
    },
    {
        "bookingid": 59
    },
    {
        "bookingid": 1315
    },
    {
        "bookingid": 1074
    },
    {
        "bookingid": 1023
    },
    {
        "bookingid": 392
    },
    {
        "bookingid": 944
    },
    {
        "bookingid": 875
    },
    {
        "bookingid": 276
    },
    {
        "bookingid": 290
    },
    {
        "bookingid": 1
    },
    {
        "bookingid": 545
    },
    {
        "bookingid": 101
    },
    {
        "bookingid": 1095
    },
    {
        "bookingid": 650
    },
    {
        "bookingid": 579
    },
    {
        "bookingid": 1470
    },
    {
        "bookingid": 362
    },
    {
        "bookingid": 1083
    },
    {
        "bookingid": 456
    },
    {
        "bookingid": 1155
    },
    {
        "bookingid": 426
    },
    {
        "bookingid": 781
    },
    {
        "bookingid": 673
    },
    {
        "bookingid": 1394
    },
    {
        "bookingid": 123
    },
    {
        "bookingid": 1043
    },
    {
        "bookingid": 76
    },
    {
        "bookingid": 568
    },
    {
        "bookingid": 753
    },
    {
        "bookingid": 1242
    },
    {
        "bookingid": 485
    },
    {
        "bookingid": 907
    },
    {
        "bookingid": 44
    },
    {
        "bookingid": 1216
    },
    {
        "bookingid": 433
    },
    {
        "bookingid": 28
    },
    {
        "bookingid": 437
    },
    {
        "bookingid": 718
    },
    {
        "bookingid": 78
    },
    {
        "bookingid": 310
    },
    {
        "bookingid": 712
    },
    {
        "bookingid": 71
    },
    {
        "bookingid": 605
    },
    {
        "bookingid": 1504
    },
    {
        "bookingid": 1014
    },
    {
        "bookingid": 1506
    },
    {
        "bookingid": 1181
    },
    {
        "bookingid": 929
    },
    {
        "bookingid": 953
    },
    {
        "bookingid": 1175
    },
    {
        "bookingid": 1496
    },
    {
        "bookingid": 459
    },
    {
        "bookingid": 154
    },
    {
        "bookingid": 564
    },
    {
        "bookingid": 1218
    },
    {
        "bookingid": 1173
    },
    {
        "bookingid": 1003
    },
    {
        "bookingid": 348
    },
    {
        "bookingid": 1460
    },
    {
        "bookingid": 882
    },
    {
        "bookingid": 359
    },
    {
        "bookingid": 461
    },
    {
        "bookingid": 1134
    },
    {
        "bookingid": 1053
    },
    {
        "bookingid": 1498
    },
    {
        "bookingid": 156
    },
    {
        "bookingid": 64
    },
    {
        "bookingid": 1075
    },
    {
        "bookingid": 294
    },
    {
        "bookingid": 182
    },
    {
        "bookingid": 594
    },
    {
        "bookingid": 1282
    },
    {
        "bookingid": 391
    },
    {
        "bookingid": 872
    },
    {
        "bookingid": 749
    },
    {
        "bookingid": 606
    },
    {
        "bookingid": 91
    },
    {
        "bookingid": 1562
    },
    {
        "bookingid": 659
    },
    {
        "bookingid": 168
    },
    {
        "bookingid": 977
    },
    {
        "bookingid": 328
    },
    {
        "bookingid": 1145
    },
    {
        "bookingid": 1294
    },
    {
        "bookingid": 218
    },
    {
        "bookingid": 51
    },
    {
        "bookingid": 147
    },
    {
        "bookingid": 1061
    },
    {
        "bookingid": 978
    },
    {
        "bookingid": 1402
    },
    {
        "bookingid": 577
    },
    {
        "bookingid": 736
    },
    {
        "bookingid": 982
    },
    {
        "bookingid": 414
    },
    {
        "bookingid": 930
    },
    {
        "bookingid": 557
    },
    {
        "bookingid": 1086
    },
    {
        "bookingid": 1049
    },
    {
        "bookingid": 1399
    },
    {
        "bookingid": 820
    },
    {
        "bookingid": 1388
    },
    {
        "bookingid": 1123
    },
    {
        "bookingid": 934
    },
    {
        "bookingid": 514
    },
    {
        "bookingid": 219
    },
    {
        "bookingid": 1102
    },
    {
        "bookingid": 1553
    },
    {
        "bookingid": 502
    },
    {
        "bookingid": 1476
    },
    {
        "bookingid": 1437
    },
    {
        "bookingid": 760
    },
    {
        "bookingid": 1547
    },
    {
        "bookingid": 368
    },
    {
        "bookingid": 236
    },
    {
        "bookingid": 539
    },
    {
        "bookingid": 6
    },
    {
        "bookingid": 264
    },
    {
        "bookingid": 1308
    },
    {
        "bookingid": 1052
    },
    {
        "bookingid": 262
    },
    {
        "bookingid": 745
    },
    {
        "bookingid": 48
    },
    {
        "bookingid": 23
    },
    {
        "bookingid": 66
    },
    {
        "bookingid": 1067
    },
    {
        "bookingid": 467
    },
    {
        "bookingid": 493
    },
    {
        "bookingid": 1284
    },
    {
        "bookingid": 1495
    },
    {
        "bookingid": 1277
    },
    {
        "bookingid": 976
    },
    {
        "bookingid": 562
    },
    {
        "bookingid": 1481
    },
    {
        "bookingid": 1556
    },
    {
        "bookingid": 723
    },
    {
        "bookingid": 425
    },
    {
        "bookingid": 842
    },
    {
        "bookingid": 975
    },
    {
        "bookingid": 860
    },
    {
        "bookingid": 1071
    },
    {
        "bookingid": 738
    },
    {
        "bookingid": 1523
    },
    {
        "bookingid": 844
    },
    {
        "bookingid": 810
    },
    {
        "bookingid": 979
    },
    {
        "bookingid": 631
    },
    {
        "bookingid": 396
    },
    {
        "bookingid": 1233
    },
    {
        "bookingid": 1453
    },
    {
        "bookingid": 150
    },
    {
        "bookingid": 588
    },
    {
        "bookingid": 420
    },
    {
        "bookingid": 185
    },
    {
        "bookingid": 600
    },
    {
        "bookingid": 106
    },
    {
        "bookingid": 83
    },
    {
        "bookingid": 958
    },
    {
        "bookingid": 807
    },
    {
        "bookingid": 1522
    },
    {
        "bookingid": 1113
    },
    {
        "bookingid": 1172
    },
    {
        "bookingid": 1412
    },
    {
        "bookingid": 438
    },
    {
        "bookingid": 1411
    },
    {
        "bookingid": 853
    },
    {
        "bookingid": 1580
    },
    {
        "bookingid": 5
    },
    {
        "bookingid": 890
    },
    {
        "bookingid": 1571
    },
    {
        "bookingid": 1288
    },
    {
        "bookingid": 1170
    },
    {
        "bookingid": 342
    },
    {
        "bookingid": 1151
    },
    {
        "bookingid": 751
    },
    {
        "bookingid": 785
    },
    {
        "bookingid": 927
    },
    {
        "bookingid": 1491
    },
    {
        "bookingid": 1400
    },
    {
        "bookingid": 43
    },
    {
        "bookingid": 637
    },
    {
        "bookingid": 288
    },
    {
        "bookingid": 1568
    },
    {
        "bookingid": 108
    },
    {
        "bookingid": 716
    },
    {
        "bookingid": 1058
    },
    {
        "bookingid": 45
    },
    {
        "bookingid": 918
    },
    {
        "bookingid": 797
    },
    {
        "bookingid": 55
    },
    {
        "bookingid": 867
    },
    {
        "bookingid": 57
    },
    {
        "bookingid": 216
    },
    {
        "bookingid": 870
    },
    {
        "bookingid": 442
    },
    {
        "bookingid": 321
    },
    {
        "bookingid": 1274
    },
    {
        "bookingid": 735
    },
    {
        "bookingid": 1249
    },
    {
        "bookingid": 447
    },
    {
        "bookingid": 642
    },
    {
        "bookingid": 4
    },
    {
        "bookingid": 1576
    },
    {
        "bookingid": 1030
    },
    {
        "bookingid": 416
    },
    {
        "bookingid": 1435
    },
    {
        "bookingid": 1073
    },
    {
        "bookingid": 827
    },
    {
        "bookingid": 616
    },
    {
        "bookingid": 376
    },
    {
        "bookingid": 1009
    },
    {
        "bookingid": 75
    },
    {
        "bookingid": 535
    },
    {
        "bookingid": 1197
    },
    {
        "bookingid": 479
    },
    {
        "bookingid": 70
    },
    {
        "bookingid": 283
    },
    {
        "bookingid": 1252
    },
    {
        "bookingid": 725
    },
    {
        "bookingid": 159
    },
    {
        "bookingid": 1542
    },
    {
        "bookingid": 1569
    },
    {
        "bookingid": 327
    },
    {
        "bookingid": 246
    },
    {
        "bookingid": 994
    },
    {
        "bookingid": 1135
    },
    {
        "bookingid": 777
    },
    {
        "bookingid": 1540
    },
    {
        "bookingid": 1107
    },
    {
        "bookingid": 279
    },
    {
        "bookingid": 547
    },
    {
        "bookingid": 370
    },
    {
        "bookingid": 355
    },
    {
        "bookingid": 909
    },
    {
        "bookingid": 709
    },
    {
        "bookingid": 1118
    },
    {
        "bookingid": 1346
    },
    {
        "bookingid": 1062
    },
    {
        "bookingid": 305
    },
    {
        "bookingid": 960
    },
    {
        "bookingid": 224
    },
    {
        "bookingid": 721
    },
    {
        "bookingid": 638
    },
    {
        "bookingid": 1176
    },
    {
        "bookingid": 207
    },
    {
        "bookingid": 732
    },
    {
        "bookingid": 13
    },
    {
        "bookingid": 722
    },
    {
        "bookingid": 705
    },
    {
        "bookingid": 1583
    },
    {
        "bookingid": 741
    },
    {
        "bookingid": 665
    },
    {
        "bookingid": 500
    },
    {
        "bookingid": 383
    },
    {
        "bookingid": 111
    },
    {
        "bookingid": 230
    },
    {
        "bookingid": 1478
    },
    {
        "bookingid": 1471
    },
    {
        "bookingid": 1446
    },
    {
        "bookingid": 84
    },
    {
        "bookingid": 836
    },
    {
        "bookingid": 1157
    },
    {
        "bookingid": 622
    },
    {
        "bookingid": 1360
    },
    {
        "bookingid": 1244
    },
    {
        "bookingid": 1438
    },
    {
        "bookingid": 784
    },
    {
        "bookingid": 967
    },
    {
        "bookingid": 641
    },
    {
        "bookingid": 40
    },
    {
        "bookingid": 21
    },
    {
        "bookingid": 905
    },
    {
        "bookingid": 1287
    },
    {
        "bookingid": 432
    },
    {
        "bookingid": 1273
    },
    {
        "bookingid": 379
    },
    {
        "bookingid": 656
    },
    {
        "bookingid": 324
    },
    {
        "bookingid": 1051
    },
    {
        "bookingid": 494
    },
    {
        "bookingid": 313
    },
    {
        "bookingid": 1515
    },
    {
        "bookingid": 489
    },
    {
        "bookingid": 847
    },
    {
        "bookingid": 318
    },
    {
        "bookingid": 345
    },
    {
        "bookingid": 1087
    },
    {
        "bookingid": 652
    },
    {
        "bookingid": 598
    },
    {
        "bookingid": 314
    },
    {
        "bookingid": 1484
    },
    {
        "bookingid": 524
    },
    {
        "bookingid": 399
    },
    {
        "bookingid": 1366
    },
    {
        "bookingid": 295
    },
    {
        "bookingid": 615
    },
    {
        "bookingid": 679
    },
    {
        "bookingid": 254
    },
    {
        "bookingid": 551
    },
    {
        "bookingid": 1119
    },
    {
        "bookingid": 554
    },
    {
        "bookingid": 18
    },
    {
        "bookingid": 268
    },
    {
        "bookingid": 1039
    },
    {
        "bookingid": 843
    },
    {
        "bookingid": 519
    },
    {
        "bookingid": 1084
    },
    {
        "bookingid": 408
    },
    {
        "bookingid": 869
    },
    {
        "bookingid": 1185
    },
    {
        "bookingid": 1564
    },
    {
        "bookingid": 1299
    },
    {
        "bookingid": 1015
    },
    {
        "bookingid": 227
    },
    {
        "bookingid": 422
    },
    {
        "bookingid": 1162
    },
    {
        "bookingid": 822
    },
    {
        "bookingid": 1076
    },
    {
        "bookingid": 1516
    },
    {
        "bookingid": 683
    },
    {
        "bookingid": 878
    },
    {
        "bookingid": 672
    },
    {
        "bookingid": 1440
    },
    {
        "bookingid": 1410
    },
    {
        "bookingid": 817
    },
    {
        "bookingid": 171
    },
    {
        "bookingid": 1477
    },
    {
        "bookingid": 131
    },
    {
        "bookingid": 761
    },
    {
        "bookingid": 300
    },
    {
        "bookingid": 19
    },
    {
        "bookingid": 830
    },
    {
        "bookingid": 464
    },
    {
        "bookingid": 1099
    },
    {
        "bookingid": 543
    },
    {
        "bookingid": 937
    },
    {
        "bookingid": 559
    },
    {
        "bookingid": 965
    },
    {
        "bookingid": 358
    },
    {
        "bookingid": 780
    },
    {
        "bookingid": 192
    },
    {
        "bookingid": 1417
    },
    {
        "bookingid": 96
    },
    {
        "bookingid": 312
    },
    {
        "bookingid": 334
    },
    {
        "bookingid": 742
    },
    {
        "bookingid": 914
    },
    {
        "bookingid": 352
    },
    {
        "bookingid": 1241
    },
    {
        "bookingid": 1443
    },
    {
        "bookingid": 1289
    },
    {
        "bookingid": 446
    },
    {
        "bookingid": 259
    },
    {
        "bookingid": 1088
    },
    {
        "bookingid": 1531
    },
    {
        "bookingid": 803
    },
    {
        "bookingid": 677
    },
    {
        "bookingid": 1169
    },
    {
        "bookingid": 1340
    },
    {
        "bookingid": 690
    },
    {
        "bookingid": 306
    },
    {
        "bookingid": 148
    },
    {
        "bookingid": 1483
    },
    {
        "bookingid": 257
    },
    {
        "bookingid": 555
    },
    {
        "bookingid": 812
    },
    {
        "bookingid": 105
    },
    {
        "bookingid": 1167
    },
    {
        "bookingid": 587
    },
    {
        "bookingid": 668
    },
    {
        "bookingid": 1342
    },
    {
        "bookingid": 98
    },
    {
        "bookingid": 670
    },
    {
        "bookingid": 103
    },
    {
        "bookingid": 491
    },
    {
        "bookingid": 865
    },
    {
        "bookingid": 1532
    },
    {
        "bookingid": 298
    },
    {
        "bookingid": 1040
    },
    {
        "bookingid": 611
    },
    {
        "bookingid": 1416
    },
    {
        "bookingid": 1128
    },
    {
        "bookingid": 1462
    },
    {
        "bookingid": 744
    },
    {
        "bookingid": 970
    },
    {
        "bookingid": 912
    },
    {
        "bookingid": 1199
    },
    {
        "bookingid": 972
    },
    {
        "bookingid": 1332
    },
    {
        "bookingid": 428
    },
    {
        "bookingid": 880
    },
    {
        "bookingid": 1110
    },
    {
        "bookingid": 1064
    },
    {
        "bookingid": 1214
    },
    {
        "bookingid": 993
    },
    {
        "bookingid": 814
    },
    {
        "bookingid": 1430
    },
    {
        "bookingid": 79
    },
    {
        "bookingid": 1501
    },
    {
        "bookingid": 94
    },
    {
        "bookingid": 1361
    },
    {
        "bookingid": 481
    },
    {
        "bookingid": 29
    },
    {
        "bookingid": 1220
    },
    {
        "bookingid": 1439
    },
    {
        "bookingid": 697
    },
    {
        "bookingid": 1582
    },
    {
        "bookingid": 69
    },
    {
        "bookingid": 60
    },
    {
        "bookingid": 1358
    },
    {
        "bookingid": 1054
    },
    {
        "bookingid": 124
    },
    {
        "bookingid": 367
    },
    {
        "bookingid": 184
    },
    {
        "bookingid": 1300
    },
    {
        "bookingid": 737
    },
    {
        "bookingid": 646
    },
    {
        "bookingid": 486
    },
    {
        "bookingid": 1028
    },
    {
        "bookingid": 581
    },
    {
        "bookingid": 457
    },
    {
        "bookingid": 403
    },
    {
        "bookingid": 1572
    },
    {
        "bookingid": 628
    },
    {
        "bookingid": 923
    },
    {
        "bookingid": 1464
    },
    {
        "bookingid": 1205
    },
    {
        "bookingid": 466
    },
    {
        "bookingid": 553
    },
    {
        "bookingid": 517
    },
    {
        "bookingid": 1444
    },
    {
        "bookingid": 340
    },
    {
        "bookingid": 388
    },
    {
        "bookingid": 971
    },
    {
        "bookingid": 1191
    },
    {
        "bookingid": 482
    },
    {
        "bookingid": 1425
    },
    {
        "bookingid": 248
    },
    {
        "bookingid": 640
    },
    {
        "bookingid": 1159
    },
    {
        "bookingid": 241
    },
    {
        "bookingid": 1421
    },
    {
        "bookingid": 1154
    },
    {
        "bookingid": 885
    },
    {
        "bookingid": 472
    },
    {
        "bookingid": 1456
    },
    {
        "bookingid": 1031
    },
    {
        "bookingid": 798
    },
    {
        "bookingid": 1142
    },
    {
        "bookingid": 689
    },
    {
        "bookingid": 898
    },
    {
        "bookingid": 53
    },
    {
        "bookingid": 838
    },
    {
        "bookingid": 955
    },
    {
        "bookingid": 663
    },
    {
        "bookingid": 1326
    },
    {
        "bookingid": 1070
    },
    {
        "bookingid": 128
    },
    {
        "bookingid": 24
    },
    {
        "bookingid": 601
    },
    {
        "bookingid": 1251
    },
    {
        "bookingid": 1281
    },
    {
        "bookingid": 893
    },
    {
        "bookingid": 371
    },
    {
        "bookingid": 277
    },
    {
        "bookingid": 572
    },
    {
        "bookingid": 212
    },
    {
        "bookingid": 1262
    },
    {
        "bookingid": 369
    },
    {
        "bookingid": 1306
    },
    {
        "bookingid": 260
    },
    {
        "bookingid": 434
    },
    {
        "bookingid": 854
    },
    {
        "bookingid": 693
    },
    {
        "bookingid": 1348
    },
    {
        "bookingid": 1148
    },
    {
        "bookingid": 1488
    },
    {
        "bookingid": 1505
    },
    {
        "bookingid": 947
    },
    {
        "bookingid": 1261
    },
    {
        "bookingid": 924
    },
    {
        "bookingid": 1550
    },
    {
        "bookingid": 1367
    },
    {
        "bookingid": 1265
    },
    {
        "bookingid": 714
    },
    {
        "bookingid": 669
    },
    {
        "bookingid": 1579
    },
    {
        "bookingid": 618
    },
    {
        "bookingid": 610
    },
    {
        "bookingid": 118
    },
    {
        "bookingid": 209
    },
    {
        "bookingid": 1379
    },
    {
        "bookingid": 903
    },
    {
        "bookingid": 861
    },
    {
        "bookingid": 134
    },
    {
        "bookingid": 10
    },
    {
        "bookingid": 816
    },
    {
        "bookingid": 17
    },
    {
        "bookingid": 1048
    },
    {
        "bookingid": 1420
    },
    {
        "bookingid": 114
    },
    {
        "bookingid": 1215
    },
    {
        "bookingid": 1419
    },
    {
        "bookingid": 623
    },
    {
        "bookingid": 987
    },
    {
        "bookingid": 1168
    },
    {
        "bookingid": 768
    },
    {
        "bookingid": 1537
    },
    {
        "bookingid": 999
    },
    {
        "bookingid": 840
    },
    {
        "bookingid": 1295
    },
    {
        "bookingid": 247
    },
    {
        "bookingid": 1094
    },
    {
        "bookingid": 1314
    },
    {
        "bookingid": 715
    },
    {
        "bookingid": 1109
    },
    {
        "bookingid": 604
    },
    {
        "bookingid": 938
    },
    {
        "bookingid": 850
    },
    {
        "bookingid": 699
    },
    {
        "bookingid": 1104
    },
    {
        "bookingid": 884
    },
    {
        "bookingid": 802
    },
    {
        "bookingid": 204
    },
    {
        "bookingid": 883
    },
    {
        "bookingid": 104
    },
    {
        "bookingid": 25
    },
    {
        "bookingid": 1010
    },
    {
        "bookingid": 647
    },
    {
        "bookingid": 834
    },
    {
        "bookingid": 2
    },
    {
        "bookingid": 767
    },
    {
        "bookingid": 232
    },
    {
        "bookingid": 401
    },
    {
        "bookingid": 1121
    },
    {
        "bookingid": 253
    },
    {
        "bookingid": 274
    },
    {
        "bookingid": 931
    },
    {
        "bookingid": 1141
    },
    {
        "bookingid": 1021
    },
    {
        "bookingid": 1567
    },
    {
        "bookingid": 1393
    },
    {
        "bookingid": 1370
    },
    {
        "bookingid": 1363
    },
    {
        "bookingid": 1364
    },
    {
        "bookingid": 125
    },
    {
        "bookingid": 1354
    },
    {
        "bookingid": 1002
    },
    {
        "bookingid": 685
    },
    {
        "bookingid": 1158
    },
    {
        "bookingid": 73
    },
    {
        "bookingid": 1114
    },
    {
        "bookingid": 946
    },
    {
        "bookingid": 292
    },
    {
        "bookingid": 197
    },
    {
        "bookingid": 354
    },
    {
        "bookingid": 496
    },
    {
        "bookingid": 1489
    },
    {
        "bookingid": 1035
    },
    {
        "bookingid": 351
    },
    {
        "bookingid": 431
    },
    {
        "bookingid": 1045
    },
    {
        "bookingid": 339
    },
    {
        "bookingid": 1212
    },
    {
        "bookingid": 821
    },
    {
        "bookingid": 1458
    },
    {
        "bookingid": 567
    },
    {
        "bookingid": 1092
    },
    {
        "bookingid": 1124
    },
    {
        "bookingid": 143
    },
    {
        "bookingid": 440
    },
    {
        "bookingid": 969
    },
    {
        "bookingid": 548
    },
    {
        "bookingid": 1418
    },
    {
        "bookingid": 540
    },
    {
        "bookingid": 228
    },
    {
        "bookingid": 876
    },
    {
        "bookingid": 1025
    },
    {
        "bookingid": 915
    },
    {
        "bookingid": 635
    },
    {
        "bookingid": 660
    },
    {
        "bookingid": 796
    },
    {
        "bookingid": 82
    },
    {
        "bookingid": 301
    },
    {
        "bookingid": 1528
    },
    {
        "bookingid": 1318
    },
    {
        "bookingid": 773
    },
    {
        "bookingid": 179
    },
    {
        "bookingid": 1243
    },
    {
        "bookingid": 242
    },
    {
        "bookingid": 1510
    },
    {
        "bookingid": 1377
    },
    {
        "bookingid": 1193
    },
    {
        "bookingid": 1530
    },
    {
        "bookingid": 200
    },
    {
        "bookingid": 717
    },
    {
        "bookingid": 1079
    },
    {
        "bookingid": 304
    },
    {
        "bookingid": 1341
    },
    {
        "bookingid": 888
    },
    {
        "bookingid": 1137
    },
    {
        "bookingid": 630
    },
    {
        "bookingid": 862
    },
    {
        "bookingid": 1267
    },
    {
        "bookingid": 187
    },
    {
        "bookingid": 791
    },
    {
        "bookingid": 943
    },
    {
        "bookingid": 772
    },
    {
        "bookingid": 629
    },
    {
        "bookingid": 1150
    },
    {
        "bookingid": 980
    },
    {
        "bookingid": 578
    },
    {
        "bookingid": 1293
    },
    {
        "bookingid": 372
    },
    {
        "bookingid": 997
    },
    {
        "bookingid": 532
    },
    {
        "bookingid": 894
    },
    {
        "bookingid": 754
    },
    {
        "bookingid": 1519
    },
    {
        "bookingid": 582
    },
    {
        "bookingid": 1405
    },
    {
        "bookingid": 1000
    },
    {
        "bookingid": 645
    },
    {
        "bookingid": 902
    },
    {
        "bookingid": 560
    },
    {
        "bookingid": 1385
    },
    {
        "bookingid": 1429
    },
    {
        "bookingid": 1384
    },
    {
        "bookingid": 897
    },
    {
        "bookingid": 1327
    },
    {
        "bookingid": 1301
    },
    {
        "bookingid": 653
    },
    {
        "bookingid": 378
    },
    {
        "bookingid": 678
    },
    {
        "bookingid": 1057
    },
    {
        "bookingid": 506
    },
    {
        "bookingid": 1237
    },
    {
        "bookingid": 346
    },
    {
        "bookingid": 62
    },
    {
        "bookingid": 1486
    },
    {
        "bookingid": 599
    },
    {
        "bookingid": 1338
    },
    {
        "bookingid": 702
    },
    {
        "bookingid": 1080
    },
    {
        "bookingid": 363
    },
    {
        "bookingid": 922
    },
    {
        "bookingid": 119
    },
    {
        "bookingid": 26
    },
    {
        "bookingid": 1353
    },
    {
        "bookingid": 1382
    },
    {
        "bookingid": 1248
    },
    {
        "bookingid": 774
    },
    {
        "bookingid": 140
    },
    {
        "bookingid": 162
    },
    {
        "bookingid": 315
    },
    {
        "bookingid": 950
    },
    {
        "bookingid": 1131
    },
    {
        "bookingid": 526
    },
    {
        "bookingid": 1407
    },
    {
        "bookingid": 1404
    },
    {
        "bookingid": 36
    },
    {
        "bookingid": 1555
    },
    {
        "bookingid": 296
    },
    {
        "bookingid": 1059
    },
    {
        "bookingid": 1247
    },
    {
        "bookingid": 410
    },
    {
        "bookingid": 571
    },
    {
        "bookingid": 320
    },
    {
        "bookingid": 1381
    },
    {
        "bookingid": 565
    },
    {
        "bookingid": 157
    },
    {
        "bookingid": 1275
    },
    {
        "bookingid": 1130
    },
    {
        "bookingid": 336
    },
    {
        "bookingid": 1513
    },
    {
        "bookingid": 1042
    },
    {
        "bookingid": 520
    },
    {
        "bookingid": 1536
    },
    {
        "bookingid": 1492
    },
    {
        "bookingid": 220
    },
    {
        "bookingid": 940
    },
    {
        "bookingid": 50
    },
    {
        "bookingid": 1375
    },
    {
        "bookingid": 22
    },
    {
        "bookingid": 1143
    },
    {
        "bookingid": 680
    },
    {
        "bookingid": 1414
    },
    {
        "bookingid": 1165
    },
    {
        "bookingid": 933
    },
    {
        "bookingid": 1082
    },
    {
        "bookingid": 501
    }
]
3rd Booking ID: 149
]]></system-out>
  </testcase>
  <testcase name="getBookingById" classname="api.test.BookingDataDriven_Test" time="1.176">
    <system-out><![CDATA[HTTP/1.1 200 OK
Server: Cowboy
Connection: keep-alive
X-Powered-By: Express
Content-Type: application/json; charset=utf-8
Content-Length: 171
Etag: W/"ab-MG4aCOdqq15ogV4Uqb+rfjZOkQk"
Date: Fri, 06 Oct 2023 17:06:10 GMT
Via: 1.1 vegur

{
    "firstname": "Josh",
    "lastname": "Allen",
    "totalprice": 111,
    "depositpaid": true,
    "bookingdates": {
        "checkin": "2018-01-01",
        "checkout": "2019-01-01"
    },
    "additionalneeds": "super bowls"
}
]]></system-out>
  </testcase>
  <testcase name="createBooking[Akram, Wasim, 2000, false, 1/1/23, 1/2/23, JungleTour-](1)" classname="api.test.BookingDataDriven_Test" time="1.313">
    <system-out><![CDATA[Akram | Wasim | 2000 | false | 1/1/23 | 1/2/23 | JungleTour- | 

HTTP/1.1 200 OK
Server: Cowboy
Report-To: {"group":"heroku-nel","max_age":3600,"endpoints":[{"url":"https://nel.heroku.com/reports?ts=1696611971&sid=c46efe9b-d3d2-4a0c-8c76-bfafa16c5add&s=08ye%2FDzdIGm9aMZtfRH3yCpYCy%2FumUd9G%2FjJ7QTrkNI%3D"}]}
Reporting-Endpoints: heroku-nel=https://nel.heroku.com/reports?ts=1696611971&sid=c46efe9b-d3d2-4a0c-8c76-bfafa16c5add&s=08ye%2FDzdIGm9aMZtfRH3yCpYCy%2FumUd9G%2FjJ7QTrkNI%3D
Nel: {"report_to":"heroku-nel","max_age":3600,"success_fraction":0.005,"failure_fraction":0.05,"response_headers":["Via"]}
Connection: keep-alive
X-Powered-By: Express
Content-Type: application/json; charset=utf-8
Content-Length: 203
Etag: W/"cb-o+P+3nra3y2mTUdABAg9rNtbhe0"
Date: Fri, 06 Oct 2023 17:06:11 GMT
Via: 1.1 vegur

{
    "bookingid": 1607,
    "booking": {
        "firstname": "Akram",
        "lastname": "Wasim",
        "totalprice": 2000,
        "depositpaid": false,
        "bookingdates": {
            "checkin": "2023-01-01",
            "checkout": "2023-01-02"
        },
        "additionalneeds": "JungleTour-"
    }
}
Booking created for ID --> 1607
]]></system-out>
  </testcase>
  <testcase name="updateBooking[Akram, Wasim, 2000, false, 1/1/23, 1/2/23, JungleTour-](1)" classname="api.test.BookingDataDriven_Test" time="1.283">
    <system-out><![CDATA[Akram | Wasim | 2000 | false | 1/1/23 | 1/2/23 | JungleTour- | 

HTTP/1.1 200 OK
Server: Cowboy
Report-To: {"group":"heroku-nel","max_age":3600,"endpoints":[{"url":"https://nel.heroku.com/reports?ts=1696611973&sid=c46efe9b-d3d2-4a0c-8c76-bfafa16c5add&s=9SDHhxhtqRSJLq1bkLU7y0Cu3BOGczgPcDD4lr20oH8%3D"}]}
Reporting-Endpoints: heroku-nel=https://nel.heroku.com/reports?ts=1696611973&sid=c46efe9b-d3d2-4a0c-8c76-bfafa16c5add&s=9SDHhxhtqRSJLq1bkLU7y0Cu3BOGczgPcDD4lr20oH8%3D
Nel: {"report_to":"heroku-nel","max_age":3600,"success_fraction":0.005,"failure_fraction":0.05,"response_headers":["Via"]}
Connection: keep-alive
X-Powered-By: Express
Content-Type: application/json; charset=utf-8
Content-Length: 186
Etag: W/"ba-uESWzuifLJk8v6dcOVF61rqkXns"
Date: Fri, 06 Oct 2023 17:06:13 GMT
Via: 1.1 vegur

{
    "firstname": "AkramUpdate1",
    "lastname": "Wasim",
    "totalprice": 2000,
    "depositpaid": false,
    "bookingdates": {
        "checkin": "2023-01-01",
        "checkout": "2023-01-02"
    },
    "additionalneeds": "JungleTour-Sleep"
}
]]></system-out>
  </testcase>
  <testcase name="deleteBooking" classname="api.test.BookingDataDriven_Test" time="1.3">
    <system-out><![CDATA[>>>>>>>>>Deleted Succcessfully---------------->1607
]]></system-out>
  </testcase>
  <testcase name="healthCheck" classname="api.test.BookingDataDriven_Test" time="1.253">
    <system-out><![CDATA[HTTP/1.1 201 Created
Server: Cowboy
Connection: keep-alive
X-Powered-By: Express
Content-Type: text/plain; charset=utf-8
Content-Length: 7
Etag: W/"7-rM9AyJuqT6iOan/xHh+AW+7K/T8"
Date: Fri, 06 Oct 2023 17:06:15 GMT
Via: 1.1 vegur

Created
]]></system-out>
  </testcase>
  <testcase name="test_getBooks" classname="api.test.BookTest" time="1.673">
    <system-out><![CDATA[HTTP/1.1 200 OK
Content-Type: application/json; charset=utf-8; v=1.0
Date: Fri, 06 Oct 2023 17:06:16 GMT
Server: Kestrel
Transfer-Encoding: chunked
api-supported-versions: 1.0

[
    {
        "id": 1,
        "title": "Book 1",
        "description": "Lorem lorem lorem. Lorem lorem lorem. Lorem lorem lorem.\n",
        "pageCount": 100,
        "excerpt": "Lorem lorem lorem. Lorem lorem lorem. Lorem lorem lorem.\nLorem lorem lorem. Lorem lorem lorem. Lorem lorem lorem.\nLorem lorem lorem. Lorem lorem lorem. Lorem lorem lorem.\nLorem lorem lorem. Lorem lorem lorem. Lorem lorem lorem.\nLorem lorem lorem. Lorem lorem lorem. Lorem lorem lorem.\n",
        "publishDate": "2023-10-05T17:06:17.0829478+00:00"
    },
    {
        "id": 2,
        "title": "Book 2",
        "description": "Lorem lorem lorem. Lorem lorem lorem. Lorem lorem lorem.\n",
        "pageCount": 200,
        "excerpt": "Lorem lorem lorem. Lorem lorem lorem. Lorem lorem lorem.\nLorem lorem lorem. Lorem lorem lorem. Lorem lorem lorem.\nLorem lorem lorem. Lorem lorem lorem. Lorem lorem lorem.\nLorem lorem lorem. Lorem lorem lorem. Lorem lorem lorem.\nLorem lorem lorem. Lorem lorem lorem. Lorem lorem lorem.\n",
        "publishDate": "2023-10-04T17:06:17.08297+00:00"
    },
    {
        "id": 3,
        "title": "Book 3",
        "description": "Lorem lorem lorem. Lorem lorem lorem. Lorem lorem lorem.\n",
        "pageCount": 300,
        "excerpt": "Lorem lorem lorem. Lorem lorem lorem. Lorem lorem lorem.\nLorem lorem lorem. Lorem lorem lorem. Lorem lorem lorem.\nLorem lorem lorem. Lorem lorem lorem. Lorem lorem lorem.\nLorem lorem lorem. Lorem lorem lorem. Lorem lorem lorem.\nLorem lorem lorem. Lorem lorem lorem. Lorem lorem lorem.\n",
        "publishDate": "2023-10-03T17:06:17.0829835+00:00"
    },
    {
        "id": 4,
        "title": "Book 4",
        "description": "Lorem lorem lorem. Lorem lorem lorem. Lorem lorem lorem.\n",
        "pageCount": 400,
        "excerpt": "Lorem lorem lorem. Lorem lorem lorem. Lorem lorem lorem.\nLorem lorem lorem. Lorem lorem lorem. Lorem lorem lorem.\nLorem lorem lorem. Lorem lorem lorem. Lorem lorem lorem.\nLorem lorem lorem. Lorem lorem lorem. Lorem lorem lorem.\nLorem lorem lorem. Lorem lorem lorem. Lorem lorem lorem.\n",
        "publishDate": "2023-10-02T17:06:17.0829963+00:00"
    },
    {
        "id": 5,
        "title": "Book 5",
        "description": "Lorem lorem lorem. Lorem lorem lorem. Lorem lorem lorem.\n",
        "pageCount": 500,
        "excerpt": "Lorem lorem lorem. Lorem lorem lorem. Lorem lorem lorem.\nLorem lorem lorem. Lorem lorem lorem. Lorem lorem lorem.\nLorem lorem lorem. Lorem lorem lorem. Lorem lorem lorem.\nLorem lorem lorem. Lorem lorem lorem. Lorem lorem lorem.\nLorem lorem lorem. Lorem lorem lorem. Lorem lorem lorem.\n",
        "publishDate": "2023-10-01T17:06:17.0830107+00:00"
    },
    {
        "id": 6,
        "title": "Book 6",
        "description": "Lorem lorem lorem. Lorem lorem lorem. Lorem lorem lorem.\n",
        "pageCount": 600,
        "excerpt": "Lorem lorem lorem. Lorem lorem lorem. Lorem lorem lorem.\nLorem lorem lorem. Lorem lorem lorem. Lorem lorem lorem.\nLorem lorem lorem. Lorem lorem lorem. Lorem lorem lorem.\nLorem lorem lorem. Lorem lorem lorem. Lorem lorem lorem.\nLorem lorem lorem. Lorem lorem lorem. Lorem lorem lorem.\n",
        "publishDate": "2023-09-30T17:06:17.083023+00:00"
    },
    {
        "id": 7,
        "title": "Book 7",
        "description": "Lorem lorem lorem. Lorem lorem lorem. Lorem lorem lorem.\n",
        "pageCount": 700,
        "excerpt": "Lorem lorem lorem. Lorem lorem lorem. Lorem lorem lorem.\nLorem lorem lorem. Lorem lorem lorem. Lorem lorem lorem.\nLorem lorem lorem. Lorem lorem lorem. Lorem lorem lorem.\nLorem lorem lorem. Lorem lorem lorem. Lorem lorem lorem.\nLorem lorem lorem. Lorem lorem lorem. Lorem lorem lorem.\n",
        "publishDate": "2023-09-29T17:06:17.0830376+00:00"
    },
    {
        "id": 8,
        "title": "Book 8",
        "description": "Lorem lorem lorem. Lorem lorem lorem. Lorem lorem lorem.\n",
        "pageCount": 800,
        "excerpt": "Lorem lorem lorem. Lorem lorem lorem. Lorem lorem lorem.\nLorem lorem lorem. Lorem lorem lorem. Lorem lorem lorem.\nLorem lorem lorem. Lorem lorem lorem. Lorem lorem lorem.\nLorem lorem lorem. Lorem lorem lorem. Lorem lorem lorem.\nLorem lorem lorem. Lorem lorem lorem. Lorem lorem lorem.\n",
        "publishDate": "2023-09-28T17:06:17.0830502+00:00"
    },
    {
        "id": 9,
        "title": "Book 9",
        "description": "Lorem lorem lorem. Lorem lorem lorem. Lorem lorem lorem.\n",
        "pageCount": 900,
        "excerpt": "Lorem lorem lorem. Lorem lorem lorem. Lorem lorem lorem.\nLorem lorem lorem. Lorem lorem lorem. Lorem lorem lorem.\nLorem lorem lorem. Lorem lorem lorem. Lorem lorem lorem.\nLorem lorem lorem. Lorem lorem lorem. Lorem lorem lorem.\nLorem lorem lorem. Lorem lorem lorem. Lorem lorem lorem.\n",
        "publishDate": "2023-09-27T17:06:17.0830646+00:00"
    },
    {
        "id": 10,
        "title": "Book 10",
        "description": "Lorem lorem lorem. Lorem lorem lorem. Lorem lorem lorem.\n",
        "pageCount": 1000,
        "excerpt": "Lorem lorem lorem. Lorem lorem lorem. Lorem lorem lorem.\nLorem lorem lorem. Lorem lorem lorem. Lorem lorem lorem.\nLorem lorem lorem. Lorem lorem lorem. Lorem lorem lorem.\nLorem lorem lorem. Lorem lorem lorem. Lorem lorem lorem.\nLorem lorem lorem. Lorem lorem lorem. Lorem lorem lorem.\n",
        "publishDate": "2023-09-26T17:06:17.0830779+00:00"
    },
    {
        "id": 11,
        "title": "Book 11",
        "description": "Lorem lorem lorem. Lorem lorem lorem. Lorem lorem lorem.\n",
        "pageCount": 1100,
        "excerpt": "Lorem lorem lorem. Lorem lorem lorem. Lorem lorem lorem.\nLorem lorem lorem. Lorem lorem lorem. Lorem lorem lorem.\nLorem lorem lorem. Lorem lorem lorem. Lorem lorem lorem.\nLorem lorem lorem. Lorem lorem lorem. Lorem lorem lorem.\nLorem lorem lorem. Lorem lorem lorem. Lorem lorem lorem.\n",
        "publishDate": "2023-09-25T17:06:17.0830926+00:00"
    },
    {
        "id": 12,
        "title": "Book 12",
        "description": "Lorem lorem lorem. Lorem lorem lorem. Lorem lorem lorem.\n",
        "pageCount": 1200,
        "excerpt": "Lorem lorem lorem. Lorem lorem lorem. Lorem lorem lorem.\nLorem lorem lorem. Lorem lorem lorem. Lorem lorem lorem.\nLorem lorem lorem. Lorem lorem lorem. Lorem lorem lorem.\nLorem lorem lorem. Lorem lorem lorem. Lorem lorem lorem.\nLorem lorem lorem. Lorem lorem lorem. Lorem lorem lorem.\n",
        "publishDate": "2023-09-24T17:06:17.0831055+00:00"
    },
    {
        "id": 13,
        "title": "Book 13",
        "description": "Lorem lorem lorem. Lorem lorem lorem. Lorem lorem lorem.\n",
        "pageCount": 1300,
        "excerpt": "Lorem lorem lorem. Lorem lorem lorem. Lorem lorem lorem.\nLorem lorem lorem. Lorem lorem lorem. Lorem lorem lorem.\nLorem lorem lorem. Lorem lorem lorem. Lorem lorem lorem.\nLorem lorem lorem. Lorem lorem lorem. Lorem lorem lorem.\nLorem lorem lorem. Lorem lorem lorem. Lorem lorem lorem.\n",
        "publishDate": "2023-09-23T17:06:17.0831198+00:00"
    },
    {
        "id": 14,
        "title": "Book 14",
        "description": "Lorem lorem lorem. Lorem lorem lorem. Lorem lorem lorem.\n",
        "pageCount": 1400,
        "excerpt": "Lorem lorem lorem. Lorem lorem lorem. Lorem lorem lorem.\nLorem lorem lorem. Lorem lorem lorem. Lorem lorem lorem.\nLorem lorem lorem. Lorem lorem lorem. Lorem lorem lorem.\nLorem lorem lorem. Lorem lorem lorem. Lorem lorem lorem.\nLorem lorem lorem. Lorem lorem lorem. Lorem lorem lorem.\n",
        "publishDate": "2023-09-22T17:06:17.0831325+00:00"
    },
    {
        "id": 15,
        "title": "Book 15",
        "description": "Lorem lorem lorem. Lorem lorem lorem. Lorem lorem lorem.\n",
        "pageCount": 1500,
        "excerpt": "Lorem lorem lorem. Lorem lorem lorem. Lorem lorem lorem.\nLorem lorem lorem. Lorem lorem lorem. Lorem lorem lorem.\nLorem lorem lorem. Lorem lorem lorem. Lorem lorem lorem.\nLorem lorem lorem. Lorem lorem lorem. Lorem lorem lorem.\nLorem lorem lorem. Lorem lorem lorem. Lorem lorem lorem.\n",
        "publishDate": "2023-09-21T17:06:17.0831467+00:00"
    },
    {
        "id": 16,
        "title": "Book 16",
        "description": "Lorem lorem lorem. Lorem lorem lorem. Lorem lorem lorem.\n",
        "pageCount": 1600,
        "excerpt": "Lorem lorem lorem. Lorem lorem lorem. Lorem lorem lorem.\nLorem lorem lorem. Lorem lorem lorem. Lorem lorem lorem.\nLorem lorem lorem. Lorem lorem lorem. Lorem lorem lorem.\nLorem lorem lorem. Lorem lorem lorem. Lorem lorem lorem.\nLorem lorem lorem. Lorem lorem lorem. Lorem lorem lorem.\n",
        "publishDate": "2023-09-20T17:06:17.0831591+00:00"
    },
    {
        "id": 17,
        "title": "Book 17",
        "description": "Lorem lorem lorem. Lorem lorem lorem. Lorem lorem lorem.\n",
        "pageCount": 1700,
        "excerpt": "Lorem lorem lorem. Lorem lorem lorem. Lorem lorem lorem.\nLorem lorem lorem. Lorem lorem lorem. Lorem lorem lorem.\nLorem lorem lorem. Lorem lorem lorem. Lorem lorem lorem.\nLorem lorem lorem. Lorem lorem lorem. Lorem lorem lorem.\nLorem lorem lorem. Lorem lorem lorem. Lorem lorem lorem.\n",
        "publishDate": "2023-09-19T17:06:17.0831716+00:00"
    },
    {
        "id": 18,
        "title": "Book 18",
        "description": "Lorem lorem lorem. Lorem lorem lorem. Lorem lorem lorem.\n",
        "pageCount": 1800,
        "excerpt": "Lorem lorem lorem. Lorem lorem lorem. Lorem lorem lorem.\nLorem lorem lorem. Lorem lorem lorem. Lorem lorem lorem.\nLorem lorem lorem. Lorem lorem lorem. Lorem lorem lorem.\nLorem lorem lorem. Lorem lorem lorem. Lorem lorem lorem.\nLorem lorem lorem. Lorem lorem lorem. Lorem lorem lorem.\n",
        "publishDate": "2023-09-18T17:06:17.0831857+00:00"
    },
    {
        "id": 19,
        "title": "Book 19",
        "description": "Lorem lorem lorem. Lorem lorem lorem. Lorem lorem lorem.\n",
        "pageCount": 1900,
        "excerpt": "Lorem lorem lorem. Lorem lorem lorem. Lorem lorem lorem.\nLorem lorem lorem. Lorem lorem lorem. Lorem lorem lorem.\nLorem lorem lorem. Lorem lorem lorem. Lorem lorem lorem.\nLorem lorem lorem. Lorem lorem lorem. Lorem lorem lorem.\nLorem lorem lorem. Lorem lorem lorem. Lorem lorem lorem.\n",
        "publishDate": "2023-09-17T17:06:17.0831985+00:00"
    },
    {
        "id": 20,
        "title": "Book 20",
        "description": "Lorem lorem lorem. Lorem lorem lorem. Lorem lorem lorem.\n",
        "pageCount": 2000,
        "excerpt": "Lorem lorem lorem. Lorem lorem lorem. Lorem lorem lorem.\nLorem lorem lorem. Lorem lorem lorem. Lorem lorem lorem.\nLorem lorem lorem. Lorem lorem lorem. Lorem lorem lorem.\nLorem lorem lorem. Lorem lorem lorem. Lorem lorem lorem.\nLorem lorem lorem. Lorem lorem lorem. Lorem lorem lorem.\n",
        "publishDate": "2023-09-16T17:06:17.0832131+00:00"
    },
    {
        "id": 21,
        "title": "Book 21",
        "description": "Lorem lorem lorem. Lorem lorem lorem. Lorem lorem lorem.\n",
        "pageCount": 2100,
        "excerpt": "Lorem lorem lorem. Lorem lorem lorem. Lorem lorem lorem.\nLorem lorem lorem. Lorem lorem lorem. Lorem lorem lorem.\nLorem lorem lorem. Lorem lorem lorem. Lorem lorem lorem.\nLorem lorem lorem. Lorem lorem lorem. Lorem lorem lorem.\nLorem lorem lorem. Lorem lorem lorem. Lorem lorem lorem.\n",
        "publishDate": "2023-09-15T17:06:17.0832259+00:00"
    },
    {
        "id": 22,
        "title": "Book 22",
        "description": "Lorem lorem lorem. Lorem lorem lorem. Lorem lorem lorem.\n",
        "pageCount": 2200,
        "excerpt": "Lorem lorem lorem. Lorem lorem lorem. Lorem lorem lorem.\nLorem lorem lorem. Lorem lorem lorem. Lorem lorem lorem.\nLorem lorem lorem. Lorem lorem lorem. Lorem lorem lorem.\nLorem lorem lorem. Lorem lorem lorem. Lorem lorem lorem.\nLorem lorem lorem. Lorem lorem lorem. Lorem lorem lorem.\n",
        "publishDate": "2023-09-14T17:06:17.083241+00:00"
    },
    {
        "id": 23,
        "title": "Book 23",
        "description": "Lorem lorem lorem. Lorem lorem lorem. Lorem lorem lorem.\n",
        "pageCount": 2300,
        "excerpt": "Lorem lorem lorem. Lorem lorem lorem. Lorem lorem lorem.\nLorem lorem lorem. Lorem lorem lorem. Lorem lorem lorem.\nLorem lorem lorem. Lorem lorem lorem. Lorem lorem lorem.\nLorem lorem lorem. Lorem lorem lorem. Lorem lorem lorem.\nLorem lorem lorem. Lorem lorem lorem. Lorem lorem lorem.\n",
        "publishDate": "2023-09-13T17:06:17.0832538+00:00"
    },
    {
        "id": 24,
        "title": "Book 24",
        "description": "Lorem lorem lorem. Lorem lorem lorem. Lorem lorem lorem.\n",
        "pageCount": 2400,
        "excerpt": "Lorem lorem lorem. Lorem lorem lorem. Lorem lorem lorem.\nLorem lorem lorem. Lorem lorem lorem. Lorem lorem lorem.\nLorem lorem lorem. Lorem lorem lorem. Lorem lorem lorem.\nLorem lorem lorem. Lorem lorem lorem. Lorem lorem lorem.\nLorem lorem lorem. Lorem lorem lorem. Lorem lorem lorem.\n",
        "publishDate": "2023-09-12T17:06:17.0832681+00:00"
    },
    {
        "id": 25,
        "title": "Book 25",
        "description": "Lorem lorem lorem. Lorem lorem lorem. Lorem lorem lorem.\n",
        "pageCount": 2500,
        "excerpt": "Lorem lorem lorem. Lorem lorem lorem. Lorem lorem lorem.\nLorem lorem lorem. Lorem lorem lorem. Lorem lorem lorem.\nLorem lorem lorem. Lorem lorem lorem. Lorem lorem lorem.\nLorem lorem lorem. Lorem lorem lorem. Lorem lorem lorem.\nLorem lorem lorem. Lorem lorem lorem. Lorem lorem lorem.\n",
        "publishDate": "2023-09-11T17:06:17.0832805+00:00"
    },
    {
        "id": 26,
        "title": "Book 26",
        "description": "Lorem lorem lorem. Lorem lorem lorem. Lorem lorem lorem.\n",
        "pageCount": 2600,
        "excerpt": "Lorem lorem lorem. Lorem lorem lorem. Lorem lorem lorem.\nLorem lorem lorem. Lorem lorem lorem. Lorem lorem lorem.\nLorem lorem lorem. Lorem lorem lorem. Lorem lorem lorem.\nLorem lorem lorem. Lorem lorem lorem. Lorem lorem lorem.\nLorem lorem lorem. Lorem lorem lorem. Lorem lorem lorem.\n",
        "publishDate": "2023-09-10T17:06:17.0832944+00:00"
    },
    {
        "id": 27,
        "title": "Book 27",
        "description": "Lorem lorem lorem. Lorem lorem lorem. Lorem lorem lorem.\n",
        "pageCount": 2700,
        "excerpt": "Lorem lorem lorem. Lorem lorem lorem. Lorem lorem lorem.\nLorem lorem lorem. Lorem lorem lorem. Lorem lorem lorem.\nLorem lorem lorem. Lorem lorem lorem. Lorem lorem lorem.\nLorem lorem lorem. Lorem lorem lorem. Lorem lorem lorem.\nLorem lorem lorem. Lorem lorem lorem. Lorem lorem lorem.\n",
        "publishDate": "2023-09-09T17:06:17.0833071+00:00"
    },
    {
        "id": 28,
        "title": "Book 28",
        "description": "Lorem lorem lorem. Lorem lorem lorem. Lorem lorem lorem.\n",
        "pageCount": 2800,
        "excerpt": "Lorem lorem lorem. Lorem lorem lorem. Lorem lorem lorem.\nLorem lorem lorem. Lorem lorem lorem. Lorem lorem lorem.\nLorem lorem lorem. Lorem lorem lorem. Lorem lorem lorem.\nLorem lorem lorem. Lorem lorem lorem. Lorem lorem lorem.\nLorem lorem lorem. Lorem lorem lorem. Lorem lorem lorem.\n",
        "publishDate": "2023-09-08T17:06:17.0833216+00:00"
    },
    {
        "id": 29,
        "title": "Book 29",
        "description": "Lorem lorem lorem. Lorem lorem lorem. Lorem lorem lorem.\n",
        "pageCount": 2900,
        "excerpt": "Lorem lorem lorem. Lorem lorem lorem. Lorem lorem lorem.\nLorem lorem lorem. Lorem lorem lorem. Lorem lorem lorem.\nLorem lorem lorem. Lorem lorem lorem. Lorem lorem lorem.\nLorem lorem lorem. Lorem lorem lorem. Lorem lorem lorem.\nLorem lorem lorem. Lorem lorem lorem. Lorem lorem lorem.\n",
        "publishDate": "2023-09-07T17:06:17.0833342+00:00"
    },
    {
        "id": 30,
        "title": "Book 30",
        "description": "Lorem lorem lorem. Lorem lorem lorem. Lorem lorem lorem.\n",
        "pageCount": 3000,
        "excerpt": "Lorem lorem lorem. Lorem lorem lorem. Lorem lorem lorem.\nLorem lorem lorem. Lorem lorem lorem. Lorem lorem lorem.\nLorem lorem lorem. Lorem lorem lorem. Lorem lorem lorem.\nLorem lorem lorem. Lorem lorem lorem. Lorem lorem lorem.\nLorem lorem lorem. Lorem lorem lorem. Lorem lorem lorem.\n",
        "publishDate": "2023-09-06T17:06:17.0833484+00:00"
    },
    {
        "id": 31,
        "title": "Book 31",
        "description": "Lorem lorem lorem. Lorem lorem lorem. Lorem lorem lorem.\n",
        "pageCount": 3100,
        "excerpt": "Lorem lorem lorem. Lorem lorem lorem. Lorem lorem lorem.\nLorem lorem lorem. Lorem lorem lorem. Lorem lorem lorem.\nLorem lorem lorem. Lorem lorem lorem. Lorem lorem lorem.\nLorem lorem lorem. Lorem lorem lorem. Lorem lorem lorem.\nLorem lorem lorem. Lorem lorem lorem. Lorem lorem lorem.\n",
        "publishDate": "2023-09-05T17:06:17.0833611+00:00"
    },
    {
        "id": 32,
        "title": "Book 32",
        "description": "Lorem lorem lorem. Lorem lorem lorem. Lorem lorem lorem.\n",
        "pageCount": 3200,
        "excerpt": "Lorem lorem lorem. Lorem lorem lorem. Lorem lorem lorem.\nLorem lorem lorem. Lorem lorem lorem. Lorem lorem lorem.\nLorem lorem lorem. Lorem lorem lorem. Lorem lorem lorem.\nLorem lorem lorem. Lorem lorem lorem. Lorem lorem lorem.\nLorem lorem lorem. Lorem lorem lorem. Lorem lorem lorem.\n",
        "publishDate": "2023-09-04T17:06:17.0833739+00:00"
    },
    {
        "id": 33,
        "title": "Book 33",
        "description": "Lorem lorem lorem. Lorem lorem lorem. Lorem lorem lorem.\n",
        "pageCount": 3300,
        "excerpt": "Lorem lorem lorem. Lorem lorem lorem. Lorem lorem lorem.\nLorem lorem lorem. Lorem lorem lorem. Lorem lorem lorem.\nLorem lorem lorem. Lorem lorem lorem. Lorem lorem lorem.\nLorem lorem lorem. Lorem lorem lorem. Lorem lorem lorem.\nLorem lorem lorem. Lorem lorem lorem. Lorem lorem lorem.\n",
        "publishDate": "2023-09-03T17:06:17.0833883+00:00"
    },
    {
        "id": 34,
        "title": "Book 34",
        "description": "Lorem lorem lorem. Lorem lorem lorem. Lorem lorem lorem.\n",
        "pageCount": 3400,
        "excerpt": "Lorem lorem lorem. Lorem lorem lorem. Lorem lorem lorem.\nLorem lorem lorem. Lorem lorem lorem. Lorem lorem lorem.\nLorem lorem lorem. Lorem lorem lorem. Lorem lorem lorem.\nLorem lorem lorem. Lorem lorem lorem. Lorem lorem lorem.\nLorem lorem lorem. Lorem lorem lorem. Lorem lorem lorem.\n",
        "publishDate": "2023-09-02T17:06:17.0834013+00:00"
    },
    {
        "id": 35,
        "title": "Book 35",
        "description": "Lorem lorem lorem. Lorem lorem lorem. Lorem lorem lorem.\n",
        "pageCount": 3500,
        "excerpt": "Lorem lorem lorem. Lorem lorem lorem. Lorem lorem lorem.\nLorem lorem lorem. Lorem lorem lorem. Lorem lorem lorem.\nLorem lorem lorem. Lorem lorem lorem. Lorem lorem lorem.\nLorem lorem lorem. Lorem lorem lorem. Lorem lorem lorem.\nLorem lorem lorem. Lorem lorem lorem. Lorem lorem lorem.\n",
        "publishDate": "2023-09-01T17:06:17.0834156+00:00"
    },
    {
        "id": 36,
        "title": "Book 36",
        "description": "Lorem lorem lorem. Lorem lorem lorem. Lorem lorem lorem.\n",
        "pageCount": 3600,
        "excerpt": "Lorem lorem lorem. Lorem lorem lorem. Lorem lorem lorem.\nLorem lorem lorem. Lorem lorem lorem. Lorem lorem lorem.\nLorem lorem lorem. Lorem lorem lorem. Lorem lorem lorem.\nLorem lorem lorem. Lorem lorem lorem. Lorem lorem lorem.\nLorem lorem lorem. Lorem lorem lorem. Lorem lorem lorem.\n",
        "publishDate": "2023-08-31T17:06:17.0834285+00:00"
    },
    {
        "id": 37,
        "title": "Book 37",
        "description": "Lorem lorem lorem. Lorem lorem lorem. Lorem lorem lorem.\n",
        "pageCount": 3700,
        "excerpt": "Lorem lorem lorem. Lorem lorem lorem. Lorem lorem lorem.\nLorem lorem lorem. Lorem lorem lorem. Lorem lorem lorem.\nLorem lorem lorem. Lorem lorem lorem. Lorem lorem lorem.\nLorem lorem lorem. Lorem lorem lorem. Lorem lorem lorem.\nLorem lorem lorem. Lorem lorem lorem. Lorem lorem lorem.\n",
        "publishDate": "2023-08-30T17:06:17.0834426+00:00"
    },
    {
        "id": 38,
        "title": "Book 38",
        "description": "Lorem lorem lorem. Lorem lorem lorem. Lorem lorem lorem.\n",
        "pageCount": 3800,
        "excerpt": "Lorem lorem lorem. Lorem lorem lorem. Lorem lorem lorem.\nLorem lorem lorem. Lorem lorem lorem. Lorem lorem lorem.\nLorem lorem lorem. Lorem lorem lorem. Lorem lorem lorem.\nLorem lorem lorem. Lorem lorem lorem. Lorem lorem lorem.\nLorem lorem lorem. Lorem lorem lorem. Lorem lorem lorem.\n",
        "publishDate": "2023-08-29T17:06:17.0834551+00:00"
    },
    {
        "id": 39,
        "title": "Book 39",
        "description": "Lorem lorem lorem. Lorem lorem lorem. Lorem lorem lorem.\n",
        "pageCount": 3900,
        "excerpt": "Lorem lorem lorem. Lorem lorem lorem. Lorem lorem lorem.\nLorem lorem lorem. Lorem lorem lorem. Lorem lorem lorem.\nLorem lorem lorem. Lorem lorem lorem. Lorem lorem lorem.\nLorem lorem lorem. Lorem lorem lorem. Lorem lorem lorem.\nLorem lorem lorem. Lorem lorem lorem. Lorem lorem lorem.\n",
        "publishDate": "2023-08-28T17:06:17.0834692+00:00"
    },
    {
        "id": 40,
        "title": "Book 40",
        "description": "Lorem lorem lorem. Lorem lorem lorem. Lorem lorem lorem.\n",
        "pageCount": 4000,
        "excerpt": "Lorem lorem lorem. Lorem lorem lorem. Lorem lorem lorem.\nLorem lorem lorem. Lorem lorem lorem. Lorem lorem lorem.\nLorem lorem lorem. Lorem lorem lorem. Lorem lorem lorem.\nLorem lorem lorem. Lorem lorem lorem. Lorem lorem lorem.\nLorem lorem lorem. Lorem lorem lorem. Lorem lorem lorem.\n",
        "publishDate": "2023-08-27T17:06:17.083482+00:00"
    },
    {
        "id": 41,
        "title": "Book 41",
        "description": "Lorem lorem lorem. Lorem lorem lorem. Lorem lorem lorem.\n",
        "pageCount": 4100,
        "excerpt": "Lorem lorem lorem. Lorem lorem lorem. Lorem lorem lorem.\nLorem lorem lorem. Lorem lorem lorem. Lorem lorem lorem.\nLorem lorem lorem. Lorem lorem lorem. Lorem lorem lorem.\nLorem lorem lorem. Lorem lorem lorem. Lorem lorem lorem.\nLorem lorem lorem. Lorem lorem lorem. Lorem lorem lorem.\n",
        "publishDate": "2023-08-26T17:06:17.0834962+00:00"
    },
    {
        "id": 42,
        "title": "Book 42",
        "description": "Lorem lorem lorem. Lorem lorem lorem. Lorem lorem lorem.\n",
        "pageCount": 4200,
        "excerpt": "Lorem lorem lorem. Lorem lorem lorem. Lorem lorem lorem.\nLorem lorem lorem. Lorem lorem lorem. Lorem lorem lorem.\nLorem lorem lorem. Lorem lorem lorem. Lorem lorem lorem.\nLorem lorem lorem. Lorem lorem lorem. Lorem lorem lorem.\nLorem lorem lorem. Lorem lorem lorem. Lorem lorem lorem.\n",
        "publishDate": "2023-08-25T17:06:17.083509+00:00"
    },
    {
        "id": 43,
        "title": "Book 43",
        "description": "Lorem lorem lorem. Lorem lorem lorem. Lorem lorem lorem.\n",
        "pageCount": 4300,
        "excerpt": "Lorem lorem lorem. Lorem lorem lorem. Lorem lorem lorem.\nLorem lorem lorem. Lorem lorem lorem. Lorem lorem lorem.\nLorem lorem lorem. Lorem lorem lorem. Lorem lorem lorem.\nLorem lorem lorem. Lorem lorem lorem. Lorem lorem lorem.\nLorem lorem lorem. Lorem lorem lorem. Lorem lorem lorem.\n",
        "publishDate": "2023-08-24T17:06:17.0835233+00:00"
    },
    {
        "id": 44,
        "title": "Book 44",
        "description": "Lorem lorem lorem. Lorem lorem lorem. Lorem lorem lorem.\n",
        "pageCount": 4400,
        "excerpt": "Lorem lorem lorem. Lorem lorem lorem. Lorem lorem lorem.\nLorem lorem lorem. Lorem lorem lorem. Lorem lorem lorem.\nLorem lorem lorem. Lorem lorem lorem. Lorem lorem lorem.\nLorem lorem lorem. Lorem lorem lorem. Lorem lorem lorem.\nLorem lorem lorem. Lorem lorem lorem. Lorem lorem lorem.\n",
        "publishDate": "2023-08-23T17:06:17.0835359+00:00"
    },
    {
        "id": 45,
        "title": "Book 45",
        "description": "Lorem lorem lorem. Lorem lorem lorem. Lorem lorem lorem.\n",
        "pageCount": 4500,
        "excerpt": "Lorem lorem lorem. Lorem lorem lorem. Lorem lorem lorem.\nLorem lorem lorem. Lorem lorem lorem. Lorem lorem lorem.\nLorem lorem lorem. Lorem lorem lorem. Lorem lorem lorem.\nLorem lorem lorem. Lorem lorem lorem. Lorem lorem lorem.\nLorem lorem lorem. Lorem lorem lorem. Lorem lorem lorem.\n",
        "publishDate": "2023-08-22T17:06:17.0835501+00:00"
    },
    {
        "id": 46,
        "title": "Book 46",
        "description": "Lorem lorem lorem. Lorem lorem lorem. Lorem lorem lorem.\n",
        "pageCount": 4600,
        "excerpt": "Lorem lorem lorem. Lorem lorem lorem. Lorem lorem lorem.\nLorem lorem lorem. Lorem lorem lorem. Lorem lorem lorem.\nLorem lorem lorem. Lorem lorem lorem. Lorem lorem lorem.\nLorem lorem lorem. Lorem lorem lorem. Lorem lorem lorem.\nLorem lorem lorem. Lorem lorem lorem. Lorem lorem lorem.\n",
        "publishDate": "2023-08-21T17:06:17.0835629+00:00"
    },
    {
        "id": 47,
        "title": "Book 47",
        "description": "Lorem lorem lorem. Lorem lorem lorem. Lorem lorem lorem.\n",
        "pageCount": 4700,
        "excerpt": "Lorem lorem lorem. Lorem lorem lorem. Lorem lorem lorem.\nLorem lorem lorem. Lorem lorem lorem. Lorem lorem lorem.\nLorem lorem lorem. Lorem lorem lorem. Lorem lorem lorem.\nLorem lorem lorem. Lorem lorem lorem. Lorem lorem lorem.\nLorem lorem lorem. Lorem lorem lorem. Lorem lorem lorem.\n",
        "publishDate": "2023-08-20T17:06:17.0835773+00:00"
    },
    {
        "id": 48,
        "title": "Book 48",
        "description": "Lorem lorem lorem. Lorem lorem lorem. Lorem lorem lorem.\n",
        "pageCount": 4800,
        "excerpt": "Lorem lorem lorem. Lorem lorem lorem. Lorem lorem lorem.\nLorem lorem lorem. Lorem lorem lorem. Lorem lorem lorem.\nLorem lorem lorem. Lorem lorem lorem. Lorem lorem lorem.\nLorem lorem lorem. Lorem lorem lorem. Lorem lorem lorem.\nLorem lorem lorem. Lorem lorem lorem. Lorem lorem lorem.\n",
        "publishDate": "2023-08-19T17:06:17.0835896+00:00"
    },
    {
        "id": 49,
        "title": "Book 49",
        "description": "Lorem lorem lorem. Lorem lorem lorem. Lorem lorem lorem.\n",
        "pageCount": 4900,
        "excerpt": "Lorem lorem lorem. Lorem lorem lorem. Lorem lorem lorem.\nLorem lorem lorem. Lorem lorem lorem. Lorem lorem lorem.\nLorem lorem lorem. Lorem lorem lorem. Lorem lorem lorem.\nLorem lorem lorem. Lorem lorem lorem. Lorem lorem lorem.\nLorem lorem lorem. Lorem lorem lorem. Lorem lorem lorem.\n",
        "publishDate": "2023-08-18T17:06:17.0836023+00:00"
    },
    {
        "id": 50,
        "title": "Book 50",
        "description": "Lorem lorem lorem. Lorem lorem lorem. Lorem lorem lorem.\n",
        "pageCount": 5000,
        "excerpt": "Lorem lorem lorem. Lorem lorem lorem. Lorem lorem lorem.\nLorem lorem lorem. Lorem lorem lorem. Lorem lorem lorem.\nLorem lorem lorem. Lorem lorem lorem. Lorem lorem lorem.\nLorem lorem lorem. Lorem lorem lorem. Lorem lorem lorem.\nLorem lorem lorem. Lorem lorem lorem. Lorem lorem lorem.\n",
        "publishDate": "2023-08-17T17:06:17.0836169+00:00"
    },
    {
        "id": 51,
        "title": "Book 51",
        "description": "Lorem lorem lorem. Lorem lorem lorem. Lorem lorem lorem.\n",
        "pageCount": 5100,
        "excerpt": "Lorem lorem lorem. Lorem lorem lorem. Lorem lorem lorem.\nLorem lorem lorem. Lorem lorem lorem. Lorem lorem lorem.\nLorem lorem lorem. Lorem lorem lorem. Lorem lorem lorem.\nLorem lorem lorem. Lorem lorem lorem. Lorem lorem lorem.\nLorem lorem lorem. Lorem lorem lorem. Lorem lorem lorem.\n",
        "publishDate": "2023-08-16T17:06:17.0836295+00:00"
    },
    {
        "id": 52,
        "title": "Book 52",
        "description": "Lorem lorem lorem. Lorem lorem lorem. Lorem lorem lorem.\n",
        "pageCount": 5200,
        "excerpt": "Lorem lorem lorem. Lorem lorem lorem. Lorem lorem lorem.\nLorem lorem lorem. Lorem lorem lorem. Lorem lorem lorem.\nLorem lorem lorem. Lorem lorem lorem. Lorem lorem lorem.\nLorem lorem lorem. Lorem lorem lorem. Lorem lorem lorem.\nLorem lorem lorem. Lorem lorem lorem. Lorem lorem lorem.\n",
        "publishDate": "2023-08-15T17:06:17.0836439+00:00"
    },
    {
        "id": 53,
        "title": "Book 53",
        "description": "Lorem lorem lorem. Lorem lorem lorem. Lorem lorem lorem.\n",
        "pageCount": 5300,
        "excerpt": "Lorem lorem lorem. Lorem lorem lorem. Lorem lorem lorem.\nLorem lorem lorem. Lorem lorem lorem. Lorem lorem lorem.\nLorem lorem lorem. Lorem lorem lorem. Lorem lorem lorem.\nLorem lorem lorem. Lorem lorem lorem. Lorem lorem lorem.\nLorem lorem lorem. Lorem lorem lorem. Lorem lorem lorem.\n",
        "publishDate": "2023-08-14T17:06:17.0836564+00:00"
    },
    {
        "id": 54,
        "title": "Book 54",
        "description": "Lorem lorem lorem. Lorem lorem lorem. Lorem lorem lorem.\n",
        "pageCount": 5400,
        "excerpt": "Lorem lorem lorem. Lorem lorem lorem. Lorem lorem lorem.\nLorem lorem lorem. Lorem lorem lorem. Lorem lorem lorem.\nLorem lorem lorem. Lorem lorem lorem. Lorem lorem lorem.\nLorem lorem lorem. Lorem lorem lorem. Lorem lorem lorem.\nLorem lorem lorem. Lorem lorem lorem. Lorem lorem lorem.\n",
        "publishDate": "2023-08-13T17:06:17.0836712+00:00"
    },
    {
        "id": 55,
        "title": "Book 55",
        "description": "Lorem lorem lorem. Lorem lorem lorem. Lorem lorem lorem.\n",
        "pageCount": 5500,
        "excerpt": "Lorem lorem lorem. Lorem lorem lorem. Lorem lorem lorem.\nLorem lorem lorem. Lorem lorem lorem. Lorem lorem lorem.\nLorem lorem lorem. Lorem lorem lorem. Lorem lorem lorem.\nLorem lorem lorem. Lorem lorem lorem. Lorem lorem lorem.\nLorem lorem lorem. Lorem lorem lorem. Lorem lorem lorem.\n",
        "publishDate": "2023-08-12T17:06:17.0836837+00:00"
    },
    {
        "id": 56,
        "title": "Book 56",
        "description": "Lorem lorem lorem. Lorem lorem lorem. Lorem lorem lorem.\n",
        "pageCount": 5600,
        "excerpt": "Lorem lorem lorem. Lorem lorem lorem. Lorem lorem lorem.\nLorem lorem lorem. Lorem lorem lorem. Lorem lorem lorem.\nLorem lorem lorem. Lorem lorem lorem. Lorem lorem lorem.\nLorem lorem lorem. Lorem lorem lorem. Lorem lorem lorem.\nLorem lorem lorem. Lorem lorem lorem. Lorem lorem lorem.\n",
        "publishDate": "2023-08-11T17:06:17.0836981+00:00"
    },
    {
        "id": 57,
        "title": "Book 57",
        "description": "Lorem lorem lorem. Lorem lorem lorem. Lorem lorem lorem.\n",
        "pageCount": 5700,
        "excerpt": "Lorem lorem lorem. Lorem lorem lorem. Lorem lorem lorem.\nLorem lorem lorem. Lorem lorem lorem. Lorem lorem lorem.\nLorem lorem lorem. Lorem lorem lorem. Lorem lorem lorem.\nLorem lorem lorem. Lorem lorem lorem. Lorem lorem lorem.\nLorem lorem lorem. Lorem lorem lorem. Lorem lorem lorem.\n",
        "publishDate": "2023-08-10T17:06:17.0837109+00:00"
    },
    {
        "id": 58,
        "title": "Book 58",
        "description": "Lorem lorem lorem. Lorem lorem lorem. Lorem lorem lorem.\n",
        "pageCount": 5800,
        "excerpt": "Lorem lorem lorem. Lorem lorem lorem. Lorem lorem lorem.\nLorem lorem lorem. Lorem lorem lorem. Lorem lorem lorem.\nLorem lorem lorem. Lorem lorem lorem. Lorem lorem lorem.\nLorem lorem lorem. Lorem lorem lorem. Lorem lorem lorem.\nLorem lorem lorem. Lorem lorem lorem. Lorem lorem lorem.\n",
        "publishDate": "2023-08-09T17:06:17.0837256+00:00"
    },
    {
        "id": 59,
        "title": "Book 59",
        "description": "Lorem lorem lorem. Lorem lorem lorem. Lorem lorem lorem.\n",
        "pageCount": 5900,
        "excerpt": "Lorem lorem lorem. Lorem lorem lorem. Lorem lorem lorem.\nLorem lorem lorem. Lorem lorem lorem. Lorem lorem lorem.\nLorem lorem lorem. Lorem lorem lorem. Lorem lorem lorem.\nLorem lorem lorem. Lorem lorem lorem. Lorem lorem lorem.\nLorem lorem lorem. Lorem lorem lorem. Lorem lorem lorem.\n",
        "publishDate": "2023-08-08T17:06:17.083738+00:00"
    },
    {
        "id": 60,
        "title": "Book 60",
        "description": "Lorem lorem lorem. Lorem lorem lorem. Lorem lorem lorem.\n",
        "pageCount": 6000,
        "excerpt": "Lorem lorem lorem. Lorem lorem lorem. Lorem lorem lorem.\nLorem lorem lorem. Lorem lorem lorem. Lorem lorem lorem.\nLorem lorem lorem. Lorem lorem lorem. Lorem lorem lorem.\nLorem lorem lorem. Lorem lorem lorem. Lorem lorem lorem.\nLorem lorem lorem. Lorem lorem lorem. Lorem lorem lorem.\n",
        "publishDate": "2023-08-07T17:06:17.0837525+00:00"
    },
    {
        "id": 61,
        "title": "Book 61",
        "description": "Lorem lorem lorem. Lorem lorem lorem. Lorem lorem lorem.\n",
        "pageCount": 6100,
        "excerpt": "Lorem lorem lorem. Lorem lorem lorem. Lorem lorem lorem.\nLorem lorem lorem. Lorem lorem lorem. Lorem lorem lorem.\nLorem lorem lorem. Lorem lorem lorem. Lorem lorem lorem.\nLorem lorem lorem. Lorem lorem lorem. Lorem lorem lorem.\nLorem lorem lorem. Lorem lorem lorem. Lorem lorem lorem.\n",
        "publishDate": "2023-08-06T17:06:17.0837648+00:00"
    },
    {
        "id": 62,
        "title": "Book 62",
        "description": "Lorem lorem lorem. Lorem lorem lorem. Lorem lorem lorem.\n",
        "pageCount": 6200,
        "excerpt": "Lorem lorem lorem. Lorem lorem lorem. Lorem lorem lorem.\nLorem lorem lorem. Lorem lorem lorem. Lorem lorem lorem.\nLorem lorem lorem. Lorem lorem lorem. Lorem lorem lorem.\nLorem lorem lorem. Lorem lorem lorem. Lorem lorem lorem.\nLorem lorem lorem. Lorem lorem lorem. Lorem lorem lorem.\n",
        "publishDate": "2023-08-05T17:06:17.0837772+00:00"
    },
    {
        "id": 63,
        "title": "Book 63",
        "description": "Lorem lorem lorem. Lorem lorem lorem. Lorem lorem lorem.\n",
        "pageCount": 6300,
        "excerpt": "Lorem lorem lorem. Lorem lorem lorem. Lorem lorem lorem.\nLorem lorem lorem. Lorem lorem lorem. Lorem lorem lorem.\nLorem lorem lorem. Lorem lorem lorem. Lorem lorem lorem.\nLorem lorem lorem. Lorem lorem lorem. Lorem lorem lorem.\nLorem lorem lorem. Lorem lorem lorem. Lorem lorem lorem.\n",
        "publishDate": "2023-08-04T17:06:17.0837913+00:00"
    },
    {
        "id": 64,
        "title": "Book 64",
        "description": "Lorem lorem lorem. Lorem lorem lorem. Lorem lorem lorem.\n",
        "pageCount": 6400,
        "excerpt": "Lorem lorem lorem. Lorem lorem lorem. Lorem lorem lorem.\nLorem lorem lorem. Lorem lorem lorem. Lorem lorem lorem.\nLorem lorem lorem. Lorem lorem lorem. Lorem lorem lorem.\nLorem lorem lorem. Lorem lorem lorem. Lorem lorem lorem.\nLorem lorem lorem. Lorem lorem lorem. Lorem lorem lorem.\n",
        "publishDate": "2023-08-03T17:06:17.083804+00:00"
    },
    {
        "id": 65,
        "title": "Book 65",
        "description": "Lorem lorem lorem. Lorem lorem lorem. Lorem lorem lorem.\n",
        "pageCount": 6500,
        "excerpt": "Lorem lorem lorem. Lorem lorem lorem. Lorem lorem lorem.\nLorem lorem lorem. Lorem lorem lorem. Lorem lorem lorem.\nLorem lorem lorem. Lorem lorem lorem. Lorem lorem lorem.\nLorem lorem lorem. Lorem lorem lorem. Lorem lorem lorem.\nLorem lorem lorem. Lorem lorem lorem. Lorem lorem lorem.\n",
        "publishDate": "2023-08-02T17:06:17.0838185+00:00"
    },
    {
        "id": 66,
        "title": "Book 66",
        "description": "Lorem lorem lorem. Lorem lorem lorem. Lorem lorem lorem.\n",
        "pageCount": 6600,
        "excerpt": "Lorem lorem lorem. Lorem lorem lorem. Lorem lorem lorem.\nLorem lorem lorem. Lorem lorem lorem. Lorem lorem lorem.\nLorem lorem lorem. Lorem lorem lorem. Lorem lorem lorem.\nLorem lorem lorem. Lorem lorem lorem. Lorem lorem lorem.\nLorem lorem lorem. Lorem lorem lorem. Lorem lorem lorem.\n",
        "publishDate": "2023-08-01T17:06:17.0838311+00:00"
    },
    {
        "id": 67,
        "title": "Book 67",
        "description": "Lorem lorem lorem. Lorem lorem lorem. Lorem lorem lorem.\n",
        "pageCount": 6700,
        "excerpt": "Lorem lorem lorem. Lorem lorem lorem. Lorem lorem lorem.\nLorem lorem lorem. Lorem lorem lorem. Lorem lorem lorem.\nLorem lorem lorem. Lorem lorem lorem. Lorem lorem lorem.\nLorem lorem lorem. Lorem lorem lorem. Lorem lorem lorem.\nLorem lorem lorem. Lorem lorem lorem. Lorem lorem lorem.\n",
        "publishDate": "2023-07-31T17:06:17.0838453+00:00"
    },
    {
        "id": 68,
        "title": "Book 68",
        "description": "Lorem lorem lorem. Lorem lorem lorem. Lorem lorem lorem.\n",
        "pageCount": 6800,
        "excerpt": "Lorem lorem lorem. Lorem lorem lorem. Lorem lorem lorem.\nLorem lorem lorem. Lorem lorem lorem. Lorem lorem lorem.\nLorem lorem lorem. Lorem lorem lorem. Lorem lorem lorem.\nLorem lorem lorem. Lorem lorem lorem. Lorem lorem lorem.\nLorem lorem lorem. Lorem lorem lorem. Lorem lorem lorem.\n",
        "publishDate": "2023-07-30T17:06:17.0838582+00:00"
    },
    {
        "id": 69,
        "title": "Book 69",
        "description": "Lorem lorem lorem. Lorem lorem lorem. Lorem lorem lorem.\n",
        "pageCount": 6900,
        "excerpt": "Lorem lorem lorem. Lorem lorem lorem. Lorem lorem lorem.\nLorem lorem lorem. Lorem lorem lorem. Lorem lorem lorem.\nLorem lorem lorem. Lorem lorem lorem. Lorem lorem lorem.\nLorem lorem lorem. Lorem lorem lorem. Lorem lorem lorem.\nLorem lorem lorem. Lorem lorem lorem. Lorem lorem lorem.\n",
        "publishDate": "2023-07-29T17:06:17.0838726+00:00"
    },
    {
        "id": 70,
        "title": "Book 70",
        "description": "Lorem lorem lorem. Lorem lorem lorem. Lorem lorem lorem.\n",
        "pageCount": 7000,
        "excerpt": "Lorem lorem lorem. Lorem lorem lorem. Lorem lorem lorem.\nLorem lorem lorem. Lorem lorem lorem. Lorem lorem lorem.\nLorem lorem lorem. Lorem lorem lorem. Lorem lorem lorem.\nLorem lorem lorem. Lorem lorem lorem. Lorem lorem lorem.\nLorem lorem lorem. Lorem lorem lorem. Lorem lorem lorem.\n",
        "publishDate": "2023-07-28T17:06:17.0838853+00:00"
    },
    {
        "id": 71,
        "title": "Book 71",
        "description": "Lorem lorem lorem. Lorem lorem lorem. Lorem lorem lorem.\n",
        "pageCount": 7100,
        "excerpt": "Lorem lorem lorem. Lorem lorem lorem. Lorem lorem lorem.\nLorem lorem lorem. Lorem lorem lorem. Lorem lorem lorem.\nLorem lorem lorem. Lorem lorem lorem. Lorem lorem lorem.\nLorem lorem lorem. Lorem lorem lorem. Lorem lorem lorem.\nLorem lorem lorem. Lorem lorem lorem. Lorem lorem lorem.\n",
        "publishDate": "2023-07-27T17:06:17.0838994+00:00"
    },
    {
        "id": 72,
        "title": "Book 72",
        "description": "Lorem lorem lorem. Lorem lorem lorem. Lorem lorem lorem.\n",
        "pageCount": 7200,
        "excerpt": "Lorem lorem lorem. Lorem lorem lorem. Lorem lorem lorem.\nLorem lorem lorem. Lorem lorem lorem. Lorem lorem lorem.\nLorem lorem lorem. Lorem lorem lorem. Lorem lorem lorem.\nLorem lorem lorem. Lorem lorem lorem. Lorem lorem lorem.\nLorem lorem lorem. Lorem lorem lorem. Lorem lorem lorem.\n",
        "publishDate": "2023-07-26T17:06:17.0839117+00:00"
    },
    {
        "id": 73,
        "title": "Book 73",
        "description": "Lorem lorem lorem. Lorem lorem lorem. Lorem lorem lorem.\n",
        "pageCount": 7300,
        "excerpt": "Lorem lorem lorem. Lorem lorem lorem. Lorem lorem lorem.\nLorem lorem lorem. Lorem lorem lorem. Lorem lorem lorem.\nLorem lorem lorem. Lorem lorem lorem. Lorem lorem lorem.\nLorem lorem lorem. Lorem lorem lorem. Lorem lorem lorem.\nLorem lorem lorem. Lorem lorem lorem. Lorem lorem lorem.\n",
        "publishDate": "2023-07-25T17:06:17.0839264+00:00"
    },
    {
        "id": 74,
        "title": "Book 74",
        "description": "Lorem lorem lorem. Lorem lorem lorem. Lorem lorem lorem.\n",
        "pageCount": 7400,
        "excerpt": "Lorem lorem lorem. Lorem lorem lorem. Lorem lorem lorem.\nLorem lorem lorem. Lorem lorem lorem. Lorem lorem lorem.\nLorem lorem lorem. Lorem lorem lorem. Lorem lorem lorem.\nLorem lorem lorem. Lorem lorem lorem. Lorem lorem lorem.\nLorem lorem lorem. Lorem lorem lorem. Lorem lorem lorem.\n",
        "publishDate": "2023-07-24T17:06:17.083939+00:00"
    },
    {
        "id": 75,
        "title": "Book 75",
        "description": "Lorem lorem lorem. Lorem lorem lorem. Lorem lorem lorem.\n",
        "pageCount": 7500,
        "excerpt": "Lorem lorem lorem. Lorem lorem lorem. Lorem lorem lorem.\nLorem lorem lorem. Lorem lorem lorem. Lorem lorem lorem.\nLorem lorem lorem. Lorem lorem lorem. Lorem lorem lorem.\nLorem lorem lorem. Lorem lorem lorem. Lorem lorem lorem.\nLorem lorem lorem. Lorem lorem lorem. Lorem lorem lorem.\n",
        "publishDate": "2023-07-23T17:06:17.0839533+00:00"
    },
    {
        "id": 76,
        "title": "Book 76",
        "description": "Lorem lorem lorem. Lorem lorem lorem. Lorem lorem lorem.\n",
        "pageCount": 7600,
        "excerpt": "Lorem lorem lorem. Lorem lorem lorem. Lorem lorem lorem.\nLorem lorem lorem. Lorem lorem lorem. Lorem lorem lorem.\nLorem lorem lorem. Lorem lorem lorem. Lorem lorem lorem.\nLorem lorem lorem. Lorem lorem lorem. Lorem lorem lorem.\nLorem lorem lorem. Lorem lorem lorem. Lorem lorem lorem.\n",
        "publishDate": "2023-07-22T17:06:17.083966+00:00"
    },
    {
        "id": 77,
        "title": "Book 77",
        "description": "Lorem lorem lorem. Lorem lorem lorem. Lorem lorem lorem.\n",
        "pageCount": 7700,
        "excerpt": "Lorem lorem lorem. Lorem lorem lorem. Lorem lorem lorem.\nLorem lorem lorem. Lorem lorem lorem. Lorem lorem lorem.\nLorem lorem lorem. Lorem lorem lorem. Lorem lorem lorem.\nLorem lorem lorem. Lorem lorem lorem. Lorem lorem lorem.\nLorem lorem lorem. Lorem lorem lorem. Lorem lorem lorem.\n",
        "publishDate": "2023-07-21T17:06:17.0839806+00:00"
    },
    {
        "id": 78,
        "title": "Book 78",
        "description": "Lorem lorem lorem. Lorem lorem lorem. Lorem lorem lorem.\n",
        "pageCount": 7800,
        "excerpt": "Lorem lorem lorem. Lorem lorem lorem. Lorem lorem lorem.\nLorem lorem lorem. Lorem lorem lorem. Lorem lorem lorem.\nLorem lorem lorem. Lorem lorem lorem. Lorem lorem lorem.\nLorem lorem lorem. Lorem lorem lorem. Lorem lorem lorem.\nLorem lorem lorem. Lorem lorem lorem. Lorem lorem lorem.\n",
        "publishDate": "2023-07-20T17:06:17.0839931+00:00"
    },
    {
        "id": 79,
        "title": "Book 79",
        "description": "Lorem lorem lorem. Lorem lorem lorem. Lorem lorem lorem.\n",
        "pageCount": 7900,
        "excerpt": "Lorem lorem lorem. Lorem lorem lorem. Lorem lorem lorem.\nLorem lorem lorem. Lorem lorem lorem. Lorem lorem lorem.\nLorem lorem lorem. Lorem lorem lorem. Lorem lorem lorem.\nLorem lorem lorem. Lorem lorem lorem. Lorem lorem lorem.\nLorem lorem lorem. Lorem lorem lorem. Lorem lorem lorem.\n",
        "publishDate": "2023-07-19T17:06:17.0840063+00:00"
    },
    {
        "id": 80,
        "title": "Book 80",
        "description": "Lorem lorem lorem. Lorem lorem lorem. Lorem lorem lorem.\n",
        "pageCount": 8000,
        "excerpt": "Lorem lorem lorem. Lorem lorem lorem. Lorem lorem lorem.\nLorem lorem lorem. Lorem lorem lorem. Lorem lorem lorem.\nLorem lorem lorem. Lorem lorem lorem. Lorem lorem lorem.\nLorem lorem lorem. Lorem lorem lorem. Lorem lorem lorem.\nLorem lorem lorem. Lorem lorem lorem. Lorem lorem lorem.\n",
        "publishDate": "2023-07-18T17:06:17.0840206+00:00"
    },
    {
        "id": 81,
        "title": "Book 81",
        "description": "Lorem lorem lorem. Lorem lorem lorem. Lorem lorem lorem.\n",
        "pageCount": 8100,
        "excerpt": "Lorem lorem lorem. Lorem lorem lorem. Lorem lorem lorem.\nLorem lorem lorem. Lorem lorem lorem. Lorem lorem lorem.\nLorem lorem lorem. Lorem lorem lorem. Lorem lorem lorem.\nLorem lorem lorem. Lorem lorem lorem. Lorem lorem lorem.\nLorem lorem lorem. Lorem lorem lorem. Lorem lorem lorem.\n",
        "publishDate": "2023-07-17T17:06:17.0840333+00:00"
    },
    {
        "id": 82,
        "title": "Book 82",
        "description": "Lorem lorem lorem. Lorem lorem lorem. Lorem lorem lorem.\n",
        "pageCount": 8200,
        "excerpt": "Lorem lorem lorem. Lorem lorem lorem. Lorem lorem lorem.\nLorem lorem lorem. Lorem lorem lorem. Lorem lorem lorem.\nLorem lorem lorem. Lorem lorem lorem. Lorem lorem lorem.\nLorem lorem lorem. Lorem lorem lorem. Lorem lorem lorem.\nLorem lorem lorem. Lorem lorem lorem. Lorem lorem lorem.\n",
        "publishDate": "2023-07-16T17:06:17.0840475+00:00"
    },
    {
        "id": 83,
        "title": "Book 83",
        "description": "Lorem lorem lorem. Lorem lorem lorem. Lorem lorem lorem.\n",
        "pageCount": 8300,
        "excerpt": "Lorem lorem lorem. Lorem lorem lorem. Lorem lorem lorem.\nLorem lorem lorem. Lorem lorem lorem. Lorem lorem lorem.\nLorem lorem lorem. Lorem lorem lorem. Lorem lorem lorem.\nLorem lorem lorem. Lorem lorem lorem. Lorem lorem lorem.\nLorem lorem lorem. Lorem lorem lorem. Lorem lorem lorem.\n",
        "publishDate": "2023-07-15T17:06:17.0840603+00:00"
    },
    {
        "id": 84,
        "title": "Book 84",
        "description": "Lorem lorem lorem. Lorem lorem lorem. Lorem lorem lorem.\n",
        "pageCount": 8400,
        "excerpt": "Lorem lorem lorem. Lorem lorem lorem. Lorem lorem lorem.\nLorem lorem lorem. Lorem lorem lorem. Lorem lorem lorem.\nLorem lorem lorem. Lorem lorem lorem. Lorem lorem lorem.\nLorem lorem lorem. Lorem lorem lorem. Lorem lorem lorem.\nLorem lorem lorem. Lorem lorem lorem. Lorem lorem lorem.\n",
        "publishDate": "2023-07-14T17:06:17.0840746+00:00"
    },
    {
        "id": 85,
        "title": "Book 85",
        "description": "Lorem lorem lorem. Lorem lorem lorem. Lorem lorem lorem.\n",
        "pageCount": 8500,
        "excerpt": "Lorem lorem lorem. Lorem lorem lorem. Lorem lorem lorem.\nLorem lorem lorem. Lorem lorem lorem. Lorem lorem lorem.\nLorem lorem lorem. Lorem lorem lorem. Lorem lorem lorem.\nLorem lorem lorem. Lorem lorem lorem. Lorem lorem lorem.\nLorem lorem lorem. Lorem lorem lorem. Lorem lorem lorem.\n",
        "publishDate": "2023-07-13T17:06:17.084087+00:00"
    },
    {
        "id": 86,
        "title": "Book 86",
        "description": "Lorem lorem lorem. Lorem lorem lorem. Lorem lorem lorem.\n",
        "pageCount": 8600,
        "excerpt": "Lorem lorem lorem. Lorem lorem lorem. Lorem lorem lorem.\nLorem lorem lorem. Lorem lorem lorem. Lorem lorem lorem.\nLorem lorem lorem. Lorem lorem lorem. Lorem lorem lorem.\nLorem lorem lorem. Lorem lorem lorem. Lorem lorem lorem.\nLorem lorem lorem. Lorem lorem lorem. Lorem lorem lorem.\n",
        "publishDate": "2023-07-12T17:06:17.084101+00:00"
    },
    {
        "id": 87,
        "title": "Book 87",
        "description": "Lorem lorem lorem. Lorem lorem lorem. Lorem lorem lorem.\n",
        "pageCount": 8700,
        "excerpt": "Lorem lorem lorem. Lorem lorem lorem. Lorem lorem lorem.\nLorem lorem lorem. Lorem lorem lorem. Lorem lorem lorem.\nLorem lorem lorem. Lorem lorem lorem. Lorem lorem lorem.\nLorem lorem lorem. Lorem lorem lorem. Lorem lorem lorem.\nLorem lorem lorem. Lorem lorem lorem. Lorem lorem lorem.\n",
        "publishDate": "2023-07-11T17:06:17.0841136+00:00"
    },
    {
        "id": 88,
        "title": "Book 88",
        "description": "Lorem lorem lorem. Lorem lorem lorem. Lorem lorem lorem.\n",
        "pageCount": 8800,
        "excerpt": "Lorem lorem lorem. Lorem lorem lorem. Lorem lorem lorem.\nLorem lorem lorem. Lorem lorem lorem. Lorem lorem lorem.\nLorem lorem lorem. Lorem lorem lorem. Lorem lorem lorem.\nLorem lorem lorem. Lorem lorem lorem. Lorem lorem lorem.\nLorem lorem lorem. Lorem lorem lorem. Lorem lorem lorem.\n",
        "publishDate": "2023-07-10T17:06:17.0841281+00:00"
    },
    {
        "id": 89,
        "title": "Book 89",
        "description": "Lorem lorem lorem. Lorem lorem lorem. Lorem lorem lorem.\n",
        "pageCount": 8900,
        "excerpt": "Lorem lorem lorem. Lorem lorem lorem. Lorem lorem lorem.\nLorem lorem lorem. Lorem lorem lorem. Lorem lorem lorem.\nLorem lorem lorem. Lorem lorem lorem. Lorem lorem lorem.\nLorem lorem lorem. Lorem lorem lorem. Lorem lorem lorem.\nLorem lorem lorem. Lorem lorem lorem. Lorem lorem lorem.\n",
        "publishDate": "2023-07-09T17:06:17.0841408+00:00"
    },
    {
        "id": 90,
        "title": "Book 90",
        "description": "Lorem lorem lorem. Lorem lorem lorem. Lorem lorem lorem.\n",
        "pageCount": 9000,
        "excerpt": "Lorem lorem lorem. Lorem lorem lorem. Lorem lorem lorem.\nLorem lorem lorem. Lorem lorem lorem. Lorem lorem lorem.\nLorem lorem lorem. Lorem lorem lorem. Lorem lorem lorem.\nLorem lorem lorem. Lorem lorem lorem. Lorem lorem lorem.\nLorem lorem lorem. Lorem lorem lorem. Lorem lorem lorem.\n",
        "publishDate": "2023-07-08T17:06:17.0841551+00:00"
    },
    {
        "id": 91,
        "title": "Book 91",
        "description": "Lorem lorem lorem. Lorem lorem lorem. Lorem lorem lorem.\n",
        "pageCount": 9100,
        "excerpt": "Lorem lorem lorem. Lorem lorem lorem. Lorem lorem lorem.\nLorem lorem lorem. Lorem lorem lorem. Lorem lorem lorem.\nLorem lorem lorem. Lorem lorem lorem. Lorem lorem lorem.\nLorem lorem lorem. Lorem lorem lorem. Lorem lorem lorem.\nLorem lorem lorem. Lorem lorem lorem. Lorem lorem lorem.\n",
        "publishDate": "2023-07-07T17:06:17.0841682+00:00"
    },
    {
        "id": 92,
        "title": "Book 92",
        "description": "Lorem lorem lorem. Lorem lorem lorem. Lorem lorem lorem.\n",
        "pageCount": 9200,
        "excerpt": "Lorem lorem lorem. Lorem lorem lorem. Lorem lorem lorem.\nLorem lorem lorem. Lorem lorem lorem. Lorem lorem lorem.\nLorem lorem lorem. Lorem lorem lorem. Lorem lorem lorem.\nLorem lorem lorem. Lorem lorem lorem. Lorem lorem lorem.\nLorem lorem lorem. Lorem lorem lorem. Lorem lorem lorem.\n",
        "publishDate": "2023-07-06T17:06:17.0841824+00:00"
    },
    {
        "id": 93,
        "title": "Book 93",
        "description": "Lorem lorem lorem. Lorem lorem lorem. Lorem lorem lorem.\n",
        "pageCount": 9300,
        "excerpt": "Lorem lorem lorem. Lorem lorem lorem. Lorem lorem lorem.\nLorem lorem lorem. Lorem lorem lorem. Lorem lorem lorem.\nLorem lorem lorem. Lorem lorem lorem. Lorem lorem lorem.\nLorem lorem lorem. Lorem lorem lorem. Lorem lorem lorem.\nLorem lorem lorem. Lorem lorem lorem. Lorem lorem lorem.\n",
        "publishDate": "2023-07-05T17:06:17.0841948+00:00"
    },
    {
        "id": 94,
        "title": "Book 94",
        "description": "Lorem lorem lorem. Lorem lorem lorem. Lorem lorem lorem.\n",
        "pageCount": 9400,
        "excerpt": "Lorem lorem lorem. Lorem lorem lorem. Lorem lorem lorem.\nLorem lorem lorem. Lorem lorem lorem. Lorem lorem lorem.\nLorem lorem lorem. Lorem lorem lorem. Lorem lorem lorem.\nLorem lorem lorem. Lorem lorem lorem. Lorem lorem lorem.\nLorem lorem lorem. Lorem lorem lorem. Lorem lorem lorem.\n",
        "publishDate": "2023-07-04T17:06:17.0842075+00:00"
    },
    {
        "id": 95,
        "title": "Book 95",
        "description": "Lorem lorem lorem. Lorem lorem lorem. Lorem lorem lorem.\n",
        "pageCount": 9500,
        "excerpt": "Lorem lorem lorem. Lorem lorem lorem. Lorem lorem lorem.\nLorem lorem lorem. Lorem lorem lorem. Lorem lorem lorem.\nLorem lorem lorem. Lorem lorem lorem. Lorem lorem lorem.\nLorem lorem lorem. Lorem lorem lorem. Lorem lorem lorem.\nLorem lorem lorem. Lorem lorem lorem. Lorem lorem lorem.\n",
        "publishDate": "2023-07-03T17:06:17.0842216+00:00"
    },
    {
        "id": 96,
        "title": "Book 96",
        "description": "Lorem lorem lorem. Lorem lorem lorem. Lorem lorem lorem.\n",
        "pageCount": 9600,
        "excerpt": "Lorem lorem lorem. Lorem lorem lorem. Lorem lorem lorem.\nLorem lorem lorem. Lorem lorem lorem. Lorem lorem lorem.\nLorem lorem lorem. Lorem lorem lorem. Lorem lorem lorem.\nLorem lorem lorem. Lorem lorem lorem. Lorem lorem lorem.\nLorem lorem lorem. Lorem lorem lorem. Lorem lorem lorem.\n",
        "publishDate": "2023-07-02T17:06:17.0842345+00:00"
    },
    {
        "id": 97,
        "title": "Book 97",
        "description": "Lorem lorem lorem. Lorem lorem lorem. Lorem lorem lorem.\n",
        "pageCount": 9700,
        "excerpt": "Lorem lorem lorem. Lorem lorem lorem. Lorem lorem lorem.\nLorem lorem lorem. Lorem lorem lorem. Lorem lorem lorem.\nLorem lorem lorem. Lorem lorem lorem. Lorem lorem lorem.\nLorem lorem lorem. Lorem lorem lorem. Lorem lorem lorem.\nLorem lorem lorem. Lorem lorem lorem. Lorem lorem lorem.\n",
        "publishDate": "2023-07-01T17:06:17.0842489+00:00"
    },
    {
        "id": 98,
        "title": "Book 98",
        "description": "Lorem lorem lorem. Lorem lorem lorem. Lorem lorem lorem.\n",
        "pageCount": 9800,
        "excerpt": "Lorem lorem lorem. Lorem lorem lorem. Lorem lorem lorem.\nLorem lorem lorem. Lorem lorem lorem. Lorem lorem lorem.\nLorem lorem lorem. Lorem lorem lorem. Lorem lorem lorem.\nLorem lorem lorem. Lorem lorem lorem. Lorem lorem lorem.\nLorem lorem lorem. Lorem lorem lorem. Lorem lorem lorem.\n",
        "publishDate": "2023-06-30T17:06:17.0842616+00:00"
    },
    {
        "id": 99,
        "title": "Book 99",
        "description": "Lorem lorem lorem. Lorem lorem lorem. Lorem lorem lorem.\n",
        "pageCount": 9900,
        "excerpt": "Lorem lorem lorem. Lorem lorem lorem. Lorem lorem lorem.\nLorem lorem lorem. Lorem lorem lorem. Lorem lorem lorem.\nLorem lorem lorem. Lorem lorem lorem. Lorem lorem lorem.\nLorem lorem lorem. Lorem lorem lorem. Lorem lorem lorem.\nLorem lorem lorem. Lorem lorem lorem. Lorem lorem lorem.\n",
        "publishDate": "2023-06-29T17:06:17.0850163+00:00"
    },
    {
        "id": 100,
        "title": "Book 100",
        "description": "Lorem lorem lorem. Lorem lorem lorem. Lorem lorem lorem.\n",
        "pageCount": 10000,
        "excerpt": "Lorem lorem lorem. Lorem lorem lorem. Lorem lorem lorem.\nLorem lorem lorem. Lorem lorem lorem. Lorem lorem lorem.\nLorem lorem lorem. Lorem lorem lorem. Lorem lorem lorem.\nLorem lorem lorem. Lorem lorem lorem. Lorem lorem lorem.\nLorem lorem lorem. Lorem lorem lorem. Lorem lorem lorem.\n",
        "publishDate": "2023-06-28T17:06:17.0850294+00:00"
    },
    {
        "id": 101,
        "title": "Book 101",
        "description": "Lorem lorem lorem. Lorem lorem lorem. Lorem lorem lorem.\n",
        "pageCount": 10100,
        "excerpt": "Lorem lorem lorem. Lorem lorem lorem. Lorem lorem lorem.\nLorem lorem lorem. Lorem lorem lorem. Lorem lorem lorem.\nLorem lorem lorem. Lorem lorem lorem. Lorem lorem lorem.\nLorem lorem lorem. Lorem lorem lorem. Lorem lorem lorem.\nLorem lorem lorem. Lorem lorem lorem. Lorem lorem lorem.\n",
        "publishDate": "2023-06-27T17:06:17.085043+00:00"
    },
    {
        "id": 102,
        "title": "Book 102",
        "description": "Lorem lorem lorem. Lorem lorem lorem. Lorem lorem lorem.\n",
        "pageCount": 10200,
        "excerpt": "Lorem lorem lorem. Lorem lorem lorem. Lorem lorem lorem.\nLorem lorem lorem. Lorem lorem lorem. Lorem lorem lorem.\nLorem lorem lorem. Lorem lorem lorem. Lorem lorem lorem.\nLorem lorem lorem. Lorem lorem lorem. Lorem lorem lorem.\nLorem lorem lorem. Lorem lorem lorem. Lorem lorem lorem.\n",
        "publishDate": "2023-06-26T17:06:17.0850549+00:00"
    },
    {
        "id": 103,
        "title": "Book 103",
        "description": "Lorem lorem lorem. Lorem lorem lorem. Lorem lorem lorem.\n",
        "pageCount": 10300,
        "excerpt": "Lorem lorem lorem. Lorem lorem lorem. Lorem lorem lorem.\nLorem lorem lorem. Lorem lorem lorem. Lorem lorem lorem.\nLorem lorem lorem. Lorem lorem lorem. Lorem lorem lorem.\nLorem lorem lorem. Lorem lorem lorem. Lorem lorem lorem.\nLorem lorem lorem. Lorem lorem lorem. Lorem lorem lorem.\n",
        "publishDate": "2023-06-25T17:06:17.0850683+00:00"
    },
    {
        "id": 104,
        "title": "Book 104",
        "description": "Lorem lorem lorem. Lorem lorem lorem. Lorem lorem lorem.\n",
        "pageCount": 10400,
        "excerpt": "Lorem lorem lorem. Lorem lorem lorem. Lorem lorem lorem.\nLorem lorem lorem. Lorem lorem lorem. Lorem lorem lorem.\nLorem lorem lorem. Lorem lorem lorem. Lorem lorem lorem.\nLorem lorem lorem. Lorem lorem lorem. Lorem lorem lorem.\nLorem lorem lorem. Lorem lorem lorem. Lorem lorem lorem.\n",
        "publishDate": "2023-06-24T17:06:17.0850803+00:00"
    },
    {
        "id": 105,
        "title": "Book 105",
        "description": "Lorem lorem lorem. Lorem lorem lorem. Lorem lorem lorem.\n",
        "pageCount": 10500,
        "excerpt": "Lorem lorem lorem. Lorem lorem lorem. Lorem lorem lorem.\nLorem lorem lorem. Lorem lorem lorem. Lorem lorem lorem.\nLorem lorem lorem. Lorem lorem lorem. Lorem lorem lorem.\nLorem lorem lorem. Lorem lorem lorem. Lorem lorem lorem.\nLorem lorem lorem. Lorem lorem lorem. Lorem lorem lorem.\n",
        "publishDate": "2023-06-23T17:06:17.0850936+00:00"
    },
    {
        "id": 106,
        "title": "Book 106",
        "description": "Lorem lorem lorem. Lorem lorem lorem. Lorem lorem lorem.\n",
        "pageCount": 10600,
        "excerpt": "Lorem lorem lorem. Lorem lorem lorem. Lorem lorem lorem.\nLorem lorem lorem. Lorem lorem lorem. Lorem lorem lorem.\nLorem lorem lorem. Lorem lorem lorem. Lorem lorem lorem.\nLorem lorem lorem. Lorem lorem lorem. Lorem lorem lorem.\nLorem lorem lorem. Lorem lorem lorem. Lorem lorem lorem.\n",
        "publishDate": "2023-06-22T17:06:17.0851055+00:00"
    },
    {
        "id": 107,
        "title": "Book 107",
        "description": "Lorem lorem lorem. Lorem lorem lorem. Lorem lorem lorem.\n",
        "pageCount": 10700,
        "excerpt": "Lorem lorem lorem. Lorem lorem lorem. Lorem lorem lorem.\nLorem lorem lorem. Lorem lorem lorem. Lorem lorem lorem.\nLorem lorem lorem. Lorem lorem lorem. Lorem lorem lorem.\nLorem lorem lorem. Lorem lorem lorem. Lorem lorem lorem.\nLorem lorem lorem. Lorem lorem lorem. Lorem lorem lorem.\n",
        "publishDate": "2023-06-21T17:06:17.0851172+00:00"
    },
    {
        "id": 108,
        "title": "Book 108",
        "description": "Lorem lorem lorem. Lorem lorem lorem. Lorem lorem lorem.\n",
        "pageCount": 10800,
        "excerpt": "Lorem lorem lorem. Lorem lorem lorem. Lorem lorem lorem.\nLorem lorem lorem. Lorem lorem lorem. Lorem lorem lorem.\nLorem lorem lorem. Lorem lorem lorem. Lorem lorem lorem.\nLorem lorem lorem. Lorem lorem lorem. Lorem lorem lorem.\nLorem lorem lorem. Lorem lorem lorem. Lorem lorem lorem.\n",
        "publishDate": "2023-06-20T17:06:17.0851307+00:00"
    },
    {
        "id": 109,
        "title": "Book 109",
        "description": "Lorem lorem lorem. Lorem lorem lorem. Lorem lorem lorem.\n",
        "pageCount": 10900,
        "excerpt": "Lorem lorem lorem. Lorem lorem lorem. Lorem lorem lorem.\nLorem lorem lorem. Lorem lorem lorem. Lorem lorem lorem.\nLorem lorem lorem. Lorem lorem lorem. Lorem lorem lorem.\nLorem lorem lorem. Lorem lorem lorem. Lorem lorem lorem.\nLorem lorem lorem. Lorem lorem lorem. Lorem lorem lorem.\n",
        "publishDate": "2023-06-19T17:06:17.0851427+00:00"
    },
    {
        "id": 110,
        "title": "Book 110",
        "description": "Lorem lorem lorem. Lorem lorem lorem. Lorem lorem lorem.\n",
        "pageCount": 11000,
        "excerpt": "Lorem lorem lorem. Lorem lorem lorem. Lorem lorem lorem.\nLorem lorem lorem. Lorem lorem lorem. Lorem lorem lorem.\nLorem lorem lorem. Lorem lorem lorem. Lorem lorem lorem.\nLorem lorem lorem. Lorem lorem lorem. Lorem lorem lorem.\nLorem lorem lorem. Lorem lorem lorem. Lorem lorem lorem.\n",
        "publishDate": "2023-06-18T17:06:17.0851561+00:00"
    },
    {
        "id": 111,
        "title": "Book 111",
        "description": "Lorem lorem lorem. Lorem lorem lorem. Lorem lorem lorem.\n",
        "pageCount": 11100,
        "excerpt": "Lorem lorem lorem. Lorem lorem lorem. Lorem lorem lorem.\nLorem lorem lorem. Lorem lorem lorem. Lorem lorem lorem.\nLorem lorem lorem. Lorem lorem lorem. Lorem lorem lorem.\nLorem lorem lorem. Lorem lorem lorem. Lorem lorem lorem.\nLorem lorem lorem. Lorem lorem lorem. Lorem lorem lorem.\n",
        "publishDate": "2023-06-17T17:06:17.085168+00:00"
    },
    {
        "id": 112,
        "title": "Book 112",
        "description": "Lorem lorem lorem. Lorem lorem lorem. Lorem lorem lorem.\n",
        "pageCount": 11200,
        "excerpt": "Lorem lorem lorem. Lorem lorem lorem. Lorem lorem lorem.\nLorem lorem lorem. Lorem lorem lorem. Lorem lorem lorem.\nLorem lorem lorem. Lorem lorem lorem. Lorem lorem lorem.\nLorem lorem lorem. Lorem lorem lorem. Lorem lorem lorem.\nLorem lorem lorem. Lorem lorem lorem. Lorem lorem lorem.\n",
        "publishDate": "2023-06-16T17:06:17.0851813+00:00"
    },
    {
        "id": 113,
        "title": "Book 113",
        "description": "Lorem lorem lorem. Lorem lorem lorem. Lorem lorem lorem.\n",
        "pageCount": 11300,
        "excerpt": "Lorem lorem lorem. Lorem lorem lorem. Lorem lorem lorem.\nLorem lorem lorem. Lorem lorem lorem. Lorem lorem lorem.\nLorem lorem lorem. Lorem lorem lorem. Lorem lorem lorem.\nLorem lorem lorem. Lorem lorem lorem. Lorem lorem lorem.\nLorem lorem lorem. Lorem lorem lorem. Lorem lorem lorem.\n",
        "publishDate": "2023-06-15T17:06:17.0851931+00:00"
    },
    {
        "id": 114,
        "title": "Book 114",
        "description": "Lorem lorem lorem. Lorem lorem lorem. Lorem lorem lorem.\n",
        "pageCount": 11400,
        "excerpt": "Lorem lorem lorem. Lorem lorem lorem. Lorem lorem lorem.\nLorem lorem lorem. Lorem lorem lorem. Lorem lorem lorem.\nLorem lorem lorem. Lorem lorem lorem. Lorem lorem lorem.\nLorem lorem lorem. Lorem lorem lorem. Lorem lorem lorem.\nLorem lorem lorem. Lorem lorem lorem. Lorem lorem lorem.\n",
        "publishDate": "2023-06-14T17:06:17.0852068+00:00"
    },
    {
        "id": 115,
        "title": "Book 115",
        "description": "Lorem lorem lorem. Lorem lorem lorem. Lorem lorem lorem.\n",
        "pageCount": 11500,
        "excerpt": "Lorem lorem lorem. Lorem lorem lorem. Lorem lorem lorem.\nLorem lorem lorem. Lorem lorem lorem. Lorem lorem lorem.\nLorem lorem lorem. Lorem lorem lorem. Lorem lorem lorem.\nLorem lorem lorem. Lorem lorem lorem. Lorem lorem lorem.\nLorem lorem lorem. Lorem lorem lorem. Lorem lorem lorem.\n",
        "publishDate": "2023-06-13T17:06:17.0852186+00:00"
    },
    {
        "id": 116,
        "title": "Book 116",
        "description": "Lorem lorem lorem. Lorem lorem lorem. Lorem lorem lorem.\n",
        "pageCount": 11600,
        "excerpt": "Lorem lorem lorem. Lorem lorem lorem. Lorem lorem lorem.\nLorem lorem lorem. Lorem lorem lorem. Lorem lorem lorem.\nLorem lorem lorem. Lorem lorem lorem. Lorem lorem lorem.\nLorem lorem lorem. Lorem lorem lorem. Lorem lorem lorem.\nLorem lorem lorem. Lorem lorem lorem. Lorem lorem lorem.\n",
        "publishDate": "2023-06-12T17:06:17.0852321+00:00"
    },
    {
        "id": 117,
        "title": "Book 117",
        "description": "Lorem lorem lorem. Lorem lorem lorem. Lorem lorem lorem.\n",
        "pageCount": 11700,
        "excerpt": "Lorem lorem lorem. Lorem lorem lorem. Lorem lorem lorem.\nLorem lorem lorem. Lorem lorem lorem. Lorem lorem lorem.\nLorem lorem lorem. Lorem lorem lorem. Lorem lorem lorem.\nLorem lorem lorem. Lorem lorem lorem. Lorem lorem lorem.\nLorem lorem lorem. Lorem lorem lorem. Lorem lorem lorem.\n",
        "publishDate": "2023-06-11T17:06:17.0852438+00:00"
    },
    {
        "id": 118,
        "title": "Book 118",
        "description": "Lorem lorem lorem. Lorem lorem lorem. Lorem lorem lorem.\n",
        "pageCount": 11800,
        "excerpt": "Lorem lorem lorem. Lorem lorem lorem. Lorem lorem lorem.\nLorem lorem lorem. Lorem lorem lorem. Lorem lorem lorem.\nLorem lorem lorem. Lorem lorem lorem. Lorem lorem lorem.\nLorem lorem lorem. Lorem lorem lorem. Lorem lorem lorem.\nLorem lorem lorem. Lorem lorem lorem. Lorem lorem lorem.\n",
        "publishDate": "2023-06-10T17:06:17.0852572+00:00"
    },
    {
        "id": 119,
        "title": "Book 119",
        "description": "Lorem lorem lorem. Lorem lorem lorem. Lorem lorem lorem.\n",
        "pageCount": 11900,
        "excerpt": "Lorem lorem lorem. Lorem lorem lorem. Lorem lorem lorem.\nLorem lorem lorem. Lorem lorem lorem. Lorem lorem lorem.\nLorem lorem lorem. Lorem lorem lorem. Lorem lorem lorem.\nLorem lorem lorem. Lorem lorem lorem. Lorem lorem lorem.\nLorem lorem lorem. Lorem lorem lorem. Lorem lorem lorem.\n",
        "publishDate": "2023-06-09T17:06:17.0852691+00:00"
    },
    {
        "id": 120,
        "title": "Book 120",
        "description": "Lorem lorem lorem. Lorem lorem lorem. Lorem lorem lorem.\n",
        "pageCount": 12000,
        "excerpt": "Lorem lorem lorem. Lorem lorem lorem. Lorem lorem lorem.\nLorem lorem lorem. Lorem lorem lorem. Lorem lorem lorem.\nLorem lorem lorem. Lorem lorem lorem. Lorem lorem lorem.\nLorem lorem lorem. Lorem lorem lorem. Lorem lorem lorem.\nLorem lorem lorem. Lorem lorem lorem. Lorem lorem lorem.\n",
        "publishDate": "2023-06-08T17:06:17.0852825+00:00"
    },
    {
        "id": 121,
        "title": "Book 121",
        "description": "Lorem lorem lorem. Lorem lorem lorem. Lorem lorem lorem.\n",
        "pageCount": 12100,
        "excerpt": "Lorem lorem lorem. Lorem lorem lorem. Lorem lorem lorem.\nLorem lorem lorem. Lorem lorem lorem. Lorem lorem lorem.\nLorem lorem lorem. Lorem lorem lorem. Lorem lorem lorem.\nLorem lorem lorem. Lorem lorem lorem. Lorem lorem lorem.\nLorem lorem lorem. Lorem lorem lorem. Lorem lorem lorem.\n",
        "publishDate": "2023-06-07T17:06:17.0852942+00:00"
    },
    {
        "id": 122,
        "title": "Book 122",
        "description": "Lorem lorem lorem. Lorem lorem lorem. Lorem lorem lorem.\n",
        "pageCount": 12200,
        "excerpt": "Lorem lorem lorem. Lorem lorem lorem. Lorem lorem lorem.\nLorem lorem lorem. Lorem lorem lorem. Lorem lorem lorem.\nLorem lorem lorem. Lorem lorem lorem. Lorem lorem lorem.\nLorem lorem lorem. Lorem lorem lorem. Lorem lorem lorem.\nLorem lorem lorem. Lorem lorem lorem. Lorem lorem lorem.\n",
        "publishDate": "2023-06-06T17:06:17.085306+00:00"
    },
    {
        "id": 123,
        "title": "Book 123",
        "description": "Lorem lorem lorem. Lorem lorem lorem. Lorem lorem lorem.\n",
        "pageCount": 12300,
        "excerpt": "Lorem lorem lorem. Lorem lorem lorem. Lorem lorem lorem.\nLorem lorem lorem. Lorem lorem lorem. Lorem lorem lorem.\nLorem lorem lorem. Lorem lorem lorem. Lorem lorem lorem.\nLorem lorem lorem. Lorem lorem lorem. Lorem lorem lorem.\nLorem lorem lorem. Lorem lorem lorem. Lorem lorem lorem.\n",
        "publishDate": "2023-06-05T17:06:17.0853194+00:00"
    },
    {
        "id": 124,
        "title": "Book 124",
        "description": "Lorem lorem lorem. Lorem lorem lorem. Lorem lorem lorem.\n",
        "pageCount": 12400,
        "excerpt": "Lorem lorem lorem. Lorem lorem lorem. Lorem lorem lorem.\nLorem lorem lorem. Lorem lorem lorem. Lorem lorem lorem.\nLorem lorem lorem. Lorem lorem lorem. Lorem lorem lorem.\nLorem lorem lorem. Lorem lorem lorem. Lorem lorem lorem.\nLorem lorem lorem. Lorem lorem lorem. Lorem lorem lorem.\n",
        "publishDate": "2023-06-04T17:06:17.0853312+00:00"
    },
    {
        "id": 125,
        "title": "Book 125",
        "description": "Lorem lorem lorem. Lorem lorem lorem. Lorem lorem lorem.\n",
        "pageCount": 12500,
        "excerpt": "Lorem lorem lorem. Lorem lorem lorem. Lorem lorem lorem.\nLorem lorem lorem. Lorem lorem lorem. Lorem lorem lorem.\nLorem lorem lorem. Lorem lorem lorem. Lorem lorem lorem.\nLorem lorem lorem. Lorem lorem lorem. Lorem lorem lorem.\nLorem lorem lorem. Lorem lorem lorem. Lorem lorem lorem.\n",
        "publishDate": "2023-06-03T17:06:17.0853446+00:00"
    },
    {
        "id": 126,
        "title": "Book 126",
        "description": "Lorem lorem lorem. Lorem lorem lorem. Lorem lorem lorem.\n",
        "pageCount": 12600,
        "excerpt": "Lorem lorem lorem. Lorem lorem lorem. Lorem lorem lorem.\nLorem lorem lorem. Lorem lorem lorem. Lorem lorem lorem.\nLorem lorem lorem. Lorem lorem lorem. Lorem lorem lorem.\nLorem lorem lorem. Lorem lorem lorem. Lorem lorem lorem.\nLorem lorem lorem. Lorem lorem lorem. Lorem lorem lorem.\n",
        "publishDate": "2023-06-02T17:06:17.0853986+00:00"
    },
    {
        "id": 127,
        "title": "Book 127",
        "description": "Lorem lorem lorem. Lorem lorem lorem. Lorem lorem lorem.\n",
        "pageCount": 12700,
        "excerpt": "Lorem lorem lorem. Lorem lorem lorem. Lorem lorem lorem.\nLorem lorem lorem. Lorem lorem lorem. Lorem lorem lorem.\nLorem lorem lorem. Lorem lorem lorem. Lorem lorem lorem.\nLorem lorem lorem. Lorem lorem lorem. Lorem lorem lorem.\nLorem lorem lorem. Lorem lorem lorem. Lorem lorem lorem.\n",
        "publishDate": "2023-06-01T17:06:17.0854175+00:00"
    },
    {
        "id": 128,
        "title": "Book 128",
        "description": "Lorem lorem lorem. Lorem lorem lorem. Lorem lorem lorem.\n",
        "pageCount": 12800,
        "excerpt": "Lorem lorem lorem. Lorem lorem lorem. Lorem lorem lorem.\nLorem lorem lorem. Lorem lorem lorem. Lorem lorem lorem.\nLorem lorem lorem. Lorem lorem lorem. Lorem lorem lorem.\nLorem lorem lorem. Lorem lorem lorem. Lorem lorem lorem.\nLorem lorem lorem. Lorem lorem lorem. Lorem lorem lorem.\n",
        "publishDate": "2023-05-31T17:06:17.0854308+00:00"
    },
    {
        "id": 129,
        "title": "Book 129",
        "description": "Lorem lorem lorem. Lorem lorem lorem. Lorem lorem lorem.\n",
        "pageCount": 12900,
        "excerpt": "Lorem lorem lorem. Lorem lorem lorem. Lorem lorem lorem.\nLorem lorem lorem. Lorem lorem lorem. Lorem lorem lorem.\nLorem lorem lorem. Lorem lorem lorem. Lorem lorem lorem.\nLorem lorem lorem. Lorem lorem lorem. Lorem lorem lorem.\nLorem lorem lorem. Lorem lorem lorem. Lorem lorem lorem.\n",
        "publishDate": "2023-05-30T17:06:17.0854458+00:00"
    },
    {
        "id": 130,
        "title": "Book 130",
        "description": "Lorem lorem lorem. Lorem lorem lorem. Lorem lorem lorem.\n",
        "pageCount": 13000,
        "excerpt": "Lorem lorem lorem. Lorem lorem lorem. Lorem lorem lorem.\nLorem lorem lorem. Lorem lorem lorem. Lorem lorem lorem.\nLorem lorem lorem. Lorem lorem lorem. Lorem lorem lorem.\nLorem lorem lorem. Lorem lorem lorem. Lorem lorem lorem.\nLorem lorem lorem. Lorem lorem lorem. Lorem lorem lorem.\n",
        "publishDate": "2023-05-29T17:06:17.0854601+00:00"
    },
    {
        "id": 131,
        "title": "Book 131",
        "description": "Lorem lorem lorem. Lorem lorem lorem. Lorem lorem lorem.\n",
        "pageCount": 13100,
        "excerpt": "Lorem lorem lorem. Lorem lorem lorem. Lorem lorem lorem.\nLorem lorem lorem. Lorem lorem lorem. Lorem lorem lorem.\nLorem lorem lorem. Lorem lorem lorem. Lorem lorem lorem.\nLorem lorem lorem. Lorem lorem lorem. Lorem lorem lorem.\nLorem lorem lorem. Lorem lorem lorem. Lorem lorem lorem.\n",
        "publishDate": "2023-05-28T17:06:17.0854748+00:00"
    },
    {
        "id": 132,
        "title": "Book 132",
        "description": "Lorem lorem lorem. Lorem lorem lorem. Lorem lorem lorem.\n",
        "pageCount": 13200,
        "excerpt": "Lorem lorem lorem. Lorem lorem lorem. Lorem lorem lorem.\nLorem lorem lorem. Lorem lorem lorem. Lorem lorem lorem.\nLorem lorem lorem. Lorem lorem lorem. Lorem lorem lorem.\nLorem lorem lorem. Lorem lorem lorem. Lorem lorem lorem.\nLorem lorem lorem. Lorem lorem lorem. Lorem lorem lorem.\n",
        "publishDate": "2023-05-27T17:06:17.0854877+00:00"
    },
    {
        "id": 133,
        "title": "Book 133",
        "description": "Lorem lorem lorem. Lorem lorem lorem. Lorem lorem lorem.\n",
        "pageCount": 13300,
        "excerpt": "Lorem lorem lorem. Lorem lorem lorem. Lorem lorem lorem.\nLorem lorem lorem. Lorem lorem lorem. Lorem lorem lorem.\nLorem lorem lorem. Lorem lorem lorem. Lorem lorem lorem.\nLorem lorem lorem. Lorem lorem lorem. Lorem lorem lorem.\nLorem lorem lorem. Lorem lorem lorem. Lorem lorem lorem.\n",
        "publishDate": "2023-05-26T17:06:17.0855021+00:00"
    },
    {
        "id": 134,
        "title": "Book 134",
        "description": "Lorem lorem lorem. Lorem lorem lorem. Lorem lorem lorem.\n",
        "pageCount": 13400,
        "excerpt": "Lorem lorem lorem. Lorem lorem lorem. Lorem lorem lorem.\nLorem lorem lorem. Lorem lorem lorem. Lorem lorem lorem.\nLorem lorem lorem. Lorem lorem lorem. Lorem lorem lorem.\nLorem lorem lorem. Lorem lorem lorem. Lorem lorem lorem.\nLorem lorem lorem. Lorem lorem lorem. Lorem lorem lorem.\n",
        "publishDate": "2023-05-25T17:06:17.085515+00:00"
    },
    {
        "id": 135,
        "title": "Book 135",
        "description": "Lorem lorem lorem. Lorem lorem lorem. Lorem lorem lorem.\n",
        "pageCount": 13500,
        "excerpt": "Lorem lorem lorem. Lorem lorem lorem. Lorem lorem lorem.\nLorem lorem lorem. Lorem lorem lorem. Lorem lorem lorem.\nLorem lorem lorem. Lorem lorem lorem. Lorem lorem lorem.\nLorem lorem lorem. Lorem lorem lorem. Lorem lorem lorem.\nLorem lorem lorem. Lorem lorem lorem. Lorem lorem lorem.\n",
        "publishDate": "2023-05-24T17:06:17.0855293+00:00"
    },
    {
        "id": 136,
        "title": "Book 136",
        "description": "Lorem lorem lorem. Lorem lorem lorem. Lorem lorem lorem.\n",
        "pageCount": 13600,
        "excerpt": "Lorem lorem lorem. Lorem lorem lorem. Lorem lorem lorem.\nLorem lorem lorem. Lorem lorem lorem. Lorem lorem lorem.\nLorem lorem lorem. Lorem lorem lorem. Lorem lorem lorem.\nLorem lorem lorem. Lorem lorem lorem. Lorem lorem lorem.\nLorem lorem lorem. Lorem lorem lorem. Lorem lorem lorem.\n",
        "publishDate": "2023-05-23T17:06:17.0855421+00:00"
    },
    {
        "id": 137,
        "title": "Book 137",
        "description": "Lorem lorem lorem. Lorem lorem lorem. Lorem lorem lorem.\n",
        "pageCount": 13700,
        "excerpt": "Lorem lorem lorem. Lorem lorem lorem. Lorem lorem lorem.\nLorem lorem lorem. Lorem lorem lorem. Lorem lorem lorem.\nLorem lorem lorem. Lorem lorem lorem. Lorem lorem lorem.\nLorem lorem lorem. Lorem lorem lorem. Lorem lorem lorem.\nLorem lorem lorem. Lorem lorem lorem. Lorem lorem lorem.\n",
        "publishDate": "2023-05-22T17:06:17.0855809+00:00"
    },
    {
        "id": 138,
        "title": "Book 138",
        "description": "Lorem lorem lorem. Lorem lorem lorem. Lorem lorem lorem.\n",
        "pageCount": 13800,
        "excerpt": "Lorem lorem lorem. Lorem lorem lorem. Lorem lorem lorem.\nLorem lorem lorem. Lorem lorem lorem. Lorem lorem lorem.\nLorem lorem lorem. Lorem lorem lorem. Lorem lorem lorem.\nLorem lorem lorem. Lorem lorem lorem. Lorem lorem lorem.\nLorem lorem lorem. Lorem lorem lorem. Lorem lorem lorem.\n",
        "publishDate": "2023-05-21T17:06:17.0855948+00:00"
    },
    {
        "id": 139,
        "title": "Book 139",
        "description": "Lorem lorem lorem. Lorem lorem lorem. Lorem lorem lorem.\n",
        "pageCount": 13900,
        "excerpt": "Lorem lorem lorem. Lorem lorem lorem. Lorem lorem lorem.\nLorem lorem lorem. Lorem lorem lorem. Lorem lorem lorem.\nLorem lorem lorem. Lorem lorem lorem. Lorem lorem lorem.\nLorem lorem lorem. Lorem lorem lorem. Lorem lorem lorem.\nLorem lorem lorem. Lorem lorem lorem. Lorem lorem lorem.\n",
        "publishDate": "2023-05-20T17:06:17.0856097+00:00"
    },
    {
        "id": 140,
        "title": "Book 140",
        "description": "Lorem lorem lorem. Lorem lorem lorem. Lorem lorem lorem.\n",
        "pageCount": 14000,
        "excerpt": "Lorem lorem lorem. Lorem lorem lorem. Lorem lorem lorem.\nLorem lorem lorem. Lorem lorem lorem. Lorem lorem lorem.\nLorem lorem lorem. Lorem lorem lorem. Lorem lorem lorem.\nLorem lorem lorem. Lorem lorem lorem. Lorem lorem lorem.\nLorem lorem lorem. Lorem lorem lorem. Lorem lorem lorem.\n",
        "publishDate": "2023-05-19T17:06:17.0856226+00:00"
    },
    {
        "id": 141,
        "title": "Book 141",
        "description": "Lorem lorem lorem. Lorem lorem lorem. Lorem lorem lorem.\n",
        "pageCount": 14100,
        "excerpt": "Lorem lorem lorem. Lorem lorem lorem. Lorem lorem lorem.\nLorem lorem lorem. Lorem lorem lorem. Lorem lorem lorem.\nLorem lorem lorem. Lorem lorem lorem. Lorem lorem lorem.\nLorem lorem lorem. Lorem lorem lorem. Lorem lorem lorem.\nLorem lorem lorem. Lorem lorem lorem. Lorem lorem lorem.\n",
        "publishDate": "2023-05-18T17:06:17.0856372+00:00"
    },
    {
        "id": 142,
        "title": "Book 142",
        "description": "Lorem lorem lorem. Lorem lorem lorem. Lorem lorem lorem.\n",
        "pageCount": 14200,
        "excerpt": "Lorem lorem lorem. Lorem lorem lorem. Lorem lorem lorem.\nLorem lorem lorem. Lorem lorem lorem. Lorem lorem lorem.\nLorem lorem lorem. Lorem lorem lorem. Lorem lorem lorem.\nLorem lorem lorem. Lorem lorem lorem. Lorem lorem lorem.\nLorem lorem lorem. Lorem lorem lorem. Lorem lorem lorem.\n",
        "publishDate": "2023-05-17T17:06:17.0856501+00:00"
    },
    {
        "id": 143,
        "title": "Book 143",
        "description": "Lorem lorem lorem. Lorem lorem lorem. Lorem lorem lorem.\n",
        "pageCount": 14300,
        "excerpt": "Lorem lorem lorem. Lorem lorem lorem. Lorem lorem lorem.\nLorem lorem lorem. Lorem lorem lorem. Lorem lorem lorem.\nLorem lorem lorem. Lorem lorem lorem. Lorem lorem lorem.\nLorem lorem lorem. Lorem lorem lorem. Lorem lorem lorem.\nLorem lorem lorem. Lorem lorem lorem. Lorem lorem lorem.\n",
        "publishDate": "2023-05-16T17:06:17.0856631+00:00"
    },
    {
        "id": 144,
        "title": "Book 144",
        "description": "Lorem lorem lorem. Lorem lorem lorem. Lorem lorem lorem.\n",
        "pageCount": 14400,
        "excerpt": "Lorem lorem lorem. Lorem lorem lorem. Lorem lorem lorem.\nLorem lorem lorem. Lorem lorem lorem. Lorem lorem lorem.\nLorem lorem lorem. Lorem lorem lorem. Lorem lorem lorem.\nLorem lorem lorem. Lorem lorem lorem. Lorem lorem lorem.\nLorem lorem lorem. Lorem lorem lorem. Lorem lorem lorem.\n",
        "publishDate": "2023-05-15T17:06:17.0856776+00:00"
    },
    {
        "id": 145,
        "title": "Book 145",
        "description": "Lorem lorem lorem. Lorem lorem lorem. Lorem lorem lorem.\n",
        "pageCount": 14500,
        "excerpt": "Lorem lorem lorem. Lorem lorem lorem. Lorem lorem lorem.\nLorem lorem lorem. Lorem lorem lorem. Lorem lorem lorem.\nLorem lorem lorem. Lorem lorem lorem. Lorem lorem lorem.\nLorem lorem lorem. Lorem lorem lorem. Lorem lorem lorem.\nLorem lorem lorem. Lorem lorem lorem. Lorem lorem lorem.\n",
        "publishDate": "2023-05-14T17:06:17.0856901+00:00"
    },
    {
        "id": 146,
        "title": "Book 146",
        "description": "Lorem lorem lorem. Lorem lorem lorem. Lorem lorem lorem.\n",
        "pageCount": 14600,
        "excerpt": "Lorem lorem lorem. Lorem lorem lorem. Lorem lorem lorem.\nLorem lorem lorem. Lorem lorem lorem. Lorem lorem lorem.\nLorem lorem lorem. Lorem lorem lorem. Lorem lorem lorem.\nLorem lorem lorem. Lorem lorem lorem. Lorem lorem lorem.\nLorem lorem lorem. Lorem lorem lorem. Lorem lorem lorem.\n",
        "publishDate": "2023-05-13T17:06:17.0857043+00:00"
    },
    {
        "id": 147,
        "title": "Book 147",
        "description": "Lorem lorem lorem. Lorem lorem lorem. Lorem lorem lorem.\n",
        "pageCount": 14700,
        "excerpt": "Lorem lorem lorem. Lorem lorem lorem. Lorem lorem lorem.\nLorem lorem lorem. Lorem lorem lorem. Lorem lorem lorem.\nLorem lorem lorem. Lorem lorem lorem. Lorem lorem lorem.\nLorem lorem lorem. Lorem lorem lorem. Lorem lorem lorem.\nLorem lorem lorem. Lorem lorem lorem. Lorem lorem lorem.\n",
        "publishDate": "2023-05-12T17:06:17.0857167+00:00"
    },
    {
        "id": 148,
        "title": "Book 148",
        "description": "Lorem lorem lorem. Lorem lorem lorem. Lorem lorem lorem.\n",
        "pageCount": 14800,
        "excerpt": "Lorem lorem lorem. Lorem lorem lorem. Lorem lorem lorem.\nLorem lorem lorem. Lorem lorem lorem. Lorem lorem lorem.\nLorem lorem lorem. Lorem lorem lorem. Lorem lorem lorem.\nLorem lorem lorem. Lorem lorem lorem. Lorem lorem lorem.\nLorem lorem lorem. Lorem lorem lorem. Lorem lorem lorem.\n",
        "publishDate": "2023-05-11T17:06:17.085731+00:00"
    },
    {
        "id": 149,
        "title": "Book 149",
        "description": "Lorem lorem lorem. Lorem lorem lorem. Lorem lorem lorem.\n",
        "pageCount": 14900,
        "excerpt": "Lorem lorem lorem. Lorem lorem lorem. Lorem lorem lorem.\nLorem lorem lorem. Lorem lorem lorem. Lorem lorem lorem.\nLorem lorem lorem. Lorem lorem lorem. Lorem lorem lorem.\nLorem lorem lorem. Lorem lorem lorem. Lorem lorem lorem.\nLorem lorem lorem. Lorem lorem lorem. Lorem lorem lorem.\n",
        "publishDate": "2023-05-10T17:06:17.0857438+00:00"
    },
    {
        "id": 150,
        "title": "Book 150",
        "description": "Lorem lorem lorem. Lorem lorem lorem. Lorem lorem lorem.\n",
        "pageCount": 15000,
        "excerpt": "Lorem lorem lorem. Lorem lorem lorem. Lorem lorem lorem.\nLorem lorem lorem. Lorem lorem lorem. Lorem lorem lorem.\nLorem lorem lorem. Lorem lorem lorem. Lorem lorem lorem.\nLorem lorem lorem. Lorem lorem lorem. Lorem lorem lorem.\nLorem lorem lorem. Lorem lorem lorem. Lorem lorem lorem.\n",
        "publishDate": "2023-05-09T17:06:17.0857578+00:00"
    },
    {
        "id": 151,
        "title": "Book 151",
        "description": "Lorem lorem lorem. Lorem lorem lorem. Lorem lorem lorem.\n",
        "pageCount": 15100,
        "excerpt": "Lorem lorem lorem. Lorem lorem lorem. Lorem lorem lorem.\nLorem lorem lorem. Lorem lorem lorem. Lorem lorem lorem.\nLorem lorem lorem. Lorem lorem lorem. Lorem lorem lorem.\nLorem lorem lorem. Lorem lorem lorem. Lorem lorem lorem.\nLorem lorem lorem. Lorem lorem lorem. Lorem lorem lorem.\n",
        "publishDate": "2023-05-08T17:06:17.0857708+00:00"
    },
    {
        "id": 152,
        "title": "Book 152",
        "description": "Lorem lorem lorem. Lorem lorem lorem. Lorem lorem lorem.\n",
        "pageCount": 15200,
        "excerpt": "Lorem lorem lorem. Lorem lorem lorem. Lorem lorem lorem.\nLorem lorem lorem. Lorem lorem lorem. Lorem lorem lorem.\nLorem lorem lorem. Lorem lorem lorem. Lorem lorem lorem.\nLorem lorem lorem. Lorem lorem lorem. Lorem lorem lorem.\nLorem lorem lorem. Lorem lorem lorem. Lorem lorem lorem.\n",
        "publishDate": "2023-05-07T17:06:17.0857853+00:00"
    },
    {
        "id": 153,
        "title": "Book 153",
        "description": "Lorem lorem lorem. Lorem lorem lorem. Lorem lorem lorem.\n",
        "pageCount": 15300,
        "excerpt": "Lorem lorem lorem. Lorem lorem lorem. Lorem lorem lorem.\nLorem lorem lorem. Lorem lorem lorem. Lorem lorem lorem.\nLorem lorem lorem. Lorem lorem lorem. Lorem lorem lorem.\nLorem lorem lorem. Lorem lorem lorem. Lorem lorem lorem.\nLorem lorem lorem. Lorem lorem lorem. Lorem lorem lorem.\n",
        "publishDate": "2023-05-06T17:06:17.0857979+00:00"
    },
    {
        "id": 154,
        "title": "Book 154",
        "description": "Lorem lorem lorem. Lorem lorem lorem. Lorem lorem lorem.\n",
        "pageCount": 15400,
        "excerpt": "Lorem lorem lorem. Lorem lorem lorem. Lorem lorem lorem.\nLorem lorem lorem. Lorem lorem lorem. Lorem lorem lorem.\nLorem lorem lorem. Lorem lorem lorem. Lorem lorem lorem.\nLorem lorem lorem. Lorem lorem lorem. Lorem lorem lorem.\nLorem lorem lorem. Lorem lorem lorem. Lorem lorem lorem.\n",
        "publishDate": "2023-05-05T17:06:17.0858122+00:00"
    },
    {
        "id": 155,
        "title": "Book 155",
        "description": "Lorem lorem lorem. Lorem lorem lorem. Lorem lorem lorem.\n",
        "pageCount": 15500,
        "excerpt": "Lorem lorem lorem. Lorem lorem lorem. Lorem lorem lorem.\nLorem lorem lorem. Lorem lorem lorem. Lorem lorem lorem.\nLorem lorem lorem. Lorem lorem lorem. Lorem lorem lorem.\nLorem lorem lorem. Lorem lorem lorem. Lorem lorem lorem.\nLorem lorem lorem. Lorem lorem lorem. Lorem lorem lorem.\n",
        "publishDate": "2023-05-04T17:06:17.0873621+00:00"
    },
    {
        "id": 156,
        "title": "Book 156",
        "description": "Lorem lorem lorem. Lorem lorem lorem. Lorem lorem lorem.\n",
        "pageCount": 15600,
        "excerpt": "Lorem lorem lorem. Lorem lorem lorem. Lorem lorem lorem.\nLorem lorem lorem. Lorem lorem lorem. Lorem lorem lorem.\nLorem lorem lorem. Lorem lorem lorem. Lorem lorem lorem.\nLorem lorem lorem. Lorem lorem lorem. Lorem lorem lorem.\nLorem lorem lorem. Lorem lorem lorem. Lorem lorem lorem.\n",
        "publishDate": "2023-05-03T17:06:17.0873763+00:00"
    },
    {
        "id": 157,
        "title": "Book 157",
        "description": "Lorem lorem lorem. Lorem lorem lorem. Lorem lorem lorem.\n",
        "pageCount": 15700,
        "excerpt": "Lorem lorem lorem. Lorem lorem lorem. Lorem lorem lorem.\nLorem lorem lorem. Lorem lorem lorem. Lorem lorem lorem.\nLorem lorem lorem. Lorem lorem lorem. Lorem lorem lorem.\nLorem lorem lorem. Lorem lorem lorem. Lorem lorem lorem.\nLorem lorem lorem. Lorem lorem lorem. Lorem lorem lorem.\n",
        "publishDate": "2023-05-02T17:06:17.0873908+00:00"
    },
    {
        "id": 158,
        "title": "Book 158",
        "description": "Lorem lorem lorem. Lorem lorem lorem. Lorem lorem lorem.\n",
        "pageCount": 15800,
        "excerpt": "Lorem lorem lorem. Lorem lorem lorem. Lorem lorem lorem.\nLorem lorem lorem. Lorem lorem lorem. Lorem lorem lorem.\nLorem lorem lorem. Lorem lorem lorem. Lorem lorem lorem.\nLorem lorem lorem. Lorem lorem lorem. Lorem lorem lorem.\nLorem lorem lorem. Lorem lorem lorem. Lorem lorem lorem.\n",
        "publishDate": "2023-05-01T17:06:17.0874694+00:00"
    },
    {
        "id": 159,
        "title": "Book 159",
        "description": "Lorem lorem lorem. Lorem lorem lorem. Lorem lorem lorem.\n",
        "pageCount": 15900,
        "excerpt": "Lorem lorem lorem. Lorem lorem lorem. Lorem lorem lorem.\nLorem lorem lorem. Lorem lorem lorem. Lorem lorem lorem.\nLorem lorem lorem. Lorem lorem lorem. Lorem lorem lorem.\nLorem lorem lorem. Lorem lorem lorem. Lorem lorem lorem.\nLorem lorem lorem. Lorem lorem lorem. Lorem lorem lorem.\n",
        "publishDate": "2023-04-30T17:06:17.0874851+00:00"
    },
    {
        "id": 160,
        "title": "Book 160",
        "description": "Lorem lorem lorem. Lorem lorem lorem. Lorem lorem lorem.\n",
        "pageCount": 16000,
        "excerpt": "Lorem lorem lorem. Lorem lorem lorem. Lorem lorem lorem.\nLorem lorem lorem. Lorem lorem lorem. Lorem lorem lorem.\nLorem lorem lorem. Lorem lorem lorem. Lorem lorem lorem.\nLorem lorem lorem. Lorem lorem lorem. Lorem lorem lorem.\nLorem lorem lorem. Lorem lorem lorem. Lorem lorem lorem.\n",
        "publishDate": "2023-04-29T17:06:17.0874981+00:00"
    },
    {
        "id": 161,
        "title": "Book 161",
        "description": "Lorem lorem lorem. Lorem lorem lorem. Lorem lorem lorem.\n",
        "pageCount": 16100,
        "excerpt": "Lorem lorem lorem. Lorem lorem lorem. Lorem lorem lorem.\nLorem lorem lorem. Lorem lorem lorem. Lorem lorem lorem.\nLorem lorem lorem. Lorem lorem lorem. Lorem lorem lorem.\nLorem lorem lorem. Lorem lorem lorem. Lorem lorem lorem.\nLorem lorem lorem. Lorem lorem lorem. Lorem lorem lorem.\n",
        "publishDate": "2023-04-28T17:06:17.0876738+00:00"
    },
    {
        "id": 162,
        "title": "Book 162",
        "description": "Lorem lorem lorem. Lorem lorem lorem. Lorem lorem lorem.\n",
        "pageCount": 16200,
        "excerpt": "Lorem lorem lorem. Lorem lorem lorem. Lorem lorem lorem.\nLorem lorem lorem. Lorem lorem lorem. Lorem lorem lorem.\nLorem lorem lorem. Lorem lorem lorem. Lorem lorem lorem.\nLorem lorem lorem. Lorem lorem lorem. Lorem lorem lorem.\nLorem lorem lorem. Lorem lorem lorem. Lorem lorem lorem.\n",
        "publishDate": "2023-04-27T17:06:17.0876879+00:00"
    },
    {
        "id": 163,
        "title": "Book 163",
        "description": "Lorem lorem lorem. Lorem lorem lorem. Lorem lorem lorem.\n",
        "pageCount": 16300,
        "excerpt": "Lorem lorem lorem. Lorem lorem lorem. Lorem lorem lorem.\nLorem lorem lorem. Lorem lorem lorem. Lorem lorem lorem.\nLorem lorem lorem. Lorem lorem lorem. Lorem lorem lorem.\nLorem lorem lorem. Lorem lorem lorem. Lorem lorem lorem.\nLorem lorem lorem. Lorem lorem lorem. Lorem lorem lorem.\n",
        "publishDate": "2023-04-26T17:06:17.0877029+00:00"
    },
    {
        "id": 164,
        "title": "Book 164",
        "description": "Lorem lorem lorem. Lorem lorem lorem. Lorem lorem lorem.\n",
        "pageCount": 16400,
        "excerpt": "Lorem lorem lorem. Lorem lorem lorem. Lorem lorem lorem.\nLorem lorem lorem. Lorem lorem lorem. Lorem lorem lorem.\nLorem lorem lorem. Lorem lorem lorem. Lorem lorem lorem.\nLorem lorem lorem. Lorem lorem lorem. Lorem lorem lorem.\nLorem lorem lorem. Lorem lorem lorem. Lorem lorem lorem.\n",
        "publishDate": "2023-04-25T17:06:17.0877159+00:00"
    },
    {
        "id": 165,
        "title": "Book 165",
        "description": "Lorem lorem lorem. Lorem lorem lorem. Lorem lorem lorem.\n",
        "pageCount": 16500,
        "excerpt": "Lorem lorem lorem. Lorem lorem lorem. Lorem lorem lorem.\nLorem lorem lorem. Lorem lorem lorem. Lorem lorem lorem.\nLorem lorem lorem. Lorem lorem lorem. Lorem lorem lorem.\nLorem lorem lorem. Lorem lorem lorem. Lorem lorem lorem.\nLorem lorem lorem. Lorem lorem lorem. Lorem lorem lorem.\n",
        "publishDate": "2023-04-24T17:06:17.0877304+00:00"
    },
    {
        "id": 166,
        "title": "Book 166",
        "description": "Lorem lorem lorem. Lorem lorem lorem. Lorem lorem lorem.\n",
        "pageCount": 16600,
        "excerpt": "Lorem lorem lorem. Lorem lorem lorem. Lorem lorem lorem.\nLorem lorem lorem. Lorem lorem lorem. Lorem lorem lorem.\nLorem lorem lorem. Lorem lorem lorem. Lorem lorem lorem.\nLorem lorem lorem. Lorem lorem lorem. Lorem lorem lorem.\nLorem lorem lorem. Lorem lorem lorem. Lorem lorem lorem.\n",
        "publishDate": "2023-04-23T17:06:17.0877434+00:00"
    },
    {
        "id": 167,
        "title": "Book 167",
        "description": "Lorem lorem lorem. Lorem lorem lorem. Lorem lorem lorem.\n",
        "pageCount": 16700,
        "excerpt": "Lorem lorem lorem. Lorem lorem lorem. Lorem lorem lorem.\nLorem lorem lorem. Lorem lorem lorem. Lorem lorem lorem.\nLorem lorem lorem. Lorem lorem lorem. Lorem lorem lorem.\nLorem lorem lorem. Lorem lorem lorem. Lorem lorem lorem.\nLorem lorem lorem. Lorem lorem lorem. Lorem lorem lorem.\n",
        "publishDate": "2023-04-22T17:06:17.0877579+00:00"
    },
    {
        "id": 168,
        "title": "Book 168",
        "description": "Lorem lorem lorem. Lorem lorem lorem. Lorem lorem lorem.\n",
        "pageCount": 16800,
        "excerpt": "Lorem lorem lorem. Lorem lorem lorem. Lorem lorem lorem.\nLorem lorem lorem. Lorem lorem lorem. Lorem lorem lorem.\nLorem lorem lorem. Lorem lorem lorem. Lorem lorem lorem.\nLorem lorem lorem. Lorem lorem lorem. Lorem lorem lorem.\nLorem lorem lorem. Lorem lorem lorem. Lorem lorem lorem.\n",
        "publishDate": "2023-04-21T17:06:17.0877707+00:00"
    },
    {
        "id": 169,
        "title": "Book 169",
        "description": "Lorem lorem lorem. Lorem lorem lorem. Lorem lorem lorem.\n",
        "pageCount": 16900,
        "excerpt": "Lorem lorem lorem. Lorem lorem lorem. Lorem lorem lorem.\nLorem lorem lorem. Lorem lorem lorem. Lorem lorem lorem.\nLorem lorem lorem. Lorem lorem lorem. Lorem lorem lorem.\nLorem lorem lorem. Lorem lorem lorem. Lorem lorem lorem.\nLorem lorem lorem. Lorem lorem lorem. Lorem lorem lorem.\n",
        "publishDate": "2023-04-20T17:06:17.0877849+00:00"
    },
    {
        "id": 170,
        "title": "Book 170",
        "description": "Lorem lorem lorem. Lorem lorem lorem. Lorem lorem lorem.\n",
        "pageCount": 17000,
        "excerpt": "Lorem lorem lorem. Lorem lorem lorem. Lorem lorem lorem.\nLorem lorem lorem. Lorem lorem lorem. Lorem lorem lorem.\nLorem lorem lorem. Lorem lorem lorem. Lorem lorem lorem.\nLorem lorem lorem. Lorem lorem lorem. Lorem lorem lorem.\nLorem lorem lorem. Lorem lorem lorem. Lorem lorem lorem.\n",
        "publishDate": "2023-04-19T17:06:17.0877978+00:00"
    },
    {
        "id": 171,
        "title": "Book 171",
        "description": "Lorem lorem lorem. Lorem lorem lorem. Lorem lorem lorem.\n",
        "pageCount": 17100,
        "excerpt": "Lorem lorem lorem. Lorem lorem lorem. Lorem lorem lorem.\nLorem lorem lorem. Lorem lorem lorem. Lorem lorem lorem.\nLorem lorem lorem. Lorem lorem lorem. Lorem lorem lorem.\nLorem lorem lorem. Lorem lorem lorem. Lorem lorem lorem.\nLorem lorem lorem. Lorem lorem lorem. Lorem lorem lorem.\n",
        "publishDate": "2023-04-18T17:06:17.0878105+00:00"
    },
    {
        "id": 172,
        "title": "Book 172",
        "description": "Lorem lorem lorem. Lorem lorem lorem. Lorem lorem lorem.\n",
        "pageCount": 17200,
        "excerpt": "Lorem lorem lorem. Lorem lorem lorem. Lorem lorem lorem.\nLorem lorem lorem. Lorem lorem lorem. Lorem lorem lorem.\nLorem lorem lorem. Lorem lorem lorem. Lorem lorem lorem.\nLorem lorem lorem. Lorem lorem lorem. Lorem lorem lorem.\nLorem lorem lorem. Lorem lorem lorem. Lorem lorem lorem.\n",
        "publishDate": "2023-04-17T17:06:17.0878249+00:00"
    },
    {
        "id": 173,
        "title": "Book 173",
        "description": "Lorem lorem lorem. Lorem lorem lorem. Lorem lorem lorem.\n",
        "pageCount": 17300,
        "excerpt": "Lorem lorem lorem. Lorem lorem lorem. Lorem lorem lorem.\nLorem lorem lorem. Lorem lorem lorem. Lorem lorem lorem.\nLorem lorem lorem. Lorem lorem lorem. Lorem lorem lorem.\nLorem lorem lorem. Lorem lorem lorem. Lorem lorem lorem.\nLorem lorem lorem. Lorem lorem lorem. Lorem lorem lorem.\n",
        "publishDate": "2023-04-16T17:06:17.0878377+00:00"
    },
    {
        "id": 174,
        "title": "Book 174",
        "description": "Lorem lorem lorem. Lorem lorem lorem. Lorem lorem lorem.\n",
        "pageCount": 17400,
        "excerpt": "Lorem lorem lorem. Lorem lorem lorem. Lorem lorem lorem.\nLorem lorem lorem. Lorem lorem lorem. Lorem lorem lorem.\nLorem lorem lorem. Lorem lorem lorem. Lorem lorem lorem.\nLorem lorem lorem. Lorem lorem lorem. Lorem lorem lorem.\nLorem lorem lorem. Lorem lorem lorem. Lorem lorem lorem.\n",
        "publishDate": "2023-04-15T17:06:17.0878525+00:00"
    },
    {
        "id": 175,
        "title": "Book 175",
        "description": "Lorem lorem lorem. Lorem lorem lorem. Lorem lorem lorem.\n",
        "pageCount": 17500,
        "excerpt": "Lorem lorem lorem. Lorem lorem lorem. Lorem lorem lorem.\nLorem lorem lorem. Lorem lorem lorem. Lorem lorem lorem.\nLorem lorem lorem. Lorem lorem lorem. Lorem lorem lorem.\nLorem lorem lorem. Lorem lorem lorem. Lorem lorem lorem.\nLorem lorem lorem. Lorem lorem lorem. Lorem lorem lorem.\n",
        "publishDate": "2023-04-14T17:06:17.0878651+00:00"
    },
    {
        "id": 176,
        "title": "Book 176",
        "description": "Lorem lorem lorem. Lorem lorem lorem. Lorem lorem lorem.\n",
        "pageCount": 17600,
        "excerpt": "Lorem lorem lorem. Lorem lorem lorem. Lorem lorem lorem.\nLorem lorem lorem. Lorem lorem lorem. Lorem lorem lorem.\nLorem lorem lorem. Lorem lorem lorem. Lorem lorem lorem.\nLorem lorem lorem. Lorem lorem lorem. Lorem lorem lorem.\nLorem lorem lorem. Lorem lorem lorem. Lorem lorem lorem.\n",
        "publishDate": "2023-04-13T17:06:17.0878798+00:00"
    },
    {
        "id": 177,
        "title": "Book 177",
        "description": "Lorem lorem lorem. Lorem lorem lorem. Lorem lorem lorem.\n",
        "pageCount": 17700,
        "excerpt": "Lorem lorem lorem. Lorem lorem lorem. Lorem lorem lorem.\nLorem lorem lorem. Lorem lorem lorem. Lorem lorem lorem.\nLorem lorem lorem. Lorem lorem lorem. Lorem lorem lorem.\nLorem lorem lorem. Lorem lorem lorem. Lorem lorem lorem.\nLorem lorem lorem. Lorem lorem lorem. Lorem lorem lorem.\n",
        "publishDate": "2023-04-12T17:06:17.0878925+00:00"
    },
    {
        "id": 178,
        "title": "Book 178",
        "description": "Lorem lorem lorem. Lorem lorem lorem. Lorem lorem lorem.\n",
        "pageCount": 17800,
        "excerpt": "Lorem lorem lorem. Lorem lorem lorem. Lorem lorem lorem.\nLorem lorem lorem. Lorem lorem lorem. Lorem lorem lorem.\nLorem lorem lorem. Lorem lorem lorem. Lorem lorem lorem.\nLorem lorem lorem. Lorem lorem lorem. Lorem lorem lorem.\nLorem lorem lorem. Lorem lorem lorem. Lorem lorem lorem.\n",
        "publishDate": "2023-04-11T17:06:17.0879066+00:00"
    },
    {
        "id": 179,
        "title": "Book 179",
        "description": "Lorem lorem lorem. Lorem lorem lorem. Lorem lorem lorem.\n",
        "pageCount": 17900,
        "excerpt": "Lorem lorem lorem. Lorem lorem lorem. Lorem lorem lorem.\nLorem lorem lorem. Lorem lorem lorem. Lorem lorem lorem.\nLorem lorem lorem. Lorem lorem lorem. Lorem lorem lorem.\nLorem lorem lorem. Lorem lorem lorem. Lorem lorem lorem.\nLorem lorem lorem. Lorem lorem lorem. Lorem lorem lorem.\n",
        "publishDate": "2023-04-10T17:06:17.0879195+00:00"
    },
    {
        "id": 180,
        "title": "Book 180",
        "description": "Lorem lorem lorem. Lorem lorem lorem. Lorem lorem lorem.\n",
        "pageCount": 18000,
        "excerpt": "Lorem lorem lorem. Lorem lorem lorem. Lorem lorem lorem.\nLorem lorem lorem. Lorem lorem lorem. Lorem lorem lorem.\nLorem lorem lorem. Lorem lorem lorem. Lorem lorem lorem.\nLorem lorem lorem. Lorem lorem lorem. Lorem lorem lorem.\nLorem lorem lorem. Lorem lorem lorem. Lorem lorem lorem.\n",
        "publishDate": "2023-04-09T17:06:17.0879338+00:00"
    },
    {
        "id": 181,
        "title": "Book 181",
        "description": "Lorem lorem lorem. Lorem lorem lorem. Lorem lorem lorem.\n",
        "pageCount": 18100,
        "excerpt": "Lorem lorem lorem. Lorem lorem lorem. Lorem lorem lorem.\nLorem lorem lorem. Lorem lorem lorem. Lorem lorem lorem.\nLorem lorem lorem. Lorem lorem lorem. Lorem lorem lorem.\nLorem lorem lorem. Lorem lorem lorem. Lorem lorem lorem.\nLorem lorem lorem. Lorem lorem lorem. Lorem lorem lorem.\n",
        "publishDate": "2023-04-08T17:06:17.0879465+00:00"
    },
    {
        "id": 182,
        "title": "Book 182",
        "description": "Lorem lorem lorem. Lorem lorem lorem. Lorem lorem lorem.\n",
        "pageCount": 18200,
        "excerpt": "Lorem lorem lorem. Lorem lorem lorem. Lorem lorem lorem.\nLorem lorem lorem. Lorem lorem lorem. Lorem lorem lorem.\nLorem lorem lorem. Lorem lorem lorem. Lorem lorem lorem.\nLorem lorem lorem. Lorem lorem lorem. Lorem lorem lorem.\nLorem lorem lorem. Lorem lorem lorem. Lorem lorem lorem.\n",
        "publishDate": "2023-04-07T17:06:17.0879606+00:00"
    },
    {
        "id": 183,
        "title": "Book 183",
        "description": "Lorem lorem lorem. Lorem lorem lorem. Lorem lorem lorem.\n",
        "pageCount": 18300,
        "excerpt": "Lorem lorem lorem. Lorem lorem lorem. Lorem lorem lorem.\nLorem lorem lorem. Lorem lorem lorem. Lorem lorem lorem.\nLorem lorem lorem. Lorem lorem lorem. Lorem lorem lorem.\nLorem lorem lorem. Lorem lorem lorem. Lorem lorem lorem.\nLorem lorem lorem. Lorem lorem lorem. Lorem lorem lorem.\n",
        "publishDate": "2023-04-06T17:06:17.0879732+00:00"
    },
    {
        "id": 184,
        "title": "Book 184",
        "description": "Lorem lorem lorem. Lorem lorem lorem. Lorem lorem lorem.\n",
        "pageCount": 18400,
        "excerpt": "Lorem lorem lorem. Lorem lorem lorem. Lorem lorem lorem.\nLorem lorem lorem. Lorem lorem lorem. Lorem lorem lorem.\nLorem lorem lorem. Lorem lorem lorem. Lorem lorem lorem.\nLorem lorem lorem. Lorem lorem lorem. Lorem lorem lorem.\nLorem lorem lorem. Lorem lorem lorem. Lorem lorem lorem.\n",
        "publishDate": "2023-04-05T17:06:17.0893358+00:00"
    },
    {
        "id": 185,
        "title": "Book 185",
        "description": "Lorem lorem lorem. Lorem lorem lorem. Lorem lorem lorem.\n",
        "pageCount": 18500,
        "excerpt": "Lorem lorem lorem. Lorem lorem lorem. Lorem lorem lorem.\nLorem lorem lorem. Lorem lorem lorem. Lorem lorem lorem.\nLorem lorem lorem. Lorem lorem lorem. Lorem lorem lorem.\nLorem lorem lorem. Lorem lorem lorem. Lorem lorem lorem.\nLorem lorem lorem. Lorem lorem lorem. Lorem lorem lorem.\n",
        "publishDate": "2023-04-04T17:06:17.0893546+00:00"
    },
    {
        "id": 186,
        "title": "Book 186",
        "description": "Lorem lorem lorem. Lorem lorem lorem. Lorem lorem lorem.\n",
        "pageCount": 18600,
        "excerpt": "Lorem lorem lorem. Lorem lorem lorem. Lorem lorem lorem.\nLorem lorem lorem. Lorem lorem lorem. Lorem lorem lorem.\nLorem lorem lorem. Lorem lorem lorem. Lorem lorem lorem.\nLorem lorem lorem. Lorem lorem lorem. Lorem lorem lorem.\nLorem lorem lorem. Lorem lorem lorem. Lorem lorem lorem.\n",
        "publishDate": "2023-04-03T17:06:17.0893683+00:00"
    },
    {
        "id": 187,
        "title": "Book 187",
        "description": "Lorem lorem lorem. Lorem lorem lorem. Lorem lorem lorem.\n",
        "pageCount": 18700,
        "excerpt": "Lorem lorem lorem. Lorem lorem lorem. Lorem lorem lorem.\nLorem lorem lorem. Lorem lorem lorem. Lorem lorem lorem.\nLorem lorem lorem. Lorem lorem lorem. Lorem lorem lorem.\nLorem lorem lorem. Lorem lorem lorem. Lorem lorem lorem.\nLorem lorem lorem. Lorem lorem lorem. Lorem lorem lorem.\n",
        "publishDate": "2023-04-02T17:06:17.0893835+00:00"
    },
    {
        "id": 188,
        "title": "Book 188",
        "description": "Lorem lorem lorem. Lorem lorem lorem. Lorem lorem lorem.\n",
        "pageCount": 18800,
        "excerpt": "Lorem lorem lorem. Lorem lorem lorem. Lorem lorem lorem.\nLorem lorem lorem. Lorem lorem lorem. Lorem lorem lorem.\nLorem lorem lorem. Lorem lorem lorem. Lorem lorem lorem.\nLorem lorem lorem. Lorem lorem lorem. Lorem lorem lorem.\nLorem lorem lorem. Lorem lorem lorem. Lorem lorem lorem.\n",
        "publishDate": "2023-04-01T17:06:17.0893966+00:00"
    },
    {
        "id": 189,
        "title": "Book 189",
        "description": "Lorem lorem lorem. Lorem lorem lorem. Lorem lorem lorem.\n",
        "pageCount": 18900,
        "excerpt": "Lorem lorem lorem. Lorem lorem lorem. Lorem lorem lorem.\nLorem lorem lorem. Lorem lorem lorem. Lorem lorem lorem.\nLorem lorem lorem. Lorem lorem lorem. Lorem lorem lorem.\nLorem lorem lorem. Lorem lorem lorem. Lorem lorem lorem.\nLorem lorem lorem. Lorem lorem lorem. Lorem lorem lorem.\n",
        "publishDate": "2023-03-31T17:06:17.0894115+00:00"
    },
    {
        "id": 190,
        "title": "Book 190",
        "description": "Lorem lorem lorem. Lorem lorem lorem. Lorem lorem lorem.\n",
        "pageCount": 19000,
        "excerpt": "Lorem lorem lorem. Lorem lorem lorem. Lorem lorem lorem.\nLorem lorem lorem. Lorem lorem lorem. Lorem lorem lorem.\nLorem lorem lorem. Lorem lorem lorem. Lorem lorem lorem.\nLorem lorem lorem. Lorem lorem lorem. Lorem lorem lorem.\nLorem lorem lorem. Lorem lorem lorem. Lorem lorem lorem.\n",
        "publishDate": "2023-03-30T17:06:17.0894247+00:00"
    },
    {
        "id": 191,
        "title": "Book 191",
        "description": "Lorem lorem lorem. Lorem lorem lorem. Lorem lorem lorem.\n",
        "pageCount": 19100,
        "excerpt": "Lorem lorem lorem. Lorem lorem lorem. Lorem lorem lorem.\nLorem lorem lorem. Lorem lorem lorem. Lorem lorem lorem.\nLorem lorem lorem. Lorem lorem lorem. Lorem lorem lorem.\nLorem lorem lorem. Lorem lorem lorem. Lorem lorem lorem.\nLorem lorem lorem. Lorem lorem lorem. Lorem lorem lorem.\n",
        "publishDate": "2023-03-29T17:06:17.0894395+00:00"
    },
    {
        "id": 192,
        "title": "Book 192",
        "description": "Lorem lorem lorem. Lorem lorem lorem. Lorem lorem lorem.\n",
        "pageCount": 19200,
        "excerpt": "Lorem lorem lorem. Lorem lorem lorem. Lorem lorem lorem.\nLorem lorem lorem. Lorem lorem lorem. Lorem lorem lorem.\nLorem lorem lorem. Lorem lorem lorem. Lorem lorem lorem.\nLorem lorem lorem. Lorem lorem lorem. Lorem lorem lorem.\nLorem lorem lorem. Lorem lorem lorem. Lorem lorem lorem.\n",
        "publishDate": "2023-03-28T17:06:17.0894526+00:00"
    },
    {
        "id": 193,
        "title": "Book 193",
        "description": "Lorem lorem lorem. Lorem lorem lorem. Lorem lorem lorem.\n",
        "pageCount": 19300,
        "excerpt": "Lorem lorem lorem. Lorem lorem lorem. Lorem lorem lorem.\nLorem lorem lorem. Lorem lorem lorem. Lorem lorem lorem.\nLorem lorem lorem. Lorem lorem lorem. Lorem lorem lorem.\nLorem lorem lorem. Lorem lorem lorem. Lorem lorem lorem.\nLorem lorem lorem. Lorem lorem lorem. Lorem lorem lorem.\n",
        "publishDate": "2023-03-27T17:06:17.0894675+00:00"
    },
    {
        "id": 194,
        "title": "Book 194",
        "description": "Lorem lorem lorem. Lorem lorem lorem. Lorem lorem lorem.\n",
        "pageCount": 19400,
        "excerpt": "Lorem lorem lorem. Lorem lorem lorem. Lorem lorem lorem.\nLorem lorem lorem. Lorem lorem lorem. Lorem lorem lorem.\nLorem lorem lorem. Lorem lorem lorem. Lorem lorem lorem.\nLorem lorem lorem. Lorem lorem lorem. Lorem lorem lorem.\nLorem lorem lorem. Lorem lorem lorem. Lorem lorem lorem.\n",
        "publishDate": "2023-03-26T17:06:17.0894808+00:00"
    },
    {
        "id": 195,
        "title": "Book 195",
        "description": "Lorem lorem lorem. Lorem lorem lorem. Lorem lorem lorem.\n",
        "pageCount": 19500,
        "excerpt": "Lorem lorem lorem. Lorem lorem lorem. Lorem lorem lorem.\nLorem lorem lorem. Lorem lorem lorem. Lorem lorem lorem.\nLorem lorem lorem. Lorem lorem lorem. Lorem lorem lorem.\nLorem lorem lorem. Lorem lorem lorem. Lorem lorem lorem.\nLorem lorem lorem. Lorem lorem lorem. Lorem lorem lorem.\n",
        "publishDate": "2023-03-25T17:06:17.0894955+00:00"
    },
    {
        "id": 196,
        "title": "Book 196",
        "description": "Lorem lorem lorem. Lorem lorem lorem. Lorem lorem lorem.\n",
        "pageCount": 19600,
        "excerpt": "Lorem lorem lorem. Lorem lorem lorem. Lorem lorem lorem.\nLorem lorem lorem. Lorem lorem lorem. Lorem lorem lorem.\nLorem lorem lorem. Lorem lorem lorem. Lorem lorem lorem.\nLorem lorem lorem. Lorem lorem lorem. Lorem lorem lorem.\nLorem lorem lorem. Lorem lorem lorem. Lorem lorem lorem.\n",
        "publishDate": "2023-03-24T17:06:17.0903345+00:00"
    },
    {
        "id": 197,
        "title": "Book 197",
        "description": "Lorem lorem lorem. Lorem lorem lorem. Lorem lorem lorem.\n",
        "pageCount": 19700,
        "excerpt": "Lorem lorem lorem. Lorem lorem lorem. Lorem lorem lorem.\nLorem lorem lorem. Lorem lorem lorem. Lorem lorem lorem.\nLorem lorem lorem. Lorem lorem lorem. Lorem lorem lorem.\nLorem lorem lorem. Lorem lorem lorem. Lorem lorem lorem.\nLorem lorem lorem. Lorem lorem lorem. Lorem lorem lorem.\n",
        "publishDate": "2023-03-23T17:06:17.0903528+00:00"
    },
    {
        "id": 198,
        "title": "Book 198",
        "description": "Lorem lorem lorem. Lorem lorem lorem. Lorem lorem lorem.\n",
        "pageCount": 19800,
        "excerpt": "Lorem lorem lorem. Lorem lorem lorem. Lorem lorem lorem.\nLorem lorem lorem. Lorem lorem lorem. Lorem lorem lorem.\nLorem lorem lorem. Lorem lorem lorem. Lorem lorem lorem.\nLorem lorem lorem. Lorem lorem lorem. Lorem lorem lorem.\nLorem lorem lorem. Lorem lorem lorem. Lorem lorem lorem.\n",
        "publishDate": "2023-03-22T17:06:17.0903666+00:00"
    },
    {
        "id": 199,
        "title": "Book 199",
        "description": "Lorem lorem lorem. Lorem lorem lorem. Lorem lorem lorem.\n",
        "pageCount": 19900,
        "excerpt": "Lorem lorem lorem. Lorem lorem lorem. Lorem lorem lorem.\nLorem lorem lorem. Lorem lorem lorem. Lorem lorem lorem.\nLorem lorem lorem. Lorem lorem lorem. Lorem lorem lorem.\nLorem lorem lorem. Lorem lorem lorem. Lorem lorem lorem.\nLorem lorem lorem. Lorem lorem lorem. Lorem lorem lorem.\n",
        "publishDate": "2023-03-21T17:06:17.0903799+00:00"
    },
    {
        "id": 200,
        "title": "Book 200",
        "description": "Lorem lorem lorem. Lorem lorem lorem. Lorem lorem lorem.\n",
        "pageCount": 20000,
        "excerpt": "Lorem lorem lorem. Lorem lorem lorem. Lorem lorem lorem.\nLorem lorem lorem. Lorem lorem lorem. Lorem lorem lorem.\nLorem lorem lorem. Lorem lorem lorem. Lorem lorem lorem.\nLorem lorem lorem. Lorem lorem lorem. Lorem lorem lorem.\nLorem lorem lorem. Lorem lorem lorem. Lorem lorem lorem.\n",
        "publishDate": "2023-03-20T17:06:17.0903949+00:00"
    }
]
]]></system-out>
  </testcase>
  <testcase name="test_createBook[983242, Sherlok, The Sign of Four, 300, Thriller, 2023-01-02T16:51:12.898Z](1)" classname="api.test.BookTest" time="1.085">
    <system-out><![CDATA[983242 | Sherlok | The Sign of Four | 300 | Thriller | 2023-01-02T16:51:12.898Z | 
879374 | Romana | The Dangerous Path | 400 | SiFi | 2023-03-03T16:51:12.898Z | 

HTTP/1.1 200 OK
Content-Type: application/json; charset=utf-8; v=1.0
Date: Fri, 06 Oct 2023 17:06:17 GMT
Server: Kestrel
Transfer-Encoding: chunked
api-supported-versions: 1.0

{
    "id": 983242,
    "title": "Sherlok",
    "description": "The Sign of Four",
    "pageCount": 300,
    "excerpt": "Thriller",
    "publishDate": "2023-01-02T16:51:12.898Z"
}
]]></system-out>
  </testcase>
  <testcase name="test_createBook[879374, Romana, The Dangerous Path, 400, SiFi, 2023-03-03T16:51:12.898Z](2)" classname="api.test.BookTest" time="1.025">
    <system-out><![CDATA[HTTP/1.1 200 OK
Content-Type: application/json; charset=utf-8; v=1.0
Date: Fri, 06 Oct 2023 17:06:18 GMT
Server: Kestrel
Transfer-Encoding: chunked
api-supported-versions: 1.0

{
    "id": 879374,
    "title": "Romana",
    "description": "The Dangerous Path",
    "pageCount": 400,
    "excerpt": "SiFi",
    "publishDate": "2023-03-03T16:51:12.898Z"
}
]]></system-out>
  </testcase>
  <testcase name="test_updateBook[983242, Sherlok, The Sign of Four, 300, Thriller, 2023-01-02T16:51:12.898Z](1)" classname="api.test.BookTest" time="1.022">
    <system-out><![CDATA[983242 | Sherlok | The Sign of Four | 300 | Thriller | 2023-01-02T16:51:12.898Z | 
879374 | Romana | The Dangerous Path | 400 | SiFi | 2023-03-03T16:51:12.898Z | 

HTTP/1.1 200 OK
Content-Type: application/json; charset=utf-8; v=1.0
Date: Fri, 06 Oct 2023 17:06:20 GMT
Server: Kestrel
Transfer-Encoding: chunked
api-supported-versions: 1.0

{
    "id": 4,
    "title": "Sherlok James Bond",
    "description": "The Sign of Four",
    "pageCount": 3003,
    "excerpt": "Thriller",
    "publishDate": "2023-01-02T16:51:12.898Z"
}
4th Book Id in the Response------> 4
]]></system-out>
  </testcase>
  <testcase name="test_updateBook[879374, Romana, The Dangerous Path, 400, SiFi, 2023-03-03T16:51:12.898Z](2)" classname="api.test.BookTest" time="1.041">
    <system-out><![CDATA[HTTP/1.1 200 OK
Content-Type: application/json; charset=utf-8; v=1.0
Date: Fri, 06 Oct 2023 17:06:21 GMT
Server: Kestrel
Transfer-Encoding: chunked
api-supported-versions: 1.0

{
    "id": 4,
    "title": "Romana James Bond",
    "description": "The Dangerous Path",
    "pageCount": 4003,
    "excerpt": "SiFi",
    "publishDate": "2023-03-03T16:51:12.898Z"
}
4th Book Id in the Response------> 4
]]></system-out>
  </testcase>
  <testcase name="test_getBookById" classname="api.test.BookTest" time="1.023">
    <system-out><![CDATA[HTTP/1.1 200 OK
Content-Type: application/json; charset=utf-8; v=1.0
Date: Fri, 06 Oct 2023 17:06:22 GMT
Server: Kestrel
Transfer-Encoding: chunked
api-supported-versions: 1.0

{
    "id": 5,
    "title": "Book 5",
    "description": "Lorem lorem lorem. Lorem lorem lorem. Lorem lorem lorem.\n",
    "pageCount": 500,
    "excerpt": "Lorem lorem lorem. Lorem lorem lorem. Lorem lorem lorem.\nLorem lorem lorem. Lorem lorem lorem. Lorem lorem lorem.\nLorem lorem lorem. Lorem lorem lorem. Lorem lorem lorem.\nLorem lorem lorem. Lorem lorem lorem. Lorem lorem lorem.\nLorem lorem lorem. Lorem lorem lorem. Lorem lorem lorem.\n",
    "publishDate": "2023-10-01T17:06:22.9314341+00:00"
}
description--------->Lorem lorem lorem. Lorem lorem lorem. Lorem lorem lorem.

application/json; charset=utf-8; v=1.0------------ header Content-Type >> match found
]]></system-out>
  </testcase>
</testsuite>