<?xml version="1.0" encoding="UTF-8"?>
<!-- Generated by org.testng.reporters.JUnitReportReporter -->
<testsuite hostname="LAPTOP-8USUBBG6" failures="0" tests="12" name="api.test.DataDrivenTest" time="13.671" errors="0" timestamp="2023-09-08T21:48:23 IST" skipped="0">
  <testcase classname="api.test.DataDrivenTest" name="dataDrivenPostUser" time="1.088"/>
  <testcase classname="api.test.DataDrivenTest" name="dataDrivenPostUser" time="1.150"/>
  <testcase classname="api.test.DataDrivenTest" name="dataDrivenPostUser" time="1.051"/>
  <testcase classname="api.test.DataDrivenTest" name="dataDrivenPostUser" time="1.124"/>
  <testcase classname="api.test.DataDrivenTest" name="dataDrivenPostUser" time="1.096"/>
  <testcase classname="api.test.DataDrivenTest" name="dataDrivenPostUser" time="1.121"/>
  <testcase classname="api.test.DataDrivenTest" name="testGetUserByName" time="1.171"/>
  <testcase classname="api.test.DataDrivenTest" name="testGetUserByName" time="1.150"/>
  <testcase classname="api.test.DataDrivenTest" name="testGetUserByName" time="1.203"/>
  <testcase classname="api.test.DataDrivenTest" name="testGetUserByName" time="1.140"/>
  <testcase classname="api.test.DataDrivenTest" name="testGetUserByName" time="1.188"/>
  <testcase classname="api.test.DataDrivenTest" name="testGetUserByName" time="1.189"/>
</testsuite> <!-- api.test.DataDrivenTest -->
