<?xml version="1.0" encoding="UTF-8"?>
<!-- Generated by org.testng.reporters.JUnitReportReporter -->
<testsuite hostname="LAPTOP-8USUBBG6" failures="0" tests="1" name="api.utilities.BookingDataProvider" time="0.517" errors="0" timestamp="2023-09-30T22:01:45 IST" skipped="0">
  <testcase classname="api.utilities.BookingDataProvider" name="call" time="0.517"/>
</testsuite> <!-- api.utilities.BookingDataProvider -->
