<?xml version="1.0" encoding="UTF-8"?>
<!-- Generated by org.testng.reporters.JUnitReportReporter -->
<testsuite hostname="LAPTOP-8USUBBG6" failures="0" tests="4" name="api.test.UserTests" time="11.516" errors="0" timestamp="2023-09-07T14:49:33 IST" skipped="0">
  <testcase classname="api.test.UserTests" name="testPostUser" time="3.341"/>
  <testcase classname="api.test.UserTests" name="testGetUserByName" time="1.487"/>
  <testcase classname="api.test.UserTests" name="testUpdateUserByName" time="3.240"/>
  <testcase classname="api.test.UserTests" name="testDeleteUserByName" time="3.448"/>
</testsuite> <!-- api.test.UserTests -->
