<?xml version="1.0" encoding="UTF-8"?>
<!-- Generated by org.testng.reporters.JUnitReportReporter -->
<testsuite hostname="LAPTOP-8USUBBG6" failures="0" tests="4" name="api.test.UserTests" time="8.063" errors="0" timestamp="2023-09-08T21:48:23 IST" skipped="0">
  <testcase classname="api.test.UserTests" name="testPostUser" time="2.337"/>
  <testcase classname="api.test.UserTests" name="testGetUserByName" time="1.162"/>
  <testcase classname="api.test.UserTests" name="testUpdateUserByName" time="2.272"/>
  <testcase classname="api.test.UserTests" name="testDeleteUserByName" time="2.292"/>
</testsuite> <!-- api.test.UserTests -->
