<?xml version="1.0" encoding="UTF-8"?>
<!-- Generated by org.testng.reporters.JUnitReportReporter -->
<testsuite hostname="LAPTOP-8USUBBG6" failures="0" tests="3" name="api.test.PetModel_Tests" time="6.297" errors="0" timestamp="2023-09-22T19:26:20 IST" skipped="0">
  <testcase classname="api.test.PetModel_Tests" name="testCreatePet" time="3.194"/>
  <testcase classname="api.test.PetModel_Tests" name="testFindPetByStatus" time="1.572"/>
  <testcase classname="api.test.PetModel_Tests" name="testFindPetById" time="1.531"/>
</testsuite> <!-- api.test.PetModel_Tests -->
