<?xml version="1.0" encoding="UTF-8"?>
<!-- Generated by org.testng.reporters.JUnitReportReporter -->
<testsuite hostname="LAPTOP-8USUBBG6" failures="0" tests="3" name="api.test.PetModel_Tests" time="5.008" errors="0" timestamp="2023-09-17T20:42:07 IST" skipped="0">
  <testcase classname="api.test.PetModel_Tests" name="testCreatePet" time="2.534"/>
  <testcase classname="api.test.PetModel_Tests" name="testFindPetByStatus" time="1.230"/>
  <testcase classname="api.test.PetModel_Tests" name="testFindPetById" time="1.244"/>
</testsuite> <!-- api.test.PetModel_Tests -->
