<?xml version="1.0" encoding="UTF-8"?>
<!-- Generated by org.testng.reporters.JUnitReportReporter -->
<testsuite hostname="LAPTOP-8USUBBG6" failures="0" tests="12" name="api.test.DataDrivenTest" time="17.211" errors="0" timestamp="2023-09-14T17:21:34 IST" skipped="0">
  <testcase classname="api.test.DataDrivenTest" name="dataDrivenPostUser" time="1.343"/>
  <testcase classname="api.test.DataDrivenTest" name="dataDrivenPostUser" time="1.376"/>
  <testcase classname="api.test.DataDrivenTest" name="dataDrivenPostUser" time="2.777"/>
  <testcase classname="api.test.DataDrivenTest" name="dataDrivenPostUser" time="1.386"/>
  <testcase classname="api.test.DataDrivenTest" name="dataDrivenPostUser" time="1.331"/>
  <testcase classname="api.test.DataDrivenTest" name="dataDrivenPostUser" time="1.351"/>
  <testcase classname="api.test.DataDrivenTest" name="testGetUserByName" time="1.210"/>
  <testcase classname="api.test.DataDrivenTest" name="testGetUserByName" time="1.294"/>
  <testcase classname="api.test.DataDrivenTest" name="testGetUserByName" time="1.406"/>
  <testcase classname="api.test.DataDrivenTest" name="testGetUserByName" time="1.280"/>
  <testcase classname="api.test.DataDrivenTest" name="testGetUserByName" time="1.221"/>
  <testcase classname="api.test.DataDrivenTest" name="testGetUserByName" time="1.236"/>
</testsuite> <!-- api.test.DataDrivenTest -->
