<?xml version="1.0" encoding="UTF-8"?>
<!-- Generated by org.testng.reporters.JUnitReportReporter -->
<testsuite hostname="LAPTOP-8USUBBG6" failures="0" tests="1" name="api.test.BookTest" time="2.421" errors="0" timestamp="2023-10-06T22:31:33 IST" skipped="0">
  <testcase classname="api.test.BookTest" name="test_getBookById" time="2.421"/>
</testsuite> <!-- api.test.BookTest -->
