<?xml version="1.0" encoding="UTF-8"?>
<!-- Generated by org.testng.reporters.JUnitReportReporter -->
<testsuite hostname="LAPTOP-8USUBBG6" failures="0" tests="4" name="api.test.Store_Tests" time="6.622" errors="0" timestamp="2023-09-18T17:41:05 IST" skipped="0">
  <testcase classname="api.test.Store_Tests" name="test_Place_order_for_pet" time="2.837"/>
  <testcase classname="api.test.Store_Tests" name="test_Find_Purchase_order_By_ID" time="1.312"/>
  <testcase classname="api.test.Store_Tests" name="test_List_pet_inventory_by_status" time="1.238"/>
  <testcase classname="api.test.Store_Tests" name="test_Delete_purchase_order_by_ID" time="1.235"/>
</testsuite> <!-- api.test.Store_Tests -->
