<?xml version="1.0" encoding="UTF-8"?>
<!-- Generated by org.testng.reporters.JUnitReportReporter -->
<testsuite hostname="LAPTOP-8USUBBG6" failures="0" tests="12" name="api.test.DataDrivenTest" time="30.793" errors="0" timestamp="2023-09-08T14:53:05 IST" skipped="0">
  <testcase classname="api.test.DataDrivenTest" name="dataDrivenPostUser" time="1.549"/>
  <testcase classname="api.test.DataDrivenTest" name="dataDrivenPostUser" time="2.810"/>
  <testcase classname="api.test.DataDrivenTest" name="dataDrivenPostUser" time="2.708"/>
  <testcase classname="api.test.DataDrivenTest" name="dataDrivenPostUser" time="1.834"/>
  <testcase classname="api.test.DataDrivenTest" name="dataDrivenPostUser" time="4.275"/>
  <testcase classname="api.test.DataDrivenTest" name="dataDrivenPostUser" time="2.993"/>
  <testcase classname="api.test.DataDrivenTest" name="testGetUserByName" time="2.318"/>
  <testcase classname="api.test.DataDrivenTest" name="testGetUserByName" time="2.468"/>
  <testcase classname="api.test.DataDrivenTest" name="testGetUserByName" time="2.582"/>
  <testcase classname="api.test.DataDrivenTest" name="testGetUserByName" time="2.375"/>
  <testcase classname="api.test.DataDrivenTest" name="testGetUserByName" time="2.378"/>
  <testcase classname="api.test.DataDrivenTest" name="testGetUserByName" time="2.503"/>
</testsuite> <!-- api.test.DataDrivenTest -->
