<?xml version="1.0" encoding="UTF-8"?>
<!-- Generated by org.testng.reporters.JUnitReportReporter -->
<testsuite hostname="LAPTOP-8USUBBG6" failures="0" tests="4" name="api.test.UserTests" time="12.214" errors="0" timestamp="2023-09-08T12:20:39 IST" skipped="0">
  <testcase classname="api.test.UserTests" name="testPostUser" time="3.509"/>
  <testcase classname="api.test.UserTests" name="testGetUserByName" time="1.507"/>
  <testcase classname="api.test.UserTests" name="testUpdateUserByName" time="3.952"/>
  <testcase classname="api.test.UserTests" name="testDeleteUserByName" time="3.246"/>
</testsuite> <!-- api.test.UserTests -->
