<?xml version="1.0" encoding="UTF-8"?>
<!-- Generated by org.testng.reporters.JUnitReportReporter -->
<testsuite hostname="LAPTOP-8USUBBG6" failures="0" tests="4" name="api.test.UserTests" time="8.993" errors="0" timestamp="2023-09-22T19:54:38 IST" skipped="0">
  <testcase classname="api.test.UserTests" name="testPostUser" time="2.899"/>
  <testcase classname="api.test.UserTests" name="testGetUserByName" time="1.245"/>
  <testcase classname="api.test.UserTests" name="testUpdateUserByName" time="2.377"/>
  <testcase classname="api.test.UserTests" name="testDeleteUserByName" time="2.472"/>
</testsuite> <!-- api.test.UserTests -->
