<?xml version="1.0" encoding="UTF-8"?>
<!-- Generated by org.testng.reporters.JUnitReportReporter -->
<testsuite hostname="LAPTOP-8USUBBG6" failures="0" tests="4" name="api.test.UserTests" time="13.789" errors="0" timestamp="2023-09-07T15:31:48 IST" skipped="0">
  <testcase classname="api.test.UserTests" name="testPostUser" time="3.299"/>
  <testcase classname="api.test.UserTests" name="testGetUserByName" time="2.562"/>
  <testcase classname="api.test.UserTests" name="testUpdateUserByName" time="4.091"/>
  <testcase classname="api.test.UserTests" name="testDeleteUserByName" time="3.837"/>
</testsuite> <!-- api.test.UserTests -->
