<?xml version="1.0" encoding="UTF-8"?>
<!-- Generated by org.testng.reporters.JUnitReportReporter -->
<testsuite hostname="LAPTOP-8USUBBG6" failures="0" tests="1" name="api.test.Test1" time="0.008" errors="0" timestamp="2023-09-07T11:19:18 IST" skipped="0">
  <testcase classname="api.test.Test1" name="readValue" time="0.008"/>
</testsuite> <!-- api.test.Test1 -->
