<?xml version="1.0" encoding="UTF-8"?>
<!-- Generated by org.testng.reporters.JUnitReportReporter -->
<testsuite hostname="LAPTOP-8USUBBG6" failures="0" tests="4" name="api.test.UserTests" time="12.315" errors="0" timestamp="2023-09-07T15:09:45 IST" skipped="0">
  <testcase classname="api.test.UserTests" name="testPostUser" time="3.378"/>
  <testcase classname="api.test.UserTests" name="testGetUserByName" time="1.850"/>
  <testcase classname="api.test.UserTests" name="testUpdateUserByName" time="3.518"/>
  <testcase classname="api.test.UserTests" name="testDeleteUserByName" time="3.569"/>
</testsuite> <!-- api.test.UserTests -->
