<?xml version="1.0" encoding="UTF-8"?>
<!-- Generated by org.testng.reporters.JUnitReportReporter -->
<testsuite hostname="LAPTOP-8USUBBG6" failures="0" tests="4" name="api.test.UserTests" time="12.349" errors="0" timestamp="2023-09-07T14:20:55 IST" skipped="0">
  <testcase classname="api.test.UserTests" name="testPostUser" time="3.745"/>
  <testcase classname="api.test.UserTests" name="testGetUserByName" time="2.181"/>
  <testcase classname="api.test.UserTests" name="testUpdateUserByName" time="4.472"/>
  <testcase classname="api.test.UserTests" name="testDeleteUserByName" time="1.951"/>
</testsuite> <!-- api.test.UserTests -->
