<?xml version="1.0" encoding="UTF-8"?>
<!-- Generated by org.testng.reporters.JUnitReportReporter -->
<testsuite hostname="LAPTOP-8USUBBG6" failures="0" tests="3" name="api.test.InstantWebToolsTests" time="4.551" errors="0" timestamp="2023-09-29T21:13:40 IST" skipped="0">
  <testcase classname="api.test.InstantWebToolsTests" name="createAirlineByDate" time="2.655"/>
  <testcase classname="api.test.InstantWebToolsTests" name="readAirlineByDate" time="0.899"/>
  <testcase classname="api.test.InstantWebToolsTests" name="createPassanger" time="0.997"/>
</testsuite> <!-- api.test.InstantWebToolsTests -->
