<?xml version="1.0" encoding="UTF-8"?>
<!-- Generated by org.testng.reporters.JUnitReportReporter -->
<testsuite hostname="LAPTOP-8USUBBG6" failures="0" tests="4" name="api.test.UserTests" time="9.698" errors="0" timestamp="2023-09-14T17:20:56 IST" skipped="0">
  <testcase classname="api.test.UserTests" name="testPostUser" time="2.924"/>
  <testcase classname="api.test.UserTests" name="testGetUserByName" time="1.526"/>
  <testcase classname="api.test.UserTests" name="testUpdateUserByName" time="2.619"/>
  <testcase classname="api.test.UserTests" name="testDeleteUserByName" time="2.629"/>
</testsuite> <!-- api.test.UserTests -->
