<?xml version="1.0" encoding="UTF-8"?>
<!-- Generated by org.testng.reporters.JUnitReportReporter -->
<testsuite hostname="LAPTOP-8USUBBG6" failures="0" tests="1" name="api.test.UserTests" time="3.472" errors="0" timestamp="2023-09-07T12:39:10 IST" skipped="0">
  <testcase classname="api.test.UserTests" name="testPostUser" time="3.472"/>
</testsuite> <!-- api.test.UserTests -->
