<?xml version="1.0" encoding="UTF-8"?>
<!-- Generated by org.testng.reporters.JUnitReportReporter -->
<testsuite hostname="LAPTOP-8USUBBG6" failures="0" tests="1" name="api.test.ReqresTests" time="1.771" errors="0" timestamp="2023-09-16T22:11:11 IST" skipped="0">
  <testcase classname="api.test.ReqresTests" name="reqresCreateUser" time="1.771"/>
</testsuite> <!-- api.test.ReqresTests -->
