<?xml version="1.0" encoding="UTF-8"?>
<!-- Generated by org.testng.reporters.JUnitReportReporter -->
<testsuite hostname="LAPTOP-8USUBBG6" failures="0" tests="12" name="api.test.DataDrivenTest" time="15.925" errors="0" timestamp="2023-09-29T21:17:04 IST" skipped="0">
  <testcase classname="api.test.DataDrivenTest" name="dataDrivenPostUser" time="1.220"/>
  <testcase classname="api.test.DataDrivenTest" name="dataDrivenPostUser" time="2.516"/>
  <testcase classname="api.test.DataDrivenTest" name="dataDrivenPostUser" time="1.197"/>
  <testcase classname="api.test.DataDrivenTest" name="dataDrivenPostUser" time="1.182"/>
  <testcase classname="api.test.DataDrivenTest" name="dataDrivenPostUser" time="1.219"/>
  <testcase classname="api.test.DataDrivenTest" name="dataDrivenPostUser" time="1.231"/>
  <testcase classname="api.test.DataDrivenTest" name="testGetUserByName" time="1.281"/>
  <testcase classname="api.test.DataDrivenTest" name="testGetUserByName" time="1.190"/>
  <testcase classname="api.test.DataDrivenTest" name="testGetUserByName" time="1.211"/>
  <testcase classname="api.test.DataDrivenTest" name="testGetUserByName" time="1.268"/>
  <testcase classname="api.test.DataDrivenTest" name="testGetUserByName" time="1.234"/>
  <testcase classname="api.test.DataDrivenTest" name="testGetUserByName" time="1.176"/>
</testsuite> <!-- api.test.DataDrivenTest -->
