<?xml version="1.0" encoding="UTF-8"?>
<!-- Generated by org.testng.reporters.JUnitReportReporter -->
<testsuite hostname="LAPTOP-8USUBBG6" failures="0" tests="3" name="api.test.PetModel_Tests" time="4.949" errors="0" timestamp="2023-09-17T20:01:11 IST" skipped="0">
  <testcase classname="api.test.PetModel_Tests" name="testCreatePet" time="2.514"/>
  <testcase classname="api.test.PetModel_Tests" name="testFindPetByStatus" time="1.216"/>
  <testcase classname="api.test.PetModel_Tests" name="testFindPetById" time="1.219"/>
</testsuite> <!-- api.test.PetModel_Tests -->
