<?xml version="1.0" encoding="UTF-8"?>
<!-- Generated by org.testng.reporters.JUnitReportReporter -->
<testsuite hostname="LAPTOP-8USUBBG6" failures="0" tests="3" name="api.test.PetModel_Tests" time="3.557" errors="0" timestamp="2023-09-16T22:36:31 IST" skipped="0">
  <testcase classname="api.test.PetModel_Tests" name="testCreatePet" time="1.188"/>
  <testcase classname="api.test.PetModel_Tests" name="testFindPetByStatus" time="1.177"/>
  <testcase classname="api.test.PetModel_Tests" name="testFindPetById" time="1.192"/>
</testsuite> <!-- api.test.PetModel_Tests -->
