<?xml version="1.0" encoding="UTF-8"?>
<!-- Generated by org.testng.reporters.JUnitReportReporter -->
<testsuite hostname="LAPTOP-8USUBBG6" failures="0" tests="3" name="api.test.PetModel_Tests" time="3.967" errors="0" timestamp="2023-10-06T22:36:23 IST" skipped="0">
  <testcase classname="api.test.PetModel_Tests" name="testCreatePet" time="1.325"/>
  <testcase classname="api.test.PetModel_Tests" name="testFindPetByStatus" time="1.335"/>
  <testcase classname="api.test.PetModel_Tests" name="testFindPetById" time="1.307"/>
</testsuite> <!-- api.test.PetModel_Tests -->
