<?xml version="1.0" encoding="UTF-8"?>
<!-- Generated by org.testng.reporters.JUnitReportReporter -->
<testsuite hostname="LAPTOP-8USUBBG6" failures="0" tests="12" name="api.test.DataDrivenTest" time="14.310" errors="0" timestamp="2023-09-16T22:36:31 IST" skipped="0">
  <testcase classname="api.test.DataDrivenTest" name="dataDrivenPostUser" time="1.235"/>
  <testcase classname="api.test.DataDrivenTest" name="dataDrivenPostUser" time="1.183"/>
  <testcase classname="api.test.DataDrivenTest" name="dataDrivenPostUser" time="1.192"/>
  <testcase classname="api.test.DataDrivenTest" name="dataDrivenPostUser" time="1.203"/>
  <testcase classname="api.test.DataDrivenTest" name="dataDrivenPostUser" time="1.155"/>
  <testcase classname="api.test.DataDrivenTest" name="dataDrivenPostUser" time="1.184"/>
  <testcase classname="api.test.DataDrivenTest" name="testGetUserByName" time="1.160"/>
  <testcase classname="api.test.DataDrivenTest" name="testGetUserByName" time="1.200"/>
  <testcase classname="api.test.DataDrivenTest" name="testGetUserByName" time="1.167"/>
  <testcase classname="api.test.DataDrivenTest" name="testGetUserByName" time="1.180"/>
  <testcase classname="api.test.DataDrivenTest" name="testGetUserByName" time="1.207"/>
  <testcase classname="api.test.DataDrivenTest" name="testGetUserByName" time="1.244"/>
</testsuite> <!-- api.test.DataDrivenTest -->
