<?xml version="1.0" encoding="UTF-8"?>
<!-- Generated by org.testng.reporters.JUnitReportReporter -->
<testsuite hostname="LAPTOP-8USUBBG6" failures="0" tests="12" name="api.test.DataDrivenTest" time="20.746" errors="0" timestamp="2023-09-08T15:03:10 IST" skipped="0">
  <testcase classname="api.test.DataDrivenTest" name="dataDrivenPostUser" time="1.385"/>
  <testcase classname="api.test.DataDrivenTest" name="dataDrivenPostUser" time="1.356"/>
  <testcase classname="api.test.DataDrivenTest" name="dataDrivenPostUser" time="1.732"/>
  <testcase classname="api.test.DataDrivenTest" name="dataDrivenPostUser" time="1.558"/>
  <testcase classname="api.test.DataDrivenTest" name="dataDrivenPostUser" time="1.361"/>
  <testcase classname="api.test.DataDrivenTest" name="dataDrivenPostUser" time="1.359"/>
  <testcase classname="api.test.DataDrivenTest" name="testGetUserByName" time="1.770"/>
  <testcase classname="api.test.DataDrivenTest" name="testGetUserByName" time="1.913"/>
  <testcase classname="api.test.DataDrivenTest" name="testGetUserByName" time="1.975"/>
  <testcase classname="api.test.DataDrivenTest" name="testGetUserByName" time="1.497"/>
  <testcase classname="api.test.DataDrivenTest" name="testGetUserByName" time="2.659"/>
  <testcase classname="api.test.DataDrivenTest" name="testGetUserByName" time="2.181"/>
</testsuite> <!-- api.test.DataDrivenTest -->
