<?xml version="1.0" encoding="UTF-8"?>
<!-- Generated by org.testng.reporters.JUnitReportReporter -->
<testsuite hostname="LAPTOP-8USUBBG6" failures="0" tests="12" name="api.test.DataDrivenTest" time="13.508" errors="0" timestamp="2023-09-08T22:04:57 IST" skipped="0">
  <testcase classname="api.test.DataDrivenTest" name="dataDrivenPostUser" time="1.143"/>
  <testcase classname="api.test.DataDrivenTest" name="dataDrivenPostUser" time="1.116"/>
  <testcase classname="api.test.DataDrivenTest" name="dataDrivenPostUser" time="1.152"/>
  <testcase classname="api.test.DataDrivenTest" name="dataDrivenPostUser" time="1.177"/>
  <testcase classname="api.test.DataDrivenTest" name="dataDrivenPostUser" time="1.145"/>
  <testcase classname="api.test.DataDrivenTest" name="dataDrivenPostUser" time="1.169"/>
  <testcase classname="api.test.DataDrivenTest" name="testGetUserByName" time="1.030"/>
  <testcase classname="api.test.DataDrivenTest" name="testGetUserByName" time="1.075"/>
  <testcase classname="api.test.DataDrivenTest" name="testGetUserByName" time="1.088"/>
  <testcase classname="api.test.DataDrivenTest" name="testGetUserByName" time="1.149"/>
  <testcase classname="api.test.DataDrivenTest" name="testGetUserByName" time="1.120"/>
  <testcase classname="api.test.DataDrivenTest" name="testGetUserByName" time="1.144"/>
</testsuite> <!-- api.test.DataDrivenTest -->
