<?xml version="1.0" encoding="UTF-8"?>
<!-- Generated by org.testng.reporters.JUnitReportReporter -->
<testsuite hostname="LAPTOP-8USUBBG6" failures="0" tests="4" name="api.test.UserTests" time="11.619" errors="0" timestamp="2023-09-07T14:49:51 IST" skipped="0">
  <testcase classname="api.test.UserTests" name="testPostUser" time="3.449"/>
  <testcase classname="api.test.UserTests" name="testGetUserByName" time="1.773"/>
  <testcase classname="api.test.UserTests" name="testUpdateUserByName" time="3.133"/>
  <testcase classname="api.test.UserTests" name="testDeleteUserByName" time="3.264"/>
</testsuite> <!-- api.test.UserTests -->
