<?xml version="1.0" encoding="UTF-8"?>
<!-- Generated by org.testng.reporters.JUnitReportReporter -->
<testsuite hostname="LAPTOP-8USUBBG6" failures="0" tests="4" name="api.test.UserTests" time="8.854" errors="0" timestamp="2023-10-01T17:24:21 IST" skipped="0">
  <testcase classname="api.test.UserTests" name="testPostUser" time="2.732"/>
  <testcase classname="api.test.UserTests" name="testGetUserByName" time="1.252"/>
  <testcase classname="api.test.UserTests" name="testUpdateUserByName" time="2.504"/>
  <testcase classname="api.test.UserTests" name="testDeleteUserByName" time="2.366"/>
</testsuite> <!-- api.test.UserTests -->
