<?xml version="1.0" encoding="UTF-8"?>
<!-- Generated by org.testng.reporters.JUnitReportReporter -->
<testsuite hostname="LAPTOP-8USUBBG6" failures="0" tests="4" name="api.test.Store_Tests" time="5.508" errors="0" timestamp="2023-10-06T22:36:23 IST" skipped="0">
  <testcase classname="api.test.Store_Tests" name="test_Place_order_for_pet" time="1.694"/>
  <testcase classname="api.test.Store_Tests" name="test_Find_Purchase_order_By_ID" time="1.203"/>
  <testcase classname="api.test.Store_Tests" name="test_List_pet_inventory_by_status" time="1.304"/>
  <testcase classname="api.test.Store_Tests" name="test_Delete_purchase_order_by_ID" time="1.307"/>
</testsuite> <!-- api.test.Store_Tests -->
