<?xml version="1.0" encoding="UTF-8"?>
<!-- Generated by org.testng.reporters.JUnitReportReporter -->
<testsuite hostname="LAPTOP-8USUBBG6" failures="0" tests="4" name="api.test.UserTests" time="14.248" errors="0" timestamp="2023-09-08T15:03:10 IST" skipped="0">
  <testcase classname="api.test.UserTests" name="testPostUser" time="3.862"/>
  <testcase classname="api.test.UserTests" name="testGetUserByName" time="1.794"/>
  <testcase classname="api.test.UserTests" name="testUpdateUserByName" time="3.363"/>
  <testcase classname="api.test.UserTests" name="testDeleteUserByName" time="5.229"/>
</testsuite> <!-- api.test.UserTests -->
