<?xml version="1.0" encoding="UTF-8"?>
<!-- Generated by org.testng.reporters.JUnitReportReporter -->
<testsuite hostname="LAPTOP-8USUBBG6" failures="0" tests="12" name="api.test.DataDrivenTest" time="15.892" errors="0" timestamp="2023-09-18T18:52:10 IST" skipped="0">
  <testcase classname="api.test.DataDrivenTest" name="dataDrivenPostUser" time="1.255"/>
  <testcase classname="api.test.DataDrivenTest" name="dataDrivenPostUser" time="1.332"/>
  <testcase classname="api.test.DataDrivenTest" name="dataDrivenPostUser" time="1.228"/>
  <testcase classname="api.test.DataDrivenTest" name="dataDrivenPostUser" time="1.198"/>
  <testcase classname="api.test.DataDrivenTest" name="dataDrivenPostUser" time="1.183"/>
  <testcase classname="api.test.DataDrivenTest" name="dataDrivenPostUser" time="1.238"/>
  <testcase classname="api.test.DataDrivenTest" name="testGetUserByName" time="1.302"/>
  <testcase classname="api.test.DataDrivenTest" name="testGetUserByName" time="1.405"/>
  <testcase classname="api.test.DataDrivenTest" name="testGetUserByName" time="1.464"/>
  <testcase classname="api.test.DataDrivenTest" name="testGetUserByName" time="1.532"/>
  <testcase classname="api.test.DataDrivenTest" name="testGetUserByName" time="1.433"/>
  <testcase classname="api.test.DataDrivenTest" name="testGetUserByName" time="1.322"/>
</testsuite> <!-- api.test.DataDrivenTest -->
