<?xml version="1.0" encoding="UTF-8"?>
<!-- Generated by org.testng.reporters.JUnitReportReporter -->
<testsuite hostname="LAPTOP-8USUBBG6" failures="0" tests="4" name="api.test.UserTests" time="10.268" errors="0" timestamp="2023-09-07T14:22:53 IST" skipped="0">
  <testcase classname="api.test.UserTests" name="testPostUser" time="3.118"/>
  <testcase classname="api.test.UserTests" name="testGetUserByName" time="1.743"/>
  <testcase classname="api.test.UserTests" name="testUpdateUserByName" time="3.786"/>
  <testcase classname="api.test.UserTests" name="testDeleteUserByName" time="1.621"/>
</testsuite> <!-- api.test.UserTests -->
