<?xml version="1.0" encoding="UTF-8"?>
<!-- Generated by org.testng.reporters.JUnitReportReporter -->
<testsuite hostname="LAPTOP-8USUBBG6" failures="0" tests="4" name="api.test.UserTests" time="8.411" errors="0" timestamp="2023-09-08T22:04:57 IST" skipped="0">
  <testcase classname="api.test.UserTests" name="testPostUser" time="2.575"/>
  <testcase classname="api.test.UserTests" name="testGetUserByName" time="1.213"/>
  <testcase classname="api.test.UserTests" name="testUpdateUserByName" time="2.299"/>
  <testcase classname="api.test.UserTests" name="testDeleteUserByName" time="2.324"/>
</testsuite> <!-- api.test.UserTests -->
