<?xml version="1.0" encoding="UTF-8"?>
<!-- Generated by org.testng.reporters.JUnitReportReporter -->
<testsuite hostname="LAPTOP-8USUBBG6" failures="0" tests="7" name="api.test.BookingDataDriven_Test" time="8.816" errors="0" timestamp="2023-10-01T17:24:21 IST" skipped="0">
  <testcase classname="api.test.BookingDataDriven_Test" name="test_createToken" time="1.482"/>
  <testcase classname="api.test.BookingDataDriven_Test" name="test_getBookingIds" time="1.234"/>
  <testcase classname="api.test.BookingDataDriven_Test" name="getBookingById" time="1.240"/>
  <testcase classname="api.test.BookingDataDriven_Test" name="createBooking" time="1.261"/>
  <testcase classname="api.test.BookingDataDriven_Test" name="updateBooking" time="1.186"/>
  <testcase classname="api.test.BookingDataDriven_Test" name="deleteBooking" time="1.232"/>
  <testcase classname="api.test.BookingDataDriven_Test" name="healthCheck" time="1.181"/>
</testsuite> <!-- api.test.BookingDataDriven_Test -->
