<?xml version="1.0" encoding="UTF-8"?>
<!-- Generated by org.testng.reporters.JUnitReportReporter -->
<testsuite hostname="LAPTOP-8USUBBG6" failures="0" tests="12" name="api.test.DataDrivenTest" time="14.637" errors="0" timestamp="2023-10-01T17:24:21 IST" skipped="0">
  <testcase classname="api.test.DataDrivenTest" name="dataDrivenPostUser" time="1.208"/>
  <testcase classname="api.test.DataDrivenTest" name="dataDrivenPostUser" time="1.239"/>
  <testcase classname="api.test.DataDrivenTest" name="dataDrivenPostUser" time="1.152"/>
  <testcase classname="api.test.DataDrivenTest" name="dataDrivenPostUser" time="1.266"/>
  <testcase classname="api.test.DataDrivenTest" name="dataDrivenPostUser" time="1.163"/>
  <testcase classname="api.test.DataDrivenTest" name="dataDrivenPostUser" time="1.256"/>
  <testcase classname="api.test.DataDrivenTest" name="testGetUserByName" time="1.224"/>
  <testcase classname="api.test.DataDrivenTest" name="testGetUserByName" time="1.224"/>
  <testcase classname="api.test.DataDrivenTest" name="testGetUserByName" time="1.203"/>
  <testcase classname="api.test.DataDrivenTest" name="testGetUserByName" time="1.176"/>
  <testcase classname="api.test.DataDrivenTest" name="testGetUserByName" time="1.300"/>
  <testcase classname="api.test.DataDrivenTest" name="testGetUserByName" time="1.226"/>
</testsuite> <!-- api.test.DataDrivenTest -->
