<?xml version="1.0" encoding="UTF-8"?>
<!-- Generated by org.testng.reporters.JUnitReportReporter -->
<testsuite hostname="LAPTOP-8USUBBG6" failures="0" tests="12" name="api.test.DataDrivenTest" time="16.543" errors="0" timestamp="2023-09-17T12:08:26 IST" skipped="0">
  <testcase classname="api.test.DataDrivenTest" name="dataDrivenPostUser" time="1.288"/>
  <testcase classname="api.test.DataDrivenTest" name="dataDrivenPostUser" time="1.530"/>
  <testcase classname="api.test.DataDrivenTest" name="dataDrivenPostUser" time="1.338"/>
  <testcase classname="api.test.DataDrivenTest" name="dataDrivenPostUser" time="1.208"/>
  <testcase classname="api.test.DataDrivenTest" name="dataDrivenPostUser" time="1.191"/>
  <testcase classname="api.test.DataDrivenTest" name="dataDrivenPostUser" time="1.334"/>
  <testcase classname="api.test.DataDrivenTest" name="testGetUserByName" time="1.436"/>
  <testcase classname="api.test.DataDrivenTest" name="testGetUserByName" time="1.427"/>
  <testcase classname="api.test.DataDrivenTest" name="testGetUserByName" time="1.438"/>
  <testcase classname="api.test.DataDrivenTest" name="testGetUserByName" time="1.329"/>
  <testcase classname="api.test.DataDrivenTest" name="testGetUserByName" time="1.495"/>
  <testcase classname="api.test.DataDrivenTest" name="testGetUserByName" time="1.529"/>
</testsuite> <!-- api.test.DataDrivenTest -->
