<?xml version="1.0" encoding="UTF-8"?>
<!-- Generated by org.testng.reporters.JUnitReportReporter -->
<testsuite hostname="LAPTOP-8USUBBG6" failures="0" tests="4" name="api.test.UserTests" time="9.485" errors="0" timestamp="2023-09-16T22:36:31 IST" skipped="0">
  <testcase classname="api.test.UserTests" name="testPostUser" time="3.363"/>
  <testcase classname="api.test.UserTests" name="testGetUserByName" time="1.215"/>
  <testcase classname="api.test.UserTests" name="testUpdateUserByName" time="2.475"/>
  <testcase classname="api.test.UserTests" name="testDeleteUserByName" time="2.432"/>
</testsuite> <!-- api.test.UserTests -->
