<?xml version="1.0" encoding="UTF-8"?>
<!-- Generated by org.testng.reporters.JUnitReportReporter -->
<testsuite hostname="LAPTOP-8USUBBG6" failures="0" tests="3" name="api.test.PetModel_Tests" time="3.555" errors="0" timestamp="2023-10-01T17:24:21 IST" skipped="0">
  <testcase classname="api.test.PetModel_Tests" name="testCreatePet" time="1.193"/>
  <testcase classname="api.test.PetModel_Tests" name="testFindPetByStatus" time="1.188"/>
  <testcase classname="api.test.PetModel_Tests" name="testFindPetById" time="1.174"/>
</testsuite> <!-- api.test.PetModel_Tests -->
