<?xml version="1.0" encoding="UTF-8"?>
<!-- Generated by org.testng.reporters.JUnitReportReporter -->
<testsuite hostname="LAPTOP-8USUBBG6" failures="0" tests="7" name="api.test.BookingDataDriven_Test" time="9.348" errors="0" timestamp="2023-10-06T22:36:23 IST" skipped="0">
  <testcase classname="api.test.BookingDataDriven_Test" name="test_createToken" time="1.544"/>
  <testcase classname="api.test.BookingDataDriven_Test" name="test_getBookingIds" time="1.418"/>
  <testcase classname="api.test.BookingDataDriven_Test" name="getBookingById" time="1.238"/>
  <testcase classname="api.test.BookingDataDriven_Test" name="createBooking" time="1.312"/>
  <testcase classname="api.test.BookingDataDriven_Test" name="updateBooking" time="1.283"/>
  <testcase classname="api.test.BookingDataDriven_Test" name="deleteBooking" time="1.285"/>
  <testcase classname="api.test.BookingDataDriven_Test" name="healthCheck" time="1.268"/>
</testsuite> <!-- api.test.BookingDataDriven_Test -->
