<?xml version="1.0" encoding="UTF-8"?>
<!-- Generated by org.testng.reporters.JUnitReportReporter -->
<testsuite hostname="LAPTOP-8USUBBG6" failures="0" tests="4" name="api.test.UserTests" time="8.711" errors="0" timestamp="2023-09-18T18:52:10 IST" skipped="0">
  <testcase classname="api.test.UserTests" name="testPostUser" time="2.452"/>
  <testcase classname="api.test.UserTests" name="testGetUserByName" time="1.240"/>
  <testcase classname="api.test.UserTests" name="testUpdateUserByName" time="2.433"/>
  <testcase classname="api.test.UserTests" name="testDeleteUserByName" time="2.586"/>
</testsuite> <!-- api.test.UserTests -->
