<?xml version="1.0" encoding="UTF-8"?>
<!-- Generated by org.testng.reporters.JUnitReportReporter -->
<testsuite hostname="LAPTOP-8USUBBG6" failures="0" tests="12" name="api.test.DataDrivenTest" time="15.465" errors="0" timestamp="2023-10-06T22:36:23 IST" skipped="0">
  <testcase classname="api.test.DataDrivenTest" name="dataDrivenPostUser" time="1.266"/>
  <testcase classname="api.test.DataDrivenTest" name="dataDrivenPostUser" time="1.314"/>
  <testcase classname="api.test.DataDrivenTest" name="dataDrivenPostUser" time="1.302"/>
  <testcase classname="api.test.DataDrivenTest" name="dataDrivenPostUser" time="1.324"/>
  <testcase classname="api.test.DataDrivenTest" name="dataDrivenPostUser" time="1.328"/>
  <testcase classname="api.test.DataDrivenTest" name="dataDrivenPostUser" time="1.240"/>
  <testcase classname="api.test.DataDrivenTest" name="testGetUserByName" time="1.266"/>
  <testcase classname="api.test.DataDrivenTest" name="testGetUserByName" time="1.275"/>
  <testcase classname="api.test.DataDrivenTest" name="testGetUserByName" time="1.285"/>
  <testcase classname="api.test.DataDrivenTest" name="testGetUserByName" time="1.301"/>
  <testcase classname="api.test.DataDrivenTest" name="testGetUserByName" time="1.272"/>
  <testcase classname="api.test.DataDrivenTest" name="testGetUserByName" time="1.292"/>
</testsuite> <!-- api.test.DataDrivenTest -->
