<?xml version="1.0" encoding="UTF-8"?>
<!-- Generated by org.testng.reporters.JUnitReportReporter -->
<testsuite hostname="LAPTOP-8USUBBG6" failures="0" tests="4" name="api.test.UserTests" time="10.787" errors="0" timestamp="2023-09-17T12:08:26 IST" skipped="0">
  <testcase classname="api.test.UserTests" name="testPostUser" time="3.202"/>
  <testcase classname="api.test.UserTests" name="testGetUserByName" time="1.450"/>
  <testcase classname="api.test.UserTests" name="testUpdateUserByName" time="3.176"/>
  <testcase classname="api.test.UserTests" name="testDeleteUserByName" time="2.959"/>
</testsuite> <!-- api.test.UserTests -->
