<?xml version="1.0" encoding="UTF-8"?>
<!-- Generated by org.testng.reporters.JUnitReportReporter -->
<testsuite hostname="LAPTOP-8USUBBG6" failures="0" tests="4" name="api.test.UserTests" time="9.559" errors="0" timestamp="2023-10-06T22:36:23 IST" skipped="0">
  <testcase classname="api.test.UserTests" name="testPostUser" time="3.039"/>
  <testcase classname="api.test.UserTests" name="testGetUserByName" time="1.311"/>
  <testcase classname="api.test.UserTests" name="testUpdateUserByName" time="2.638"/>
  <testcase classname="api.test.UserTests" name="testDeleteUserByName" time="2.571"/>
</testsuite> <!-- api.test.UserTests -->
