<?xml version="1.0" encoding="UTF-8"?>
<!-- Generated by org.testng.reporters.JUnitReportReporter -->
<testsuite hostname="LAPTOP-8USUBBG6" failures="0" tests="6" name="api.test.BookTest" time="6.817" errors="0" timestamp="2023-10-06T22:36:23 IST" skipped="0">
  <testcase classname="api.test.BookTest" name="test_getBooks" time="1.652"/>
  <testcase classname="api.test.BookTest" name="test_createBook" time="1.070"/>
  <testcase classname="api.test.BookTest" name="test_createBook" time="1.024"/>
  <testcase classname="api.test.BookTest" name="test_updateBook" time="1.026"/>
  <testcase classname="api.test.BookTest" name="test_updateBook" time="1.022"/>
  <testcase classname="api.test.BookTest" name="test_getBookById" time="1.023"/>
</testsuite> <!-- api.test.BookTest -->
